INFO - ======= Fold 1 =======
INFO - Epoch 0 - Train Loss: 1.3615 - Val Loss: 1.3348 - Best Val Loss: 1.3348
INFO - Epoch 10 - Train Loss: 1.2187 - Val Loss: 1.2537 - Best Val Loss: 1.2537
INFO - Epoch 20 - Train Loss: 1.2187 - Val Loss: 1.2537 - Best Val Loss: 1.2537
INFO - Epoch 30 - Train Loss: 1.2156 - Val Loss: 1.2583 - Best Val Loss: 1.2537
INFO - Epoch 40 - Train Loss: 1.1350 - Val Loss: 1.1373 - Best Val Loss: 1.1373
INFO - Epoch 50 - Train Loss: 1.1350 - Val Loss: 1.1373 - Best Val Loss: 1.1373
INFO - Epoch 60 - Train Loss: 1.1322 - Val Loss: 1.1447 - Best Val Loss: 1.1373
INFO - Epoch 70 - Train Loss: 1.1212 - Val Loss: 1.1455 - Best Val Loss: 1.1373
INFO - Epoch 80 - Train Loss: 1.0777 - Val Loss: 1.1131 - Best Val Loss: 1.1131
INFO - Epoch 90 - Train Loss: 1.0484 - Val Loss: 1.0990 - Best Val Loss: 1.0990
INFO - Epoch 100 - Train Loss: 1.0316 - Val Loss: 1.0913 - Best Val Loss: 1.0913
INFO - Epoch 110 - Train Loss: 1.0122 - Val Loss: 1.0737 - Best Val Loss: 1.0737
INFO - Epoch 120 - Train Loss: 0.9994 - Val Loss: 1.0504 - Best Val Loss: 1.0504
INFO - Epoch 130 - Train Loss: 0.9970 - Val Loss: 1.0595 - Best Val Loss: 1.0504
INFO - Epoch 140 - Train Loss: 0.9909 - Val Loss: 1.0607 - Best Val Loss: 1.0504
INFO - Epoch 150 - Train Loss: 0.9900 - Val Loss: 1.0741 - Best Val Loss: 1.0504
INFO - Epoch 160 - Train Loss: 0.9868 - Val Loss: 1.0382 - Best Val Loss: 1.0382
INFO - Epoch 170 - Train Loss: 0.9781 - Val Loss: 1.0487 - Best Val Loss: 1.0382
INFO - Epoch 180 - Train Loss: 0.9700 - Val Loss: 1.0320 - Best Val Loss: 1.0320
INFO - Epoch 190 - Train Loss: 0.9696 - Val Loss: 1.0313 - Best Val Loss: 1.0313
INFO - Epoch 200 - Train Loss: 0.9652 - Val Loss: 1.0287 - Best Val Loss: 1.0287
INFO - Epoch 210 - Train Loss: 0.9540 - Val Loss: 1.0128 - Best Val Loss: 1.0128
INFO - Epoch 220 - Train Loss: 0.9455 - Val Loss: 1.0046 - Best Val Loss: 1.0046
INFO - Epoch 230 - Train Loss: 0.9444 - Val Loss: 1.0160 - Best Val Loss: 1.0046
INFO - Epoch 240 - Train Loss: 0.9412 - Val Loss: 1.0180 - Best Val Loss: 1.0046
INFO - Epoch 250 - Train Loss: 0.9377 - Val Loss: 1.0171 - Best Val Loss: 1.0046
INFO - Epoch 260 - Train Loss: 0.9370 - Val Loss: 1.0146 - Best Val Loss: 1.0046
INFO - Epoch 270 - Train Loss: 0.9327 - Val Loss: 1.0111 - Best Val Loss: 1.0046
INFO - Epoch 280 - Train Loss: 0.9315 - Val Loss: 1.0137 - Best Val Loss: 1.0046
INFO - Epoch 290 - Train Loss: 0.9300 - Val Loss: 1.0148 - Best Val Loss: 1.0046
INFO - Epoch 300 - Train Loss: 0.9275 - Val Loss: 1.0153 - Best Val Loss: 1.0046
INFO - Epoch 310 - Train Loss: 0.9234 - Val Loss: 1.0150 - Best Val Loss: 1.0046
INFO - Epoch 320 - Train Loss: 0.9215 - Val Loss: 1.0158 - Best Val Loss: 1.0046
INFO - Epoch 330 - Train Loss: 0.9197 - Val Loss: 1.0061 - Best Val Loss: 1.0046
INFO - Epoch 340 - Train Loss: 0.9184 - Val Loss: 1.0068 - Best Val Loss: 1.0046
INFO - Epoch 350 - Train Loss: 0.9176 - Val Loss: 1.0003 - Best Val Loss: 1.0003
INFO - Epoch 360 - Train Loss: 0.9169 - Val Loss: 1.0016 - Best Val Loss: 1.0003
INFO - Epoch 370 - Train Loss: 0.9151 - Val Loss: 0.9962 - Best Val Loss: 0.9962
INFO - Epoch 380 - Train Loss: 0.9131 - Val Loss: 0.9999 - Best Val Loss: 0.9962
INFO - Epoch 390 - Train Loss: 0.9124 - Val Loss: 0.9990 - Best Val Loss: 0.9962
INFO - Epoch 400 - Train Loss: 0.9117 - Val Loss: 0.9971 - Best Val Loss: 0.9962
INFO - Epoch 410 - Train Loss: 0.9103 - Val Loss: 0.9977 - Best Val Loss: 0.9962
INFO - Epoch 420 - Train Loss: 0.9100 - Val Loss: 1.0011 - Best Val Loss: 0.9962
INFO - Epoch 430 - Train Loss: 0.9098 - Val Loss: 1.0004 - Best Val Loss: 0.9962
INFO - Epoch 440 - Train Loss: 0.9091 - Val Loss: 0.9999 - Best Val Loss: 0.9962
INFO - Epoch 450 - Train Loss: 0.9089 - Val Loss: 1.0006 - Best Val Loss: 0.9962
INFO - Epoch 460 - Train Loss: 0.9077 - Val Loss: 0.9983 - Best Val Loss: 0.9962
INFO - Epoch 470 - Train Loss: 0.9074 - Val Loss: 0.9982 - Best Val Loss: 0.9962
INFO - Epoch 480 - Train Loss: 0.9069 - Val Loss: 0.9968 - Best Val Loss: 0.9962
INFO - Epoch 490 - Train Loss: 0.9068 - Val Loss: 0.9994 - Best Val Loss: 0.9962
INFO - Epoch 500 - Train Loss: 0.9065 - Val Loss: 0.9988 - Best Val Loss: 0.9962
INFO - Epoch 510 - Train Loss: 0.9059 - Val Loss: 0.9992 - Best Val Loss: 0.9962
INFO - Epoch 520 - Train Loss: 0.9057 - Val Loss: 0.9996 - Best Val Loss: 0.9962
INFO - Epoch 530 - Train Loss: 0.9054 - Val Loss: 0.9967 - Best Val Loss: 0.9962
INFO - Epoch 540 - Train Loss: 0.9048 - Val Loss: 0.9985 - Best Val Loss: 0.9962
INFO - Epoch 550 - Train Loss: 0.9046 - Val Loss: 0.9984 - Best Val Loss: 0.9962
INFO - Epoch 560 - Train Loss: 0.9045 - Val Loss: 0.9983 - Best Val Loss: 0.9962
INFO - Epoch 570 - Train Loss: 0.9043 - Val Loss: 0.9980 - Best Val Loss: 0.9962
INFO - Epoch 580 - Train Loss: 0.9043 - Val Loss: 0.9984 - Best Val Loss: 0.9962
INFO - Epoch 590 - Train Loss: 0.9040 - Val Loss: 0.9979 - Best Val Loss: 0.9962
INFO - Epoch 600 - Train Loss: 0.9035 - Val Loss: 0.9982 - Best Val Loss: 0.9962
INFO - Epoch 610 - Train Loss: 0.9032 - Val Loss: 0.9983 - Best Val Loss: 0.9962
INFO - Epoch 620 - Train Loss: 0.9030 - Val Loss: 0.9994 - Best Val Loss: 0.9962
INFO - Epoch 630 - Train Loss: 0.9028 - Val Loss: 0.9948 - Best Val Loss: 0.9948
INFO - Epoch 640 - Train Loss: 0.9027 - Val Loss: 0.9993 - Best Val Loss: 0.9948
INFO - Epoch 650 - Train Loss: 0.9021 - Val Loss: 0.9949 - Best Val Loss: 0.9948
INFO - Epoch 660 - Train Loss: 0.9019 - Val Loss: 0.9994 - Best Val Loss: 0.9948
INFO - Epoch 670 - Train Loss: 0.9018 - Val Loss: 0.9997 - Best Val Loss: 0.9948
INFO - Epoch 680 - Train Loss: 0.9014 - Val Loss: 1.0007 - Best Val Loss: 0.9948
INFO - Epoch 690 - Train Loss: 0.9013 - Val Loss: 1.0008 - Best Val Loss: 0.9948
INFO - Epoch 700 - Train Loss: 0.9013 - Val Loss: 0.9988 - Best Val Loss: 0.9948
INFO - Epoch 710 - Train Loss: 0.9012 - Val Loss: 1.0008 - Best Val Loss: 0.9948
INFO - Epoch 720 - Train Loss: 0.9011 - Val Loss: 1.0008 - Best Val Loss: 0.9948
INFO - Epoch 730 - Train Loss: 0.9005 - Val Loss: 1.0007 - Best Val Loss: 0.9948
INFO - Epoch 740 - Train Loss: 0.9003 - Val Loss: 0.9999 - Best Val Loss: 0.9948
INFO - Epoch 750 - Train Loss: 0.9002 - Val Loss: 0.9999 - Best Val Loss: 0.9948
INFO - Epoch 760 - Train Loss: 0.9000 - Val Loss: 0.9996 - Best Val Loss: 0.9948
INFO - Epoch 770 - Train Loss: 0.8987 - Val Loss: 0.9992 - Best Val Loss: 0.9948
INFO - Epoch 780 - Train Loss: 0.8983 - Val Loss: 0.9994 - Best Val Loss: 0.9948
INFO - Epoch 790 - Train Loss: 0.8979 - Val Loss: 0.9979 - Best Val Loss: 0.9948
INFO - Epoch 800 - Train Loss: 0.8966 - Val Loss: 0.9959 - Best Val Loss: 0.9948
INFO - Epoch 810 - Train Loss: 0.8965 - Val Loss: 0.9964 - Best Val Loss: 0.9948
INFO - Epoch 820 - Train Loss: 0.8960 - Val Loss: 0.9948 - Best Val Loss: 0.9948
INFO - Epoch 830 - Train Loss: 0.8955 - Val Loss: 0.9956 - Best Val Loss: 0.9948
INFO - Epoch 840 - Train Loss: 0.8953 - Val Loss: 0.9953 - Best Val Loss: 0.9948
INFO - Epoch 850 - Train Loss: 0.8950 - Val Loss: 0.9959 - Best Val Loss: 0.9948
INFO - Epoch 860 - Train Loss: 0.8948 - Val Loss: 0.9953 - Best Val Loss: 0.9948
INFO - Epoch 870 - Train Loss: 0.8947 - Val Loss: 0.9952 - Best Val Loss: 0.9948
INFO - Epoch 880 - Train Loss: 0.8946 - Val Loss: 0.9952 - Best Val Loss: 0.9948
INFO - Epoch 890 - Train Loss: 0.8944 - Val Loss: 0.9947 - Best Val Loss: 0.9947
INFO - Epoch 900 - Train Loss: 0.8942 - Val Loss: 0.9932 - Best Val Loss: 0.9932
INFO - Epoch 910 - Train Loss: 0.8942 - Val Loss: 0.9935 - Best Val Loss: 0.9932
INFO - Epoch 920 - Train Loss: 0.8940 - Val Loss: 0.9940 - Best Val Loss: 0.9932
INFO - Epoch 930 - Train Loss: 0.8939 - Val Loss: 0.9940 - Best Val Loss: 0.9932
INFO - Epoch 940 - Train Loss: 0.8913 - Val Loss: 0.9935 - Best Val Loss: 0.9932
INFO - Epoch 950 - Train Loss: 0.8912 - Val Loss: 0.9935 - Best Val Loss: 0.9932
INFO - Epoch 960 - Train Loss: 0.8912 - Val Loss: 0.9935 - Best Val Loss: 0.9932
INFO - Epoch 970 - Train Loss: 0.8906 - Val Loss: 0.9933 - Best Val Loss: 0.9932
INFO - Epoch 980 - Train Loss: 0.8893 - Val Loss: 0.9928 - Best Val Loss: 0.9928
INFO - Epoch 990 - Train Loss: 0.8891 - Val Loss: 0.9944 - Best Val Loss: 0.9928
INFO - Epoch 1000 - Train Loss: 0.8887 - Val Loss: 0.9945 - Best Val Loss: 0.9928
INFO - Fold 1, Accuracy on training dataset: 0.8722
INFO - Fold 1, Accuracy on validation dataset: 0.7511
INFO - Fold 1, Accuracy on test dataset: 0.3511
INFO - =========================
INFO - ======= Fold 2 =======
INFO - Epoch 0 - Train Loss: 1.2946 - Val Loss: 1.2569 - Best Val Loss: 1.2569
INFO - Epoch 10 - Train Loss: 1.2946 - Val Loss: 1.2569 - Best Val Loss: 1.2569
INFO - Epoch 20 - Train Loss: 1.2040 - Val Loss: 1.2050 - Best Val Loss: 1.2050
INFO - Epoch 30 - Train Loss: 1.1816 - Val Loss: 1.1649 - Best Val Loss: 1.1649
INFO - Epoch 40 - Train Loss: 1.1449 - Val Loss: 1.1322 - Best Val Loss: 1.1322
INFO - Epoch 50 - Train Loss: 1.1444 - Val Loss: 1.1553 - Best Val Loss: 1.1322
INFO - Epoch 60 - Train Loss: 1.1288 - Val Loss: 1.1002 - Best Val Loss: 1.1002
INFO - Epoch 70 - Train Loss: 1.1070 - Val Loss: 1.0688 - Best Val Loss: 1.0688
INFO - Epoch 80 - Train Loss: 1.0742 - Val Loss: 1.1061 - Best Val Loss: 1.0688
INFO - Epoch 90 - Train Loss: 1.0419 - Val Loss: 1.0567 - Best Val Loss: 1.0567
INFO - Epoch 100 - Train Loss: 1.0046 - Val Loss: 1.0190 - Best Val Loss: 1.0190
INFO - Epoch 110 - Train Loss: 0.9954 - Val Loss: 1.0158 - Best Val Loss: 1.0158
INFO - Epoch 120 - Train Loss: 0.9776 - Val Loss: 0.9910 - Best Val Loss: 0.9910
INFO - Epoch 130 - Train Loss: 0.9687 - Val Loss: 0.9794 - Best Val Loss: 0.9794
INFO - Epoch 140 - Train Loss: 0.9597 - Val Loss: 0.9773 - Best Val Loss: 0.9773
INFO - Epoch 150 - Train Loss: 0.9576 - Val Loss: 0.9751 - Best Val Loss: 0.9751
INFO - Epoch 160 - Train Loss: 0.9524 - Val Loss: 0.9887 - Best Val Loss: 0.9751
INFO - Epoch 170 - Train Loss: 0.9453 - Val Loss: 0.9883 - Best Val Loss: 0.9751
INFO - Epoch 180 - Train Loss: 0.9367 - Val Loss: 0.9739 - Best Val Loss: 0.9739
INFO - Epoch 190 - Train Loss: 0.9268 - Val Loss: 0.9791 - Best Val Loss: 0.9739
INFO - Epoch 200 - Train Loss: 0.9244 - Val Loss: 0.9723 - Best Val Loss: 0.9723
INFO - Epoch 210 - Train Loss: 0.9212 - Val Loss: 0.9770 - Best Val Loss: 0.9723
INFO - Epoch 220 - Train Loss: 0.9181 - Val Loss: 0.9727 - Best Val Loss: 0.9723
INFO - Epoch 230 - Train Loss: 0.9116 - Val Loss: 0.9668 - Best Val Loss: 0.9668
INFO - Epoch 240 - Train Loss: 0.9084 - Val Loss: 0.9646 - Best Val Loss: 0.9646
INFO - Epoch 250 - Train Loss: 0.8971 - Val Loss: 0.9515 - Best Val Loss: 0.9515
INFO - Epoch 260 - Train Loss: 0.8939 - Val Loss: 0.9476 - Best Val Loss: 0.9476
INFO - Epoch 270 - Train Loss: 0.8914 - Val Loss: 0.9491 - Best Val Loss: 0.9476
INFO - Epoch 280 - Train Loss: 0.8872 - Val Loss: 0.9457 - Best Val Loss: 0.9457
INFO - Epoch 290 - Train Loss: 0.8858 - Val Loss: 0.9457 - Best Val Loss: 0.9457
INFO - Epoch 300 - Train Loss: 0.8844 - Val Loss: 0.9468 - Best Val Loss: 0.9457
INFO - Epoch 310 - Train Loss: 0.8833 - Val Loss: 0.9468 - Best Val Loss: 0.9457
INFO - Epoch 320 - Train Loss: 0.8824 - Val Loss: 0.9467 - Best Val Loss: 0.9457
INFO - Epoch 330 - Train Loss: 0.8810 - Val Loss: 0.9450 - Best Val Loss: 0.9450
INFO - Epoch 340 - Train Loss: 0.8806 - Val Loss: 0.9439 - Best Val Loss: 0.9439
INFO - Epoch 350 - Train Loss: 0.8782 - Val Loss: 0.9422 - Best Val Loss: 0.9422
INFO - Epoch 360 - Train Loss: 0.8759 - Val Loss: 0.9416 - Best Val Loss: 0.9416
INFO - Epoch 370 - Train Loss: 0.8752 - Val Loss: 0.9413 - Best Val Loss: 0.9413
INFO - Epoch 380 - Train Loss: 0.8739 - Val Loss: 0.9458 - Best Val Loss: 0.9413
INFO - Epoch 390 - Train Loss: 0.8733 - Val Loss: 0.9444 - Best Val Loss: 0.9413
INFO - Epoch 400 - Train Loss: 0.8729 - Val Loss: 0.9447 - Best Val Loss: 0.9413
INFO - Epoch 410 - Train Loss: 0.8720 - Val Loss: 0.9439 - Best Val Loss: 0.9413
INFO - Epoch 420 - Train Loss: 0.8711 - Val Loss: 0.9445 - Best Val Loss: 0.9413
INFO - Epoch 430 - Train Loss: 0.8703 - Val Loss: 0.9439 - Best Val Loss: 0.9413
INFO - Epoch 440 - Train Loss: 0.8696 - Val Loss: 0.9423 - Best Val Loss: 0.9413
INFO - Epoch 450 - Train Loss: 0.8692 - Val Loss: 0.9430 - Best Val Loss: 0.9413
INFO - Epoch 460 - Train Loss: 0.8687 - Val Loss: 0.9434 - Best Val Loss: 0.9413
INFO - Epoch 470 - Train Loss: 0.8683 - Val Loss: 0.9426 - Best Val Loss: 0.9413
INFO - Epoch 480 - Train Loss: 0.8680 - Val Loss: 0.9428 - Best Val Loss: 0.9413
INFO - Epoch 490 - Train Loss: 0.8677 - Val Loss: 0.9432 - Best Val Loss: 0.9413
INFO - Epoch 500 - Train Loss: 0.8672 - Val Loss: 0.9434 - Best Val Loss: 0.9413
INFO - Epoch 510 - Train Loss: 0.8670 - Val Loss: 0.9431 - Best Val Loss: 0.9413
INFO - Epoch 520 - Train Loss: 0.8668 - Val Loss: 0.9429 - Best Val Loss: 0.9413
INFO - Epoch 530 - Train Loss: 0.8667 - Val Loss: 0.9427 - Best Val Loss: 0.9413
INFO - Epoch 540 - Train Loss: 0.8666 - Val Loss: 0.9421 - Best Val Loss: 0.9413
INFO - Epoch 550 - Train Loss: 0.8665 - Val Loss: 0.9416 - Best Val Loss: 0.9413
INFO - Epoch 560 - Train Loss: 0.8662 - Val Loss: 0.9412 - Best Val Loss: 0.9412
INFO - Epoch 570 - Train Loss: 0.8661 - Val Loss: 0.9411 - Best Val Loss: 0.9411
INFO - Epoch 580 - Train Loss: 0.8655 - Val Loss: 0.9436 - Best Val Loss: 0.9411
INFO - Epoch 590 - Train Loss: 0.8651 - Val Loss: 0.9431 - Best Val Loss: 0.9411
INFO - Epoch 600 - Train Loss: 0.8647 - Val Loss: 0.9407 - Best Val Loss: 0.9407
INFO - Epoch 610 - Train Loss: 0.8640 - Val Loss: 0.9390 - Best Val Loss: 0.9390
INFO - Epoch 620 - Train Loss: 0.8634 - Val Loss: 0.9394 - Best Val Loss: 0.9390
INFO - Epoch 630 - Train Loss: 0.8631 - Val Loss: 0.9387 - Best Val Loss: 0.9387
INFO - Epoch 640 - Train Loss: 0.8629 - Val Loss: 0.9380 - Best Val Loss: 0.9380
INFO - Epoch 650 - Train Loss: 0.8627 - Val Loss: 0.9382 - Best Val Loss: 0.9380
INFO - Epoch 660 - Train Loss: 0.8619 - Val Loss: 0.9378 - Best Val Loss: 0.9378
INFO - Epoch 670 - Train Loss: 0.8615 - Val Loss: 0.9378 - Best Val Loss: 0.9378
INFO - Epoch 680 - Train Loss: 0.8612 - Val Loss: 0.9371 - Best Val Loss: 0.9371
INFO - Epoch 690 - Train Loss: 0.8611 - Val Loss: 0.9372 - Best Val Loss: 0.9371
INFO - Epoch 700 - Train Loss: 0.8609 - Val Loss: 0.9357 - Best Val Loss: 0.9357
INFO - Epoch 710 - Train Loss: 0.8607 - Val Loss: 0.9346 - Best Val Loss: 0.9346
INFO - Epoch 720 - Train Loss: 0.8605 - Val Loss: 0.9340 - Best Val Loss: 0.9340
INFO - Epoch 730 - Train Loss: 0.8603 - Val Loss: 0.9340 - Best Val Loss: 0.9340
INFO - Epoch 740 - Train Loss: 0.8602 - Val Loss: 0.9342 - Best Val Loss: 0.9340
INFO - Epoch 750 - Train Loss: 0.8597 - Val Loss: 0.9338 - Best Val Loss: 0.9338
INFO - Epoch 760 - Train Loss: 0.8595 - Val Loss: 0.9332 - Best Val Loss: 0.9332
INFO - Epoch 770 - Train Loss: 0.8594 - Val Loss: 0.9338 - Best Val Loss: 0.9332
INFO - Epoch 780 - Train Loss: 0.8592 - Val Loss: 0.9328 - Best Val Loss: 0.9328
INFO - Epoch 790 - Train Loss: 0.8589 - Val Loss: 0.9332 - Best Val Loss: 0.9328
INFO - Epoch 800 - Train Loss: 0.8585 - Val Loss: 0.9331 - Best Val Loss: 0.9328
INFO - Epoch 810 - Train Loss: 0.8579 - Val Loss: 0.9323 - Best Val Loss: 0.9323
INFO - Epoch 820 - Train Loss: 0.8576 - Val Loss: 0.9313 - Best Val Loss: 0.9313
INFO - Epoch 830 - Train Loss: 0.8574 - Val Loss: 0.9325 - Best Val Loss: 0.9313
INFO - Epoch 840 - Train Loss: 0.8572 - Val Loss: 0.9324 - Best Val Loss: 0.9313
INFO - Epoch 850 - Train Loss: 0.8550 - Val Loss: 0.9328 - Best Val Loss: 0.9313
INFO - Epoch 860 - Train Loss: 0.8547 - Val Loss: 0.9328 - Best Val Loss: 0.9313
INFO - Epoch 870 - Train Loss: 0.8545 - Val Loss: 0.9327 - Best Val Loss: 0.9313
INFO - Epoch 880 - Train Loss: 0.8542 - Val Loss: 0.9325 - Best Val Loss: 0.9313
INFO - Epoch 890 - Train Loss: 0.8541 - Val Loss: 0.9328 - Best Val Loss: 0.9313
INFO - Epoch 900 - Train Loss: 0.8539 - Val Loss: 0.9326 - Best Val Loss: 0.9313
INFO - Epoch 910 - Train Loss: 0.8538 - Val Loss: 0.9323 - Best Val Loss: 0.9313
INFO - Epoch 920 - Train Loss: 0.8535 - Val Loss: 0.9324 - Best Val Loss: 0.9313
INFO - Epoch 930 - Train Loss: 0.8529 - Val Loss: 0.9320 - Best Val Loss: 0.9313
INFO - Epoch 940 - Train Loss: 0.8527 - Val Loss: 0.9315 - Best Val Loss: 0.9313
INFO - Epoch 950 - Train Loss: 0.8523 - Val Loss: 0.9321 - Best Val Loss: 0.9313
INFO - Epoch 960 - Train Loss: 0.8498 - Val Loss: 0.9306 - Best Val Loss: 0.9306
INFO - Epoch 970 - Train Loss: 0.8496 - Val Loss: 0.9302 - Best Val Loss: 0.9302
INFO - Epoch 980 - Train Loss: 0.8492 - Val Loss: 0.9316 - Best Val Loss: 0.9302
INFO - Epoch 990 - Train Loss: 0.8489 - Val Loss: 0.9315 - Best Val Loss: 0.9302
INFO - Epoch 1000 - Train Loss: 0.8488 - Val Loss: 0.9313 - Best Val Loss: 0.9302
INFO - Fold 2, Accuracy on training dataset: 0.9153
INFO - Fold 2, Accuracy on validation dataset: 0.8089
INFO - Fold 2, Accuracy on test dataset: 0.2800
INFO - =========================
INFO - ======= Fold 3 =======
INFO - Epoch 0 - Train Loss: 1.3206 - Val Loss: 1.3029 - Best Val Loss: 1.3029
INFO - Epoch 10 - Train Loss: 1.2767 - Val Loss: 1.2229 - Best Val Loss: 1.2229
INFO - Epoch 20 - Train Loss: 1.2360 - Val Loss: 1.2004 - Best Val Loss: 1.2004
INFO - Epoch 30 - Train Loss: 1.1943 - Val Loss: 1.2205 - Best Val Loss: 1.2004
INFO - Epoch 40 - Train Loss: 1.1442 - Val Loss: 1.1764 - Best Val Loss: 1.1764
INFO - Epoch 50 - Train Loss: 1.1126 - Val Loss: 1.1358 - Best Val Loss: 1.1358
INFO - Epoch 60 - Train Loss: 1.0733 - Val Loss: 1.1121 - Best Val Loss: 1.1121
INFO - Epoch 70 - Train Loss: 1.0561 - Val Loss: 1.0970 - Best Val Loss: 1.0970
INFO - Epoch 80 - Train Loss: 1.0224 - Val Loss: 1.0730 - Best Val Loss: 1.0730
INFO - Epoch 90 - Train Loss: 1.0219 - Val Loss: 1.0813 - Best Val Loss: 1.0730
INFO - Epoch 100 - Train Loss: 1.0059 - Val Loss: 1.0863 - Best Val Loss: 1.0730
INFO - Epoch 110 - Train Loss: 1.0004 - Val Loss: 1.0831 - Best Val Loss: 1.0730
INFO - Epoch 120 - Train Loss: 0.9917 - Val Loss: 1.0778 - Best Val Loss: 1.0730
INFO - Epoch 130 - Train Loss: 0.9833 - Val Loss: 1.0669 - Best Val Loss: 1.0669
INFO - Epoch 140 - Train Loss: 0.9724 - Val Loss: 1.0583 - Best Val Loss: 1.0583
INFO - Epoch 150 - Train Loss: 0.9633 - Val Loss: 1.0315 - Best Val Loss: 1.0315
INFO - Epoch 160 - Train Loss: 0.9543 - Val Loss: 1.0317 - Best Val Loss: 1.0315
INFO - Epoch 170 - Train Loss: 0.9502 - Val Loss: 1.0214 - Best Val Loss: 1.0214
INFO - Epoch 180 - Train Loss: 0.9475 - Val Loss: 1.0174 - Best Val Loss: 1.0174
INFO - Epoch 190 - Train Loss: 0.9443 - Val Loss: 1.0256 - Best Val Loss: 1.0174
INFO - Epoch 200 - Train Loss: 0.9383 - Val Loss: 1.0214 - Best Val Loss: 1.0174
INFO - Epoch 210 - Train Loss: 0.9351 - Val Loss: 1.0143 - Best Val Loss: 1.0143
INFO - Epoch 220 - Train Loss: 0.9323 - Val Loss: 1.0143 - Best Val Loss: 1.0143
INFO - Epoch 230 - Train Loss: 0.9309 - Val Loss: 1.0142 - Best Val Loss: 1.0142
INFO - Epoch 240 - Train Loss: 0.9291 - Val Loss: 1.0159 - Best Val Loss: 1.0142
INFO - Epoch 250 - Train Loss: 0.9276 - Val Loss: 1.0136 - Best Val Loss: 1.0136
INFO - Epoch 260 - Train Loss: 0.9269 - Val Loss: 1.0124 - Best Val Loss: 1.0124
INFO - Epoch 270 - Train Loss: 0.9234 - Val Loss: 1.0002 - Best Val Loss: 1.0002
INFO - Epoch 280 - Train Loss: 0.9208 - Val Loss: 0.9991 - Best Val Loss: 0.9991
INFO - Epoch 290 - Train Loss: 0.9190 - Val Loss: 0.9966 - Best Val Loss: 0.9966
INFO - Epoch 300 - Train Loss: 0.9176 - Val Loss: 0.9935 - Best Val Loss: 0.9935
INFO - Epoch 310 - Train Loss: 0.9125 - Val Loss: 0.9871 - Best Val Loss: 0.9871
INFO - Epoch 320 - Train Loss: 0.9120 - Val Loss: 0.9832 - Best Val Loss: 0.9832
INFO - Epoch 330 - Train Loss: 0.9109 - Val Loss: 0.9856 - Best Val Loss: 0.9832
INFO - Epoch 340 - Train Loss: 0.9090 - Val Loss: 0.9836 - Best Val Loss: 0.9832
INFO - Epoch 350 - Train Loss: 0.9060 - Val Loss: 0.9833 - Best Val Loss: 0.9832
INFO - Epoch 360 - Train Loss: 0.9041 - Val Loss: 0.9852 - Best Val Loss: 0.9832
INFO - Epoch 370 - Train Loss: 0.9024 - Val Loss: 0.9879 - Best Val Loss: 0.9832
INFO - Epoch 380 - Train Loss: 0.9016 - Val Loss: 0.9881 - Best Val Loss: 0.9832
INFO - Epoch 390 - Train Loss: 0.8998 - Val Loss: 0.9851 - Best Val Loss: 0.9832
INFO - Epoch 400 - Train Loss: 0.8985 - Val Loss: 0.9872 - Best Val Loss: 0.9832
INFO - Epoch 410 - Train Loss: 0.8976 - Val Loss: 0.9843 - Best Val Loss: 0.9832
INFO - Epoch 420 - Train Loss: 0.8971 - Val Loss: 0.9848 - Best Val Loss: 0.9832
INFO - Epoch 430 - Train Loss: 0.8960 - Val Loss: 0.9875 - Best Val Loss: 0.9832
INFO - Epoch 440 - Train Loss: 0.8953 - Val Loss: 0.9882 - Best Val Loss: 0.9832
INFO - Epoch 450 - Train Loss: 0.8949 - Val Loss: 0.9902 - Best Val Loss: 0.9832
INFO - Epoch 460 - Train Loss: 0.8939 - Val Loss: 0.9896 - Best Val Loss: 0.9832
INFO - Epoch 470 - Train Loss: 0.8928 - Val Loss: 0.9902 - Best Val Loss: 0.9832
INFO - Epoch 480 - Train Loss: 0.8924 - Val Loss: 0.9904 - Best Val Loss: 0.9832
INFO - Epoch 490 - Train Loss: 0.8919 - Val Loss: 0.9910 - Best Val Loss: 0.9832
INFO - Epoch 500 - Train Loss: 0.8914 - Val Loss: 0.9909 - Best Val Loss: 0.9832
INFO - Epoch 510 - Train Loss: 0.8905 - Val Loss: 0.9903 - Best Val Loss: 0.9832
INFO - Epoch 520 - Train Loss: 0.8902 - Val Loss: 0.9901 - Best Val Loss: 0.9832
INFO - Epoch 530 - Train Loss: 0.8898 - Val Loss: 0.9894 - Best Val Loss: 0.9832
INFO - Epoch 540 - Train Loss: 0.8895 - Val Loss: 0.9899 - Best Val Loss: 0.9832
INFO - Epoch 550 - Train Loss: 0.8894 - Val Loss: 0.9903 - Best Val Loss: 0.9832
INFO - Epoch 560 - Train Loss: 0.8892 - Val Loss: 0.9905 - Best Val Loss: 0.9832
INFO - Epoch 570 - Train Loss: 0.8887 - Val Loss: 0.9906 - Best Val Loss: 0.9832
INFO - Epoch 580 - Train Loss: 0.8884 - Val Loss: 0.9917 - Best Val Loss: 0.9832
INFO - Epoch 590 - Train Loss: 0.8878 - Val Loss: 0.9915 - Best Val Loss: 0.9832
INFO - Epoch 600 - Train Loss: 0.8874 - Val Loss: 0.9914 - Best Val Loss: 0.9832
INFO - Epoch 610 - Train Loss: 0.8842 - Val Loss: 0.9944 - Best Val Loss: 0.9832
INFO - Epoch 620 - Train Loss: 0.8839 - Val Loss: 0.9953 - Best Val Loss: 0.9832
INFO - Epoch 630 - Train Loss: 0.8832 - Val Loss: 0.9957 - Best Val Loss: 0.9832
INFO - Epoch 640 - Train Loss: 0.8814 - Val Loss: 0.9938 - Best Val Loss: 0.9832
INFO - Epoch 650 - Train Loss: 0.8812 - Val Loss: 0.9939 - Best Val Loss: 0.9832
INFO - Epoch 660 - Train Loss: 0.8810 - Val Loss: 0.9941 - Best Val Loss: 0.9832
INFO - Epoch 670 - Train Loss: 0.8807 - Val Loss: 0.9924 - Best Val Loss: 0.9832
INFO - Epoch 680 - Train Loss: 0.8790 - Val Loss: 0.9907 - Best Val Loss: 0.9832
INFO - Epoch 690 - Train Loss: 0.8787 - Val Loss: 0.9905 - Best Val Loss: 0.9832
INFO - Epoch 700 - Train Loss: 0.8786 - Val Loss: 0.9901 - Best Val Loss: 0.9832
INFO - Epoch 710 - Train Loss: 0.8783 - Val Loss: 0.9903 - Best Val Loss: 0.9832
INFO - Epoch 720 - Train Loss: 0.8782 - Val Loss: 0.9903 - Best Val Loss: 0.9832
INFO - Epoch 730 - Train Loss: 0.8781 - Val Loss: 0.9906 - Best Val Loss: 0.9832
INFO - Epoch 740 - Train Loss: 0.8777 - Val Loss: 0.9907 - Best Val Loss: 0.9832
INFO - Epoch 750 - Train Loss: 0.8775 - Val Loss: 0.9908 - Best Val Loss: 0.9832
INFO - Epoch 760 - Train Loss: 0.8773 - Val Loss: 0.9908 - Best Val Loss: 0.9832
INFO - Epoch 770 - Train Loss: 0.8772 - Val Loss: 0.9912 - Best Val Loss: 0.9832
INFO - Epoch 780 - Train Loss: 0.8771 - Val Loss: 0.9913 - Best Val Loss: 0.9832
INFO - Epoch 790 - Train Loss: 0.8770 - Val Loss: 0.9919 - Best Val Loss: 0.9832
INFO - Epoch 800 - Train Loss: 0.8769 - Val Loss: 0.9921 - Best Val Loss: 0.9832
INFO - Epoch 810 - Train Loss: 0.8765 - Val Loss: 0.9924 - Best Val Loss: 0.9832
INFO - Epoch 820 - Train Loss: 0.8764 - Val Loss: 0.9922 - Best Val Loss: 0.9832
INFO - Epoch 830 - Train Loss: 0.8761 - Val Loss: 0.9922 - Best Val Loss: 0.9832
INFO - Epoch 840 - Train Loss: 0.8754 - Val Loss: 0.9930 - Best Val Loss: 0.9832
INFO - Epoch 850 - Train Loss: 0.8752 - Val Loss: 0.9934 - Best Val Loss: 0.9832
INFO - Epoch 860 - Train Loss: 0.8750 - Val Loss: 0.9940 - Best Val Loss: 0.9832
INFO - Epoch 870 - Train Loss: 0.8748 - Val Loss: 0.9937 - Best Val Loss: 0.9832
INFO - Epoch 880 - Train Loss: 0.8746 - Val Loss: 0.9932 - Best Val Loss: 0.9832
INFO - Epoch 890 - Train Loss: 0.8743 - Val Loss: 0.9933 - Best Val Loss: 0.9832
INFO - Epoch 900 - Train Loss: 0.8738 - Val Loss: 0.9907 - Best Val Loss: 0.9832
INFO - Epoch 910 - Train Loss: 0.8730 - Val Loss: 0.9896 - Best Val Loss: 0.9832
INFO - Epoch 920 - Train Loss: 0.8729 - Val Loss: 0.9897 - Best Val Loss: 0.9832
INFO - Epoch 930 - Train Loss: 0.8726 - Val Loss: 0.9889 - Best Val Loss: 0.9832
INFO - Epoch 940 - Train Loss: 0.8724 - Val Loss: 0.9851 - Best Val Loss: 0.9832
INFO - Epoch 950 - Train Loss: 0.8723 - Val Loss: 0.9849 - Best Val Loss: 0.9832
INFO - Epoch 960 - Train Loss: 0.8722 - Val Loss: 0.9847 - Best Val Loss: 0.9832
INFO - Epoch 970 - Train Loss: 0.8721 - Val Loss: 0.9849 - Best Val Loss: 0.9832
INFO - Epoch 980 - Train Loss: 0.8719 - Val Loss: 0.9847 - Best Val Loss: 0.9832
INFO - Epoch 990 - Train Loss: 0.8710 - Val Loss: 0.9820 - Best Val Loss: 0.9820
INFO - Epoch 1000 - Train Loss: 0.8710 - Val Loss: 0.9821 - Best Val Loss: 0.9820
INFO - Fold 3, Accuracy on training dataset: 0.8991
INFO - Fold 3, Accuracy on validation dataset: 0.7813
INFO - Fold 3, Accuracy on test dataset: 0.2756
INFO - =========================
INFO - ======= Fold 4 =======
INFO - Epoch 0 - Train Loss: 1.3186 - Val Loss: 1.3577 - Best Val Loss: 1.3577
INFO - Epoch 10 - Train Loss: 1.2994 - Val Loss: 1.2806 - Best Val Loss: 1.2806
INFO - Epoch 20 - Train Loss: 1.2257 - Val Loss: 1.2592 - Best Val Loss: 1.2592
INFO - Epoch 30 - Train Loss: 1.1753 - Val Loss: 1.1698 - Best Val Loss: 1.1698
INFO - Epoch 40 - Train Loss: 1.1319 - Val Loss: 1.1622 - Best Val Loss: 1.1622
INFO - Epoch 50 - Train Loss: 1.1117 - Val Loss: 1.1532 - Best Val Loss: 1.1532
INFO - Epoch 60 - Train Loss: 1.0847 - Val Loss: 1.1274 - Best Val Loss: 1.1274
INFO - Epoch 70 - Train Loss: 1.0574 - Val Loss: 1.0993 - Best Val Loss: 1.0993
INFO - Epoch 80 - Train Loss: 1.0544 - Val Loss: 1.0939 - Best Val Loss: 1.0939
INFO - Epoch 90 - Train Loss: 1.0453 - Val Loss: 1.0941 - Best Val Loss: 1.0939
INFO - Epoch 100 - Train Loss: 1.0303 - Val Loss: 1.0660 - Best Val Loss: 1.0660
INFO - Epoch 110 - Train Loss: 1.0134 - Val Loss: 1.0643 - Best Val Loss: 1.0643
INFO - Epoch 120 - Train Loss: 1.0093 - Val Loss: 1.0684 - Best Val Loss: 1.0643
INFO - Epoch 130 - Train Loss: 0.9994 - Val Loss: 1.0606 - Best Val Loss: 1.0606
INFO - Epoch 140 - Train Loss: 0.9898 - Val Loss: 1.0495 - Best Val Loss: 1.0495
INFO - Epoch 150 - Train Loss: 0.9757 - Val Loss: 1.0331 - Best Val Loss: 1.0331
INFO - Epoch 160 - Train Loss: 0.9696 - Val Loss: 1.0241 - Best Val Loss: 1.0241
INFO - Epoch 170 - Train Loss: 0.9672 - Val Loss: 1.0227 - Best Val Loss: 1.0227
INFO - Epoch 180 - Train Loss: 0.9599 - Val Loss: 1.0219 - Best Val Loss: 1.0219
INFO - Epoch 190 - Train Loss: 0.9551 - Val Loss: 1.0255 - Best Val Loss: 1.0219
INFO - Epoch 200 - Train Loss: 0.9505 - Val Loss: 1.0190 - Best Val Loss: 1.0190
INFO - Epoch 210 - Train Loss: 0.9452 - Val Loss: 1.0079 - Best Val Loss: 1.0079
INFO - Epoch 220 - Train Loss: 0.9427 - Val Loss: 1.0084 - Best Val Loss: 1.0079
INFO - Epoch 230 - Train Loss: 0.9404 - Val Loss: 1.0106 - Best Val Loss: 1.0079
INFO - Epoch 240 - Train Loss: 0.9351 - Val Loss: 0.9865 - Best Val Loss: 0.9865
INFO - Epoch 250 - Train Loss: 0.9333 - Val Loss: 0.9894 - Best Val Loss: 0.9865
INFO - Epoch 260 - Train Loss: 0.9318 - Val Loss: 0.9916 - Best Val Loss: 0.9865
INFO - Epoch 270 - Train Loss: 0.9302 - Val Loss: 0.9869 - Best Val Loss: 0.9865
INFO - Epoch 280 - Train Loss: 0.9288 - Val Loss: 0.9831 - Best Val Loss: 0.9831
INFO - Epoch 290 - Train Loss: 0.9255 - Val Loss: 0.9808 - Best Val Loss: 0.9808
INFO - Epoch 300 - Train Loss: 0.9241 - Val Loss: 0.9805 - Best Val Loss: 0.9805
INFO - Epoch 310 - Train Loss: 0.9232 - Val Loss: 0.9827 - Best Val Loss: 0.9805
INFO - Epoch 320 - Train Loss: 0.9226 - Val Loss: 0.9771 - Best Val Loss: 0.9771
INFO - Epoch 330 - Train Loss: 0.9216 - Val Loss: 0.9785 - Best Val Loss: 0.9771
INFO - Epoch 340 - Train Loss: 0.9193 - Val Loss: 0.9774 - Best Val Loss: 0.9771
INFO - Epoch 350 - Train Loss: 0.9179 - Val Loss: 0.9753 - Best Val Loss: 0.9753
INFO - Epoch 360 - Train Loss: 0.9162 - Val Loss: 0.9766 - Best Val Loss: 0.9753
INFO - Epoch 370 - Train Loss: 0.9151 - Val Loss: 0.9751 - Best Val Loss: 0.9751
INFO - Epoch 380 - Train Loss: 0.9133 - Val Loss: 0.9754 - Best Val Loss: 0.9751
INFO - Epoch 390 - Train Loss: 0.9122 - Val Loss: 0.9739 - Best Val Loss: 0.9739
INFO - Epoch 400 - Train Loss: 0.9107 - Val Loss: 0.9740 - Best Val Loss: 0.9739
INFO - Epoch 410 - Train Loss: 0.9094 - Val Loss: 0.9744 - Best Val Loss: 0.9739
INFO - Epoch 420 - Train Loss: 0.9087 - Val Loss: 0.9725 - Best Val Loss: 0.9725
INFO - Epoch 430 - Train Loss: 0.9076 - Val Loss: 0.9710 - Best Val Loss: 0.9710
INFO - Epoch 440 - Train Loss: 0.9070 - Val Loss: 0.9690 - Best Val Loss: 0.9690
INFO - Epoch 450 - Train Loss: 0.9065 - Val Loss: 0.9701 - Best Val Loss: 0.9690
INFO - Epoch 460 - Train Loss: 0.9059 - Val Loss: 0.9700 - Best Val Loss: 0.9690
INFO - Epoch 470 - Train Loss: 0.9045 - Val Loss: 0.9686 - Best Val Loss: 0.9686
INFO - Epoch 480 - Train Loss: 0.9041 - Val Loss: 0.9679 - Best Val Loss: 0.9679
INFO - Epoch 490 - Train Loss: 0.9039 - Val Loss: 0.9675 - Best Val Loss: 0.9675
INFO - Epoch 500 - Train Loss: 0.9035 - Val Loss: 0.9669 - Best Val Loss: 0.9669
INFO - Epoch 510 - Train Loss: 0.9026 - Val Loss: 0.9655 - Best Val Loss: 0.9655
INFO - Epoch 520 - Train Loss: 0.9020 - Val Loss: 0.9628 - Best Val Loss: 0.9628
INFO - Epoch 530 - Train Loss: 0.9005 - Val Loss: 0.9609 - Best Val Loss: 0.9609
INFO - Epoch 540 - Train Loss: 0.8992 - Val Loss: 0.9617 - Best Val Loss: 0.9609
INFO - Epoch 550 - Train Loss: 0.8984 - Val Loss: 0.9626 - Best Val Loss: 0.9609
INFO - Epoch 560 - Train Loss: 0.8973 - Val Loss: 0.9626 - Best Val Loss: 0.9609
INFO - Epoch 570 - Train Loss: 0.8967 - Val Loss: 0.9615 - Best Val Loss: 0.9609
INFO - Epoch 580 - Train Loss: 0.8961 - Val Loss: 0.9635 - Best Val Loss: 0.9609
INFO - Epoch 590 - Train Loss: 0.8960 - Val Loss: 0.9641 - Best Val Loss: 0.9609
INFO - Epoch 600 - Train Loss: 0.8956 - Val Loss: 0.9613 - Best Val Loss: 0.9609
INFO - Epoch 610 - Train Loss: 0.8949 - Val Loss: 0.9614 - Best Val Loss: 0.9609
INFO - Epoch 620 - Train Loss: 0.8943 - Val Loss: 0.9599 - Best Val Loss: 0.9599
INFO - Epoch 630 - Train Loss: 0.8938 - Val Loss: 0.9599 - Best Val Loss: 0.9599
INFO - Epoch 640 - Train Loss: 0.8936 - Val Loss: 0.9601 - Best Val Loss: 0.9599
INFO - Epoch 650 - Train Loss: 0.8928 - Val Loss: 0.9603 - Best Val Loss: 0.9599
INFO - Epoch 660 - Train Loss: 0.8899 - Val Loss: 0.9569 - Best Val Loss: 0.9569
INFO - Epoch 670 - Train Loss: 0.8897 - Val Loss: 0.9565 - Best Val Loss: 0.9565
INFO - Epoch 680 - Train Loss: 0.8894 - Val Loss: 0.9568 - Best Val Loss: 0.9565
INFO - Epoch 690 - Train Loss: 0.8890 - Val Loss: 0.9591 - Best Val Loss: 0.9565
INFO - Epoch 700 - Train Loss: 0.8888 - Val Loss: 0.9584 - Best Val Loss: 0.9565
INFO - Epoch 710 - Train Loss: 0.8885 - Val Loss: 0.9585 - Best Val Loss: 0.9565
INFO - Epoch 720 - Train Loss: 0.8880 - Val Loss: 0.9581 - Best Val Loss: 0.9565
INFO - Epoch 730 - Train Loss: 0.8879 - Val Loss: 0.9581 - Best Val Loss: 0.9565
INFO - Epoch 740 - Train Loss: 0.8866 - Val Loss: 0.9591 - Best Val Loss: 0.9565
INFO - Epoch 750 - Train Loss: 0.8866 - Val Loss: 0.9586 - Best Val Loss: 0.9565
INFO - Epoch 760 - Train Loss: 0.8863 - Val Loss: 0.9561 - Best Val Loss: 0.9561
INFO - Epoch 770 - Train Loss: 0.8862 - Val Loss: 0.9559 - Best Val Loss: 0.9559
INFO - Epoch 780 - Train Loss: 0.8860 - Val Loss: 0.9561 - Best Val Loss: 0.9559
INFO - Epoch 790 - Train Loss: 0.8857 - Val Loss: 0.9568 - Best Val Loss: 0.9559
INFO - Epoch 800 - Train Loss: 0.8856 - Val Loss: 0.9563 - Best Val Loss: 0.9559
INFO - Epoch 810 - Train Loss: 0.8856 - Val Loss: 0.9554 - Best Val Loss: 0.9554
INFO - Epoch 820 - Train Loss: 0.8855 - Val Loss: 0.9552 - Best Val Loss: 0.9552
INFO - Epoch 830 - Train Loss: 0.8841 - Val Loss: 0.9509 - Best Val Loss: 0.9509
INFO - Epoch 840 - Train Loss: 0.8838 - Val Loss: 0.9507 - Best Val Loss: 0.9507
INFO - Epoch 850 - Train Loss: 0.8837 - Val Loss: 0.9508 - Best Val Loss: 0.9507
INFO - Epoch 860 - Train Loss: 0.8836 - Val Loss: 0.9518 - Best Val Loss: 0.9507
INFO - Epoch 870 - Train Loss: 0.8835 - Val Loss: 0.9504 - Best Val Loss: 0.9504
INFO - Epoch 880 - Train Loss: 0.8831 - Val Loss: 0.9501 - Best Val Loss: 0.9501
INFO - Epoch 890 - Train Loss: 0.8823 - Val Loss: 0.9449 - Best Val Loss: 0.9449
INFO - Epoch 900 - Train Loss: 0.8821 - Val Loss: 0.9461 - Best Val Loss: 0.9449
INFO - Epoch 910 - Train Loss: 0.8819 - Val Loss: 0.9444 - Best Val Loss: 0.9444
INFO - Epoch 920 - Train Loss: 0.8817 - Val Loss: 0.9446 - Best Val Loss: 0.9444
INFO - Epoch 930 - Train Loss: 0.8816 - Val Loss: 0.9439 - Best Val Loss: 0.9439
INFO - Epoch 940 - Train Loss: 0.8813 - Val Loss: 0.9436 - Best Val Loss: 0.9436
INFO - Epoch 950 - Train Loss: 0.8811 - Val Loss: 0.9439 - Best Val Loss: 0.9436
INFO - Epoch 960 - Train Loss: 0.8810 - Val Loss: 0.9444 - Best Val Loss: 0.9436
INFO - Epoch 970 - Train Loss: 0.8808 - Val Loss: 0.9447 - Best Val Loss: 0.9436
INFO - Epoch 980 - Train Loss: 0.8806 - Val Loss: 0.9444 - Best Val Loss: 0.9436
INFO - Epoch 990 - Train Loss: 0.8805 - Val Loss: 0.9441 - Best Val Loss: 0.9436
INFO - Epoch 1000 - Train Loss: 0.8801 - Val Loss: 0.9436 - Best Val Loss: 0.9436
INFO - Fold 4, Accuracy on training dataset: 0.8961
INFO - Fold 4, Accuracy on validation dataset: 0.8214
INFO - Fold 4, Accuracy on test dataset: 0.3556
INFO - =========================
INFO - Train plotting shape: (4, 101)
INFO - Val plotting shape: (4, 101)
INFO - Best model saved at: ./models/QPSOo/mcw_QPSOo_14_best_model.pth
INFO - 
============= BEST MODEL METRICS =============
INFO - 
Best Model Metrics on Training Set:
INFO - 
Métricas para mcw_best_train:
INFO - Accuracy: 0.8775
INFO - Precision (macro): 0.8713
INFO - Precision (weighted): 0.8793
INFO - Recall (macro): 0.8740
INFO - Recall (weighted): 0.8775
INFO - F1 (macro): 0.8693
INFO - F1 (weighted): 0.8751
INFO - Confusion Matrix:
INFO - 
[[164  25  26  14]
 [ 12 153   1   6]
 [  5   7 189   2]
 [  3   1   8 282]]
INFO - 
Best Model Metrics on Test Set:
INFO - 
Métricas para mcw_best_test:
INFO - Accuracy: 0.3556
INFO - Precision (macro): 0.3584
INFO - Precision (weighted): 0.3578
INFO - Recall (macro): 0.3703
INFO - Recall (weighted): 0.3556
INFO - F1 (macro): 0.3427
INFO - F1 (weighted): 0.3311
INFO - Confusion Matrix:
INFO - 
[[ 8  9 34 20]
 [ 7 17  1 17]
 [ 4  8 20 17]
 [ 4  7 17 35]]
INFO - 
ROC-AUC Scores for Best Model:
INFO - Class 0: 0.5704
INFO - Class 1: 0.6763
INFO - Class 2: 0.5595
INFO - Class 3: 0.6513
INFO - Micro-average: 0.5991
INFO - Macro-average: 0.6175
INFO - =============================================
INFO - =============================================
INFO - Model Setup:
INFO - optimizer: QPSOo
INFO - dataset: mcw
INFO - input_dim: 14
INFO - output_dim: 4
INFO - n_samples: 898
INFO - hidden_layers: [42, 28, 14]
INFO - features_reduction: 14
INFO - n_particles: 20
INFO - g: 1.13
INFO - interval_parms_updated: 10
INFO - n_folds: 4
INFO - n_epochs: 1000
INFO - interval_update: 1
INFO - Total Parameters: 2300
INFO - =============================================
INFO - Mean time per epoch and folder: 12.2907 - std:0.0099 seconds
INFO - Mean accuracy on training dataset: 0.8957 - std: 0.0154
INFO - Mean accuracy on validation dataset: 0.7907 - std: 0.0271
INFO - Mean accuracy on test dataset: 0.3156 - std: 0.0378
INFO - =============================================
