INFO - ======= Fold 1 =======
INFO - Epoch 0 - Train Loss: 1.2913 - Val Loss: 1.2844 - Best Val Loss: 1.2844
INFO - Epoch 10 - Train Loss: 1.2393 - Val Loss: 1.2810 - Best Val Loss: 1.2810
INFO - Epoch 20 - Train Loss: 1.2217 - Val Loss: 1.2176 - Best Val Loss: 1.2176
INFO - Epoch 30 - Train Loss: 1.1895 - Val Loss: 1.2101 - Best Val Loss: 1.2101
INFO - Epoch 40 - Train Loss: 1.1672 - Val Loss: 1.1283 - Best Val Loss: 1.1283
INFO - Epoch 50 - Train Loss: 1.1446 - Val Loss: 1.1175 - Best Val Loss: 1.1175
INFO - Epoch 60 - Train Loss: 1.0887 - Val Loss: 1.0978 - Best Val Loss: 1.0978
INFO - Epoch 70 - Train Loss: 1.0733 - Val Loss: 1.0817 - Best Val Loss: 1.0817
INFO - Epoch 80 - Train Loss: 1.0638 - Val Loss: 1.0533 - Best Val Loss: 1.0533
INFO - Epoch 90 - Train Loss: 1.0524 - Val Loss: 1.0602 - Best Val Loss: 1.0533
INFO - Epoch 100 - Train Loss: 1.0426 - Val Loss: 1.0385 - Best Val Loss: 1.0385
INFO - Epoch 110 - Train Loss: 1.0306 - Val Loss: 1.0201 - Best Val Loss: 1.0201
INFO - Epoch 120 - Train Loss: 1.0294 - Val Loss: 1.0238 - Best Val Loss: 1.0201
INFO - Epoch 130 - Train Loss: 1.0283 - Val Loss: 1.0332 - Best Val Loss: 1.0201
INFO - Epoch 140 - Train Loss: 1.0272 - Val Loss: 1.0256 - Best Val Loss: 1.0201
INFO - Epoch 150 - Train Loss: 1.0071 - Val Loss: 1.0192 - Best Val Loss: 1.0192
INFO - Epoch 160 - Train Loss: 1.0018 - Val Loss: 1.0189 - Best Val Loss: 1.0189
INFO - Epoch 170 - Train Loss: 0.9977 - Val Loss: 1.0096 - Best Val Loss: 1.0096
INFO - Epoch 180 - Train Loss: 0.9934 - Val Loss: 1.0028 - Best Val Loss: 1.0028
INFO - Epoch 190 - Train Loss: 0.9929 - Val Loss: 1.0065 - Best Val Loss: 1.0028
INFO - Epoch 200 - Train Loss: 0.9912 - Val Loss: 1.0068 - Best Val Loss: 1.0028
INFO - Epoch 210 - Train Loss: 0.9876 - Val Loss: 1.0140 - Best Val Loss: 1.0028
INFO - Epoch 220 - Train Loss: 0.9806 - Val Loss: 1.0045 - Best Val Loss: 1.0028
INFO - Epoch 230 - Train Loss: 0.9777 - Val Loss: 1.0095 - Best Val Loss: 1.0028
INFO - Epoch 240 - Train Loss: 0.9730 - Val Loss: 1.0030 - Best Val Loss: 1.0028
INFO - Epoch 250 - Train Loss: 0.9672 - Val Loss: 1.0010 - Best Val Loss: 1.0010
INFO - Epoch 260 - Train Loss: 0.9644 - Val Loss: 1.0012 - Best Val Loss: 1.0010
INFO - Epoch 270 - Train Loss: 0.9628 - Val Loss: 1.0011 - Best Val Loss: 1.0010
INFO - Epoch 280 - Train Loss: 0.9612 - Val Loss: 0.9992 - Best Val Loss: 0.9992
INFO - Epoch 290 - Train Loss: 0.9604 - Val Loss: 0.9984 - Best Val Loss: 0.9984
INFO - Epoch 300 - Train Loss: 0.9598 - Val Loss: 0.9979 - Best Val Loss: 0.9979
INFO - Epoch 310 - Train Loss: 0.9592 - Val Loss: 0.9976 - Best Val Loss: 0.9976
INFO - Epoch 320 - Train Loss: 0.9584 - Val Loss: 0.9985 - Best Val Loss: 0.9976
INFO - Epoch 330 - Train Loss: 0.9578 - Val Loss: 0.9976 - Best Val Loss: 0.9976
INFO - Epoch 340 - Train Loss: 0.9573 - Val Loss: 0.9969 - Best Val Loss: 0.9969
INFO - Epoch 350 - Train Loss: 0.9544 - Val Loss: 0.9870 - Best Val Loss: 0.9870
INFO - Epoch 360 - Train Loss: 0.9540 - Val Loss: 0.9838 - Best Val Loss: 0.9838
INFO - Epoch 370 - Train Loss: 0.9527 - Val Loss: 0.9831 - Best Val Loss: 0.9831
INFO - Epoch 380 - Train Loss: 0.9521 - Val Loss: 0.9839 - Best Val Loss: 0.9831
INFO - Epoch 390 - Train Loss: 0.9521 - Val Loss: 0.9831 - Best Val Loss: 0.9831
INFO - Epoch 400 - Train Loss: 0.9370 - Val Loss: 0.9811 - Best Val Loss: 0.9811
INFO - Epoch 410 - Train Loss: 0.9352 - Val Loss: 0.9768 - Best Val Loss: 0.9768
INFO - Epoch 420 - Train Loss: 0.9341 - Val Loss: 0.9796 - Best Val Loss: 0.9768
INFO - Epoch 430 - Train Loss: 0.9331 - Val Loss: 0.9807 - Best Val Loss: 0.9768
INFO - Epoch 440 - Train Loss: 0.9325 - Val Loss: 0.9781 - Best Val Loss: 0.9768
INFO - Epoch 450 - Train Loss: 0.9311 - Val Loss: 0.9784 - Best Val Loss: 0.9768
INFO - Epoch 460 - Train Loss: 0.9299 - Val Loss: 0.9789 - Best Val Loss: 0.9768
INFO - Epoch 470 - Train Loss: 0.9280 - Val Loss: 0.9797 - Best Val Loss: 0.9768
INFO - Epoch 480 - Train Loss: 0.9263 - Val Loss: 0.9816 - Best Val Loss: 0.9768
INFO - Epoch 490 - Train Loss: 0.9251 - Val Loss: 0.9829 - Best Val Loss: 0.9768
INFO - Epoch 500 - Train Loss: 0.9244 - Val Loss: 0.9820 - Best Val Loss: 0.9768
INFO - Epoch 510 - Train Loss: 0.9238 - Val Loss: 0.9831 - Best Val Loss: 0.9768
INFO - Epoch 520 - Train Loss: 0.9207 - Val Loss: 0.9882 - Best Val Loss: 0.9768
INFO - Epoch 530 - Train Loss: 0.9204 - Val Loss: 0.9882 - Best Val Loss: 0.9768
INFO - Epoch 540 - Train Loss: 0.9191 - Val Loss: 0.9875 - Best Val Loss: 0.9768
INFO - Epoch 550 - Train Loss: 0.9189 - Val Loss: 0.9882 - Best Val Loss: 0.9768
INFO - Epoch 560 - Train Loss: 0.9186 - Val Loss: 0.9864 - Best Val Loss: 0.9768
INFO - Epoch 570 - Train Loss: 0.9182 - Val Loss: 0.9839 - Best Val Loss: 0.9768
INFO - Epoch 580 - Train Loss: 0.9177 - Val Loss: 0.9858 - Best Val Loss: 0.9768
INFO - Epoch 590 - Train Loss: 0.9175 - Val Loss: 0.9849 - Best Val Loss: 0.9768
INFO - Epoch 600 - Train Loss: 0.9172 - Val Loss: 0.9833 - Best Val Loss: 0.9768
INFO - Epoch 610 - Train Loss: 0.9170 - Val Loss: 0.9845 - Best Val Loss: 0.9768
INFO - Epoch 620 - Train Loss: 0.9168 - Val Loss: 0.9845 - Best Val Loss: 0.9768
INFO - Epoch 630 - Train Loss: 0.9167 - Val Loss: 0.9846 - Best Val Loss: 0.9768
INFO - Epoch 640 - Train Loss: 0.9165 - Val Loss: 0.9842 - Best Val Loss: 0.9768
INFO - Epoch 650 - Train Loss: 0.9162 - Val Loss: 0.9833 - Best Val Loss: 0.9768
INFO - Epoch 660 - Train Loss: 0.9161 - Val Loss: 0.9832 - Best Val Loss: 0.9768
INFO - Epoch 670 - Train Loss: 0.9160 - Val Loss: 0.9829 - Best Val Loss: 0.9768
INFO - Epoch 680 - Train Loss: 0.9158 - Val Loss: 0.9832 - Best Val Loss: 0.9768
INFO - Epoch 690 - Train Loss: 0.9157 - Val Loss: 0.9828 - Best Val Loss: 0.9768
INFO - Epoch 700 - Train Loss: 0.9154 - Val Loss: 0.9821 - Best Val Loss: 0.9768
INFO - Epoch 710 - Train Loss: 0.9151 - Val Loss: 0.9823 - Best Val Loss: 0.9768
INFO - Epoch 720 - Train Loss: 0.9149 - Val Loss: 0.9819 - Best Val Loss: 0.9768
INFO - Epoch 730 - Train Loss: 0.9147 - Val Loss: 0.9816 - Best Val Loss: 0.9768
INFO - Epoch 740 - Train Loss: 0.9146 - Val Loss: 0.9812 - Best Val Loss: 0.9768
INFO - Epoch 750 - Train Loss: 0.9145 - Val Loss: 0.9805 - Best Val Loss: 0.9768
INFO - Epoch 760 - Train Loss: 0.9144 - Val Loss: 0.9803 - Best Val Loss: 0.9768
INFO - Epoch 770 - Train Loss: 0.9143 - Val Loss: 0.9794 - Best Val Loss: 0.9768
INFO - Epoch 780 - Train Loss: 0.9142 - Val Loss: 0.9790 - Best Val Loss: 0.9768
INFO - Epoch 790 - Train Loss: 0.9141 - Val Loss: 0.9777 - Best Val Loss: 0.9768
INFO - Epoch 800 - Train Loss: 0.9139 - Val Loss: 0.9774 - Best Val Loss: 0.9768
INFO - Epoch 810 - Train Loss: 0.9136 - Val Loss: 0.9773 - Best Val Loss: 0.9768
INFO - Epoch 820 - Train Loss: 0.9126 - Val Loss: 0.9771 - Best Val Loss: 0.9768
INFO - Epoch 830 - Train Loss: 0.9125 - Val Loss: 0.9770 - Best Val Loss: 0.9768
INFO - Epoch 840 - Train Loss: 0.9124 - Val Loss: 0.9770 - Best Val Loss: 0.9768
INFO - Epoch 850 - Train Loss: 0.9119 - Val Loss: 0.9743 - Best Val Loss: 0.9743
INFO - Epoch 860 - Train Loss: 0.9117 - Val Loss: 0.9730 - Best Val Loss: 0.9730
INFO - Epoch 870 - Train Loss: 0.9115 - Val Loss: 0.9723 - Best Val Loss: 0.9723
INFO - Epoch 880 - Train Loss: 0.9115 - Val Loss: 0.9722 - Best Val Loss: 0.9722
INFO - Epoch 890 - Train Loss: 0.9107 - Val Loss: 0.9714 - Best Val Loss: 0.9714
INFO - Epoch 900 - Train Loss: 0.9096 - Val Loss: 0.9694 - Best Val Loss: 0.9694
INFO - Epoch 910 - Train Loss: 0.9095 - Val Loss: 0.9692 - Best Val Loss: 0.9692
INFO - Epoch 920 - Train Loss: 0.9094 - Val Loss: 0.9665 - Best Val Loss: 0.9665
INFO - Epoch 930 - Train Loss: 0.9093 - Val Loss: 0.9655 - Best Val Loss: 0.9655
INFO - Epoch 940 - Train Loss: 0.9092 - Val Loss: 0.9648 - Best Val Loss: 0.9648
INFO - Epoch 950 - Train Loss: 0.9092 - Val Loss: 0.9645 - Best Val Loss: 0.9645
INFO - Epoch 960 - Train Loss: 0.9092 - Val Loss: 0.9647 - Best Val Loss: 0.9645
INFO - Epoch 970 - Train Loss: 0.9090 - Val Loss: 0.9645 - Best Val Loss: 0.9645
INFO - Epoch 980 - Train Loss: 0.9086 - Val Loss: 0.9655 - Best Val Loss: 0.9645
INFO - Epoch 990 - Train Loss: 0.9086 - Val Loss: 0.9657 - Best Val Loss: 0.9645
INFO - Epoch 1000 - Train Loss: 0.9085 - Val Loss: 0.9656 - Best Val Loss: 0.9645
INFO - Fold 1, Accuracy on training dataset: 0.8455
INFO - Fold 1, Accuracy on validation dataset: 0.7822
INFO - Fold 1, Accuracy on test dataset: 0.1822
INFO - =========================
INFO - ======= Fold 2 =======
INFO - Epoch 0 - Train Loss: 1.3457 - Val Loss: 1.3823 - Best Val Loss: 1.3823
INFO - Epoch 10 - Train Loss: 1.1925 - Val Loss: 1.1973 - Best Val Loss: 1.1973
INFO - Epoch 20 - Train Loss: 1.1482 - Val Loss: 1.1631 - Best Val Loss: 1.1631
INFO - Epoch 30 - Train Loss: 1.1370 - Val Loss: 1.1521 - Best Val Loss: 1.1521
INFO - Epoch 40 - Train Loss: 1.1370 - Val Loss: 1.1521 - Best Val Loss: 1.1521
INFO - Epoch 50 - Train Loss: 1.1239 - Val Loss: 1.1551 - Best Val Loss: 1.1521
INFO - Epoch 60 - Train Loss: 1.0991 - Val Loss: 1.1315 - Best Val Loss: 1.1315
INFO - Epoch 70 - Train Loss: 1.0585 - Val Loss: 1.0867 - Best Val Loss: 1.0867
INFO - Epoch 80 - Train Loss: 1.0319 - Val Loss: 1.0622 - Best Val Loss: 1.0622
INFO - Epoch 90 - Train Loss: 1.0066 - Val Loss: 1.0885 - Best Val Loss: 1.0622
INFO - Epoch 100 - Train Loss: 0.9851 - Val Loss: 1.0664 - Best Val Loss: 1.0622
INFO - Epoch 110 - Train Loss: 0.9688 - Val Loss: 1.0559 - Best Val Loss: 1.0559
INFO - Epoch 120 - Train Loss: 0.9625 - Val Loss: 1.0486 - Best Val Loss: 1.0486
INFO - Epoch 130 - Train Loss: 0.9477 - Val Loss: 1.0387 - Best Val Loss: 1.0387
INFO - Epoch 140 - Train Loss: 0.9427 - Val Loss: 1.0356 - Best Val Loss: 1.0356
INFO - Epoch 150 - Train Loss: 0.9395 - Val Loss: 1.0422 - Best Val Loss: 1.0356
INFO - Epoch 160 - Train Loss: 0.9314 - Val Loss: 1.0347 - Best Val Loss: 1.0347
INFO - Epoch 170 - Train Loss: 0.9285 - Val Loss: 1.0352 - Best Val Loss: 1.0347
INFO - Epoch 180 - Train Loss: 0.9241 - Val Loss: 1.0350 - Best Val Loss: 1.0347
INFO - Epoch 190 - Train Loss: 0.9183 - Val Loss: 1.0299 - Best Val Loss: 1.0299
INFO - Epoch 200 - Train Loss: 0.9161 - Val Loss: 1.0362 - Best Val Loss: 1.0299
INFO - Epoch 210 - Train Loss: 0.9152 - Val Loss: 1.0354 - Best Val Loss: 1.0299
INFO - Epoch 220 - Train Loss: 0.9126 - Val Loss: 1.0191 - Best Val Loss: 1.0191
INFO - Epoch 230 - Train Loss: 0.9111 - Val Loss: 1.0185 - Best Val Loss: 1.0185
INFO - Epoch 240 - Train Loss: 0.9092 - Val Loss: 1.0145 - Best Val Loss: 1.0145
INFO - Epoch 250 - Train Loss: 0.9070 - Val Loss: 1.0184 - Best Val Loss: 1.0145
INFO - Epoch 260 - Train Loss: 0.9065 - Val Loss: 1.0182 - Best Val Loss: 1.0145
INFO - Epoch 270 - Train Loss: 0.9056 - Val Loss: 1.0221 - Best Val Loss: 1.0145
INFO - Epoch 280 - Train Loss: 0.9038 - Val Loss: 1.0136 - Best Val Loss: 1.0136
INFO - Epoch 290 - Train Loss: 0.9004 - Val Loss: 1.0186 - Best Val Loss: 1.0136
INFO - Epoch 300 - Train Loss: 0.8988 - Val Loss: 1.0158 - Best Val Loss: 1.0136
INFO - Epoch 310 - Train Loss: 0.8981 - Val Loss: 1.0153 - Best Val Loss: 1.0136
INFO - Epoch 320 - Train Loss: 0.8967 - Val Loss: 1.0116 - Best Val Loss: 1.0116
INFO - Epoch 330 - Train Loss: 0.8953 - Val Loss: 1.0050 - Best Val Loss: 1.0050
INFO - Epoch 340 - Train Loss: 0.8924 - Val Loss: 1.0028 - Best Val Loss: 1.0028
INFO - Epoch 350 - Train Loss: 0.8889 - Val Loss: 1.0021 - Best Val Loss: 1.0021
INFO - Epoch 360 - Train Loss: 0.8874 - Val Loss: 0.9981 - Best Val Loss: 0.9981
INFO - Epoch 370 - Train Loss: 0.8868 - Val Loss: 0.9978 - Best Val Loss: 0.9978
INFO - Epoch 380 - Train Loss: 0.8858 - Val Loss: 0.9939 - Best Val Loss: 0.9939
INFO - Epoch 390 - Train Loss: 0.8848 - Val Loss: 0.9902 - Best Val Loss: 0.9902
INFO - Epoch 400 - Train Loss: 0.8842 - Val Loss: 0.9877 - Best Val Loss: 0.9877
INFO - Epoch 410 - Train Loss: 0.8834 - Val Loss: 0.9884 - Best Val Loss: 0.9877
INFO - Epoch 420 - Train Loss: 0.8826 - Val Loss: 0.9852 - Best Val Loss: 0.9852
INFO - Epoch 430 - Train Loss: 0.8824 - Val Loss: 0.9850 - Best Val Loss: 0.9850
INFO - Epoch 440 - Train Loss: 0.8823 - Val Loss: 0.9852 - Best Val Loss: 0.9850
INFO - Epoch 450 - Train Loss: 0.8816 - Val Loss: 0.9869 - Best Val Loss: 0.9850
INFO - Epoch 460 - Train Loss: 0.8807 - Val Loss: 0.9911 - Best Val Loss: 0.9850
INFO - Epoch 470 - Train Loss: 0.8801 - Val Loss: 0.9884 - Best Val Loss: 0.9850
INFO - Epoch 480 - Train Loss: 0.8794 - Val Loss: 0.9875 - Best Val Loss: 0.9850
INFO - Epoch 490 - Train Loss: 0.8755 - Val Loss: 0.9853 - Best Val Loss: 0.9850
INFO - Epoch 500 - Train Loss: 0.8748 - Val Loss: 0.9838 - Best Val Loss: 0.9838
INFO - Epoch 510 - Train Loss: 0.8744 - Val Loss: 0.9820 - Best Val Loss: 0.9820
INFO - Epoch 520 - Train Loss: 0.8740 - Val Loss: 0.9824 - Best Val Loss: 0.9820
INFO - Epoch 530 - Train Loss: 0.8739 - Val Loss: 0.9827 - Best Val Loss: 0.9820
INFO - Epoch 540 - Train Loss: 0.8736 - Val Loss: 0.9822 - Best Val Loss: 0.9820
INFO - Epoch 550 - Train Loss: 0.8733 - Val Loss: 0.9817 - Best Val Loss: 0.9817
INFO - Epoch 560 - Train Loss: 0.8730 - Val Loss: 0.9810 - Best Val Loss: 0.9810
INFO - Epoch 570 - Train Loss: 0.8724 - Val Loss: 0.9816 - Best Val Loss: 0.9810
INFO - Epoch 580 - Train Loss: 0.8723 - Val Loss: 0.9821 - Best Val Loss: 0.9810
INFO - Epoch 590 - Train Loss: 0.8722 - Val Loss: 0.9823 - Best Val Loss: 0.9810
INFO - Epoch 600 - Train Loss: 0.8720 - Val Loss: 0.9822 - Best Val Loss: 0.9810
INFO - Epoch 610 - Train Loss: 0.8718 - Val Loss: 0.9799 - Best Val Loss: 0.9799
INFO - Epoch 620 - Train Loss: 0.8716 - Val Loss: 0.9793 - Best Val Loss: 0.9793
INFO - Epoch 630 - Train Loss: 0.8715 - Val Loss: 0.9777 - Best Val Loss: 0.9777
INFO - Epoch 640 - Train Loss: 0.8713 - Val Loss: 0.9775 - Best Val Loss: 0.9775
INFO - Epoch 650 - Train Loss: 0.8713 - Val Loss: 0.9774 - Best Val Loss: 0.9774
INFO - Epoch 660 - Train Loss: 0.8705 - Val Loss: 0.9767 - Best Val Loss: 0.9767
INFO - Epoch 670 - Train Loss: 0.8702 - Val Loss: 0.9771 - Best Val Loss: 0.9767
INFO - Epoch 680 - Train Loss: 0.8692 - Val Loss: 0.9763 - Best Val Loss: 0.9763
INFO - Epoch 690 - Train Loss: 0.8671 - Val Loss: 0.9718 - Best Val Loss: 0.9718
INFO - Epoch 700 - Train Loss: 0.8665 - Val Loss: 0.9720 - Best Val Loss: 0.9718
INFO - Epoch 710 - Train Loss: 0.8662 - Val Loss: 0.9718 - Best Val Loss: 0.9718
INFO - Epoch 720 - Train Loss: 0.8660 - Val Loss: 0.9703 - Best Val Loss: 0.9703
INFO - Epoch 730 - Train Loss: 0.8656 - Val Loss: 0.9677 - Best Val Loss: 0.9677
INFO - Epoch 740 - Train Loss: 0.8650 - Val Loss: 0.9649 - Best Val Loss: 0.9649
INFO - Epoch 750 - Train Loss: 0.8648 - Val Loss: 0.9643 - Best Val Loss: 0.9643
INFO - Epoch 760 - Train Loss: 0.8646 - Val Loss: 0.9645 - Best Val Loss: 0.9643
INFO - Epoch 770 - Train Loss: 0.8634 - Val Loss: 0.9626 - Best Val Loss: 0.9626
INFO - Epoch 780 - Train Loss: 0.8631 - Val Loss: 0.9633 - Best Val Loss: 0.9626
INFO - Epoch 790 - Train Loss: 0.8628 - Val Loss: 0.9641 - Best Val Loss: 0.9626
INFO - Epoch 800 - Train Loss: 0.8627 - Val Loss: 0.9632 - Best Val Loss: 0.9626
INFO - Epoch 810 - Train Loss: 0.8626 - Val Loss: 0.9633 - Best Val Loss: 0.9626
INFO - Epoch 820 - Train Loss: 0.8624 - Val Loss: 0.9633 - Best Val Loss: 0.9626
INFO - Epoch 830 - Train Loss: 0.8623 - Val Loss: 0.9635 - Best Val Loss: 0.9626
INFO - Epoch 840 - Train Loss: 0.8620 - Val Loss: 0.9643 - Best Val Loss: 0.9626
INFO - Epoch 850 - Train Loss: 0.8618 - Val Loss: 0.9647 - Best Val Loss: 0.9626
INFO - Epoch 860 - Train Loss: 0.8616 - Val Loss: 0.9631 - Best Val Loss: 0.9626
INFO - Epoch 870 - Train Loss: 0.8614 - Val Loss: 0.9628 - Best Val Loss: 0.9626
INFO - Epoch 880 - Train Loss: 0.8613 - Val Loss: 0.9629 - Best Val Loss: 0.9626
INFO - Epoch 890 - Train Loss: 0.8609 - Val Loss: 0.9615 - Best Val Loss: 0.9615
INFO - Epoch 900 - Train Loss: 0.8608 - Val Loss: 0.9621 - Best Val Loss: 0.9615
INFO - Epoch 910 - Train Loss: 0.8607 - Val Loss: 0.9626 - Best Val Loss: 0.9615
INFO - Epoch 920 - Train Loss: 0.8607 - Val Loss: 0.9626 - Best Val Loss: 0.9615
INFO - Epoch 930 - Train Loss: 0.8606 - Val Loss: 0.9627 - Best Val Loss: 0.9615
INFO - Epoch 940 - Train Loss: 0.8605 - Val Loss: 0.9621 - Best Val Loss: 0.9615
INFO - Epoch 950 - Train Loss: 0.8603 - Val Loss: 0.9596 - Best Val Loss: 0.9596
INFO - Epoch 960 - Train Loss: 0.8602 - Val Loss: 0.9587 - Best Val Loss: 0.9587
INFO - Epoch 970 - Train Loss: 0.8598 - Val Loss: 0.9566 - Best Val Loss: 0.9566
INFO - Epoch 980 - Train Loss: 0.8596 - Val Loss: 0.9556 - Best Val Loss: 0.9556
INFO - Epoch 990 - Train Loss: 0.8594 - Val Loss: 0.9544 - Best Val Loss: 0.9544
INFO - Epoch 1000 - Train Loss: 0.8591 - Val Loss: 0.9533 - Best Val Loss: 0.9533
INFO - Fold 2, Accuracy on training dataset: 0.8915
INFO - Fold 2, Accuracy on validation dataset: 0.7867
INFO - Fold 2, Accuracy on test dataset: 0.1822
INFO - =========================
INFO - ======= Fold 3 =======
INFO - Epoch 0 - Train Loss: 1.2927 - Val Loss: 1.3166 - Best Val Loss: 1.3166
INFO - Epoch 10 - Train Loss: 1.2448 - Val Loss: 1.2848 - Best Val Loss: 1.2848
INFO - Epoch 20 - Train Loss: 1.2024 - Val Loss: 1.2252 - Best Val Loss: 1.2252
INFO - Epoch 30 - Train Loss: 1.1922 - Val Loss: 1.2204 - Best Val Loss: 1.2204
INFO - Epoch 40 - Train Loss: 1.1489 - Val Loss: 1.1912 - Best Val Loss: 1.1912
INFO - Epoch 50 - Train Loss: 1.1233 - Val Loss: 1.1379 - Best Val Loss: 1.1379
INFO - Epoch 60 - Train Loss: 1.1033 - Val Loss: 1.0939 - Best Val Loss: 1.0939
INFO - Epoch 70 - Train Loss: 1.0728 - Val Loss: 1.0661 - Best Val Loss: 1.0661
INFO - Epoch 80 - Train Loss: 1.0371 - Val Loss: 1.0226 - Best Val Loss: 1.0226
INFO - Epoch 90 - Train Loss: 1.0155 - Val Loss: 1.0419 - Best Val Loss: 1.0226
INFO - Epoch 100 - Train Loss: 0.9977 - Val Loss: 1.0281 - Best Val Loss: 1.0226
INFO - Epoch 110 - Train Loss: 0.9872 - Val Loss: 1.0170 - Best Val Loss: 1.0170
INFO - Epoch 120 - Train Loss: 0.9731 - Val Loss: 1.0200 - Best Val Loss: 1.0170
INFO - Epoch 130 - Train Loss: 0.9595 - Val Loss: 1.0136 - Best Val Loss: 1.0136
INFO - Epoch 140 - Train Loss: 0.9535 - Val Loss: 1.0048 - Best Val Loss: 1.0048
INFO - Epoch 150 - Train Loss: 0.9473 - Val Loss: 1.0001 - Best Val Loss: 1.0001
INFO - Epoch 160 - Train Loss: 0.9417 - Val Loss: 0.9992 - Best Val Loss: 0.9992
INFO - Epoch 170 - Train Loss: 0.9371 - Val Loss: 0.9915 - Best Val Loss: 0.9915
INFO - Epoch 180 - Train Loss: 0.9318 - Val Loss: 0.9940 - Best Val Loss: 0.9915
INFO - Epoch 190 - Train Loss: 0.9263 - Val Loss: 0.9844 - Best Val Loss: 0.9844
INFO - Epoch 200 - Train Loss: 0.9222 - Val Loss: 0.9811 - Best Val Loss: 0.9811
INFO - Epoch 210 - Train Loss: 0.9177 - Val Loss: 0.9753 - Best Val Loss: 0.9753
INFO - Epoch 220 - Train Loss: 0.9163 - Val Loss: 0.9745 - Best Val Loss: 0.9745
INFO - Epoch 230 - Train Loss: 0.9150 - Val Loss: 0.9711 - Best Val Loss: 0.9711
INFO - Epoch 240 - Train Loss: 0.9143 - Val Loss: 0.9691 - Best Val Loss: 0.9691
INFO - Epoch 250 - Train Loss: 0.9137 - Val Loss: 0.9698 - Best Val Loss: 0.9691
INFO - Epoch 260 - Train Loss: 0.9129 - Val Loss: 0.9745 - Best Val Loss: 0.9691
INFO - Epoch 270 - Train Loss: 0.9118 - Val Loss: 0.9702 - Best Val Loss: 0.9691
INFO - Epoch 280 - Train Loss: 0.9107 - Val Loss: 0.9713 - Best Val Loss: 0.9691
INFO - Epoch 290 - Train Loss: 0.9085 - Val Loss: 0.9691 - Best Val Loss: 0.9691
INFO - Epoch 300 - Train Loss: 0.9076 - Val Loss: 0.9677 - Best Val Loss: 0.9677
INFO - Epoch 310 - Train Loss: 0.9068 - Val Loss: 0.9687 - Best Val Loss: 0.9677
INFO - Epoch 320 - Train Loss: 0.9052 - Val Loss: 0.9702 - Best Val Loss: 0.9677
INFO - Epoch 330 - Train Loss: 0.9044 - Val Loss: 0.9683 - Best Val Loss: 0.9677
INFO - Epoch 340 - Train Loss: 0.9033 - Val Loss: 0.9683 - Best Val Loss: 0.9677
INFO - Epoch 350 - Train Loss: 0.9027 - Val Loss: 0.9714 - Best Val Loss: 0.9677
INFO - Epoch 360 - Train Loss: 0.9022 - Val Loss: 0.9717 - Best Val Loss: 0.9677
INFO - Epoch 370 - Train Loss: 0.9020 - Val Loss: 0.9713 - Best Val Loss: 0.9677
INFO - Epoch 380 - Train Loss: 0.9011 - Val Loss: 0.9697 - Best Val Loss: 0.9677
INFO - Epoch 390 - Train Loss: 0.9007 - Val Loss: 0.9709 - Best Val Loss: 0.9677
INFO - Epoch 400 - Train Loss: 0.9000 - Val Loss: 0.9698 - Best Val Loss: 0.9677
INFO - Epoch 410 - Train Loss: 0.8997 - Val Loss: 0.9717 - Best Val Loss: 0.9677
INFO - Epoch 420 - Train Loss: 0.8985 - Val Loss: 0.9696 - Best Val Loss: 0.9677
INFO - Epoch 430 - Train Loss: 0.8984 - Val Loss: 0.9694 - Best Val Loss: 0.9677
INFO - Epoch 440 - Train Loss: 0.8982 - Val Loss: 0.9692 - Best Val Loss: 0.9677
INFO - Epoch 450 - Train Loss: 0.8978 - Val Loss: 0.9683 - Best Val Loss: 0.9677
INFO - Epoch 460 - Train Loss: 0.8975 - Val Loss: 0.9698 - Best Val Loss: 0.9677
INFO - Epoch 470 - Train Loss: 0.8971 - Val Loss: 0.9702 - Best Val Loss: 0.9677
INFO - Epoch 480 - Train Loss: 0.8970 - Val Loss: 0.9699 - Best Val Loss: 0.9677
INFO - Epoch 490 - Train Loss: 0.8968 - Val Loss: 0.9696 - Best Val Loss: 0.9677
INFO - Epoch 500 - Train Loss: 0.8964 - Val Loss: 0.9677 - Best Val Loss: 0.9677
INFO - Epoch 510 - Train Loss: 0.8963 - Val Loss: 0.9677 - Best Val Loss: 0.9677
INFO - Epoch 520 - Train Loss: 0.8963 - Val Loss: 0.9679 - Best Val Loss: 0.9677
INFO - Epoch 530 - Train Loss: 0.8960 - Val Loss: 0.9675 - Best Val Loss: 0.9675
INFO - Epoch 540 - Train Loss: 0.8958 - Val Loss: 0.9673 - Best Val Loss: 0.9673
INFO - Epoch 550 - Train Loss: 0.8958 - Val Loss: 0.9671 - Best Val Loss: 0.9671
INFO - Epoch 560 - Train Loss: 0.8957 - Val Loss: 0.9666 - Best Val Loss: 0.9666
INFO - Epoch 570 - Train Loss: 0.8956 - Val Loss: 0.9668 - Best Val Loss: 0.9666
INFO - Epoch 580 - Train Loss: 0.8951 - Val Loss: 0.9664 - Best Val Loss: 0.9664
INFO - Epoch 590 - Train Loss: 0.8950 - Val Loss: 0.9660 - Best Val Loss: 0.9660
INFO - Epoch 600 - Train Loss: 0.8949 - Val Loss: 0.9659 - Best Val Loss: 0.9659
INFO - Epoch 610 - Train Loss: 0.8946 - Val Loss: 0.9658 - Best Val Loss: 0.9658
INFO - Epoch 620 - Train Loss: 0.8942 - Val Loss: 0.9663 - Best Val Loss: 0.9658
INFO - Epoch 630 - Train Loss: 0.8941 - Val Loss: 0.9662 - Best Val Loss: 0.9658
INFO - Epoch 640 - Train Loss: 0.8939 - Val Loss: 0.9667 - Best Val Loss: 0.9658
INFO - Epoch 650 - Train Loss: 0.8934 - Val Loss: 0.9649 - Best Val Loss: 0.9649
INFO - Epoch 660 - Train Loss: 0.8929 - Val Loss: 0.9617 - Best Val Loss: 0.9617
INFO - Epoch 670 - Train Loss: 0.8923 - Val Loss: 0.9587 - Best Val Loss: 0.9587
INFO - Epoch 680 - Train Loss: 0.8922 - Val Loss: 0.9578 - Best Val Loss: 0.9578
INFO - Epoch 690 - Train Loss: 0.8921 - Val Loss: 0.9580 - Best Val Loss: 0.9578
INFO - Epoch 700 - Train Loss: 0.8917 - Val Loss: 0.9582 - Best Val Loss: 0.9578
INFO - Epoch 710 - Train Loss: 0.8905 - Val Loss: 0.9581 - Best Val Loss: 0.9578
INFO - Epoch 720 - Train Loss: 0.8901 - Val Loss: 0.9542 - Best Val Loss: 0.9542
INFO - Epoch 730 - Train Loss: 0.8899 - Val Loss: 0.9565 - Best Val Loss: 0.9542
INFO - Epoch 740 - Train Loss: 0.8899 - Val Loss: 0.9576 - Best Val Loss: 0.9542
INFO - Epoch 750 - Train Loss: 0.8897 - Val Loss: 0.9560 - Best Val Loss: 0.9542
INFO - Epoch 760 - Train Loss: 0.8895 - Val Loss: 0.9556 - Best Val Loss: 0.9542
INFO - Epoch 770 - Train Loss: 0.8895 - Val Loss: 0.9558 - Best Val Loss: 0.9542
INFO - Epoch 780 - Train Loss: 0.8894 - Val Loss: 0.9530 - Best Val Loss: 0.9530
INFO - Epoch 790 - Train Loss: 0.8893 - Val Loss: 0.9529 - Best Val Loss: 0.9529
INFO - Epoch 800 - Train Loss: 0.8893 - Val Loss: 0.9529 - Best Val Loss: 0.9529
INFO - Epoch 810 - Train Loss: 0.8889 - Val Loss: 0.9524 - Best Val Loss: 0.9524
INFO - Epoch 820 - Train Loss: 0.8888 - Val Loss: 0.9516 - Best Val Loss: 0.9516
INFO - Epoch 830 - Train Loss: 0.8888 - Val Loss: 0.9516 - Best Val Loss: 0.9516
INFO - Epoch 840 - Train Loss: 0.8887 - Val Loss: 0.9517 - Best Val Loss: 0.9516
INFO - Epoch 850 - Train Loss: 0.8886 - Val Loss: 0.9519 - Best Val Loss: 0.9516
INFO - Epoch 860 - Train Loss: 0.8885 - Val Loss: 0.9511 - Best Val Loss: 0.9511
INFO - Epoch 870 - Train Loss: 0.8883 - Val Loss: 0.9510 - Best Val Loss: 0.9510
INFO - Epoch 880 - Train Loss: 0.8882 - Val Loss: 0.9492 - Best Val Loss: 0.9492
INFO - Epoch 890 - Train Loss: 0.8881 - Val Loss: 0.9500 - Best Val Loss: 0.9492
INFO - Epoch 900 - Train Loss: 0.8880 - Val Loss: 0.9500 - Best Val Loss: 0.9492
INFO - Epoch 910 - Train Loss: 0.8878 - Val Loss: 0.9506 - Best Val Loss: 0.9492
INFO - Epoch 920 - Train Loss: 0.8876 - Val Loss: 0.9511 - Best Val Loss: 0.9492
INFO - Epoch 930 - Train Loss: 0.8873 - Val Loss: 0.9509 - Best Val Loss: 0.9492
INFO - Epoch 940 - Train Loss: 0.8873 - Val Loss: 0.9512 - Best Val Loss: 0.9492
INFO - Epoch 950 - Train Loss: 0.8872 - Val Loss: 0.9506 - Best Val Loss: 0.9492
INFO - Epoch 960 - Train Loss: 0.8871 - Val Loss: 0.9506 - Best Val Loss: 0.9492
INFO - Epoch 970 - Train Loss: 0.8871 - Val Loss: 0.9502 - Best Val Loss: 0.9492
INFO - Epoch 980 - Train Loss: 0.8869 - Val Loss: 0.9499 - Best Val Loss: 0.9492
INFO - Epoch 990 - Train Loss: 0.8868 - Val Loss: 0.9498 - Best Val Loss: 0.9492
INFO - Epoch 1000 - Train Loss: 0.8865 - Val Loss: 0.9491 - Best Val Loss: 0.9491
INFO - Fold 3, Accuracy on training dataset: 0.8620
INFO - Fold 3, Accuracy on validation dataset: 0.8036
INFO - Fold 3, Accuracy on test dataset: 0.1822
INFO - =========================
INFO - ======= Fold 4 =======
INFO - Epoch 0 - Train Loss: 1.2996 - Val Loss: 1.3147 - Best Val Loss: 1.3147
INFO - Epoch 10 - Train Loss: 1.2401 - Val Loss: 1.2537 - Best Val Loss: 1.2537
INFO - Epoch 20 - Train Loss: 1.1766 - Val Loss: 1.1803 - Best Val Loss: 1.1803
INFO - Epoch 30 - Train Loss: 1.1674 - Val Loss: 1.1688 - Best Val Loss: 1.1688
INFO - Epoch 40 - Train Loss: 1.1595 - Val Loss: 1.1660 - Best Val Loss: 1.1660
INFO - Epoch 50 - Train Loss: 1.1161 - Val Loss: 1.1523 - Best Val Loss: 1.1523
INFO - Epoch 60 - Train Loss: 1.0690 - Val Loss: 1.1105 - Best Val Loss: 1.1105
INFO - Epoch 70 - Train Loss: 1.0540 - Val Loss: 1.0918 - Best Val Loss: 1.0918
INFO - Epoch 80 - Train Loss: 1.0389 - Val Loss: 1.0630 - Best Val Loss: 1.0630
INFO - Epoch 90 - Train Loss: 1.0178 - Val Loss: 1.0545 - Best Val Loss: 1.0545
INFO - Epoch 100 - Train Loss: 0.9955 - Val Loss: 1.0387 - Best Val Loss: 1.0387
INFO - Epoch 110 - Train Loss: 0.9851 - Val Loss: 1.0102 - Best Val Loss: 1.0102
INFO - Epoch 120 - Train Loss: 0.9730 - Val Loss: 1.0115 - Best Val Loss: 1.0102
INFO - Epoch 130 - Train Loss: 0.9632 - Val Loss: 1.0112 - Best Val Loss: 1.0102
INFO - Epoch 140 - Train Loss: 0.9583 - Val Loss: 1.0095 - Best Val Loss: 1.0095
INFO - Epoch 150 - Train Loss: 0.9528 - Val Loss: 1.0149 - Best Val Loss: 1.0095
INFO - Epoch 160 - Train Loss: 0.9485 - Val Loss: 1.0085 - Best Val Loss: 1.0085
INFO - Epoch 170 - Train Loss: 0.9457 - Val Loss: 1.0045 - Best Val Loss: 1.0045
INFO - Epoch 180 - Train Loss: 0.9450 - Val Loss: 1.0053 - Best Val Loss: 1.0045
INFO - Epoch 190 - Train Loss: 0.9409 - Val Loss: 1.0030 - Best Val Loss: 1.0030
INFO - Epoch 200 - Train Loss: 0.9291 - Val Loss: 0.9911 - Best Val Loss: 0.9911
INFO - Epoch 210 - Train Loss: 0.9269 - Val Loss: 0.9932 - Best Val Loss: 0.9911
INFO - Epoch 220 - Train Loss: 0.9238 - Val Loss: 0.9931 - Best Val Loss: 0.9911
INFO - Epoch 230 - Train Loss: 0.9218 - Val Loss: 0.9913 - Best Val Loss: 0.9911
INFO - Epoch 240 - Train Loss: 0.9202 - Val Loss: 0.9927 - Best Val Loss: 0.9911
INFO - Epoch 250 - Train Loss: 0.9185 - Val Loss: 0.9935 - Best Val Loss: 0.9911
INFO - Epoch 260 - Train Loss: 0.9178 - Val Loss: 0.9915 - Best Val Loss: 0.9911
INFO - Epoch 270 - Train Loss: 0.9172 - Val Loss: 0.9877 - Best Val Loss: 0.9877
INFO - Epoch 280 - Train Loss: 0.9157 - Val Loss: 0.9853 - Best Val Loss: 0.9853
INFO - Epoch 290 - Train Loss: 0.9144 - Val Loss: 0.9852 - Best Val Loss: 0.9852
INFO - Epoch 300 - Train Loss: 0.9140 - Val Loss: 0.9872 - Best Val Loss: 0.9852
INFO - Epoch 310 - Train Loss: 0.9136 - Val Loss: 0.9825 - Best Val Loss: 0.9825
INFO - Epoch 320 - Train Loss: 0.9130 - Val Loss: 0.9778 - Best Val Loss: 0.9778
INFO - Epoch 330 - Train Loss: 0.9124 - Val Loss: 0.9791 - Best Val Loss: 0.9778
INFO - Epoch 340 - Train Loss: 0.9119 - Val Loss: 0.9765 - Best Val Loss: 0.9765
INFO - Epoch 350 - Train Loss: 0.9116 - Val Loss: 0.9753 - Best Val Loss: 0.9753
INFO - Epoch 360 - Train Loss: 0.9110 - Val Loss: 0.9757 - Best Val Loss: 0.9753
INFO - Epoch 370 - Train Loss: 0.9104 - Val Loss: 0.9737 - Best Val Loss: 0.9737
INFO - Epoch 380 - Train Loss: 0.9100 - Val Loss: 0.9716 - Best Val Loss: 0.9716
INFO - Epoch 390 - Train Loss: 0.9095 - Val Loss: 0.9701 - Best Val Loss: 0.9701
INFO - Epoch 400 - Train Loss: 0.9091 - Val Loss: 0.9686 - Best Val Loss: 0.9686
INFO - Epoch 410 - Train Loss: 0.9084 - Val Loss: 0.9693 - Best Val Loss: 0.9686
INFO - Epoch 420 - Train Loss: 0.9078 - Val Loss: 0.9678 - Best Val Loss: 0.9678
INFO - Epoch 430 - Train Loss: 0.9075 - Val Loss: 0.9685 - Best Val Loss: 0.9678
INFO - Epoch 440 - Train Loss: 0.9073 - Val Loss: 0.9683 - Best Val Loss: 0.9678
INFO - Epoch 450 - Train Loss: 0.9070 - Val Loss: 0.9674 - Best Val Loss: 0.9674
INFO - Epoch 460 - Train Loss: 0.9047 - Val Loss: 0.9640 - Best Val Loss: 0.9640
INFO - Epoch 470 - Train Loss: 0.9043 - Val Loss: 0.9637 - Best Val Loss: 0.9637
INFO - Epoch 480 - Train Loss: 0.9039 - Val Loss: 0.9604 - Best Val Loss: 0.9604
INFO - Epoch 490 - Train Loss: 0.9034 - Val Loss: 0.9609 - Best Val Loss: 0.9604
INFO - Epoch 500 - Train Loss: 0.9031 - Val Loss: 0.9612 - Best Val Loss: 0.9604
INFO - Epoch 510 - Train Loss: 0.9028 - Val Loss: 0.9611 - Best Val Loss: 0.9604
INFO - Epoch 520 - Train Loss: 0.9025 - Val Loss: 0.9612 - Best Val Loss: 0.9604
INFO - Epoch 530 - Train Loss: 0.9021 - Val Loss: 0.9611 - Best Val Loss: 0.9604
INFO - Epoch 540 - Train Loss: 0.9018 - Val Loss: 0.9614 - Best Val Loss: 0.9604
INFO - Epoch 550 - Train Loss: 0.9013 - Val Loss: 0.9608 - Best Val Loss: 0.9604
INFO - Epoch 560 - Train Loss: 0.9011 - Val Loss: 0.9606 - Best Val Loss: 0.9604
INFO - Epoch 570 - Train Loss: 0.9009 - Val Loss: 0.9613 - Best Val Loss: 0.9604
INFO - Epoch 580 - Train Loss: 0.9006 - Val Loss: 0.9624 - Best Val Loss: 0.9604
INFO - Epoch 590 - Train Loss: 0.9002 - Val Loss: 0.9623 - Best Val Loss: 0.9604
INFO - Epoch 600 - Train Loss: 0.8995 - Val Loss: 0.9629 - Best Val Loss: 0.9604
INFO - Epoch 610 - Train Loss: 0.8991 - Val Loss: 0.9677 - Best Val Loss: 0.9604
INFO - Epoch 620 - Train Loss: 0.8990 - Val Loss: 0.9649 - Best Val Loss: 0.9604
INFO - Epoch 630 - Train Loss: 0.8988 - Val Loss: 0.9648 - Best Val Loss: 0.9604
INFO - Epoch 640 - Train Loss: 0.8987 - Val Loss: 0.9645 - Best Val Loss: 0.9604
INFO - Epoch 650 - Train Loss: 0.8986 - Val Loss: 0.9641 - Best Val Loss: 0.9604
INFO - Epoch 660 - Train Loss: 0.8985 - Val Loss: 0.9646 - Best Val Loss: 0.9604
INFO - Epoch 670 - Train Loss: 0.8976 - Val Loss: 0.9627 - Best Val Loss: 0.9604
INFO - Epoch 680 - Train Loss: 0.8973 - Val Loss: 0.9642 - Best Val Loss: 0.9604
INFO - Epoch 690 - Train Loss: 0.8969 - Val Loss: 0.9634 - Best Val Loss: 0.9604
INFO - Epoch 700 - Train Loss: 0.8966 - Val Loss: 0.9634 - Best Val Loss: 0.9604
INFO - Epoch 710 - Train Loss: 0.8960 - Val Loss: 0.9638 - Best Val Loss: 0.9604
INFO - Epoch 720 - Train Loss: 0.8954 - Val Loss: 0.9615 - Best Val Loss: 0.9604
INFO - Epoch 730 - Train Loss: 0.8950 - Val Loss: 0.9593 - Best Val Loss: 0.9593
INFO - Epoch 740 - Train Loss: 0.8948 - Val Loss: 0.9586 - Best Val Loss: 0.9586
INFO - Epoch 750 - Train Loss: 0.8946 - Val Loss: 0.9584 - Best Val Loss: 0.9584
INFO - Epoch 760 - Train Loss: 0.8943 - Val Loss: 0.9571 - Best Val Loss: 0.9571
INFO - Epoch 770 - Train Loss: 0.8942 - Val Loss: 0.9573 - Best Val Loss: 0.9571
INFO - Epoch 780 - Train Loss: 0.8938 - Val Loss: 0.9552 - Best Val Loss: 0.9552
INFO - Epoch 790 - Train Loss: 0.8936 - Val Loss: 0.9553 - Best Val Loss: 0.9552
INFO - Epoch 800 - Train Loss: 0.8934 - Val Loss: 0.9561 - Best Val Loss: 0.9552
INFO - Epoch 810 - Train Loss: 0.8929 - Val Loss: 0.9552 - Best Val Loss: 0.9552
INFO - Epoch 820 - Train Loss: 0.8925 - Val Loss: 0.9535 - Best Val Loss: 0.9535
INFO - Epoch 830 - Train Loss: 0.8924 - Val Loss: 0.9530 - Best Val Loss: 0.9530
INFO - Epoch 840 - Train Loss: 0.8922 - Val Loss: 0.9530 - Best Val Loss: 0.9530
INFO - Epoch 850 - Train Loss: 0.8920 - Val Loss: 0.9518 - Best Val Loss: 0.9518
INFO - Epoch 860 - Train Loss: 0.8918 - Val Loss: 0.9513 - Best Val Loss: 0.9513
INFO - Epoch 870 - Train Loss: 0.8918 - Val Loss: 0.9513 - Best Val Loss: 0.9513
INFO - Epoch 880 - Train Loss: 0.8917 - Val Loss: 0.9510 - Best Val Loss: 0.9510
INFO - Epoch 890 - Train Loss: 0.8916 - Val Loss: 0.9511 - Best Val Loss: 0.9510
INFO - Epoch 900 - Train Loss: 0.8915 - Val Loss: 0.9511 - Best Val Loss: 0.9510
INFO - Epoch 910 - Train Loss: 0.8908 - Val Loss: 0.9469 - Best Val Loss: 0.9469
INFO - Epoch 920 - Train Loss: 0.8906 - Val Loss: 0.9466 - Best Val Loss: 0.9466
INFO - Epoch 930 - Train Loss: 0.8906 - Val Loss: 0.9468 - Best Val Loss: 0.9466
INFO - Epoch 940 - Train Loss: 0.8905 - Val Loss: 0.9468 - Best Val Loss: 0.9466
INFO - Epoch 950 - Train Loss: 0.8900 - Val Loss: 0.9492 - Best Val Loss: 0.9466
INFO - Epoch 960 - Train Loss: 0.8900 - Val Loss: 0.9504 - Best Val Loss: 0.9466
INFO - Epoch 970 - Train Loss: 0.8898 - Val Loss: 0.9512 - Best Val Loss: 0.9466
INFO - Epoch 980 - Train Loss: 0.8887 - Val Loss: 0.9537 - Best Val Loss: 0.9466
INFO - Epoch 990 - Train Loss: 0.8887 - Val Loss: 0.9536 - Best Val Loss: 0.9466
INFO - Epoch 1000 - Train Loss: 0.8886 - Val Loss: 0.9532 - Best Val Loss: 0.9466
INFO - Fold 4, Accuracy on training dataset: 0.8709
INFO - Fold 4, Accuracy on validation dataset: 0.7902
INFO - Fold 4, Accuracy on test dataset: 0.1911
INFO - =========================
INFO - Train plotting shape: (4, 101)
INFO - Val plotting shape: (4, 101)
INFO - Best model saved at: ./models/QPSOo/mcw_QPSOo_7_best_model.pth
INFO - 
============= BEST MODEL METRICS =============
INFO - 
Best Model Metrics on Training Set:
INFO - 
Métricas para mcw_best_train:
INFO - Accuracy: 0.8508
INFO - Precision (macro): 0.8434
INFO - Precision (weighted): 0.8552
INFO - Recall (macro): 0.8415
INFO - Recall (weighted): 0.8508
INFO - F1 (macro): 0.8388
INFO - F1 (weighted): 0.8495
INFO - Confusion Matrix:
INFO - 
[[165  19  39   6]
 [ 19 132  14   7]
 [  6   6 190   1]
 [  6   4   7 277]]
INFO - 
Best Model Metrics on Test Set:
INFO - 
Métricas para mcw_best_test:
INFO - Accuracy: 0.1911
INFO - Precision (macro): 0.1671
INFO - Precision (weighted): 0.1828
INFO - Recall (macro): 0.1702
INFO - Recall (weighted): 0.1911
INFO - F1 (macro): 0.1640
INFO - F1 (weighted): 0.1825
INFO - Confusion Matrix:
INFO - 
[[20  2 11 38]
 [12  2  2 26]
 [24  6  4 15]
 [11 11 24 17]]
INFO - 
ROC-AUC Scores for Best Model:
INFO - Class 0: 0.4163
INFO - Class 1: 0.3240
INFO - Class 2: 0.4984
INFO - Class 3: 0.3954
INFO - Micro-average: 0.4361
INFO - Macro-average: 0.4119
INFO - =============================================
INFO - =============================================
INFO - Model Setup:
INFO - optimizer: QPSOo
INFO - dataset: mcw
INFO - input_dim: 7
INFO - output_dim: 4
INFO - n_samples: 898
INFO - hidden_layers: [21, 14, 7]
INFO - features_reduction: 7
INFO - n_particles: 20
INFO - g: 1.13
INFO - interval_parms_updated: 10
INFO - n_folds: 4
INFO - n_epochs: 1000
INFO - interval_update: 1
INFO - Total Parameters: 613
INFO - =============================================
INFO - Mean time per epoch and folder: 12.5520 - std:0.0969 seconds
INFO - Mean accuracy on training dataset: 0.8675 - std: 0.0166
INFO - Mean accuracy on validation dataset: 0.7907 - std: 0.0080
INFO - Mean accuracy on test dataset: 0.1844 - std: 0.0038
INFO - =============================================
