INFO - ======= Fold 1 =======
INFO - Epoch 1, Train Loss: 0.6771 - Val Loss: 0.6624 - Best Val Loss: 0.6624
INFO - Epoch 2, Train Loss: 0.6605 - Val Loss: 0.6468 - Best Val Loss: 0.6468
INFO - Epoch 3, Train Loss: 0.6439 - Val Loss: 0.6310 - Best Val Loss: 0.6310
INFO - Epoch 4, Train Loss: 0.6272 - Val Loss: 0.6151 - Best Val Loss: 0.6151
INFO - Epoch 5, Train Loss: 0.6104 - Val Loss: 0.5990 - Best Val Loss: 0.5990
INFO - Epoch 6, Train Loss: 0.5935 - Val Loss: 0.5828 - Best Val Loss: 0.5828
INFO - Epoch 7, Train Loss: 0.5766 - Val Loss: 0.5667 - Best Val Loss: 0.5667
INFO - Epoch 8, Train Loss: 0.5598 - Val Loss: 0.5508 - Best Val Loss: 0.5508
INFO - Epoch 9, Train Loss: 0.5432 - Val Loss: 0.5352 - Best Val Loss: 0.5352
INFO - Epoch 10, Train Loss: 0.5271 - Val Loss: 0.5203 - Best Val Loss: 0.5203
INFO - Epoch 11, Train Loss: 0.5115 - Val Loss: 0.5060 - Best Val Loss: 0.5060
INFO - Epoch 12, Train Loss: 0.4966 - Val Loss: 0.4925 - Best Val Loss: 0.4925
INFO - Epoch 13, Train Loss: 0.4826 - Val Loss: 0.4800 - Best Val Loss: 0.4800
INFO - Epoch 14, Train Loss: 0.4694 - Val Loss: 0.4684 - Best Val Loss: 0.4684
INFO - Epoch 15, Train Loss: 0.4572 - Val Loss: 0.4579 - Best Val Loss: 0.4579
INFO - Epoch 16, Train Loss: 0.4460 - Val Loss: 0.4483 - Best Val Loss: 0.4483
INFO - Epoch 17, Train Loss: 0.4357 - Val Loss: 0.4397 - Best Val Loss: 0.4397
INFO - Epoch 18, Train Loss: 0.4263 - Val Loss: 0.4321 - Best Val Loss: 0.4321
INFO - Epoch 19, Train Loss: 0.4178 - Val Loss: 0.4253 - Best Val Loss: 0.4253
INFO - Epoch 20, Train Loss: 0.4101 - Val Loss: 0.4192 - Best Val Loss: 0.4192
INFO - Epoch 21, Train Loss: 0.4031 - Val Loss: 0.4138 - Best Val Loss: 0.4138
INFO - Epoch 22, Train Loss: 0.3967 - Val Loss: 0.4089 - Best Val Loss: 0.4089
INFO - Epoch 23, Train Loss: 0.3909 - Val Loss: 0.4046 - Best Val Loss: 0.4046
INFO - Epoch 24, Train Loss: 0.3856 - Val Loss: 0.4006 - Best Val Loss: 0.4006
INFO - Epoch 25, Train Loss: 0.3808 - Val Loss: 0.3971 - Best Val Loss: 0.3971
INFO - Epoch 26, Train Loss: 0.3763 - Val Loss: 0.3938 - Best Val Loss: 0.3938
INFO - Epoch 27, Train Loss: 0.3722 - Val Loss: 0.3907 - Best Val Loss: 0.3907
INFO - Epoch 28, Train Loss: 0.3685 - Val Loss: 0.3879 - Best Val Loss: 0.3879
INFO - Epoch 29, Train Loss: 0.3650 - Val Loss: 0.3852 - Best Val Loss: 0.3852
INFO - Epoch 30, Train Loss: 0.3618 - Val Loss: 0.3827 - Best Val Loss: 0.3827
INFO - Epoch 31, Train Loss: 0.3589 - Val Loss: 0.3804 - Best Val Loss: 0.3804
INFO - Epoch 32, Train Loss: 0.3563 - Val Loss: 0.3781 - Best Val Loss: 0.3781
INFO - Epoch 33, Train Loss: 0.3539 - Val Loss: 0.3760 - Best Val Loss: 0.3760
INFO - Epoch 34, Train Loss: 0.3517 - Val Loss: 0.3741 - Best Val Loss: 0.3741
INFO - Epoch 35, Train Loss: 0.3497 - Val Loss: 0.3723 - Best Val Loss: 0.3723
INFO - Epoch 36, Train Loss: 0.3479 - Val Loss: 0.3706 - Best Val Loss: 0.3706
INFO - Epoch 37, Train Loss: 0.3463 - Val Loss: 0.3692 - Best Val Loss: 0.3692
INFO - Epoch 38, Train Loss: 0.3448 - Val Loss: 0.3678 - Best Val Loss: 0.3678
INFO - Epoch 39, Train Loss: 0.3435 - Val Loss: 0.3667 - Best Val Loss: 0.3667
INFO - Epoch 40, Train Loss: 0.3423 - Val Loss: 0.3656 - Best Val Loss: 0.3656
INFO - Epoch 41, Train Loss: 0.3412 - Val Loss: 0.3647 - Best Val Loss: 0.3647
INFO - Epoch 42, Train Loss: 0.3402 - Val Loss: 0.3639 - Best Val Loss: 0.3639
INFO - Epoch 43, Train Loss: 0.3394 - Val Loss: 0.3632 - Best Val Loss: 0.3632
INFO - Epoch 44, Train Loss: 0.3385 - Val Loss: 0.3626 - Best Val Loss: 0.3626
INFO - Epoch 45, Train Loss: 0.3378 - Val Loss: 0.3620 - Best Val Loss: 0.3620
INFO - Epoch 46, Train Loss: 0.3371 - Val Loss: 0.3615 - Best Val Loss: 0.3615
INFO - Epoch 47, Train Loss: 0.3365 - Val Loss: 0.3610 - Best Val Loss: 0.3610
INFO - Epoch 48, Train Loss: 0.3359 - Val Loss: 0.3606 - Best Val Loss: 0.3606
INFO - Epoch 49, Train Loss: 0.3353 - Val Loss: 0.3601 - Best Val Loss: 0.3601
INFO - Epoch 50, Train Loss: 0.3348 - Val Loss: 0.3597 - Best Val Loss: 0.3597
INFO - Epoch 51, Train Loss: 0.3343 - Val Loss: 0.3593 - Best Val Loss: 0.3593
INFO - Epoch 52, Train Loss: 0.3338 - Val Loss: 0.3589 - Best Val Loss: 0.3589
INFO - Epoch 53, Train Loss: 0.3333 - Val Loss: 0.3585 - Best Val Loss: 0.3585
INFO - Epoch 54, Train Loss: 0.3328 - Val Loss: 0.3582 - Best Val Loss: 0.3582
INFO - Epoch 55, Train Loss: 0.3324 - Val Loss: 0.3578 - Best Val Loss: 0.3578
INFO - Epoch 56, Train Loss: 0.3319 - Val Loss: 0.3574 - Best Val Loss: 0.3574
INFO - Epoch 57, Train Loss: 0.3315 - Val Loss: 0.3571 - Best Val Loss: 0.3571
INFO - Epoch 58, Train Loss: 0.3311 - Val Loss: 0.3567 - Best Val Loss: 0.3567
INFO - Epoch 59, Train Loss: 0.3307 - Val Loss: 0.3564 - Best Val Loss: 0.3564
INFO - Epoch 60, Train Loss: 0.3303 - Val Loss: 0.3560 - Best Val Loss: 0.3560
INFO - Epoch 61, Train Loss: 0.3299 - Val Loss: 0.3557 - Best Val Loss: 0.3557
INFO - Epoch 62, Train Loss: 0.3296 - Val Loss: 0.3554 - Best Val Loss: 0.3554
INFO - Epoch 63, Train Loss: 0.3292 - Val Loss: 0.3551 - Best Val Loss: 0.3551
INFO - Epoch 64, Train Loss: 0.3289 - Val Loss: 0.3548 - Best Val Loss: 0.3548
INFO - Epoch 65, Train Loss: 0.3286 - Val Loss: 0.3545 - Best Val Loss: 0.3545
INFO - Epoch 66, Train Loss: 0.3283 - Val Loss: 0.3542 - Best Val Loss: 0.3542
INFO - Epoch 67, Train Loss: 0.3280 - Val Loss: 0.3540 - Best Val Loss: 0.3540
INFO - Epoch 68, Train Loss: 0.3277 - Val Loss: 0.3538 - Best Val Loss: 0.3538
INFO - Epoch 69, Train Loss: 0.3275 - Val Loss: 0.3536 - Best Val Loss: 0.3536
INFO - Epoch 70, Train Loss: 0.3272 - Val Loss: 0.3534 - Best Val Loss: 0.3534
INFO - Epoch 71, Train Loss: 0.3270 - Val Loss: 0.3533 - Best Val Loss: 0.3533
INFO - Epoch 72, Train Loss: 0.3268 - Val Loss: 0.3531 - Best Val Loss: 0.3531
INFO - Epoch 73, Train Loss: 0.3265 - Val Loss: 0.3530 - Best Val Loss: 0.3530
INFO - Epoch 74, Train Loss: 0.3263 - Val Loss: 0.3530 - Best Val Loss: 0.3530
INFO - Epoch 75, Train Loss: 0.3261 - Val Loss: 0.3529 - Best Val Loss: 0.3529
INFO - Epoch 76, Train Loss: 0.3259 - Val Loss: 0.3529 - Best Val Loss: 0.3529
INFO - Epoch 77, Train Loss: 0.3257 - Val Loss: 0.3529 - Best Val Loss: 0.3529
INFO - Epoch 78, Train Loss: 0.3254 - Val Loss: 0.3529 - Best Val Loss: 0.3529
INFO - Epoch 79, Train Loss: 0.3252 - Val Loss: 0.3529 - Best Val Loss: 0.3529
INFO - Epoch 80, Train Loss: 0.3251 - Val Loss: 0.3529 - Best Val Loss: 0.3529
INFO - Epoch 81, Train Loss: 0.3249 - Val Loss: 0.3530 - Best Val Loss: 0.3529
INFO - Epoch 82, Train Loss: 0.3247 - Val Loss: 0.3530 - Best Val Loss: 0.3529
INFO - Epoch 83, Train Loss: 0.3245 - Val Loss: 0.3531 - Best Val Loss: 0.3529
INFO - Epoch 84, Train Loss: 0.3244 - Val Loss: 0.3531 - Best Val Loss: 0.3529
INFO - Epoch 85, Train Loss: 0.3242 - Val Loss: 0.3531 - Best Val Loss: 0.3529
INFO - Epoch 86, Train Loss: 0.3241 - Val Loss: 0.3532 - Best Val Loss: 0.3529
INFO - Epoch 87, Train Loss: 0.3239 - Val Loss: 0.3532 - Best Val Loss: 0.3529
INFO - Epoch 88, Train Loss: 0.3237 - Val Loss: 0.3533 - Best Val Loss: 0.3529
INFO - Epoch 89, Train Loss: 0.3236 - Val Loss: 0.3534 - Best Val Loss: 0.3529
INFO - Epoch 90, Train Loss: 0.3234 - Val Loss: 0.3534 - Best Val Loss: 0.3529
INFO - Epoch 91, Train Loss: 0.3233 - Val Loss: 0.3535 - Best Val Loss: 0.3529
INFO - Epoch 92, Train Loss: 0.3231 - Val Loss: 0.3536 - Best Val Loss: 0.3529
INFO - Epoch 93, Train Loss: 0.3230 - Val Loss: 0.3537 - Best Val Loss: 0.3529
INFO - Epoch 94, Train Loss: 0.3229 - Val Loss: 0.3538 - Best Val Loss: 0.3529
INFO - Epoch 95, Train Loss: 0.3227 - Val Loss: 0.3539 - Best Val Loss: 0.3529
INFO - Epoch 96, Train Loss: 0.3226 - Val Loss: 0.3540 - Best Val Loss: 0.3529
INFO - Epoch 97, Train Loss: 0.3225 - Val Loss: 0.3542 - Best Val Loss: 0.3529
INFO - Epoch 98, Train Loss: 0.3223 - Val Loss: 0.3543 - Best Val Loss: 0.3529
INFO - Epoch 99, Train Loss: 0.3222 - Val Loss: 0.3545 - Best Val Loss: 0.3529
INFO - Epoch 100, Train Loss: 0.3221 - Val Loss: 0.3547 - Best Val Loss: 0.3529
INFO - Fold 1, Accuracy on training dataset: 0.9971
INFO - Fold 1, Accuracy on validation dataset: 0.9561
INFO - Fold 1, Accuracy on test dataset: 0.9649
INFO - =========================
INFO - ======= Fold 2 =======
INFO - Epoch 1, Train Loss: 0.7169 - Val Loss: 0.7064 - Best Val Loss: 0.7064
INFO - Epoch 2, Train Loss: 0.7046 - Val Loss: 0.6946 - Best Val Loss: 0.6946
INFO - Epoch 3, Train Loss: 0.6928 - Val Loss: 0.6831 - Best Val Loss: 0.6831
INFO - Epoch 4, Train Loss: 0.6813 - Val Loss: 0.6716 - Best Val Loss: 0.6716
INFO - Epoch 5, Train Loss: 0.6698 - Val Loss: 0.6601 - Best Val Loss: 0.6601
INFO - Epoch 6, Train Loss: 0.6582 - Val Loss: 0.6482 - Best Val Loss: 0.6482
INFO - Epoch 7, Train Loss: 0.6462 - Val Loss: 0.6360 - Best Val Loss: 0.6360
INFO - Epoch 8, Train Loss: 0.6339 - Val Loss: 0.6234 - Best Val Loss: 0.6234
INFO - Epoch 9, Train Loss: 0.6209 - Val Loss: 0.6102 - Best Val Loss: 0.6102
INFO - Epoch 10, Train Loss: 0.6075 - Val Loss: 0.5966 - Best Val Loss: 0.5966
INFO - Epoch 11, Train Loss: 0.5934 - Val Loss: 0.5826 - Best Val Loss: 0.5826
INFO - Epoch 12, Train Loss: 0.5789 - Val Loss: 0.5684 - Best Val Loss: 0.5684
INFO - Epoch 13, Train Loss: 0.5640 - Val Loss: 0.5540 - Best Val Loss: 0.5540
INFO - Epoch 14, Train Loss: 0.5489 - Val Loss: 0.5396 - Best Val Loss: 0.5396
INFO - Epoch 15, Train Loss: 0.5337 - Val Loss: 0.5254 - Best Val Loss: 0.5254
INFO - Epoch 16, Train Loss: 0.5187 - Val Loss: 0.5115 - Best Val Loss: 0.5115
INFO - Epoch 17, Train Loss: 0.5039 - Val Loss: 0.4981 - Best Val Loss: 0.4981
INFO - Epoch 18, Train Loss: 0.4897 - Val Loss: 0.4854 - Best Val Loss: 0.4854
INFO - Epoch 19, Train Loss: 0.4760 - Val Loss: 0.4734 - Best Val Loss: 0.4734
INFO - Epoch 20, Train Loss: 0.4632 - Val Loss: 0.4622 - Best Val Loss: 0.4622
INFO - Epoch 21, Train Loss: 0.4513 - Val Loss: 0.4519 - Best Val Loss: 0.4519
INFO - Epoch 22, Train Loss: 0.4403 - Val Loss: 0.4424 - Best Val Loss: 0.4424
INFO - Epoch 23, Train Loss: 0.4302 - Val Loss: 0.4337 - Best Val Loss: 0.4337
INFO - Epoch 24, Train Loss: 0.4211 - Val Loss: 0.4258 - Best Val Loss: 0.4258
INFO - Epoch 25, Train Loss: 0.4129 - Val Loss: 0.4185 - Best Val Loss: 0.4185
INFO - Epoch 26, Train Loss: 0.4055 - Val Loss: 0.4119 - Best Val Loss: 0.4119
INFO - Epoch 27, Train Loss: 0.3989 - Val Loss: 0.4059 - Best Val Loss: 0.4059
INFO - Epoch 28, Train Loss: 0.3930 - Val Loss: 0.4003 - Best Val Loss: 0.4003
INFO - Epoch 29, Train Loss: 0.3878 - Val Loss: 0.3951 - Best Val Loss: 0.3951
INFO - Epoch 30, Train Loss: 0.3831 - Val Loss: 0.3903 - Best Val Loss: 0.3903
INFO - Epoch 31, Train Loss: 0.3789 - Val Loss: 0.3858 - Best Val Loss: 0.3858
INFO - Epoch 32, Train Loss: 0.3750 - Val Loss: 0.3815 - Best Val Loss: 0.3815
INFO - Epoch 33, Train Loss: 0.3716 - Val Loss: 0.3776 - Best Val Loss: 0.3776
INFO - Epoch 34, Train Loss: 0.3684 - Val Loss: 0.3738 - Best Val Loss: 0.3738
INFO - Epoch 35, Train Loss: 0.3656 - Val Loss: 0.3704 - Best Val Loss: 0.3704
INFO - Epoch 36, Train Loss: 0.3629 - Val Loss: 0.3672 - Best Val Loss: 0.3672
INFO - Epoch 37, Train Loss: 0.3605 - Val Loss: 0.3642 - Best Val Loss: 0.3642
INFO - Epoch 38, Train Loss: 0.3582 - Val Loss: 0.3616 - Best Val Loss: 0.3616
INFO - Epoch 39, Train Loss: 0.3562 - Val Loss: 0.3592 - Best Val Loss: 0.3592
INFO - Epoch 40, Train Loss: 0.3543 - Val Loss: 0.3570 - Best Val Loss: 0.3570
INFO - Epoch 41, Train Loss: 0.3525 - Val Loss: 0.3550 - Best Val Loss: 0.3550
INFO - Epoch 42, Train Loss: 0.3509 - Val Loss: 0.3533 - Best Val Loss: 0.3533
INFO - Epoch 43, Train Loss: 0.3495 - Val Loss: 0.3518 - Best Val Loss: 0.3518
INFO - Epoch 44, Train Loss: 0.3481 - Val Loss: 0.3504 - Best Val Loss: 0.3504
INFO - Epoch 45, Train Loss: 0.3469 - Val Loss: 0.3492 - Best Val Loss: 0.3492
INFO - Epoch 46, Train Loss: 0.3458 - Val Loss: 0.3481 - Best Val Loss: 0.3481
INFO - Epoch 47, Train Loss: 0.3447 - Val Loss: 0.3472 - Best Val Loss: 0.3472
INFO - Epoch 48, Train Loss: 0.3438 - Val Loss: 0.3463 - Best Val Loss: 0.3463
INFO - Epoch 49, Train Loss: 0.3429 - Val Loss: 0.3455 - Best Val Loss: 0.3455
INFO - Epoch 50, Train Loss: 0.3420 - Val Loss: 0.3449 - Best Val Loss: 0.3449
INFO - Epoch 51, Train Loss: 0.3412 - Val Loss: 0.3442 - Best Val Loss: 0.3442
INFO - Epoch 52, Train Loss: 0.3405 - Val Loss: 0.3437 - Best Val Loss: 0.3437
INFO - Epoch 53, Train Loss: 0.3398 - Val Loss: 0.3431 - Best Val Loss: 0.3431
INFO - Epoch 54, Train Loss: 0.3392 - Val Loss: 0.3426 - Best Val Loss: 0.3426
INFO - Epoch 55, Train Loss: 0.3385 - Val Loss: 0.3421 - Best Val Loss: 0.3421
INFO - Epoch 56, Train Loss: 0.3379 - Val Loss: 0.3417 - Best Val Loss: 0.3417
INFO - Epoch 57, Train Loss: 0.3374 - Val Loss: 0.3412 - Best Val Loss: 0.3412
INFO - Epoch 58, Train Loss: 0.3369 - Val Loss: 0.3408 - Best Val Loss: 0.3408
INFO - Epoch 59, Train Loss: 0.3364 - Val Loss: 0.3404 - Best Val Loss: 0.3404
INFO - Epoch 60, Train Loss: 0.3359 - Val Loss: 0.3401 - Best Val Loss: 0.3401
INFO - Epoch 61, Train Loss: 0.3354 - Val Loss: 0.3397 - Best Val Loss: 0.3397
INFO - Epoch 62, Train Loss: 0.3350 - Val Loss: 0.3394 - Best Val Loss: 0.3394
INFO - Epoch 63, Train Loss: 0.3346 - Val Loss: 0.3391 - Best Val Loss: 0.3391
INFO - Epoch 64, Train Loss: 0.3343 - Val Loss: 0.3388 - Best Val Loss: 0.3388
INFO - Epoch 65, Train Loss: 0.3339 - Val Loss: 0.3386 - Best Val Loss: 0.3386
INFO - Epoch 66, Train Loss: 0.3336 - Val Loss: 0.3384 - Best Val Loss: 0.3384
INFO - Epoch 67, Train Loss: 0.3333 - Val Loss: 0.3382 - Best Val Loss: 0.3382
INFO - Epoch 68, Train Loss: 0.3330 - Val Loss: 0.3380 - Best Val Loss: 0.3380
INFO - Epoch 69, Train Loss: 0.3327 - Val Loss: 0.3379 - Best Val Loss: 0.3379
INFO - Epoch 70, Train Loss: 0.3324 - Val Loss: 0.3377 - Best Val Loss: 0.3377
INFO - Epoch 71, Train Loss: 0.3321 - Val Loss: 0.3376 - Best Val Loss: 0.3376
INFO - Epoch 72, Train Loss: 0.3319 - Val Loss: 0.3375 - Best Val Loss: 0.3375
INFO - Epoch 73, Train Loss: 0.3316 - Val Loss: 0.3374 - Best Val Loss: 0.3374
INFO - Epoch 74, Train Loss: 0.3314 - Val Loss: 0.3373 - Best Val Loss: 0.3373
INFO - Epoch 75, Train Loss: 0.3311 - Val Loss: 0.3372 - Best Val Loss: 0.3372
INFO - Epoch 76, Train Loss: 0.3309 - Val Loss: 0.3372 - Best Val Loss: 0.3372
INFO - Epoch 77, Train Loss: 0.3307 - Val Loss: 0.3371 - Best Val Loss: 0.3371
INFO - Epoch 78, Train Loss: 0.3305 - Val Loss: 0.3370 - Best Val Loss: 0.3370
INFO - Epoch 79, Train Loss: 0.3303 - Val Loss: 0.3370 - Best Val Loss: 0.3370
INFO - Epoch 80, Train Loss: 0.3301 - Val Loss: 0.3369 - Best Val Loss: 0.3369
INFO - Epoch 81, Train Loss: 0.3299 - Val Loss: 0.3369 - Best Val Loss: 0.3369
INFO - Epoch 82, Train Loss: 0.3297 - Val Loss: 0.3368 - Best Val Loss: 0.3368
INFO - Epoch 83, Train Loss: 0.3295 - Val Loss: 0.3368 - Best Val Loss: 0.3368
INFO - Epoch 84, Train Loss: 0.3293 - Val Loss: 0.3368 - Best Val Loss: 0.3368
INFO - Epoch 85, Train Loss: 0.3291 - Val Loss: 0.3367 - Best Val Loss: 0.3367
INFO - Epoch 86, Train Loss: 0.3290 - Val Loss: 0.3367 - Best Val Loss: 0.3367
INFO - Epoch 87, Train Loss: 0.3288 - Val Loss: 0.3366 - Best Val Loss: 0.3366
INFO - Epoch 88, Train Loss: 0.3287 - Val Loss: 0.3366 - Best Val Loss: 0.3366
INFO - Epoch 89, Train Loss: 0.3285 - Val Loss: 0.3366 - Best Val Loss: 0.3366
INFO - Epoch 90, Train Loss: 0.3284 - Val Loss: 0.3365 - Best Val Loss: 0.3365
INFO - Epoch 91, Train Loss: 0.3282 - Val Loss: 0.3365 - Best Val Loss: 0.3365
INFO - Epoch 92, Train Loss: 0.3281 - Val Loss: 0.3364 - Best Val Loss: 0.3364
INFO - Epoch 93, Train Loss: 0.3280 - Val Loss: 0.3363 - Best Val Loss: 0.3363
INFO - Epoch 94, Train Loss: 0.3278 - Val Loss: 0.3363 - Best Val Loss: 0.3363
INFO - Epoch 95, Train Loss: 0.3277 - Val Loss: 0.3362 - Best Val Loss: 0.3362
INFO - Epoch 96, Train Loss: 0.3276 - Val Loss: 0.3362 - Best Val Loss: 0.3362
INFO - Epoch 97, Train Loss: 0.3274 - Val Loss: 0.3361 - Best Val Loss: 0.3361
INFO - Epoch 98, Train Loss: 0.3273 - Val Loss: 0.3361 - Best Val Loss: 0.3361
INFO - Epoch 99, Train Loss: 0.3272 - Val Loss: 0.3360 - Best Val Loss: 0.3360
INFO - Epoch 100, Train Loss: 0.3271 - Val Loss: 0.3359 - Best Val Loss: 0.3359
INFO - Fold 2, Accuracy on training dataset: 0.9912
INFO - Fold 2, Accuracy on validation dataset: 0.9737
INFO - Fold 2, Accuracy on test dataset: 0.9649
INFO - =========================
INFO - ======= Fold 3 =======
INFO - Epoch 1, Train Loss: 0.6738 - Val Loss: 0.6517 - Best Val Loss: 0.6517
INFO - Epoch 2, Train Loss: 0.6571 - Val Loss: 0.6339 - Best Val Loss: 0.6339
INFO - Epoch 3, Train Loss: 0.6406 - Val Loss: 0.6163 - Best Val Loss: 0.6163
INFO - Epoch 4, Train Loss: 0.6243 - Val Loss: 0.5989 - Best Val Loss: 0.5989
INFO - Epoch 5, Train Loss: 0.6081 - Val Loss: 0.5816 - Best Val Loss: 0.5816
INFO - Epoch 6, Train Loss: 0.5920 - Val Loss: 0.5647 - Best Val Loss: 0.5647
INFO - Epoch 7, Train Loss: 0.5761 - Val Loss: 0.5481 - Best Val Loss: 0.5481
INFO - Epoch 8, Train Loss: 0.5606 - Val Loss: 0.5320 - Best Val Loss: 0.5320
INFO - Epoch 9, Train Loss: 0.5454 - Val Loss: 0.5166 - Best Val Loss: 0.5166
INFO - Epoch 10, Train Loss: 0.5308 - Val Loss: 0.5018 - Best Val Loss: 0.5018
INFO - Epoch 11, Train Loss: 0.5167 - Val Loss: 0.4879 - Best Val Loss: 0.4879
INFO - Epoch 12, Train Loss: 0.5034 - Val Loss: 0.4748 - Best Val Loss: 0.4748
INFO - Epoch 13, Train Loss: 0.4908 - Val Loss: 0.4626 - Best Val Loss: 0.4626
INFO - Epoch 14, Train Loss: 0.4790 - Val Loss: 0.4512 - Best Val Loss: 0.4512
INFO - Epoch 15, Train Loss: 0.4681 - Val Loss: 0.4408 - Best Val Loss: 0.4408
INFO - Epoch 16, Train Loss: 0.4580 - Val Loss: 0.4312 - Best Val Loss: 0.4312
INFO - Epoch 17, Train Loss: 0.4487 - Val Loss: 0.4225 - Best Val Loss: 0.4225
INFO - Epoch 18, Train Loss: 0.4402 - Val Loss: 0.4145 - Best Val Loss: 0.4145
INFO - Epoch 19, Train Loss: 0.4324 - Val Loss: 0.4073 - Best Val Loss: 0.4073
INFO - Epoch 20, Train Loss: 0.4253 - Val Loss: 0.4007 - Best Val Loss: 0.4007
INFO - Epoch 21, Train Loss: 0.4188 - Val Loss: 0.3948 - Best Val Loss: 0.3948
INFO - Epoch 22, Train Loss: 0.4128 - Val Loss: 0.3894 - Best Val Loss: 0.3894
INFO - Epoch 23, Train Loss: 0.4074 - Val Loss: 0.3845 - Best Val Loss: 0.3845
INFO - Epoch 24, Train Loss: 0.4023 - Val Loss: 0.3801 - Best Val Loss: 0.3801
INFO - Epoch 25, Train Loss: 0.3976 - Val Loss: 0.3762 - Best Val Loss: 0.3762
INFO - Epoch 26, Train Loss: 0.3933 - Val Loss: 0.3726 - Best Val Loss: 0.3726
INFO - Epoch 27, Train Loss: 0.3893 - Val Loss: 0.3693 - Best Val Loss: 0.3693
INFO - Epoch 28, Train Loss: 0.3855 - Val Loss: 0.3663 - Best Val Loss: 0.3663
INFO - Epoch 29, Train Loss: 0.3820 - Val Loss: 0.3635 - Best Val Loss: 0.3635
INFO - Epoch 30, Train Loss: 0.3787 - Val Loss: 0.3609 - Best Val Loss: 0.3609
INFO - Epoch 31, Train Loss: 0.3757 - Val Loss: 0.3585 - Best Val Loss: 0.3585
INFO - Epoch 32, Train Loss: 0.3728 - Val Loss: 0.3563 - Best Val Loss: 0.3563
INFO - Epoch 33, Train Loss: 0.3701 - Val Loss: 0.3542 - Best Val Loss: 0.3542
INFO - Epoch 34, Train Loss: 0.3676 - Val Loss: 0.3523 - Best Val Loss: 0.3523
INFO - Epoch 35, Train Loss: 0.3653 - Val Loss: 0.3504 - Best Val Loss: 0.3504
INFO - Epoch 36, Train Loss: 0.3631 - Val Loss: 0.3486 - Best Val Loss: 0.3486
INFO - Epoch 37, Train Loss: 0.3610 - Val Loss: 0.3470 - Best Val Loss: 0.3470
INFO - Epoch 38, Train Loss: 0.3590 - Val Loss: 0.3454 - Best Val Loss: 0.3454
INFO - Epoch 39, Train Loss: 0.3572 - Val Loss: 0.3440 - Best Val Loss: 0.3440
INFO - Epoch 40, Train Loss: 0.3554 - Val Loss: 0.3426 - Best Val Loss: 0.3426
INFO - Epoch 41, Train Loss: 0.3537 - Val Loss: 0.3413 - Best Val Loss: 0.3413
INFO - Epoch 42, Train Loss: 0.3521 - Val Loss: 0.3401 - Best Val Loss: 0.3401
INFO - Epoch 43, Train Loss: 0.3506 - Val Loss: 0.3390 - Best Val Loss: 0.3390
INFO - Epoch 44, Train Loss: 0.3492 - Val Loss: 0.3380 - Best Val Loss: 0.3380
INFO - Epoch 45, Train Loss: 0.3479 - Val Loss: 0.3370 - Best Val Loss: 0.3370
INFO - Epoch 46, Train Loss: 0.3466 - Val Loss: 0.3362 - Best Val Loss: 0.3362
INFO - Epoch 47, Train Loss: 0.3455 - Val Loss: 0.3354 - Best Val Loss: 0.3354
INFO - Epoch 48, Train Loss: 0.3444 - Val Loss: 0.3346 - Best Val Loss: 0.3346
INFO - Epoch 49, Train Loss: 0.3434 - Val Loss: 0.3340 - Best Val Loss: 0.3340
INFO - Epoch 50, Train Loss: 0.3424 - Val Loss: 0.3334 - Best Val Loss: 0.3334
INFO - Epoch 51, Train Loss: 0.3415 - Val Loss: 0.3328 - Best Val Loss: 0.3328
INFO - Epoch 52, Train Loss: 0.3407 - Val Loss: 0.3323 - Best Val Loss: 0.3323
INFO - Epoch 53, Train Loss: 0.3399 - Val Loss: 0.3319 - Best Val Loss: 0.3319
INFO - Epoch 54, Train Loss: 0.3392 - Val Loss: 0.3315 - Best Val Loss: 0.3315
INFO - Epoch 55, Train Loss: 0.3386 - Val Loss: 0.3311 - Best Val Loss: 0.3311
INFO - Epoch 56, Train Loss: 0.3380 - Val Loss: 0.3307 - Best Val Loss: 0.3307
INFO - Epoch 57, Train Loss: 0.3374 - Val Loss: 0.3304 - Best Val Loss: 0.3304
INFO - Epoch 58, Train Loss: 0.3369 - Val Loss: 0.3301 - Best Val Loss: 0.3301
INFO - Epoch 59, Train Loss: 0.3364 - Val Loss: 0.3298 - Best Val Loss: 0.3298
INFO - Epoch 60, Train Loss: 0.3360 - Val Loss: 0.3296 - Best Val Loss: 0.3296
INFO - Epoch 61, Train Loss: 0.3356 - Val Loss: 0.3294 - Best Val Loss: 0.3294
INFO - Epoch 62, Train Loss: 0.3352 - Val Loss: 0.3291 - Best Val Loss: 0.3291
INFO - Epoch 63, Train Loss: 0.3348 - Val Loss: 0.3289 - Best Val Loss: 0.3289
INFO - Epoch 64, Train Loss: 0.3344 - Val Loss: 0.3287 - Best Val Loss: 0.3287
INFO - Epoch 65, Train Loss: 0.3340 - Val Loss: 0.3285 - Best Val Loss: 0.3285
INFO - Epoch 66, Train Loss: 0.3337 - Val Loss: 0.3283 - Best Val Loss: 0.3283
INFO - Epoch 67, Train Loss: 0.3333 - Val Loss: 0.3281 - Best Val Loss: 0.3281
INFO - Epoch 68, Train Loss: 0.3330 - Val Loss: 0.3280 - Best Val Loss: 0.3280
INFO - Epoch 69, Train Loss: 0.3327 - Val Loss: 0.3278 - Best Val Loss: 0.3278
INFO - Epoch 70, Train Loss: 0.3324 - Val Loss: 0.3276 - Best Val Loss: 0.3276
INFO - Epoch 71, Train Loss: 0.3321 - Val Loss: 0.3275 - Best Val Loss: 0.3275
INFO - Epoch 72, Train Loss: 0.3318 - Val Loss: 0.3274 - Best Val Loss: 0.3274
INFO - Epoch 73, Train Loss: 0.3315 - Val Loss: 0.3272 - Best Val Loss: 0.3272
INFO - Epoch 74, Train Loss: 0.3312 - Val Loss: 0.3271 - Best Val Loss: 0.3271
INFO - Epoch 75, Train Loss: 0.3310 - Val Loss: 0.3270 - Best Val Loss: 0.3270
INFO - Epoch 76, Train Loss: 0.3307 - Val Loss: 0.3269 - Best Val Loss: 0.3269
INFO - Epoch 77, Train Loss: 0.3305 - Val Loss: 0.3268 - Best Val Loss: 0.3268
INFO - Epoch 78, Train Loss: 0.3303 - Val Loss: 0.3267 - Best Val Loss: 0.3267
INFO - Epoch 79, Train Loss: 0.3300 - Val Loss: 0.3266 - Best Val Loss: 0.3266
INFO - Epoch 80, Train Loss: 0.3298 - Val Loss: 0.3266 - Best Val Loss: 0.3266
INFO - Epoch 81, Train Loss: 0.3296 - Val Loss: 0.3265 - Best Val Loss: 0.3265
INFO - Epoch 82, Train Loss: 0.3294 - Val Loss: 0.3264 - Best Val Loss: 0.3264
INFO - Epoch 83, Train Loss: 0.3293 - Val Loss: 0.3264 - Best Val Loss: 0.3264
INFO - Epoch 84, Train Loss: 0.3291 - Val Loss: 0.3263 - Best Val Loss: 0.3263
INFO - Epoch 85, Train Loss: 0.3289 - Val Loss: 0.3263 - Best Val Loss: 0.3263
INFO - Epoch 86, Train Loss: 0.3288 - Val Loss: 0.3262 - Best Val Loss: 0.3262
INFO - Epoch 87, Train Loss: 0.3286 - Val Loss: 0.3262 - Best Val Loss: 0.3262
INFO - Epoch 88, Train Loss: 0.3284 - Val Loss: 0.3262 - Best Val Loss: 0.3262
INFO - Epoch 89, Train Loss: 0.3283 - Val Loss: 0.3261 - Best Val Loss: 0.3261
INFO - Epoch 90, Train Loss: 0.3282 - Val Loss: 0.3261 - Best Val Loss: 0.3261
INFO - Epoch 91, Train Loss: 0.3280 - Val Loss: 0.3260 - Best Val Loss: 0.3260
INFO - Epoch 92, Train Loss: 0.3279 - Val Loss: 0.3260 - Best Val Loss: 0.3260
INFO - Epoch 93, Train Loss: 0.3278 - Val Loss: 0.3260 - Best Val Loss: 0.3260
INFO - Epoch 94, Train Loss: 0.3276 - Val Loss: 0.3259 - Best Val Loss: 0.3259
INFO - Epoch 95, Train Loss: 0.3275 - Val Loss: 0.3259 - Best Val Loss: 0.3259
INFO - Epoch 96, Train Loss: 0.3274 - Val Loss: 0.3258 - Best Val Loss: 0.3258
INFO - Epoch 97, Train Loss: 0.3273 - Val Loss: 0.3258 - Best Val Loss: 0.3258
INFO - Epoch 98, Train Loss: 0.3272 - Val Loss: 0.3258 - Best Val Loss: 0.3258
INFO - Epoch 99, Train Loss: 0.3271 - Val Loss: 0.3257 - Best Val Loss: 0.3257
INFO - Epoch 100, Train Loss: 0.3270 - Val Loss: 0.3257 - Best Val Loss: 0.3257
INFO - Fold 3, Accuracy on training dataset: 0.9912
INFO - Fold 3, Accuracy on validation dataset: 0.9912
INFO - Fold 3, Accuracy on test dataset: 0.9561
INFO - =========================
INFO - ======= Fold 4 =======
INFO - Epoch 1, Train Loss: 0.6825 - Val Loss: 0.6622 - Best Val Loss: 0.6622
INFO - Epoch 2, Train Loss: 0.6641 - Val Loss: 0.6440 - Best Val Loss: 0.6440
INFO - Epoch 3, Train Loss: 0.6465 - Val Loss: 0.6265 - Best Val Loss: 0.6265
INFO - Epoch 4, Train Loss: 0.6296 - Val Loss: 0.6094 - Best Val Loss: 0.6094
INFO - Epoch 5, Train Loss: 0.6131 - Val Loss: 0.5926 - Best Val Loss: 0.5926
INFO - Epoch 6, Train Loss: 0.5970 - Val Loss: 0.5762 - Best Val Loss: 0.5762
INFO - Epoch 7, Train Loss: 0.5813 - Val Loss: 0.5599 - Best Val Loss: 0.5599
INFO - Epoch 8, Train Loss: 0.5658 - Val Loss: 0.5440 - Best Val Loss: 0.5440
INFO - Epoch 9, Train Loss: 0.5506 - Val Loss: 0.5283 - Best Val Loss: 0.5283
INFO - Epoch 10, Train Loss: 0.5358 - Val Loss: 0.5131 - Best Val Loss: 0.5131
INFO - Epoch 11, Train Loss: 0.5215 - Val Loss: 0.4983 - Best Val Loss: 0.4983
INFO - Epoch 12, Train Loss: 0.5076 - Val Loss: 0.4842 - Best Val Loss: 0.4842
INFO - Epoch 13, Train Loss: 0.4944 - Val Loss: 0.4706 - Best Val Loss: 0.4706
INFO - Epoch 14, Train Loss: 0.4818 - Val Loss: 0.4579 - Best Val Loss: 0.4579
INFO - Epoch 15, Train Loss: 0.4699 - Val Loss: 0.4459 - Best Val Loss: 0.4459
INFO - Epoch 16, Train Loss: 0.4588 - Val Loss: 0.4348 - Best Val Loss: 0.4348
INFO - Epoch 17, Train Loss: 0.4485 - Val Loss: 0.4246 - Best Val Loss: 0.4246
INFO - Epoch 18, Train Loss: 0.4390 - Val Loss: 0.4152 - Best Val Loss: 0.4152
INFO - Epoch 19, Train Loss: 0.4303 - Val Loss: 0.4067 - Best Val Loss: 0.4067
INFO - Epoch 20, Train Loss: 0.4223 - Val Loss: 0.3990 - Best Val Loss: 0.3990
INFO - Epoch 21, Train Loss: 0.4149 - Val Loss: 0.3921 - Best Val Loss: 0.3921
INFO - Epoch 22, Train Loss: 0.4081 - Val Loss: 0.3858 - Best Val Loss: 0.3858
INFO - Epoch 23, Train Loss: 0.4020 - Val Loss: 0.3802 - Best Val Loss: 0.3802
INFO - Epoch 24, Train Loss: 0.3963 - Val Loss: 0.3752 - Best Val Loss: 0.3752
INFO - Epoch 25, Train Loss: 0.3911 - Val Loss: 0.3706 - Best Val Loss: 0.3706
INFO - Epoch 26, Train Loss: 0.3863 - Val Loss: 0.3665 - Best Val Loss: 0.3665
INFO - Epoch 27, Train Loss: 0.3819 - Val Loss: 0.3629 - Best Val Loss: 0.3629
INFO - Epoch 28, Train Loss: 0.3778 - Val Loss: 0.3596 - Best Val Loss: 0.3596
INFO - Epoch 29, Train Loss: 0.3741 - Val Loss: 0.3568 - Best Val Loss: 0.3568
INFO - Epoch 30, Train Loss: 0.3706 - Val Loss: 0.3542 - Best Val Loss: 0.3542
INFO - Epoch 31, Train Loss: 0.3674 - Val Loss: 0.3520 - Best Val Loss: 0.3520
INFO - Epoch 32, Train Loss: 0.3644 - Val Loss: 0.3500 - Best Val Loss: 0.3500
INFO - Epoch 33, Train Loss: 0.3617 - Val Loss: 0.3483 - Best Val Loss: 0.3483
INFO - Epoch 34, Train Loss: 0.3592 - Val Loss: 0.3468 - Best Val Loss: 0.3468
INFO - Epoch 35, Train Loss: 0.3570 - Val Loss: 0.3455 - Best Val Loss: 0.3455
INFO - Epoch 36, Train Loss: 0.3549 - Val Loss: 0.3443 - Best Val Loss: 0.3443
INFO - Epoch 37, Train Loss: 0.3531 - Val Loss: 0.3432 - Best Val Loss: 0.3432
INFO - Epoch 38, Train Loss: 0.3514 - Val Loss: 0.3423 - Best Val Loss: 0.3423
INFO - Epoch 39, Train Loss: 0.3500 - Val Loss: 0.3414 - Best Val Loss: 0.3414
INFO - Epoch 40, Train Loss: 0.3486 - Val Loss: 0.3406 - Best Val Loss: 0.3406
INFO - Epoch 41, Train Loss: 0.3474 - Val Loss: 0.3398 - Best Val Loss: 0.3398
INFO - Epoch 42, Train Loss: 0.3463 - Val Loss: 0.3390 - Best Val Loss: 0.3390
INFO - Epoch 43, Train Loss: 0.3452 - Val Loss: 0.3383 - Best Val Loss: 0.3383
INFO - Epoch 44, Train Loss: 0.3442 - Val Loss: 0.3376 - Best Val Loss: 0.3376
INFO - Epoch 45, Train Loss: 0.3433 - Val Loss: 0.3369 - Best Val Loss: 0.3369
INFO - Epoch 46, Train Loss: 0.3424 - Val Loss: 0.3363 - Best Val Loss: 0.3363
INFO - Epoch 47, Train Loss: 0.3416 - Val Loss: 0.3357 - Best Val Loss: 0.3357
INFO - Epoch 48, Train Loss: 0.3408 - Val Loss: 0.3350 - Best Val Loss: 0.3350
INFO - Epoch 49, Train Loss: 0.3400 - Val Loss: 0.3345 - Best Val Loss: 0.3345
INFO - Epoch 50, Train Loss: 0.3392 - Val Loss: 0.3339 - Best Val Loss: 0.3339
INFO - Epoch 51, Train Loss: 0.3385 - Val Loss: 0.3334 - Best Val Loss: 0.3334
INFO - Epoch 52, Train Loss: 0.3379 - Val Loss: 0.3330 - Best Val Loss: 0.3330
INFO - Epoch 53, Train Loss: 0.3372 - Val Loss: 0.3325 - Best Val Loss: 0.3325
INFO - Epoch 54, Train Loss: 0.3367 - Val Loss: 0.3321 - Best Val Loss: 0.3321
INFO - Epoch 55, Train Loss: 0.3361 - Val Loss: 0.3318 - Best Val Loss: 0.3318
INFO - Epoch 56, Train Loss: 0.3356 - Val Loss: 0.3315 - Best Val Loss: 0.3315
INFO - Epoch 57, Train Loss: 0.3351 - Val Loss: 0.3312 - Best Val Loss: 0.3312
INFO - Epoch 58, Train Loss: 0.3346 - Val Loss: 0.3310 - Best Val Loss: 0.3310
INFO - Epoch 59, Train Loss: 0.3342 - Val Loss: 0.3308 - Best Val Loss: 0.3308
INFO - Epoch 60, Train Loss: 0.3338 - Val Loss: 0.3306 - Best Val Loss: 0.3306
INFO - Epoch 61, Train Loss: 0.3334 - Val Loss: 0.3304 - Best Val Loss: 0.3304
INFO - Epoch 62, Train Loss: 0.3331 - Val Loss: 0.3303 - Best Val Loss: 0.3303
INFO - Epoch 63, Train Loss: 0.3327 - Val Loss: 0.3302 - Best Val Loss: 0.3302
INFO - Epoch 64, Train Loss: 0.3324 - Val Loss: 0.3302 - Best Val Loss: 0.3302
INFO - Epoch 65, Train Loss: 0.3320 - Val Loss: 0.3301 - Best Val Loss: 0.3301
INFO - Epoch 66, Train Loss: 0.3317 - Val Loss: 0.3301 - Best Val Loss: 0.3301
INFO - Epoch 67, Train Loss: 0.3314 - Val Loss: 0.3301 - Best Val Loss: 0.3301
INFO - Epoch 68, Train Loss: 0.3312 - Val Loss: 0.3301 - Best Val Loss: 0.3301
INFO - Epoch 69, Train Loss: 0.3309 - Val Loss: 0.3302 - Best Val Loss: 0.3301
INFO - Epoch 70, Train Loss: 0.3306 - Val Loss: 0.3302 - Best Val Loss: 0.3301
INFO - Epoch 71, Train Loss: 0.3304 - Val Loss: 0.3303 - Best Val Loss: 0.3301
INFO - Epoch 72, Train Loss: 0.3302 - Val Loss: 0.3304 - Best Val Loss: 0.3301
INFO - Epoch 73, Train Loss: 0.3299 - Val Loss: 0.3304 - Best Val Loss: 0.3301
INFO - Epoch 74, Train Loss: 0.3297 - Val Loss: 0.3305 - Best Val Loss: 0.3301
INFO - Epoch 75, Train Loss: 0.3295 - Val Loss: 0.3306 - Best Val Loss: 0.3301
INFO - Epoch 76, Train Loss: 0.3293 - Val Loss: 0.3307 - Best Val Loss: 0.3301
INFO - Epoch 77, Train Loss: 0.3291 - Val Loss: 0.3308 - Best Val Loss: 0.3301
INFO - Epoch 78, Train Loss: 0.3289 - Val Loss: 0.3309 - Best Val Loss: 0.3301
INFO - Epoch 79, Train Loss: 0.3287 - Val Loss: 0.3310 - Best Val Loss: 0.3301
INFO - Epoch 80, Train Loss: 0.3286 - Val Loss: 0.3310 - Best Val Loss: 0.3301
INFO - Epoch 81, Train Loss: 0.3284 - Val Loss: 0.3311 - Best Val Loss: 0.3301
INFO - Epoch 82, Train Loss: 0.3282 - Val Loss: 0.3312 - Best Val Loss: 0.3301
INFO - Epoch 83, Train Loss: 0.3281 - Val Loss: 0.3312 - Best Val Loss: 0.3301
INFO - Epoch 84, Train Loss: 0.3279 - Val Loss: 0.3313 - Best Val Loss: 0.3301
INFO - Epoch 85, Train Loss: 0.3278 - Val Loss: 0.3313 - Best Val Loss: 0.3301
INFO - Epoch 86, Train Loss: 0.3276 - Val Loss: 0.3313 - Best Val Loss: 0.3301
INFO - Epoch 87, Train Loss: 0.3275 - Val Loss: 0.3314 - Best Val Loss: 0.3301
INFO - Epoch 88, Train Loss: 0.3273 - Val Loss: 0.3314 - Best Val Loss: 0.3301
INFO - Epoch 89, Train Loss: 0.3272 - Val Loss: 0.3314 - Best Val Loss: 0.3301
INFO - Epoch 90, Train Loss: 0.3270 - Val Loss: 0.3314 - Best Val Loss: 0.3301
INFO - Epoch 91, Train Loss: 0.3269 - Val Loss: 0.3314 - Best Val Loss: 0.3301
INFO - Epoch 92, Train Loss: 0.3268 - Val Loss: 0.3315 - Best Val Loss: 0.3301
INFO - Epoch 93, Train Loss: 0.3267 - Val Loss: 0.3315 - Best Val Loss: 0.3301
INFO - Epoch 94, Train Loss: 0.3265 - Val Loss: 0.3315 - Best Val Loss: 0.3301
INFO - Epoch 95, Train Loss: 0.3264 - Val Loss: 0.3315 - Best Val Loss: 0.3301
INFO - Epoch 96, Train Loss: 0.3263 - Val Loss: 0.3316 - Best Val Loss: 0.3301
INFO - Epoch 97, Train Loss: 0.3262 - Val Loss: 0.3316 - Best Val Loss: 0.3301
INFO - Epoch 98, Train Loss: 0.3261 - Val Loss: 0.3316 - Best Val Loss: 0.3301
INFO - Epoch 99, Train Loss: 0.3259 - Val Loss: 0.3317 - Best Val Loss: 0.3301
INFO - Epoch 100, Train Loss: 0.3258 - Val Loss: 0.3317 - Best Val Loss: 0.3301
INFO - Fold 4, Accuracy on training dataset: 0.9912
INFO - Fold 4, Accuracy on validation dataset: 0.9823
INFO - Fold 4, Accuracy on test dataset: 0.9649
INFO - =========================
INFO - Best model saved at: ./models/breast_cancer_best_model.pth
INFO - =============================================
INFO - Model Setup:
INFO - dataset: breast_cancer
INFO - inputdim: 30
INFO - outputdim: 2
INFO - nsamples: 455
INFO - hiddenlayers: [60, 45, 30]
INFO - lr: 0.001
INFO - n_epochs: 100
INFO - n_folds: 4
INFO - Total Parameters: 6047
INFO - =============================================
INFO - Mean time per epoch and folder: 0.6423 - std:0.0625 seconds
INFO - Mean accuracy on training dataset: 0.9927 - std: 0.0025
INFO - Mean accuracy on validation dataset: 0.9758 - std: 0.0130
INFO - Mean accuracy on test dataset: 0.9627 - std: 0.0038
INFO - =============================================
