INFO - ======= Fold 1 =======
INFO - Epoch 0, Loss: 0.3832 - Validation Loss: 0.3966
INFO - Epoch 1, Loss: 0.3832 - Validation Loss: 0.3966
INFO - Epoch 2, Loss: 0.3832 - Validation Loss: 0.3966
INFO - Epoch 3, Loss: 0.3832 - Validation Loss: 0.3966
INFO - Epoch 4, Loss: 0.3832 - Validation Loss: 0.3966
INFO - Epoch 5, Loss: 0.3771 - Validation Loss: 0.4159
INFO - Epoch 6, Loss: 0.3771 - Validation Loss: 0.4159
INFO - Epoch 7, Loss: 0.3767 - Validation Loss: 0.4271
INFO - Epoch 8, Loss: 0.3767 - Validation Loss: 0.4271
INFO - Epoch 9, Loss: 0.3767 - Validation Loss: 0.4271
INFO - Epoch 10, Loss: 0.3767 - Validation Loss: 0.4271
INFO - Epoch 11, Loss: 0.3655 - Validation Loss: 0.3752
INFO - Epoch 12, Loss: 0.3655 - Validation Loss: 0.3752
INFO - Epoch 13, Loss: 0.3476 - Validation Loss: 0.3612
INFO - Epoch 14, Loss: 0.3476 - Validation Loss: 0.3612
INFO - Epoch 15, Loss: 0.3476 - Validation Loss: 0.3612
INFO - Epoch 16, Loss: 0.3476 - Validation Loss: 0.3612
INFO - Epoch 17, Loss: 0.3435 - Validation Loss: 0.3636
INFO - Epoch 18, Loss: 0.3348 - Validation Loss: 0.3682
INFO - Epoch 19, Loss: 0.3348 - Validation Loss: 0.3682
INFO - Epoch 20, Loss: 0.3348 - Validation Loss: 0.3682
INFO - Epoch 21, Loss: 0.3282 - Validation Loss: 0.3571
INFO - Epoch 22, Loss: 0.3282 - Validation Loss: 0.3571
INFO - Epoch 23, Loss: 0.3282 - Validation Loss: 0.3571
INFO - Epoch 24, Loss: 0.3282 - Validation Loss: 0.3571
INFO - Epoch 25, Loss: 0.3282 - Validation Loss: 0.3571
INFO - Epoch 26, Loss: 0.3282 - Validation Loss: 0.3571
INFO - Epoch 27, Loss: 0.3282 - Validation Loss: 0.3571
INFO - Epoch 28, Loss: 0.3282 - Validation Loss: 0.3571
INFO - Epoch 29, Loss: 0.3260 - Validation Loss: 0.3566
INFO - Epoch 30, Loss: 0.3260 - Validation Loss: 0.3566
INFO - Epoch 31, Loss: 0.3260 - Validation Loss: 0.3566
INFO - Epoch 32, Loss: 0.3254 - Validation Loss: 0.3558
INFO - Epoch 33, Loss: 0.3252 - Validation Loss: 0.3564
INFO - Epoch 34, Loss: 0.3252 - Validation Loss: 0.3564
INFO - Epoch 35, Loss: 0.3252 - Validation Loss: 0.3564
INFO - Epoch 36, Loss: 0.3252 - Validation Loss: 0.3564
INFO - Epoch 37, Loss: 0.3252 - Validation Loss: 0.3564
INFO - Epoch 38, Loss: 0.3252 - Validation Loss: 0.3564
INFO - Epoch 39, Loss: 0.3241 - Validation Loss: 0.3491
INFO - Epoch 40, Loss: 0.3241 - Validation Loss: 0.3491
INFO - Epoch 41, Loss: 0.3233 - Validation Loss: 0.3490
INFO - Epoch 42, Loss: 0.3227 - Validation Loss: 0.3754
INFO - Epoch 43, Loss: 0.3227 - Validation Loss: 0.3754
INFO - Epoch 44, Loss: 0.3227 - Validation Loss: 0.3754
INFO - Epoch 45, Loss: 0.3227 - Validation Loss: 0.3754
INFO - Epoch 46, Loss: 0.3227 - Validation Loss: 0.3754
INFO - Epoch 47, Loss: 0.3227 - Validation Loss: 0.3754
INFO - Epoch 48, Loss: 0.3201 - Validation Loss: 0.3712
INFO - Epoch 49, Loss: 0.3173 - Validation Loss: 0.3664
INFO - Epoch 50, Loss: 0.3173 - Validation Loss: 0.3664
INFO - Epoch 51, Loss: 0.3173 - Validation Loss: 0.3664
INFO - Epoch 52, Loss: 0.3170 - Validation Loss: 0.3664
INFO - Epoch 53, Loss: 0.3149 - Validation Loss: 0.3641
INFO - Epoch 54, Loss: 0.3149 - Validation Loss: 0.3641
INFO - Epoch 55, Loss: 0.3149 - Validation Loss: 0.3641
INFO - Epoch 56, Loss: 0.3149 - Validation Loss: 0.3641
INFO - Epoch 57, Loss: 0.3147 - Validation Loss: 0.3601
INFO - Epoch 58, Loss: 0.3147 - Validation Loss: 0.3601
INFO - Epoch 59, Loss: 0.3147 - Validation Loss: 0.3601
INFO - Epoch 60, Loss: 0.3145 - Validation Loss: 0.3608
INFO - Epoch 61, Loss: 0.3145 - Validation Loss: 0.3608
INFO - Epoch 62, Loss: 0.3145 - Validation Loss: 0.3608
INFO - Epoch 63, Loss: 0.3145 - Validation Loss: 0.3608
INFO - Epoch 64, Loss: 0.3145 - Validation Loss: 0.3608
INFO - Epoch 65, Loss: 0.3145 - Validation Loss: 0.3619
INFO - Epoch 66, Loss: 0.3145 - Validation Loss: 0.3619
INFO - Epoch 67, Loss: 0.3143 - Validation Loss: 0.3597
INFO - Epoch 68, Loss: 0.3143 - Validation Loss: 0.3597
INFO - Epoch 69, Loss: 0.3143 - Validation Loss: 0.3666
INFO - Epoch 70, Loss: 0.3142 - Validation Loss: 0.3665
INFO - Epoch 71, Loss: 0.3140 - Validation Loss: 0.3659
INFO - Epoch 72, Loss: 0.3140 - Validation Loss: 0.3659
INFO - Epoch 73, Loss: 0.3139 - Validation Loss: 0.3640
INFO - Epoch 74, Loss: 0.3139 - Validation Loss: 0.3640
INFO - Epoch 75, Loss: 0.3139 - Validation Loss: 0.3640
INFO - Epoch 76, Loss: 0.3138 - Validation Loss: 0.3577
INFO - Epoch 77, Loss: 0.3138 - Validation Loss: 0.3577
INFO - Epoch 78, Loss: 0.3138 - Validation Loss: 0.3577
INFO - Epoch 79, Loss: 0.3138 - Validation Loss: 0.3618
INFO - Epoch 80, Loss: 0.3138 - Validation Loss: 0.3618
INFO - Epoch 81, Loss: 0.3138 - Validation Loss: 0.3618
INFO - Epoch 82, Loss: 0.3138 - Validation Loss: 0.3618
INFO - Epoch 83, Loss: 0.3138 - Validation Loss: 0.3618
INFO - Epoch 84, Loss: 0.3138 - Validation Loss: 0.3647
INFO - Epoch 85, Loss: 0.3138 - Validation Loss: 0.3603
INFO - Epoch 86, Loss: 0.3138 - Validation Loss: 0.3603
INFO - Epoch 87, Loss: 0.3138 - Validation Loss: 0.3603
INFO - Epoch 88, Loss: 0.3138 - Validation Loss: 0.3603
INFO - Epoch 89, Loss: 0.3138 - Validation Loss: 0.3621
INFO - Epoch 90, Loss: 0.3138 - Validation Loss: 0.3599
INFO - Epoch 91, Loss: 0.3138 - Validation Loss: 0.3599
INFO - Epoch 92, Loss: 0.3138 - Validation Loss: 0.3633
INFO - Epoch 93, Loss: 0.3137 - Validation Loss: 0.3581
INFO - Epoch 94, Loss: 0.3137 - Validation Loss: 0.3581
INFO - Epoch 95, Loss: 0.3137 - Validation Loss: 0.3581
INFO - Epoch 96, Loss: 0.3137 - Validation Loss: 0.3616
INFO - Epoch 97, Loss: 0.3137 - Validation Loss: 0.3616
INFO - Epoch 98, Loss: 0.3137 - Validation Loss: 0.3616
INFO - Epoch 99, Loss: 0.3137 - Validation Loss: 0.3616
INFO - Epoch 100, Loss: 0.3137 - Validation Loss: 0.3616
INFO - Fold 1, Accuracy on training dataset: 0.9912
INFO - Fold 1, Accuracy on validation dataset: 0.9649
INFO - Fold 1, Accuracy on test dataset: 0.9474
INFO - =========================
INFO - ======= Fold 2 =======
INFO - Epoch 0, Loss: 0.4606 - Validation Loss: 0.5091
INFO - Epoch 1, Loss: 0.4606 - Validation Loss: 0.5091
INFO - Epoch 2, Loss: 0.4048 - Validation Loss: 0.3897
INFO - Epoch 3, Loss: 0.4048 - Validation Loss: 0.3897
INFO - Epoch 4, Loss: 0.3860 - Validation Loss: 0.3968
INFO - Epoch 5, Loss: 0.3860 - Validation Loss: 0.3968
INFO - Epoch 6, Loss: 0.3860 - Validation Loss: 0.3968
INFO - Epoch 7, Loss: 0.3562 - Validation Loss: 0.3822
INFO - Epoch 8, Loss: 0.3562 - Validation Loss: 0.3822
INFO - Epoch 9, Loss: 0.3562 - Validation Loss: 0.3822
INFO - Epoch 10, Loss: 0.3562 - Validation Loss: 0.3822
INFO - Epoch 11, Loss: 0.3562 - Validation Loss: 0.3822
INFO - Epoch 12, Loss: 0.3540 - Validation Loss: 0.3594
INFO - Epoch 13, Loss: 0.3472 - Validation Loss: 0.3629
INFO - Epoch 14, Loss: 0.3449 - Validation Loss: 0.3668
INFO - Epoch 15, Loss: 0.3449 - Validation Loss: 0.3668
INFO - Epoch 16, Loss: 0.3412 - Validation Loss: 0.3603
INFO - Epoch 17, Loss: 0.3412 - Validation Loss: 0.3603
INFO - Epoch 18, Loss: 0.3412 - Validation Loss: 0.3603
INFO - Epoch 19, Loss: 0.3412 - Validation Loss: 0.3603
INFO - Epoch 20, Loss: 0.3412 - Validation Loss: 0.3603
INFO - Epoch 21, Loss: 0.3412 - Validation Loss: 0.3603
INFO - Epoch 22, Loss: 0.3412 - Validation Loss: 0.3603
INFO - Epoch 23, Loss: 0.3411 - Validation Loss: 0.3674
INFO - Epoch 24, Loss: 0.3384 - Validation Loss: 0.3665
INFO - Epoch 25, Loss: 0.3384 - Validation Loss: 0.3665
INFO - Epoch 26, Loss: 0.3384 - Validation Loss: 0.3665
INFO - Epoch 27, Loss: 0.3374 - Validation Loss: 0.3670
INFO - Epoch 28, Loss: 0.3374 - Validation Loss: 0.3670
INFO - Epoch 29, Loss: 0.3374 - Validation Loss: 0.3672
INFO - Epoch 30, Loss: 0.3374 - Validation Loss: 0.3672
INFO - Epoch 31, Loss: 0.3374 - Validation Loss: 0.3672
INFO - Epoch 32, Loss: 0.3371 - Validation Loss: 0.3683
INFO - Epoch 33, Loss: 0.3371 - Validation Loss: 0.3683
INFO - Epoch 34, Loss: 0.3344 - Validation Loss: 0.3553
INFO - Epoch 35, Loss: 0.3344 - Validation Loss: 0.3553
INFO - Epoch 36, Loss: 0.3344 - Validation Loss: 0.3553
INFO - Epoch 37, Loss: 0.3344 - Validation Loss: 0.3553
INFO - Epoch 38, Loss: 0.3340 - Validation Loss: 0.3590
INFO - Epoch 39, Loss: 0.3330 - Validation Loss: 0.3415
INFO - Epoch 40, Loss: 0.3318 - Validation Loss: 0.3581
INFO - Epoch 41, Loss: 0.3313 - Validation Loss: 0.3566
INFO - Epoch 42, Loss: 0.3313 - Validation Loss: 0.3566
INFO - Epoch 43, Loss: 0.3313 - Validation Loss: 0.3566
INFO - Epoch 44, Loss: 0.3313 - Validation Loss: 0.3566
INFO - Epoch 45, Loss: 0.3313 - Validation Loss: 0.3566
INFO - Epoch 46, Loss: 0.3313 - Validation Loss: 0.3566
INFO - Epoch 47, Loss: 0.3313 - Validation Loss: 0.3566
INFO - Epoch 48, Loss: 0.3313 - Validation Loss: 0.3566
INFO - Epoch 49, Loss: 0.3313 - Validation Loss: 0.3566
INFO - Epoch 50, Loss: 0.3313 - Validation Loss: 0.3566
INFO - Epoch 51, Loss: 0.3313 - Validation Loss: 0.3566
INFO - Epoch 52, Loss: 0.3313 - Validation Loss: 0.3566
INFO - Epoch 53, Loss: 0.3313 - Validation Loss: 0.3566
INFO - Epoch 54, Loss: 0.3313 - Validation Loss: 0.3566
INFO - Epoch 55, Loss: 0.3313 - Validation Loss: 0.3566
INFO - Epoch 56, Loss: 0.3313 - Validation Loss: 0.3566
INFO - Epoch 57, Loss: 0.3313 - Validation Loss: 0.3566
INFO - Epoch 58, Loss: 0.3313 - Validation Loss: 0.3566
INFO - Epoch 59, Loss: 0.3313 - Validation Loss: 0.3566
INFO - Epoch 60, Loss: 0.3313 - Validation Loss: 0.3566
INFO - Epoch 61, Loss: 0.3312 - Validation Loss: 0.3595
INFO - Epoch 62, Loss: 0.3312 - Validation Loss: 0.3595
INFO - Epoch 63, Loss: 0.3312 - Validation Loss: 0.3595
INFO - Epoch 64, Loss: 0.3312 - Validation Loss: 0.3595
INFO - Epoch 65, Loss: 0.3312 - Validation Loss: 0.3595
INFO - Epoch 66, Loss: 0.3312 - Validation Loss: 0.3595
INFO - Epoch 67, Loss: 0.3312 - Validation Loss: 0.3595
INFO - Epoch 68, Loss: 0.3312 - Validation Loss: 0.3595
INFO - Epoch 69, Loss: 0.3312 - Validation Loss: 0.3595
INFO - Epoch 70, Loss: 0.3312 - Validation Loss: 0.3595
INFO - Epoch 71, Loss: 0.3312 - Validation Loss: 0.3595
INFO - Epoch 72, Loss: 0.3312 - Validation Loss: 0.3488
INFO - Epoch 73, Loss: 0.3312 - Validation Loss: 0.3488
INFO - Epoch 74, Loss: 0.3312 - Validation Loss: 0.3488
INFO - Epoch 75, Loss: 0.3312 - Validation Loss: 0.3488
INFO - Epoch 76, Loss: 0.3312 - Validation Loss: 0.3488
INFO - Epoch 77, Loss: 0.3312 - Validation Loss: 0.3488
INFO - Epoch 78, Loss: 0.3312 - Validation Loss: 0.3488
INFO - Epoch 79, Loss: 0.3312 - Validation Loss: 0.3488
INFO - Epoch 80, Loss: 0.3312 - Validation Loss: 0.3488
INFO - Epoch 81, Loss: 0.3312 - Validation Loss: 0.3488
INFO - Epoch 82, Loss: 0.3312 - Validation Loss: 0.3489
INFO - Epoch 83, Loss: 0.3312 - Validation Loss: 0.3489
INFO - Epoch 84, Loss: 0.3312 - Validation Loss: 0.3489
INFO - Epoch 85, Loss: 0.3312 - Validation Loss: 0.3489
INFO - Epoch 86, Loss: 0.3312 - Validation Loss: 0.3489
INFO - Epoch 87, Loss: 0.3312 - Validation Loss: 0.3489
INFO - Epoch 88, Loss: 0.3312 - Validation Loss: 0.3489
INFO - Epoch 89, Loss: 0.3312 - Validation Loss: 0.3488
INFO - Epoch 90, Loss: 0.3312 - Validation Loss: 0.3488
INFO - Epoch 91, Loss: 0.3312 - Validation Loss: 0.3488
INFO - Epoch 92, Loss: 0.3312 - Validation Loss: 0.3488
INFO - Epoch 93, Loss: 0.3299 - Validation Loss: 0.3563
INFO - Epoch 94, Loss: 0.3293 - Validation Loss: 0.3546
INFO - Epoch 95, Loss: 0.3293 - Validation Loss: 0.3546
INFO - Epoch 96, Loss: 0.3286 - Validation Loss: 0.3497
INFO - Epoch 97, Loss: 0.3286 - Validation Loss: 0.3497
INFO - Epoch 98, Loss: 0.3286 - Validation Loss: 0.3497
INFO - Epoch 99, Loss: 0.3286 - Validation Loss: 0.3574
INFO - Epoch 100, Loss: 0.3286 - Validation Loss: 0.3574
INFO - Fold 2, Accuracy on training dataset: 0.9795
INFO - Fold 2, Accuracy on validation dataset: 0.9737
INFO - Fold 2, Accuracy on test dataset: 0.9474
INFO - =========================
INFO - ======= Fold 3 =======
INFO - Epoch 0, Loss: 0.4214 - Validation Loss: 0.4392
INFO - Epoch 1, Loss: 0.3879 - Validation Loss: 0.3679
INFO - Epoch 2, Loss: 0.3697 - Validation Loss: 0.3847
INFO - Epoch 3, Loss: 0.3697 - Validation Loss: 0.3847
INFO - Epoch 4, Loss: 0.3697 - Validation Loss: 0.3847
INFO - Epoch 5, Loss: 0.3697 - Validation Loss: 0.3847
INFO - Epoch 6, Loss: 0.3697 - Validation Loss: 0.3847
INFO - Epoch 7, Loss: 0.3697 - Validation Loss: 0.3847
INFO - Epoch 8, Loss: 0.3697 - Validation Loss: 0.3847
INFO - Epoch 9, Loss: 0.3697 - Validation Loss: 0.3847
INFO - Epoch 10, Loss: 0.3674 - Validation Loss: 0.3567
INFO - Epoch 11, Loss: 0.3647 - Validation Loss: 0.3148
INFO - Epoch 12, Loss: 0.3647 - Validation Loss: 0.3148
INFO - Epoch 13, Loss: 0.3577 - Validation Loss: 0.3399
INFO - Epoch 14, Loss: 0.3577 - Validation Loss: 0.3399
INFO - Epoch 15, Loss: 0.3577 - Validation Loss: 0.3399
INFO - Epoch 16, Loss: 0.3577 - Validation Loss: 0.3399
INFO - Epoch 17, Loss: 0.3577 - Validation Loss: 0.3399
INFO - Epoch 18, Loss: 0.3519 - Validation Loss: 0.3337
INFO - Epoch 19, Loss: 0.3519 - Validation Loss: 0.3337
INFO - Epoch 20, Loss: 0.3405 - Validation Loss: 0.3489
INFO - Epoch 21, Loss: 0.3405 - Validation Loss: 0.3489
INFO - Epoch 22, Loss: 0.3405 - Validation Loss: 0.3489
INFO - Epoch 23, Loss: 0.3405 - Validation Loss: 0.3489
INFO - Epoch 24, Loss: 0.3405 - Validation Loss: 0.3489
INFO - Epoch 25, Loss: 0.3405 - Validation Loss: 0.3489
INFO - Epoch 26, Loss: 0.3363 - Validation Loss: 0.3401
INFO - Epoch 27, Loss: 0.3363 - Validation Loss: 0.3401
INFO - Epoch 28, Loss: 0.3363 - Validation Loss: 0.3401
INFO - Epoch 29, Loss: 0.3363 - Validation Loss: 0.3401
INFO - Epoch 30, Loss: 0.3343 - Validation Loss: 0.3401
INFO - Epoch 31, Loss: 0.3343 - Validation Loss: 0.3401
INFO - Epoch 32, Loss: 0.3343 - Validation Loss: 0.3400
INFO - Epoch 33, Loss: 0.3343 - Validation Loss: 0.3400
INFO - Epoch 34, Loss: 0.3341 - Validation Loss: 0.3404
INFO - Epoch 35, Loss: 0.3341 - Validation Loss: 0.3404
INFO - Epoch 36, Loss: 0.3315 - Validation Loss: 0.3315
INFO - Epoch 37, Loss: 0.3315 - Validation Loss: 0.3315
INFO - Epoch 38, Loss: 0.3315 - Validation Loss: 0.3315
INFO - Epoch 39, Loss: 0.3300 - Validation Loss: 0.3432
INFO - Epoch 40, Loss: 0.3300 - Validation Loss: 0.3432
INFO - Epoch 41, Loss: 0.3300 - Validation Loss: 0.3432
INFO - Epoch 42, Loss: 0.3286 - Validation Loss: 0.3337
INFO - Epoch 43, Loss: 0.3274 - Validation Loss: 0.3315
INFO - Epoch 44, Loss: 0.3228 - Validation Loss: 0.3387
INFO - Epoch 45, Loss: 0.3228 - Validation Loss: 0.3387
INFO - Epoch 46, Loss: 0.3228 - Validation Loss: 0.3387
INFO - Epoch 47, Loss: 0.3228 - Validation Loss: 0.3387
INFO - Epoch 48, Loss: 0.3228 - Validation Loss: 0.3387
INFO - Epoch 49, Loss: 0.3228 - Validation Loss: 0.3387
INFO - Epoch 50, Loss: 0.3228 - Validation Loss: 0.3387
INFO - Epoch 51, Loss: 0.3228 - Validation Loss: 0.3387
INFO - Epoch 52, Loss: 0.3228 - Validation Loss: 0.3387
INFO - Epoch 53, Loss: 0.3228 - Validation Loss: 0.3387
INFO - Epoch 54, Loss: 0.3228 - Validation Loss: 0.3387
INFO - Epoch 55, Loss: 0.3228 - Validation Loss: 0.3387
INFO - Epoch 56, Loss: 0.3228 - Validation Loss: 0.3387
INFO - Epoch 57, Loss: 0.3228 - Validation Loss: 0.3387
INFO - Epoch 58, Loss: 0.3228 - Validation Loss: 0.3387
INFO - Epoch 59, Loss: 0.3228 - Validation Loss: 0.3387
INFO - Epoch 60, Loss: 0.3228 - Validation Loss: 0.3387
INFO - Epoch 61, Loss: 0.3228 - Validation Loss: 0.3387
INFO - Epoch 62, Loss: 0.3228 - Validation Loss: 0.3395
INFO - Epoch 63, Loss: 0.3228 - Validation Loss: 0.3395
INFO - Epoch 64, Loss: 0.3228 - Validation Loss: 0.3395
INFO - Epoch 65, Loss: 0.3228 - Validation Loss: 0.3395
INFO - Epoch 66, Loss: 0.3228 - Validation Loss: 0.3395
INFO - Epoch 67, Loss: 0.3228 - Validation Loss: 0.3395
INFO - Epoch 68, Loss: 0.3228 - Validation Loss: 0.3395
INFO - Epoch 69, Loss: 0.3228 - Validation Loss: 0.3395
INFO - Epoch 70, Loss: 0.3228 - Validation Loss: 0.3390
INFO - Epoch 71, Loss: 0.3228 - Validation Loss: 0.3390
INFO - Epoch 72, Loss: 0.3228 - Validation Loss: 0.3391
INFO - Epoch 73, Loss: 0.3228 - Validation Loss: 0.3391
INFO - Epoch 74, Loss: 0.3228 - Validation Loss: 0.3391
INFO - Epoch 75, Loss: 0.3228 - Validation Loss: 0.3391
INFO - Epoch 76, Loss: 0.3228 - Validation Loss: 0.3391
INFO - Epoch 77, Loss: 0.3228 - Validation Loss: 0.3391
INFO - Epoch 78, Loss: 0.3228 - Validation Loss: 0.3391
INFO - Epoch 79, Loss: 0.3228 - Validation Loss: 0.3391
INFO - Epoch 80, Loss: 0.3228 - Validation Loss: 0.3391
INFO - Epoch 81, Loss: 0.3228 - Validation Loss: 0.3391
INFO - Epoch 82, Loss: 0.3228 - Validation Loss: 0.3391
INFO - Epoch 83, Loss: 0.3228 - Validation Loss: 0.3391
INFO - Epoch 84, Loss: 0.3228 - Validation Loss: 0.3391
INFO - Epoch 85, Loss: 0.3228 - Validation Loss: 0.3391
INFO - Epoch 86, Loss: 0.3228 - Validation Loss: 0.3391
INFO - Epoch 87, Loss: 0.3228 - Validation Loss: 0.3391
INFO - Epoch 88, Loss: 0.3228 - Validation Loss: 0.3391
INFO - Epoch 89, Loss: 0.3228 - Validation Loss: 0.3391
INFO - Epoch 90, Loss: 0.3228 - Validation Loss: 0.3391
INFO - Epoch 91, Loss: 0.3228 - Validation Loss: 0.3386
INFO - Epoch 92, Loss: 0.3228 - Validation Loss: 0.3386
INFO - Epoch 93, Loss: 0.3228 - Validation Loss: 0.3384
INFO - Epoch 94, Loss: 0.3228 - Validation Loss: 0.3384
INFO - Epoch 95, Loss: 0.3228 - Validation Loss: 0.3379
INFO - Epoch 96, Loss: 0.3228 - Validation Loss: 0.3379
INFO - Epoch 97, Loss: 0.3228 - Validation Loss: 0.3379
INFO - Epoch 98, Loss: 0.3228 - Validation Loss: 0.3382
INFO - Epoch 99, Loss: 0.3228 - Validation Loss: 0.3382
INFO - Epoch 100, Loss: 0.3228 - Validation Loss: 0.3382
INFO - Fold 3, Accuracy on training dataset: 0.9472
INFO - Fold 3, Accuracy on validation dataset: 1.0000
INFO - Fold 3, Accuracy on test dataset: 0.9298
INFO - =========================
INFO - ======= Fold 4 =======
INFO - Epoch 0, Loss: 0.4426 - Validation Loss: 0.4238
INFO - Epoch 1, Loss: 0.4214 - Validation Loss: 0.4047
INFO - Epoch 2, Loss: 0.3962 - Validation Loss: 0.3737
INFO - Epoch 3, Loss: 0.3923 - Validation Loss: 0.3814
INFO - Epoch 4, Loss: 0.3923 - Validation Loss: 0.3814
INFO - Epoch 5, Loss: 0.3923 - Validation Loss: 0.3814
INFO - Epoch 6, Loss: 0.3923 - Validation Loss: 0.3814
INFO - Epoch 7, Loss: 0.3837 - Validation Loss: 0.3665
INFO - Epoch 8, Loss: 0.3536 - Validation Loss: 0.3586
INFO - Epoch 9, Loss: 0.3536 - Validation Loss: 0.3586
INFO - Epoch 10, Loss: 0.3536 - Validation Loss: 0.3586
INFO - Epoch 11, Loss: 0.3536 - Validation Loss: 0.3586
INFO - Epoch 12, Loss: 0.3536 - Validation Loss: 0.3586
INFO - Epoch 13, Loss: 0.3536 - Validation Loss: 0.3586
INFO - Epoch 14, Loss: 0.3536 - Validation Loss: 0.3586
INFO - Epoch 15, Loss: 0.3536 - Validation Loss: 0.3586
INFO - Epoch 16, Loss: 0.3467 - Validation Loss: 0.3494
INFO - Epoch 17, Loss: 0.3467 - Validation Loss: 0.3494
INFO - Epoch 18, Loss: 0.3467 - Validation Loss: 0.3494
INFO - Epoch 19, Loss: 0.3467 - Validation Loss: 0.3494
INFO - Epoch 20, Loss: 0.3467 - Validation Loss: 0.3494
INFO - Epoch 21, Loss: 0.3467 - Validation Loss: 0.3494
INFO - Epoch 22, Loss: 0.3461 - Validation Loss: 0.3465
INFO - Epoch 23, Loss: 0.3432 - Validation Loss: 0.3405
INFO - Epoch 24, Loss: 0.3432 - Validation Loss: 0.3405
INFO - Epoch 25, Loss: 0.3432 - Validation Loss: 0.3405
INFO - Epoch 26, Loss: 0.3432 - Validation Loss: 0.3405
INFO - Epoch 27, Loss: 0.3432 - Validation Loss: 0.3405
INFO - Epoch 28, Loss: 0.3432 - Validation Loss: 0.3405
INFO - Epoch 29, Loss: 0.3403 - Validation Loss: 0.3494
INFO - Epoch 30, Loss: 0.3403 - Validation Loss: 0.3494
INFO - Epoch 31, Loss: 0.3403 - Validation Loss: 0.3494
INFO - Epoch 32, Loss: 0.3402 - Validation Loss: 0.3405
INFO - Epoch 33, Loss: 0.3402 - Validation Loss: 0.3405
INFO - Epoch 34, Loss: 0.3402 - Validation Loss: 0.3405
INFO - Epoch 35, Loss: 0.3402 - Validation Loss: 0.3405
INFO - Epoch 36, Loss: 0.3373 - Validation Loss: 0.3405
INFO - Epoch 37, Loss: 0.3373 - Validation Loss: 0.3405
INFO - Epoch 38, Loss: 0.3373 - Validation Loss: 0.3405
INFO - Epoch 39, Loss: 0.3373 - Validation Loss: 0.3405
INFO - Epoch 40, Loss: 0.3349 - Validation Loss: 0.3498
INFO - Epoch 41, Loss: 0.3322 - Validation Loss: 0.3412
INFO - Epoch 42, Loss: 0.3322 - Validation Loss: 0.3412
INFO - Epoch 43, Loss: 0.3322 - Validation Loss: 0.3412
INFO - Epoch 44, Loss: 0.3317 - Validation Loss: 0.3496
INFO - Epoch 45, Loss: 0.3317 - Validation Loss: 0.3496
INFO - Epoch 46, Loss: 0.3317 - Validation Loss: 0.3413
INFO - Epoch 47, Loss: 0.3317 - Validation Loss: 0.3413
INFO - Epoch 48, Loss: 0.3310 - Validation Loss: 0.3517
INFO - Epoch 49, Loss: 0.3298 - Validation Loss: 0.3506
INFO - Epoch 50, Loss: 0.3298 - Validation Loss: 0.3506
INFO - Epoch 51, Loss: 0.3296 - Validation Loss: 0.3502
INFO - Epoch 52, Loss: 0.3296 - Validation Loss: 0.3502
INFO - Epoch 53, Loss: 0.3295 - Validation Loss: 0.3502
INFO - Epoch 54, Loss: 0.3295 - Validation Loss: 0.3502
INFO - Epoch 55, Loss: 0.3292 - Validation Loss: 0.3500
INFO - Epoch 56, Loss: 0.3292 - Validation Loss: 0.3500
INFO - Epoch 57, Loss: 0.3291 - Validation Loss: 0.3586
INFO - Epoch 58, Loss: 0.3291 - Validation Loss: 0.3586
INFO - Epoch 59, Loss: 0.3291 - Validation Loss: 0.3586
INFO - Epoch 60, Loss: 0.3291 - Validation Loss: 0.3586
INFO - Epoch 61, Loss: 0.3291 - Validation Loss: 0.3510
INFO - Epoch 62, Loss: 0.3290 - Validation Loss: 0.3498
INFO - Epoch 63, Loss: 0.3290 - Validation Loss: 0.3498
INFO - Epoch 64, Loss: 0.3290 - Validation Loss: 0.3498
INFO - Epoch 65, Loss: 0.3290 - Validation Loss: 0.3498
INFO - Epoch 66, Loss: 0.3290 - Validation Loss: 0.3498
INFO - Epoch 67, Loss: 0.3290 - Validation Loss: 0.3498
INFO - Epoch 68, Loss: 0.3290 - Validation Loss: 0.3486
INFO - Epoch 69, Loss: 0.3289 - Validation Loss: 0.3408
INFO - Epoch 70, Loss: 0.3289 - Validation Loss: 0.3408
INFO - Epoch 71, Loss: 0.3289 - Validation Loss: 0.3408
INFO - Epoch 72, Loss: 0.3289 - Validation Loss: 0.3408
INFO - Epoch 73, Loss: 0.3289 - Validation Loss: 0.3408
INFO - Epoch 74, Loss: 0.3289 - Validation Loss: 0.3408
INFO - Epoch 75, Loss: 0.3289 - Validation Loss: 0.3408
INFO - Epoch 76, Loss: 0.3289 - Validation Loss: 0.3408
INFO - Epoch 77, Loss: 0.3289 - Validation Loss: 0.3408
INFO - Epoch 78, Loss: 0.3289 - Validation Loss: 0.3408
INFO - Epoch 79, Loss: 0.3289 - Validation Loss: 0.3408
INFO - Epoch 80, Loss: 0.3289 - Validation Loss: 0.3408
INFO - Epoch 81, Loss: 0.3289 - Validation Loss: 0.3408
INFO - Epoch 82, Loss: 0.3288 - Validation Loss: 0.3408
INFO - Epoch 83, Loss: 0.3288 - Validation Loss: 0.3408
INFO - Epoch 84, Loss: 0.3288 - Validation Loss: 0.3408
INFO - Epoch 85, Loss: 0.3288 - Validation Loss: 0.3408
INFO - Epoch 86, Loss: 0.3288 - Validation Loss: 0.3408
INFO - Epoch 87, Loss: 0.3288 - Validation Loss: 0.3408
INFO - Epoch 88, Loss: 0.3288 - Validation Loss: 0.3408
INFO - Epoch 89, Loss: 0.3288 - Validation Loss: 0.3414
INFO - Epoch 90, Loss: 0.3288 - Validation Loss: 0.3408
INFO - Epoch 91, Loss: 0.3288 - Validation Loss: 0.3408
INFO - Epoch 92, Loss: 0.3288 - Validation Loss: 0.3408
INFO - Epoch 93, Loss: 0.3288 - Validation Loss: 0.3432
INFO - Epoch 94, Loss: 0.3288 - Validation Loss: 0.3432
INFO - Epoch 95, Loss: 0.3288 - Validation Loss: 0.3432
INFO - Epoch 96, Loss: 0.3288 - Validation Loss: 0.3432
INFO - Epoch 97, Loss: 0.3288 - Validation Loss: 0.3408
INFO - Epoch 98, Loss: 0.3288 - Validation Loss: 0.3408
INFO - Epoch 99, Loss: 0.3288 - Validation Loss: 0.3408
INFO - Epoch 100, Loss: 0.3288 - Validation Loss: 0.3429
INFO - Fold 4, Accuracy on training dataset: 0.9561
INFO - Fold 4, Accuracy on validation dataset: 0.9735
INFO - Fold 4, Accuracy on test dataset: 0.9298
INFO - =========================
INFO - Best model saved at: ./models/breast_cancer_best_model.pth
INFO - =============================================
INFO - Model Setup:
INFO - dataset: breast_cancer
INFO - input_dim: 30
INFO - output_dim: 2
INFO - n_samples: 455
INFO - hidden_layers: [90]
INFO - n_particles: 20
INFO - g: 1.13
INFO - interval_parms_updated: 1
INFO - n_folds: 4
INFO - n_epochs: 100
INFO - =============================================
INFO - Mean time per epoch and folder: 2967.0643 seconds
INFO - Mean accuracy on training dataset: 0.9685
INFO - Mean accuracy on validation dataset: 0.9780
INFO - Mean accuracy on test dataset: 0.9386
INFO - Standard deviation of accuracy on test dataset: 0.0088
INFO - =============================================
