INFO - ======= Fold 1 =======
INFO - Epoch 0 - Train Loss: 0.5400 - Val Loss: 0.5337 - Best Val Loss: 0.5337
INFO - Epoch 1 - Train Loss: 0.5400 - Val Loss: 0.5337 - Best Val Loss: 0.5337
INFO - Epoch 2 - Train Loss: 0.4738 - Val Loss: 0.4930 - Best Val Loss: 0.4930
INFO - Epoch 3 - Train Loss: 0.4731 - Val Loss: 0.4832 - Best Val Loss: 0.4832
INFO - Epoch 4 - Train Loss: 0.4564 - Val Loss: 0.4664 - Best Val Loss: 0.4664
INFO - Epoch 5 - Train Loss: 0.4564 - Val Loss: 0.4664 - Best Val Loss: 0.4664
INFO - Epoch 6 - Train Loss: 0.4564 - Val Loss: 0.4664 - Best Val Loss: 0.4664
INFO - Epoch 7 - Train Loss: 0.4362 - Val Loss: 0.4242 - Best Val Loss: 0.4242
INFO - Epoch 8 - Train Loss: 0.4362 - Val Loss: 0.4242 - Best Val Loss: 0.4242
INFO - Epoch 9 - Train Loss: 0.4316 - Val Loss: 0.4149 - Best Val Loss: 0.4149
INFO - Epoch 10 - Train Loss: 0.4316 - Val Loss: 0.4149 - Best Val Loss: 0.4149
INFO - Epoch 11 - Train Loss: 0.4316 - Val Loss: 0.4149 - Best Val Loss: 0.4149
INFO - Epoch 12 - Train Loss: 0.4287 - Val Loss: 0.4394 - Best Val Loss: 0.4149
INFO - Epoch 13 - Train Loss: 0.4287 - Val Loss: 0.4394 - Best Val Loss: 0.4149
INFO - Epoch 14 - Train Loss: 0.4287 - Val Loss: 0.4394 - Best Val Loss: 0.4149
INFO - Epoch 15 - Train Loss: 0.4287 - Val Loss: 0.4394 - Best Val Loss: 0.4149
INFO - Epoch 16 - Train Loss: 0.4287 - Val Loss: 0.4394 - Best Val Loss: 0.4149
INFO - Epoch 17 - Train Loss: 0.4287 - Val Loss: 0.4394 - Best Val Loss: 0.4149
INFO - Epoch 18 - Train Loss: 0.4287 - Val Loss: 0.4394 - Best Val Loss: 0.4149
INFO - Epoch 19 - Train Loss: 0.4287 - Val Loss: 0.4394 - Best Val Loss: 0.4149
INFO - Epoch 20 - Train Loss: 0.4287 - Val Loss: 0.4394 - Best Val Loss: 0.4149
INFO - Epoch 21 - Train Loss: 0.4287 - Val Loss: 0.4394 - Best Val Loss: 0.4149
INFO - Epoch 22 - Train Loss: 0.4287 - Val Loss: 0.4394 - Best Val Loss: 0.4149
INFO - Epoch 23 - Train Loss: 0.4287 - Val Loss: 0.4394 - Best Val Loss: 0.4149
INFO - Epoch 24 - Train Loss: 0.4287 - Val Loss: 0.4394 - Best Val Loss: 0.4149
INFO - Epoch 25 - Train Loss: 0.4287 - Val Loss: 0.4394 - Best Val Loss: 0.4149
INFO - Epoch 26 - Train Loss: 0.4109 - Val Loss: 0.4369 - Best Val Loss: 0.4149
INFO - Epoch 27 - Train Loss: 0.3969 - Val Loss: 0.4464 - Best Val Loss: 0.4149
INFO - Epoch 28 - Train Loss: 0.3908 - Val Loss: 0.4198 - Best Val Loss: 0.4149
INFO - Epoch 29 - Train Loss: 0.3908 - Val Loss: 0.4198 - Best Val Loss: 0.4149
INFO - Epoch 30 - Train Loss: 0.3908 - Val Loss: 0.4198 - Best Val Loss: 0.4149
INFO - Epoch 31 - Train Loss: 0.3908 - Val Loss: 0.4198 - Best Val Loss: 0.4149
INFO - Epoch 32 - Train Loss: 0.3865 - Val Loss: 0.4038 - Best Val Loss: 0.4038
INFO - Epoch 33 - Train Loss: 0.3865 - Val Loss: 0.4038 - Best Val Loss: 0.4038
INFO - Epoch 34 - Train Loss: 0.3828 - Val Loss: 0.4119 - Best Val Loss: 0.4038
INFO - Epoch 35 - Train Loss: 0.3828 - Val Loss: 0.4119 - Best Val Loss: 0.4038
INFO - Epoch 36 - Train Loss: 0.3685 - Val Loss: 0.3947 - Best Val Loss: 0.3947
INFO - Epoch 37 - Train Loss: 0.3685 - Val Loss: 0.3947 - Best Val Loss: 0.3947
INFO - Epoch 38 - Train Loss: 0.3685 - Val Loss: 0.3947 - Best Val Loss: 0.3947
INFO - Epoch 39 - Train Loss: 0.3664 - Val Loss: 0.3955 - Best Val Loss: 0.3947
INFO - Epoch 40 - Train Loss: 0.3664 - Val Loss: 0.3955 - Best Val Loss: 0.3947
INFO - Epoch 41 - Train Loss: 0.3664 - Val Loss: 0.3955 - Best Val Loss: 0.3947
INFO - Epoch 42 - Train Loss: 0.3664 - Val Loss: 0.3955 - Best Val Loss: 0.3947
INFO - Epoch 43 - Train Loss: 0.3664 - Val Loss: 0.3955 - Best Val Loss: 0.3947
INFO - Epoch 44 - Train Loss: 0.3664 - Val Loss: 0.3955 - Best Val Loss: 0.3947
INFO - Epoch 45 - Train Loss: 0.3664 - Val Loss: 0.3955 - Best Val Loss: 0.3947
INFO - Epoch 46 - Train Loss: 0.3664 - Val Loss: 0.3955 - Best Val Loss: 0.3947
INFO - Epoch 47 - Train Loss: 0.3664 - Val Loss: 0.3955 - Best Val Loss: 0.3947
INFO - Epoch 48 - Train Loss: 0.3551 - Val Loss: 0.3871 - Best Val Loss: 0.3871
INFO - Epoch 49 - Train Loss: 0.3551 - Val Loss: 0.3871 - Best Val Loss: 0.3871
INFO - Epoch 50 - Train Loss: 0.3551 - Val Loss: 0.3871 - Best Val Loss: 0.3871
INFO - Epoch 51 - Train Loss: 0.3551 - Val Loss: 0.3871 - Best Val Loss: 0.3871
INFO - Epoch 52 - Train Loss: 0.3551 - Val Loss: 0.3871 - Best Val Loss: 0.3871
INFO - Epoch 53 - Train Loss: 0.3551 - Val Loss: 0.3871 - Best Val Loss: 0.3871
INFO - Epoch 54 - Train Loss: 0.3551 - Val Loss: 0.3871 - Best Val Loss: 0.3871
INFO - Epoch 55 - Train Loss: 0.3530 - Val Loss: 0.3879 - Best Val Loss: 0.3871
INFO - Epoch 56 - Train Loss: 0.3530 - Val Loss: 0.3879 - Best Val Loss: 0.3871
INFO - Epoch 57 - Train Loss: 0.3530 - Val Loss: 0.3879 - Best Val Loss: 0.3871
INFO - Epoch 58 - Train Loss: 0.3515 - Val Loss: 0.3894 - Best Val Loss: 0.3871
INFO - Epoch 59 - Train Loss: 0.3515 - Val Loss: 0.3894 - Best Val Loss: 0.3871
INFO - Epoch 60 - Train Loss: 0.3505 - Val Loss: 0.3884 - Best Val Loss: 0.3871
INFO - Epoch 61 - Train Loss: 0.3505 - Val Loss: 0.3884 - Best Val Loss: 0.3871
INFO - Epoch 62 - Train Loss: 0.3505 - Val Loss: 0.3884 - Best Val Loss: 0.3871
INFO - Epoch 63 - Train Loss: 0.3484 - Val Loss: 0.3980 - Best Val Loss: 0.3871
INFO - Epoch 64 - Train Loss: 0.3484 - Val Loss: 0.3980 - Best Val Loss: 0.3871
INFO - Epoch 65 - Train Loss: 0.3484 - Val Loss: 0.3980 - Best Val Loss: 0.3871
INFO - Epoch 66 - Train Loss: 0.3484 - Val Loss: 0.3980 - Best Val Loss: 0.3871
INFO - Epoch 67 - Train Loss: 0.3484 - Val Loss: 0.3980 - Best Val Loss: 0.3871
INFO - Epoch 68 - Train Loss: 0.3484 - Val Loss: 0.3980 - Best Val Loss: 0.3871
INFO - Epoch 69 - Train Loss: 0.3484 - Val Loss: 0.3980 - Best Val Loss: 0.3871
INFO - Epoch 70 - Train Loss: 0.3484 - Val Loss: 0.3980 - Best Val Loss: 0.3871
INFO - Epoch 71 - Train Loss: 0.3484 - Val Loss: 0.3980 - Best Val Loss: 0.3871
INFO - Epoch 72 - Train Loss: 0.3481 - Val Loss: 0.3889 - Best Val Loss: 0.3871
INFO - Epoch 73 - Train Loss: 0.3480 - Val Loss: 0.3889 - Best Val Loss: 0.3871
INFO - Epoch 74 - Train Loss: 0.3480 - Val Loss: 0.3889 - Best Val Loss: 0.3871
INFO - Epoch 75 - Train Loss: 0.3480 - Val Loss: 0.3889 - Best Val Loss: 0.3871
INFO - Epoch 76 - Train Loss: 0.3480 - Val Loss: 0.3889 - Best Val Loss: 0.3871
INFO - Epoch 77 - Train Loss: 0.3479 - Val Loss: 0.3888 - Best Val Loss: 0.3871
INFO - Epoch 78 - Train Loss: 0.3479 - Val Loss: 0.3888 - Best Val Loss: 0.3871
INFO - Epoch 79 - Train Loss: 0.3479 - Val Loss: 0.3888 - Best Val Loss: 0.3871
INFO - Epoch 80 - Train Loss: 0.3479 - Val Loss: 0.3888 - Best Val Loss: 0.3871
INFO - Epoch 81 - Train Loss: 0.3479 - Val Loss: 0.3888 - Best Val Loss: 0.3871
INFO - Epoch 82 - Train Loss: 0.3479 - Val Loss: 0.3888 - Best Val Loss: 0.3871
INFO - Epoch 83 - Train Loss: 0.3479 - Val Loss: 0.3975 - Best Val Loss: 0.3871
INFO - Epoch 84 - Train Loss: 0.3478 - Val Loss: 0.3886 - Best Val Loss: 0.3871
INFO - Epoch 85 - Train Loss: 0.3478 - Val Loss: 0.3886 - Best Val Loss: 0.3871
INFO - Epoch 86 - Train Loss: 0.3477 - Val Loss: 0.3886 - Best Val Loss: 0.3871
INFO - Epoch 87 - Train Loss: 0.3477 - Val Loss: 0.3886 - Best Val Loss: 0.3871
INFO - Epoch 88 - Train Loss: 0.3455 - Val Loss: 0.3893 - Best Val Loss: 0.3871
INFO - Epoch 89 - Train Loss: 0.3449 - Val Loss: 0.3799 - Best Val Loss: 0.3799
INFO - Epoch 90 - Train Loss: 0.3393 - Val Loss: 0.3802 - Best Val Loss: 0.3799
INFO - Epoch 91 - Train Loss: 0.3391 - Val Loss: 0.3800 - Best Val Loss: 0.3799
INFO - Epoch 92 - Train Loss: 0.3391 - Val Loss: 0.3800 - Best Val Loss: 0.3799
INFO - Epoch 93 - Train Loss: 0.3391 - Val Loss: 0.3800 - Best Val Loss: 0.3799
INFO - Epoch 94 - Train Loss: 0.3391 - Val Loss: 0.3800 - Best Val Loss: 0.3799
INFO - Epoch 95 - Train Loss: 0.3388 - Val Loss: 0.3797 - Best Val Loss: 0.3797
INFO - Epoch 96 - Train Loss: 0.3388 - Val Loss: 0.3797 - Best Val Loss: 0.3797
INFO - Epoch 97 - Train Loss: 0.3388 - Val Loss: 0.3797 - Best Val Loss: 0.3797
INFO - Epoch 98 - Train Loss: 0.3388 - Val Loss: 0.3797 - Best Val Loss: 0.3797
INFO - Epoch 99 - Train Loss: 0.3388 - Val Loss: 0.3797 - Best Val Loss: 0.3797
INFO - Epoch 100 - Train Loss: 0.3388 - Val Loss: 0.3797 - Best Val Loss: 0.3797
INFO - Fold 1, Accuracy on training dataset: 0.9795
INFO - Fold 1, Accuracy on validation dataset: 0.9386
INFO - Fold 1, Accuracy on test dataset: 0.9298
INFO - =========================
INFO - ======= Fold 2 =======
INFO - Epoch 0 - Train Loss: 0.5371 - Val Loss: 0.5820 - Best Val Loss: 0.5820
INFO - Epoch 1 - Train Loss: 0.5371 - Val Loss: 0.5820 - Best Val Loss: 0.5820
INFO - Epoch 2 - Train Loss: 0.4977 - Val Loss: 0.5354 - Best Val Loss: 0.5354
INFO - Epoch 3 - Train Loss: 0.4200 - Val Loss: 0.4437 - Best Val Loss: 0.4437
INFO - Epoch 4 - Train Loss: 0.4200 - Val Loss: 0.4437 - Best Val Loss: 0.4437
INFO - Epoch 5 - Train Loss: 0.4200 - Val Loss: 0.4437 - Best Val Loss: 0.4437
INFO - Epoch 6 - Train Loss: 0.4200 - Val Loss: 0.4437 - Best Val Loss: 0.4437
INFO - Epoch 7 - Train Loss: 0.4200 - Val Loss: 0.4437 - Best Val Loss: 0.4437
INFO - Epoch 8 - Train Loss: 0.4200 - Val Loss: 0.4437 - Best Val Loss: 0.4437
INFO - Epoch 9 - Train Loss: 0.4200 - Val Loss: 0.4437 - Best Val Loss: 0.4437
INFO - Epoch 10 - Train Loss: 0.4200 - Val Loss: 0.4437 - Best Val Loss: 0.4437
INFO - Epoch 11 - Train Loss: 0.4200 - Val Loss: 0.4437 - Best Val Loss: 0.4437
INFO - Epoch 12 - Train Loss: 0.4200 - Val Loss: 0.4437 - Best Val Loss: 0.4437
INFO - Epoch 13 - Train Loss: 0.4200 - Val Loss: 0.4437 - Best Val Loss: 0.4437
INFO - Epoch 14 - Train Loss: 0.4200 - Val Loss: 0.4437 - Best Val Loss: 0.4437
INFO - Epoch 15 - Train Loss: 0.4200 - Val Loss: 0.4437 - Best Val Loss: 0.4437
INFO - Epoch 16 - Train Loss: 0.4200 - Val Loss: 0.4437 - Best Val Loss: 0.4437
INFO - Epoch 17 - Train Loss: 0.3955 - Val Loss: 0.4154 - Best Val Loss: 0.4154
INFO - Epoch 18 - Train Loss: 0.3955 - Val Loss: 0.4154 - Best Val Loss: 0.4154
INFO - Epoch 19 - Train Loss: 0.3775 - Val Loss: 0.4294 - Best Val Loss: 0.4154
INFO - Epoch 20 - Train Loss: 0.3775 - Val Loss: 0.4294 - Best Val Loss: 0.4154
INFO - Epoch 21 - Train Loss: 0.3775 - Val Loss: 0.4294 - Best Val Loss: 0.4154
INFO - Epoch 22 - Train Loss: 0.3775 - Val Loss: 0.4294 - Best Val Loss: 0.4154
INFO - Epoch 23 - Train Loss: 0.3775 - Val Loss: 0.4294 - Best Val Loss: 0.4154
INFO - Epoch 24 - Train Loss: 0.3775 - Val Loss: 0.4294 - Best Val Loss: 0.4154
INFO - Epoch 25 - Train Loss: 0.3775 - Val Loss: 0.4294 - Best Val Loss: 0.4154
INFO - Epoch 26 - Train Loss: 0.3775 - Val Loss: 0.4294 - Best Val Loss: 0.4154
INFO - Epoch 27 - Train Loss: 0.3775 - Val Loss: 0.4294 - Best Val Loss: 0.4154
INFO - Epoch 28 - Train Loss: 0.3775 - Val Loss: 0.4294 - Best Val Loss: 0.4154
INFO - Epoch 29 - Train Loss: 0.3775 - Val Loss: 0.4294 - Best Val Loss: 0.4154
INFO - Epoch 30 - Train Loss: 0.3775 - Val Loss: 0.4294 - Best Val Loss: 0.4154
INFO - Epoch 31 - Train Loss: 0.3775 - Val Loss: 0.4294 - Best Val Loss: 0.4154
INFO - Epoch 32 - Train Loss: 0.3775 - Val Loss: 0.4294 - Best Val Loss: 0.4154
INFO - Epoch 33 - Train Loss: 0.3775 - Val Loss: 0.4294 - Best Val Loss: 0.4154
INFO - Epoch 34 - Train Loss: 0.3775 - Val Loss: 0.4294 - Best Val Loss: 0.4154
INFO - Epoch 35 - Train Loss: 0.3775 - Val Loss: 0.4294 - Best Val Loss: 0.4154
INFO - Epoch 36 - Train Loss: 0.3752 - Val Loss: 0.3822 - Best Val Loss: 0.3822
INFO - Epoch 37 - Train Loss: 0.3752 - Val Loss: 0.3822 - Best Val Loss: 0.3822
INFO - Epoch 38 - Train Loss: 0.3752 - Val Loss: 0.3822 - Best Val Loss: 0.3822
INFO - Epoch 39 - Train Loss: 0.3752 - Val Loss: 0.3822 - Best Val Loss: 0.3822
INFO - Epoch 40 - Train Loss: 0.3703 - Val Loss: 0.3672 - Best Val Loss: 0.3672
INFO - Epoch 41 - Train Loss: 0.3653 - Val Loss: 0.3610 - Best Val Loss: 0.3610
INFO - Epoch 42 - Train Loss: 0.3653 - Val Loss: 0.3610 - Best Val Loss: 0.3610
INFO - Epoch 43 - Train Loss: 0.3653 - Val Loss: 0.3610 - Best Val Loss: 0.3610
INFO - Epoch 44 - Train Loss: 0.3639 - Val Loss: 0.3702 - Best Val Loss: 0.3610
INFO - Epoch 45 - Train Loss: 0.3606 - Val Loss: 0.3664 - Best Val Loss: 0.3610
INFO - Epoch 46 - Train Loss: 0.3575 - Val Loss: 0.3572 - Best Val Loss: 0.3572
INFO - Epoch 47 - Train Loss: 0.3575 - Val Loss: 0.3572 - Best Val Loss: 0.3572
INFO - Epoch 48 - Train Loss: 0.3575 - Val Loss: 0.3572 - Best Val Loss: 0.3572
INFO - Epoch 49 - Train Loss: 0.3516 - Val Loss: 0.3546 - Best Val Loss: 0.3546
INFO - Epoch 50 - Train Loss: 0.3460 - Val Loss: 0.3613 - Best Val Loss: 0.3546
INFO - Epoch 51 - Train Loss: 0.3444 - Val Loss: 0.3589 - Best Val Loss: 0.3546
INFO - Epoch 52 - Train Loss: 0.3427 - Val Loss: 0.3538 - Best Val Loss: 0.3538
INFO - Epoch 53 - Train Loss: 0.3427 - Val Loss: 0.3538 - Best Val Loss: 0.3538
INFO - Epoch 54 - Train Loss: 0.3417 - Val Loss: 0.3622 - Best Val Loss: 0.3538
INFO - Epoch 55 - Train Loss: 0.3417 - Val Loss: 0.3622 - Best Val Loss: 0.3538
INFO - Epoch 56 - Train Loss: 0.3417 - Val Loss: 0.3622 - Best Val Loss: 0.3538
INFO - Epoch 57 - Train Loss: 0.3417 - Val Loss: 0.3622 - Best Val Loss: 0.3538
INFO - Epoch 58 - Train Loss: 0.3417 - Val Loss: 0.3622 - Best Val Loss: 0.3538
INFO - Epoch 59 - Train Loss: 0.3416 - Val Loss: 0.3640 - Best Val Loss: 0.3538
INFO - Epoch 60 - Train Loss: 0.3416 - Val Loss: 0.3640 - Best Val Loss: 0.3538
INFO - Epoch 61 - Train Loss: 0.3416 - Val Loss: 0.3640 - Best Val Loss: 0.3538
INFO - Epoch 62 - Train Loss: 0.3416 - Val Loss: 0.3640 - Best Val Loss: 0.3538
INFO - Epoch 63 - Train Loss: 0.3416 - Val Loss: 0.3640 - Best Val Loss: 0.3538
INFO - Epoch 64 - Train Loss: 0.3393 - Val Loss: 0.3687 - Best Val Loss: 0.3538
INFO - Epoch 65 - Train Loss: 0.3393 - Val Loss: 0.3687 - Best Val Loss: 0.3538
INFO - Epoch 66 - Train Loss: 0.3388 - Val Loss: 0.3668 - Best Val Loss: 0.3538
INFO - Epoch 67 - Train Loss: 0.3387 - Val Loss: 0.3681 - Best Val Loss: 0.3538
INFO - Epoch 68 - Train Loss: 0.3387 - Val Loss: 0.3681 - Best Val Loss: 0.3538
INFO - Epoch 69 - Train Loss: 0.3387 - Val Loss: 0.3642 - Best Val Loss: 0.3538
INFO - Epoch 70 - Train Loss: 0.3387 - Val Loss: 0.3642 - Best Val Loss: 0.3538
INFO - Epoch 71 - Train Loss: 0.3387 - Val Loss: 0.3642 - Best Val Loss: 0.3538
INFO - Epoch 72 - Train Loss: 0.3387 - Val Loss: 0.3642 - Best Val Loss: 0.3538
INFO - Epoch 73 - Train Loss: 0.3387 - Val Loss: 0.3642 - Best Val Loss: 0.3538
INFO - Epoch 74 - Train Loss: 0.3387 - Val Loss: 0.3642 - Best Val Loss: 0.3538
INFO - Epoch 75 - Train Loss: 0.3387 - Val Loss: 0.3642 - Best Val Loss: 0.3538
INFO - Epoch 76 - Train Loss: 0.3387 - Val Loss: 0.3642 - Best Val Loss: 0.3538
INFO - Epoch 77 - Train Loss: 0.3380 - Val Loss: 0.3774 - Best Val Loss: 0.3538
INFO - Epoch 78 - Train Loss: 0.3380 - Val Loss: 0.3774 - Best Val Loss: 0.3538
INFO - Epoch 79 - Train Loss: 0.3380 - Val Loss: 0.3774 - Best Val Loss: 0.3538
INFO - Epoch 80 - Train Loss: 0.3380 - Val Loss: 0.3774 - Best Val Loss: 0.3538
INFO - Epoch 81 - Train Loss: 0.3380 - Val Loss: 0.3774 - Best Val Loss: 0.3538
INFO - Epoch 82 - Train Loss: 0.3380 - Val Loss: 0.3774 - Best Val Loss: 0.3538
INFO - Epoch 83 - Train Loss: 0.3380 - Val Loss: 0.3774 - Best Val Loss: 0.3538
INFO - Epoch 84 - Train Loss: 0.3380 - Val Loss: 0.3774 - Best Val Loss: 0.3538
INFO - Epoch 85 - Train Loss: 0.3380 - Val Loss: 0.3774 - Best Val Loss: 0.3538
INFO - Epoch 86 - Train Loss: 0.3380 - Val Loss: 0.3774 - Best Val Loss: 0.3538
INFO - Epoch 87 - Train Loss: 0.3380 - Val Loss: 0.3774 - Best Val Loss: 0.3538
INFO - Epoch 88 - Train Loss: 0.3380 - Val Loss: 0.3774 - Best Val Loss: 0.3538
INFO - Epoch 89 - Train Loss: 0.3380 - Val Loss: 0.3774 - Best Val Loss: 0.3538
INFO - Epoch 90 - Train Loss: 0.3380 - Val Loss: 0.3774 - Best Val Loss: 0.3538
INFO - Epoch 91 - Train Loss: 0.3380 - Val Loss: 0.3774 - Best Val Loss: 0.3538
INFO - Epoch 92 - Train Loss: 0.3380 - Val Loss: 0.3774 - Best Val Loss: 0.3538
INFO - Epoch 93 - Train Loss: 0.3371 - Val Loss: 0.3666 - Best Val Loss: 0.3538
INFO - Epoch 94 - Train Loss: 0.3371 - Val Loss: 0.3666 - Best Val Loss: 0.3538
INFO - Epoch 95 - Train Loss: 0.3371 - Val Loss: 0.3666 - Best Val Loss: 0.3538
INFO - Epoch 96 - Train Loss: 0.3371 - Val Loss: 0.3666 - Best Val Loss: 0.3538
INFO - Epoch 97 - Train Loss: 0.3371 - Val Loss: 0.3666 - Best Val Loss: 0.3538
INFO - Epoch 98 - Train Loss: 0.3371 - Val Loss: 0.3666 - Best Val Loss: 0.3538
INFO - Epoch 99 - Train Loss: 0.3371 - Val Loss: 0.3666 - Best Val Loss: 0.3538
INFO - Epoch 100 - Train Loss: 0.3359 - Val Loss: 0.3604 - Best Val Loss: 0.3538
INFO - Fold 2, Accuracy on training dataset: 0.9736
INFO - Fold 2, Accuracy on validation dataset: 0.9561
INFO - Fold 2, Accuracy on test dataset: 0.9561
INFO - =========================
INFO - ======= Fold 3 =======
INFO - Epoch 0 - Train Loss: 0.5652 - Val Loss: 0.5469 - Best Val Loss: 0.5469
INFO - Epoch 1 - Train Loss: 0.4879 - Val Loss: 0.5783 - Best Val Loss: 0.5469
INFO - Epoch 2 - Train Loss: 0.4879 - Val Loss: 0.5783 - Best Val Loss: 0.5469
INFO - Epoch 3 - Train Loss: 0.4879 - Val Loss: 0.5783 - Best Val Loss: 0.5469
INFO - Epoch 4 - Train Loss: 0.4879 - Val Loss: 0.5783 - Best Val Loss: 0.5469
INFO - Epoch 5 - Train Loss: 0.4879 - Val Loss: 0.5783 - Best Val Loss: 0.5469
INFO - Epoch 6 - Train Loss: 0.3932 - Val Loss: 0.3931 - Best Val Loss: 0.3931
INFO - Epoch 7 - Train Loss: 0.3932 - Val Loss: 0.3931 - Best Val Loss: 0.3931
INFO - Epoch 8 - Train Loss: 0.3932 - Val Loss: 0.3931 - Best Val Loss: 0.3931
INFO - Epoch 9 - Train Loss: 0.3932 - Val Loss: 0.3931 - Best Val Loss: 0.3931
INFO - Epoch 10 - Train Loss: 0.3932 - Val Loss: 0.3931 - Best Val Loss: 0.3931
INFO - Epoch 11 - Train Loss: 0.3932 - Val Loss: 0.3931 - Best Val Loss: 0.3931
INFO - Epoch 12 - Train Loss: 0.3932 - Val Loss: 0.3931 - Best Val Loss: 0.3931
INFO - Epoch 13 - Train Loss: 0.3932 - Val Loss: 0.3931 - Best Val Loss: 0.3931
INFO - Epoch 14 - Train Loss: 0.3932 - Val Loss: 0.3931 - Best Val Loss: 0.3931
INFO - Epoch 15 - Train Loss: 0.3932 - Val Loss: 0.3931 - Best Val Loss: 0.3931
INFO - Epoch 16 - Train Loss: 0.3932 - Val Loss: 0.3931 - Best Val Loss: 0.3931
INFO - Epoch 17 - Train Loss: 0.3767 - Val Loss: 0.4103 - Best Val Loss: 0.3931
INFO - Epoch 18 - Train Loss: 0.3767 - Val Loss: 0.4103 - Best Val Loss: 0.3931
INFO - Epoch 19 - Train Loss: 0.3767 - Val Loss: 0.4103 - Best Val Loss: 0.3931
INFO - Epoch 20 - Train Loss: 0.3747 - Val Loss: 0.3867 - Best Val Loss: 0.3867
INFO - Epoch 21 - Train Loss: 0.3677 - Val Loss: 0.4311 - Best Val Loss: 0.3867
INFO - Epoch 22 - Train Loss: 0.3677 - Val Loss: 0.4311 - Best Val Loss: 0.3867
INFO - Epoch 23 - Train Loss: 0.3677 - Val Loss: 0.4311 - Best Val Loss: 0.3867
INFO - Epoch 24 - Train Loss: 0.3677 - Val Loss: 0.4311 - Best Val Loss: 0.3867
INFO - Epoch 25 - Train Loss: 0.3677 - Val Loss: 0.4311 - Best Val Loss: 0.3867
INFO - Epoch 26 - Train Loss: 0.3677 - Val Loss: 0.4311 - Best Val Loss: 0.3867
INFO - Epoch 27 - Train Loss: 0.3542 - Val Loss: 0.3668 - Best Val Loss: 0.3668
INFO - Epoch 28 - Train Loss: 0.3542 - Val Loss: 0.3668 - Best Val Loss: 0.3668
INFO - Epoch 29 - Train Loss: 0.3542 - Val Loss: 0.3668 - Best Val Loss: 0.3668
INFO - Epoch 30 - Train Loss: 0.3542 - Val Loss: 0.3668 - Best Val Loss: 0.3668
INFO - Epoch 31 - Train Loss: 0.3542 - Val Loss: 0.3668 - Best Val Loss: 0.3668
INFO - Epoch 32 - Train Loss: 0.3542 - Val Loss: 0.3668 - Best Val Loss: 0.3668
INFO - Epoch 33 - Train Loss: 0.3542 - Val Loss: 0.3668 - Best Val Loss: 0.3668
INFO - Epoch 34 - Train Loss: 0.3529 - Val Loss: 0.3542 - Best Val Loss: 0.3542
INFO - Epoch 35 - Train Loss: 0.3529 - Val Loss: 0.3542 - Best Val Loss: 0.3542
INFO - Epoch 36 - Train Loss: 0.3529 - Val Loss: 0.3542 - Best Val Loss: 0.3542
INFO - Epoch 37 - Train Loss: 0.3529 - Val Loss: 0.3542 - Best Val Loss: 0.3542
INFO - Epoch 38 - Train Loss: 0.3529 - Val Loss: 0.3542 - Best Val Loss: 0.3542
INFO - Epoch 39 - Train Loss: 0.3529 - Val Loss: 0.3542 - Best Val Loss: 0.3542
INFO - Epoch 40 - Train Loss: 0.3529 - Val Loss: 0.3542 - Best Val Loss: 0.3542
INFO - Epoch 41 - Train Loss: 0.3481 - Val Loss: 0.3805 - Best Val Loss: 0.3542
INFO - Epoch 42 - Train Loss: 0.3481 - Val Loss: 0.3805 - Best Val Loss: 0.3542
INFO - Epoch 43 - Train Loss: 0.3481 - Val Loss: 0.3805 - Best Val Loss: 0.3542
INFO - Epoch 44 - Train Loss: 0.3447 - Val Loss: 0.3677 - Best Val Loss: 0.3542
INFO - Epoch 45 - Train Loss: 0.3447 - Val Loss: 0.3677 - Best Val Loss: 0.3542
INFO - Epoch 46 - Train Loss: 0.3447 - Val Loss: 0.3677 - Best Val Loss: 0.3542
INFO - Epoch 47 - Train Loss: 0.3447 - Val Loss: 0.3677 - Best Val Loss: 0.3542
INFO - Epoch 48 - Train Loss: 0.3390 - Val Loss: 0.3552 - Best Val Loss: 0.3542
INFO - Epoch 49 - Train Loss: 0.3390 - Val Loss: 0.3552 - Best Val Loss: 0.3542
INFO - Epoch 50 - Train Loss: 0.3390 - Val Loss: 0.3552 - Best Val Loss: 0.3542
INFO - Epoch 51 - Train Loss: 0.3390 - Val Loss: 0.3552 - Best Val Loss: 0.3542
INFO - Epoch 52 - Train Loss: 0.3390 - Val Loss: 0.3552 - Best Val Loss: 0.3542
INFO - Epoch 53 - Train Loss: 0.3390 - Val Loss: 0.3552 - Best Val Loss: 0.3542
INFO - Epoch 54 - Train Loss: 0.3390 - Val Loss: 0.3552 - Best Val Loss: 0.3542
INFO - Epoch 55 - Train Loss: 0.3390 - Val Loss: 0.3552 - Best Val Loss: 0.3542
INFO - Epoch 56 - Train Loss: 0.3390 - Val Loss: 0.3552 - Best Val Loss: 0.3542
INFO - Epoch 57 - Train Loss: 0.3390 - Val Loss: 0.3552 - Best Val Loss: 0.3542
INFO - Epoch 58 - Train Loss: 0.3390 - Val Loss: 0.3552 - Best Val Loss: 0.3542
INFO - Epoch 59 - Train Loss: 0.3390 - Val Loss: 0.3552 - Best Val Loss: 0.3542
INFO - Epoch 60 - Train Loss: 0.3390 - Val Loss: 0.3552 - Best Val Loss: 0.3542
INFO - Epoch 61 - Train Loss: 0.3390 - Val Loss: 0.3552 - Best Val Loss: 0.3542
INFO - Epoch 62 - Train Loss: 0.3390 - Val Loss: 0.3552 - Best Val Loss: 0.3542
INFO - Epoch 63 - Train Loss: 0.3390 - Val Loss: 0.3552 - Best Val Loss: 0.3542
INFO - Epoch 64 - Train Loss: 0.3390 - Val Loss: 0.3552 - Best Val Loss: 0.3542
INFO - Epoch 65 - Train Loss: 0.3390 - Val Loss: 0.3552 - Best Val Loss: 0.3542
INFO - Epoch 66 - Train Loss: 0.3390 - Val Loss: 0.3552 - Best Val Loss: 0.3542
INFO - Epoch 67 - Train Loss: 0.3390 - Val Loss: 0.3552 - Best Val Loss: 0.3542
INFO - Epoch 68 - Train Loss: 0.3390 - Val Loss: 0.3552 - Best Val Loss: 0.3542
INFO - Epoch 69 - Train Loss: 0.3390 - Val Loss: 0.3552 - Best Val Loss: 0.3542
INFO - Epoch 70 - Train Loss: 0.3381 - Val Loss: 0.3586 - Best Val Loss: 0.3542
INFO - Epoch 71 - Train Loss: 0.3381 - Val Loss: 0.3586 - Best Val Loss: 0.3542
INFO - Epoch 72 - Train Loss: 0.3381 - Val Loss: 0.3586 - Best Val Loss: 0.3542
INFO - Epoch 73 - Train Loss: 0.3381 - Val Loss: 0.3586 - Best Val Loss: 0.3542
INFO - Epoch 74 - Train Loss: 0.3377 - Val Loss: 0.3585 - Best Val Loss: 0.3542
INFO - Epoch 75 - Train Loss: 0.3377 - Val Loss: 0.3585 - Best Val Loss: 0.3542
INFO - Epoch 76 - Train Loss: 0.3377 - Val Loss: 0.3585 - Best Val Loss: 0.3542
INFO - Epoch 77 - Train Loss: 0.3377 - Val Loss: 0.3585 - Best Val Loss: 0.3542
INFO - Epoch 78 - Train Loss: 0.3372 - Val Loss: 0.3520 - Best Val Loss: 0.3520
INFO - Epoch 79 - Train Loss: 0.3372 - Val Loss: 0.3520 - Best Val Loss: 0.3520
INFO - Epoch 80 - Train Loss: 0.3372 - Val Loss: 0.3520 - Best Val Loss: 0.3520
INFO - Epoch 81 - Train Loss: 0.3372 - Val Loss: 0.3520 - Best Val Loss: 0.3520
INFO - Epoch 82 - Train Loss: 0.3372 - Val Loss: 0.3520 - Best Val Loss: 0.3520
INFO - Epoch 83 - Train Loss: 0.3372 - Val Loss: 0.3520 - Best Val Loss: 0.3520
INFO - Epoch 84 - Train Loss: 0.3372 - Val Loss: 0.3520 - Best Val Loss: 0.3520
INFO - Epoch 85 - Train Loss: 0.3372 - Val Loss: 0.3520 - Best Val Loss: 0.3520
INFO - Epoch 86 - Train Loss: 0.3372 - Val Loss: 0.3520 - Best Val Loss: 0.3520
INFO - Epoch 87 - Train Loss: 0.3372 - Val Loss: 0.3520 - Best Val Loss: 0.3520
INFO - Epoch 88 - Train Loss: 0.3372 - Val Loss: 0.3520 - Best Val Loss: 0.3520
INFO - Epoch 89 - Train Loss: 0.3372 - Val Loss: 0.3520 - Best Val Loss: 0.3520
INFO - Epoch 90 - Train Loss: 0.3372 - Val Loss: 0.3520 - Best Val Loss: 0.3520
INFO - Epoch 91 - Train Loss: 0.3372 - Val Loss: 0.3520 - Best Val Loss: 0.3520
INFO - Epoch 92 - Train Loss: 0.3337 - Val Loss: 0.3681 - Best Val Loss: 0.3520
INFO - Epoch 93 - Train Loss: 0.3337 - Val Loss: 0.3681 - Best Val Loss: 0.3520
INFO - Epoch 94 - Train Loss: 0.3337 - Val Loss: 0.3681 - Best Val Loss: 0.3520
INFO - Epoch 95 - Train Loss: 0.3334 - Val Loss: 0.3595 - Best Val Loss: 0.3520
INFO - Epoch 96 - Train Loss: 0.3332 - Val Loss: 0.3595 - Best Val Loss: 0.3520
INFO - Epoch 97 - Train Loss: 0.3332 - Val Loss: 0.3595 - Best Val Loss: 0.3520
INFO - Epoch 98 - Train Loss: 0.3332 - Val Loss: 0.3595 - Best Val Loss: 0.3520
INFO - Epoch 99 - Train Loss: 0.3332 - Val Loss: 0.3595 - Best Val Loss: 0.3520
INFO - Epoch 100 - Train Loss: 0.3332 - Val Loss: 0.3595 - Best Val Loss: 0.3520
INFO - Fold 3, Accuracy on training dataset: 0.9795
INFO - Fold 3, Accuracy on validation dataset: 0.9649
INFO - Fold 3, Accuracy on test dataset: 0.9474
INFO - =========================
INFO - ======= Fold 4 =======
INFO - Epoch 0 - Train Loss: 0.5210 - Val Loss: 0.4308 - Best Val Loss: 0.4308
INFO - Epoch 1 - Train Loss: 0.5210 - Val Loss: 0.4308 - Best Val Loss: 0.4308
INFO - Epoch 2 - Train Loss: 0.4855 - Val Loss: 0.4956 - Best Val Loss: 0.4308
INFO - Epoch 3 - Train Loss: 0.4785 - Val Loss: 0.5339 - Best Val Loss: 0.4308
INFO - Epoch 4 - Train Loss: 0.4748 - Val Loss: 0.4717 - Best Val Loss: 0.4308
INFO - Epoch 5 - Train Loss: 0.4483 - Val Loss: 0.4545 - Best Val Loss: 0.4308
INFO - Epoch 6 - Train Loss: 0.4483 - Val Loss: 0.4545 - Best Val Loss: 0.4308
INFO - Epoch 7 - Train Loss: 0.4483 - Val Loss: 0.4545 - Best Val Loss: 0.4308
INFO - Epoch 8 - Train Loss: 0.4483 - Val Loss: 0.4545 - Best Val Loss: 0.4308
INFO - Epoch 9 - Train Loss: 0.4483 - Val Loss: 0.4545 - Best Val Loss: 0.4308
INFO - Epoch 10 - Train Loss: 0.4483 - Val Loss: 0.4545 - Best Val Loss: 0.4308
INFO - Epoch 11 - Train Loss: 0.4483 - Val Loss: 0.4545 - Best Val Loss: 0.4308
INFO - Epoch 12 - Train Loss: 0.4483 - Val Loss: 0.4545 - Best Val Loss: 0.4308
INFO - Epoch 13 - Train Loss: 0.4483 - Val Loss: 0.4545 - Best Val Loss: 0.4308
INFO - Epoch 14 - Train Loss: 0.4483 - Val Loss: 0.4545 - Best Val Loss: 0.4308
INFO - Epoch 15 - Train Loss: 0.4483 - Val Loss: 0.4545 - Best Val Loss: 0.4308
INFO - Epoch 16 - Train Loss: 0.4483 - Val Loss: 0.4545 - Best Val Loss: 0.4308
INFO - Epoch 17 - Train Loss: 0.4213 - Val Loss: 0.3956 - Best Val Loss: 0.3956
INFO - Epoch 18 - Train Loss: 0.4171 - Val Loss: 0.3858 - Best Val Loss: 0.3858
INFO - Epoch 19 - Train Loss: 0.4171 - Val Loss: 0.3858 - Best Val Loss: 0.3858
INFO - Epoch 20 - Train Loss: 0.4171 - Val Loss: 0.3858 - Best Val Loss: 0.3858
INFO - Epoch 21 - Train Loss: 0.4171 - Val Loss: 0.3858 - Best Val Loss: 0.3858
INFO - Epoch 22 - Train Loss: 0.3905 - Val Loss: 0.3646 - Best Val Loss: 0.3646
INFO - Epoch 23 - Train Loss: 0.3808 - Val Loss: 0.3725 - Best Val Loss: 0.3646
INFO - Epoch 24 - Train Loss: 0.3808 - Val Loss: 0.3725 - Best Val Loss: 0.3646
INFO - Epoch 25 - Train Loss: 0.3808 - Val Loss: 0.3725 - Best Val Loss: 0.3646
INFO - Epoch 26 - Train Loss: 0.3808 - Val Loss: 0.3725 - Best Val Loss: 0.3646
INFO - Epoch 27 - Train Loss: 0.3717 - Val Loss: 0.3633 - Best Val Loss: 0.3633
INFO - Epoch 28 - Train Loss: 0.3638 - Val Loss: 0.3553 - Best Val Loss: 0.3553
INFO - Epoch 29 - Train Loss: 0.3638 - Val Loss: 0.3553 - Best Val Loss: 0.3553
INFO - Epoch 30 - Train Loss: 0.3638 - Val Loss: 0.3553 - Best Val Loss: 0.3553
INFO - Epoch 31 - Train Loss: 0.3638 - Val Loss: 0.3553 - Best Val Loss: 0.3553
INFO - Epoch 32 - Train Loss: 0.3638 - Val Loss: 0.3553 - Best Val Loss: 0.3553
INFO - Epoch 33 - Train Loss: 0.3638 - Val Loss: 0.3553 - Best Val Loss: 0.3553
INFO - Epoch 34 - Train Loss: 0.3611 - Val Loss: 0.3556 - Best Val Loss: 0.3553
INFO - Epoch 35 - Train Loss: 0.3611 - Val Loss: 0.3556 - Best Val Loss: 0.3553
INFO - Epoch 36 - Train Loss: 0.3597 - Val Loss: 0.3659 - Best Val Loss: 0.3553
INFO - Epoch 37 - Train Loss: 0.3597 - Val Loss: 0.3659 - Best Val Loss: 0.3553
INFO - Epoch 38 - Train Loss: 0.3597 - Val Loss: 0.3659 - Best Val Loss: 0.3553
INFO - Epoch 39 - Train Loss: 0.3597 - Val Loss: 0.3659 - Best Val Loss: 0.3553
INFO - Epoch 40 - Train Loss: 0.3597 - Val Loss: 0.3659 - Best Val Loss: 0.3553
INFO - Epoch 41 - Train Loss: 0.3597 - Val Loss: 0.3659 - Best Val Loss: 0.3553
INFO - Epoch 42 - Train Loss: 0.3597 - Val Loss: 0.3659 - Best Val Loss: 0.3553
INFO - Epoch 43 - Train Loss: 0.3597 - Val Loss: 0.3659 - Best Val Loss: 0.3553
INFO - Epoch 44 - Train Loss: 0.3597 - Val Loss: 0.3659 - Best Val Loss: 0.3553
INFO - Epoch 45 - Train Loss: 0.3597 - Val Loss: 0.3659 - Best Val Loss: 0.3553
INFO - Epoch 46 - Train Loss: 0.3576 - Val Loss: 0.3668 - Best Val Loss: 0.3553
INFO - Epoch 47 - Train Loss: 0.3576 - Val Loss: 0.3668 - Best Val Loss: 0.3553
INFO - Epoch 48 - Train Loss: 0.3576 - Val Loss: 0.3668 - Best Val Loss: 0.3553
INFO - Epoch 49 - Train Loss: 0.3576 - Val Loss: 0.3668 - Best Val Loss: 0.3553
INFO - Epoch 50 - Train Loss: 0.3576 - Val Loss: 0.3668 - Best Val Loss: 0.3553
INFO - Epoch 51 - Train Loss: 0.3576 - Val Loss: 0.3668 - Best Val Loss: 0.3553
INFO - Epoch 52 - Train Loss: 0.3576 - Val Loss: 0.3668 - Best Val Loss: 0.3553
INFO - Epoch 53 - Train Loss: 0.3576 - Val Loss: 0.3668 - Best Val Loss: 0.3553
INFO - Epoch 54 - Train Loss: 0.3540 - Val Loss: 0.3661 - Best Val Loss: 0.3553
INFO - Epoch 55 - Train Loss: 0.3540 - Val Loss: 0.3661 - Best Val Loss: 0.3553
INFO - Epoch 56 - Train Loss: 0.3540 - Val Loss: 0.3661 - Best Val Loss: 0.3553
INFO - Epoch 57 - Train Loss: 0.3540 - Val Loss: 0.3661 - Best Val Loss: 0.3553
INFO - Epoch 58 - Train Loss: 0.3540 - Val Loss: 0.3661 - Best Val Loss: 0.3553
INFO - Epoch 59 - Train Loss: 0.3540 - Val Loss: 0.3661 - Best Val Loss: 0.3553
INFO - Epoch 60 - Train Loss: 0.3540 - Val Loss: 0.3661 - Best Val Loss: 0.3553
INFO - Epoch 61 - Train Loss: 0.3540 - Val Loss: 0.3661 - Best Val Loss: 0.3553
INFO - Epoch 62 - Train Loss: 0.3540 - Val Loss: 0.3661 - Best Val Loss: 0.3553
INFO - Epoch 63 - Train Loss: 0.3539 - Val Loss: 0.3572 - Best Val Loss: 0.3553
INFO - Epoch 64 - Train Loss: 0.3539 - Val Loss: 0.3483 - Best Val Loss: 0.3483
INFO - Epoch 65 - Train Loss: 0.3539 - Val Loss: 0.3483 - Best Val Loss: 0.3483
INFO - Epoch 66 - Train Loss: 0.3539 - Val Loss: 0.3483 - Best Val Loss: 0.3483
INFO - Epoch 67 - Train Loss: 0.3539 - Val Loss: 0.3483 - Best Val Loss: 0.3483
INFO - Epoch 68 - Train Loss: 0.3539 - Val Loss: 0.3483 - Best Val Loss: 0.3483
INFO - Epoch 69 - Train Loss: 0.3507 - Val Loss: 0.3569 - Best Val Loss: 0.3483
INFO - Epoch 70 - Train Loss: 0.3507 - Val Loss: 0.3569 - Best Val Loss: 0.3483
INFO - Epoch 71 - Train Loss: 0.3507 - Val Loss: 0.3569 - Best Val Loss: 0.3483
INFO - Epoch 72 - Train Loss: 0.3507 - Val Loss: 0.3569 - Best Val Loss: 0.3483
INFO - Epoch 73 - Train Loss: 0.3507 - Val Loss: 0.3569 - Best Val Loss: 0.3483
INFO - Epoch 74 - Train Loss: 0.3507 - Val Loss: 0.3569 - Best Val Loss: 0.3483
INFO - Epoch 75 - Train Loss: 0.3479 - Val Loss: 0.3570 - Best Val Loss: 0.3483
INFO - Epoch 76 - Train Loss: 0.3479 - Val Loss: 0.3570 - Best Val Loss: 0.3483
INFO - Epoch 77 - Train Loss: 0.3479 - Val Loss: 0.3570 - Best Val Loss: 0.3483
INFO - Epoch 78 - Train Loss: 0.3479 - Val Loss: 0.3570 - Best Val Loss: 0.3483
INFO - Epoch 79 - Train Loss: 0.3479 - Val Loss: 0.3570 - Best Val Loss: 0.3483
INFO - Epoch 80 - Train Loss: 0.3479 - Val Loss: 0.3570 - Best Val Loss: 0.3483
INFO - Epoch 81 - Train Loss: 0.3479 - Val Loss: 0.3570 - Best Val Loss: 0.3483
INFO - Epoch 82 - Train Loss: 0.3471 - Val Loss: 0.3473 - Best Val Loss: 0.3473
INFO - Epoch 83 - Train Loss: 0.3471 - Val Loss: 0.3473 - Best Val Loss: 0.3473
INFO - Epoch 84 - Train Loss: 0.3471 - Val Loss: 0.3473 - Best Val Loss: 0.3473
INFO - Epoch 85 - Train Loss: 0.3471 - Val Loss: 0.3473 - Best Val Loss: 0.3473
INFO - Epoch 86 - Train Loss: 0.3471 - Val Loss: 0.3473 - Best Val Loss: 0.3473
INFO - Epoch 87 - Train Loss: 0.3471 - Val Loss: 0.3473 - Best Val Loss: 0.3473
INFO - Epoch 88 - Train Loss: 0.3471 - Val Loss: 0.3473 - Best Val Loss: 0.3473
INFO - Epoch 89 - Train Loss: 0.3471 - Val Loss: 0.3473 - Best Val Loss: 0.3473
INFO - Epoch 90 - Train Loss: 0.3447 - Val Loss: 0.3478 - Best Val Loss: 0.3473
INFO - Epoch 91 - Train Loss: 0.3447 - Val Loss: 0.3478 - Best Val Loss: 0.3473
INFO - Epoch 92 - Train Loss: 0.3447 - Val Loss: 0.3478 - Best Val Loss: 0.3473
INFO - Epoch 93 - Train Loss: 0.3447 - Val Loss: 0.3478 - Best Val Loss: 0.3473
INFO - Epoch 94 - Train Loss: 0.3447 - Val Loss: 0.3478 - Best Val Loss: 0.3473
INFO - Epoch 95 - Train Loss: 0.3447 - Val Loss: 0.3478 - Best Val Loss: 0.3473
INFO - Epoch 96 - Train Loss: 0.3447 - Val Loss: 0.3478 - Best Val Loss: 0.3473
INFO - Epoch 97 - Train Loss: 0.3447 - Val Loss: 0.3478 - Best Val Loss: 0.3473
INFO - Epoch 98 - Train Loss: 0.3447 - Val Loss: 0.3478 - Best Val Loss: 0.3473
INFO - Epoch 99 - Train Loss: 0.3447 - Val Loss: 0.3478 - Best Val Loss: 0.3473
INFO - Epoch 100 - Train Loss: 0.3414 - Val Loss: 0.3474 - Best Val Loss: 0.3473
INFO - Fold 4, Accuracy on training dataset: 0.9737
INFO - Fold 4, Accuracy on validation dataset: 0.9735
INFO - Fold 4, Accuracy on test dataset: 0.9561
INFO - =========================
INFO - Best model saved at: ./models/breast_cancerO_best_model.pth
INFO - =============================================
INFO - Model Setup:
INFO - dataset: breast_cancer
INFO - input_dim: 30
INFO - output_dim: 2
INFO - n_samples: 455
INFO - hidden_layers: [60, 45, 30]
INFO - n_particles: 20
INFO - g: 1.13
INFO - interval_parms_updated: 1
INFO - n_folds: 4
INFO - n_epochs: 100
INFO - Total Parameters: 6047
INFO - =============================================
INFO - Mean time per epoch and folder: 3.9755 - std:0.2612 seconds
INFO - Mean accuracy on training dataset: 0.9766 - std: 0.0029
INFO - Mean accuracy on validation dataset: 0.9583 - std: 0.0129
INFO - Mean accuracy on test dataset: 0.9474 - std: 0.0107
INFO - =============================================
