INFO - ======= Fold 1 =======
INFO - Epoch 0, Loss: 0.6681 - Validation Loss: 0.6439
INFO - Epoch 1, Loss: 0.6536 - Validation Loss: 0.6630
INFO - Epoch 2, Loss: 0.6466 - Validation Loss: 0.6324
INFO - Epoch 3, Loss: 0.6466 - Validation Loss: 0.6324
INFO - Epoch 4, Loss: 0.6460 - Validation Loss: 0.6578
INFO - Epoch 5, Loss: 0.6434 - Validation Loss: 0.6292
INFO - Epoch 6, Loss: 0.6434 - Validation Loss: 0.6270
INFO - Epoch 7, Loss: 0.6427 - Validation Loss: 0.6340
INFO - Epoch 8, Loss: 0.6293 - Validation Loss: 0.6214
INFO - Epoch 9, Loss: 0.6293 - Validation Loss: 0.6214
INFO - Epoch 10, Loss: 0.6293 - Validation Loss: 0.6214
INFO - Epoch 11, Loss: 0.6293 - Validation Loss: 0.6214
INFO - Epoch 12, Loss: 0.6293 - Validation Loss: 0.6214
INFO - Epoch 13, Loss: 0.6121 - Validation Loss: 0.6171
INFO - Epoch 14, Loss: 0.6001 - Validation Loss: 0.6012
INFO - Epoch 15, Loss: 0.5989 - Validation Loss: 0.6124
INFO - Epoch 16, Loss: 0.5925 - Validation Loss: 0.6092
INFO - Epoch 17, Loss: 0.5908 - Validation Loss: 0.5974
INFO - Epoch 18, Loss: 0.5736 - Validation Loss: 0.5782
INFO - Epoch 19, Loss: 0.5736 - Validation Loss: 0.5782
INFO - Epoch 20, Loss: 0.5728 - Validation Loss: 0.5757
INFO - Epoch 21, Loss: 0.5686 - Validation Loss: 0.5819
INFO - Epoch 22, Loss: 0.5686 - Validation Loss: 0.5819
INFO - Epoch 23, Loss: 0.5598 - Validation Loss: 0.5687
INFO - Epoch 24, Loss: 0.5491 - Validation Loss: 0.5652
INFO - Epoch 25, Loss: 0.5455 - Validation Loss: 0.5659
INFO - Epoch 26, Loss: 0.5428 - Validation Loss: 0.5542
INFO - Epoch 27, Loss: 0.5417 - Validation Loss: 0.5545
INFO - Epoch 28, Loss: 0.5325 - Validation Loss: 0.5521
INFO - Epoch 29, Loss: 0.5325 - Validation Loss: 0.5521
INFO - Epoch 30, Loss: 0.5293 - Validation Loss: 0.5527
INFO - Epoch 31, Loss: 0.5293 - Validation Loss: 0.5527
INFO - Epoch 32, Loss: 0.5279 - Validation Loss: 0.5529
INFO - Epoch 33, Loss: 0.5277 - Validation Loss: 0.5513
INFO - Epoch 34, Loss: 0.5277 - Validation Loss: 0.5513
INFO - Epoch 35, Loss: 0.5237 - Validation Loss: 0.5466
INFO - Epoch 36, Loss: 0.5237 - Validation Loss: 0.5466
INFO - Epoch 37, Loss: 0.5124 - Validation Loss: 0.5348
INFO - Epoch 38, Loss: 0.5119 - Validation Loss: 0.5320
INFO - Epoch 39, Loss: 0.5063 - Validation Loss: 0.5270
INFO - Epoch 40, Loss: 0.5055 - Validation Loss: 0.5317
INFO - Epoch 41, Loss: 0.4995 - Validation Loss: 0.5219
INFO - Epoch 42, Loss: 0.4967 - Validation Loss: 0.5194
INFO - Epoch 43, Loss: 0.4938 - Validation Loss: 0.5109
INFO - Epoch 44, Loss: 0.4774 - Validation Loss: 0.4896
INFO - Epoch 45, Loss: 0.4774 - Validation Loss: 0.4896
INFO - Epoch 46, Loss: 0.4771 - Validation Loss: 0.4914
INFO - Epoch 47, Loss: 0.4693 - Validation Loss: 0.4883
INFO - Epoch 48, Loss: 0.4685 - Validation Loss: 0.4872
INFO - Epoch 49, Loss: 0.4658 - Validation Loss: 0.4806
INFO - Epoch 50, Loss: 0.4658 - Validation Loss: 0.4806
INFO - Epoch 51, Loss: 0.4632 - Validation Loss: 0.4846
INFO - Epoch 52, Loss: 0.4565 - Validation Loss: 0.4732
INFO - Epoch 53, Loss: 0.4565 - Validation Loss: 0.4732
INFO - Epoch 54, Loss: 0.4565 - Validation Loss: 0.4732
INFO - Epoch 55, Loss: 0.4550 - Validation Loss: 0.4751
INFO - Epoch 56, Loss: 0.4535 - Validation Loss: 0.4584
INFO - Epoch 57, Loss: 0.4490 - Validation Loss: 0.4680
INFO - Epoch 58, Loss: 0.4464 - Validation Loss: 0.4619
INFO - Epoch 59, Loss: 0.4400 - Validation Loss: 0.4548
INFO - Epoch 60, Loss: 0.4400 - Validation Loss: 0.4548
INFO - Epoch 61, Loss: 0.4400 - Validation Loss: 0.4548
INFO - Epoch 62, Loss: 0.4400 - Validation Loss: 0.4548
INFO - Epoch 63, Loss: 0.4353 - Validation Loss: 0.4483
INFO - Epoch 64, Loss: 0.4333 - Validation Loss: 0.4476
INFO - Epoch 65, Loss: 0.4333 - Validation Loss: 0.4476
INFO - Epoch 66, Loss: 0.4306 - Validation Loss: 0.4411
INFO - Epoch 67, Loss: 0.4306 - Validation Loss: 0.4411
INFO - Epoch 68, Loss: 0.4276 - Validation Loss: 0.4423
INFO - Epoch 69, Loss: 0.4276 - Validation Loss: 0.4423
INFO - Epoch 70, Loss: 0.4226 - Validation Loss: 0.4320
INFO - Epoch 71, Loss: 0.4226 - Validation Loss: 0.4320
INFO - Epoch 72, Loss: 0.4133 - Validation Loss: 0.4201
INFO - Epoch 73, Loss: 0.4133 - Validation Loss: 0.4201
INFO - Epoch 74, Loss: 0.4127 - Validation Loss: 0.4212
INFO - Epoch 75, Loss: 0.4127 - Validation Loss: 0.4212
INFO - Epoch 76, Loss: 0.4122 - Validation Loss: 0.4199
INFO - Epoch 77, Loss: 0.4087 - Validation Loss: 0.4196
INFO - Epoch 78, Loss: 0.4086 - Validation Loss: 0.4202
INFO - Epoch 79, Loss: 0.4086 - Validation Loss: 0.4202
INFO - Epoch 80, Loss: 0.4079 - Validation Loss: 0.4155
INFO - Epoch 81, Loss: 0.4077 - Validation Loss: 0.4168
INFO - Epoch 82, Loss: 0.4074 - Validation Loss: 0.4167
INFO - Epoch 83, Loss: 0.4073 - Validation Loss: 0.4162
INFO - Epoch 84, Loss: 0.4070 - Validation Loss: 0.4159
INFO - Epoch 85, Loss: 0.4062 - Validation Loss: 0.4160
INFO - Epoch 86, Loss: 0.4060 - Validation Loss: 0.4152
INFO - Epoch 87, Loss: 0.4053 - Validation Loss: 0.4143
INFO - Epoch 88, Loss: 0.4053 - Validation Loss: 0.4143
INFO - Epoch 89, Loss: 0.4049 - Validation Loss: 0.4132
INFO - Epoch 90, Loss: 0.4048 - Validation Loss: 0.4126
INFO - Epoch 91, Loss: 0.4040 - Validation Loss: 0.4061
INFO - Epoch 92, Loss: 0.4023 - Validation Loss: 0.4074
INFO - Epoch 93, Loss: 0.4015 - Validation Loss: 0.4083
INFO - Epoch 94, Loss: 0.4013 - Validation Loss: 0.4075
INFO - Epoch 95, Loss: 0.4003 - Validation Loss: 0.4053
INFO - Epoch 96, Loss: 0.3998 - Validation Loss: 0.4065
INFO - Epoch 97, Loss: 0.3998 - Validation Loss: 0.4065
INFO - Epoch 98, Loss: 0.3996 - Validation Loss: 0.4083
INFO - Epoch 99, Loss: 0.3985 - Validation Loss: 0.4051
INFO - Epoch 100, Loss: 0.3976 - Validation Loss: 0.4053
INFO - Fold 1, Accuracy on training dataset: 1.0000
INFO - Fold 1, Accuracy on validation dataset: 1.0000
INFO - Fold 1, Accuracy on test dataset: 1.0000
INFO - =========================
INFO - ======= Fold 2 =======
INFO - Epoch 0, Loss: 0.6545 - Validation Loss: 0.6421
INFO - Epoch 1, Loss: 0.6545 - Validation Loss: 0.6421
INFO - Epoch 2, Loss: 0.6545 - Validation Loss: 0.6421
INFO - Epoch 3, Loss: 0.6545 - Validation Loss: 0.6421
INFO - Epoch 4, Loss: 0.6507 - Validation Loss: 0.6478
INFO - Epoch 5, Loss: 0.6404 - Validation Loss: 0.6465
INFO - Epoch 6, Loss: 0.6404 - Validation Loss: 0.6465
INFO - Epoch 7, Loss: 0.6404 - Validation Loss: 0.6465
INFO - Epoch 8, Loss: 0.6320 - Validation Loss: 0.6272
INFO - Epoch 9, Loss: 0.6320 - Validation Loss: 0.6272
INFO - Epoch 10, Loss: 0.6320 - Validation Loss: 0.6272
INFO - Epoch 11, Loss: 0.6144 - Validation Loss: 0.6161
INFO - Epoch 12, Loss: 0.6144 - Validation Loss: 0.6161
INFO - Epoch 13, Loss: 0.6144 - Validation Loss: 0.6161
INFO - Epoch 14, Loss: 0.6144 - Validation Loss: 0.6161
INFO - Epoch 15, Loss: 0.6093 - Validation Loss: 0.6193
INFO - Epoch 16, Loss: 0.6093 - Validation Loss: 0.6193
INFO - Epoch 17, Loss: 0.6064 - Validation Loss: 0.6217
INFO - Epoch 18, Loss: 0.5950 - Validation Loss: 0.6075
INFO - Epoch 19, Loss: 0.5950 - Validation Loss: 0.6075
INFO - Epoch 20, Loss: 0.5950 - Validation Loss: 0.6075
INFO - Epoch 21, Loss: 0.5945 - Validation Loss: 0.6150
INFO - Epoch 22, Loss: 0.5865 - Validation Loss: 0.5943
INFO - Epoch 23, Loss: 0.5865 - Validation Loss: 0.5943
INFO - Epoch 24, Loss: 0.5824 - Validation Loss: 0.5869
INFO - Epoch 25, Loss: 0.5824 - Validation Loss: 0.5869
INFO - Epoch 26, Loss: 0.5824 - Validation Loss: 0.5869
INFO - Epoch 27, Loss: 0.5788 - Validation Loss: 0.5875
INFO - Epoch 28, Loss: 0.5747 - Validation Loss: 0.5858
INFO - Epoch 29, Loss: 0.5737 - Validation Loss: 0.5847
INFO - Epoch 30, Loss: 0.5735 - Validation Loss: 0.5884
INFO - Epoch 31, Loss: 0.5708 - Validation Loss: 0.5839
INFO - Epoch 32, Loss: 0.5703 - Validation Loss: 0.5832
INFO - Epoch 33, Loss: 0.5631 - Validation Loss: 0.5743
INFO - Epoch 34, Loss: 0.5594 - Validation Loss: 0.5628
INFO - Epoch 35, Loss: 0.5594 - Validation Loss: 0.5628
INFO - Epoch 36, Loss: 0.5593 - Validation Loss: 0.5651
INFO - Epoch 37, Loss: 0.5558 - Validation Loss: 0.5574
INFO - Epoch 38, Loss: 0.5537 - Validation Loss: 0.5601
INFO - Epoch 39, Loss: 0.5530 - Validation Loss: 0.5600
INFO - Epoch 40, Loss: 0.5520 - Validation Loss: 0.5579
INFO - Epoch 41, Loss: 0.5496 - Validation Loss: 0.5588
INFO - Epoch 42, Loss: 0.5492 - Validation Loss: 0.5585
INFO - Epoch 43, Loss: 0.5470 - Validation Loss: 0.5551
INFO - Epoch 44, Loss: 0.5442 - Validation Loss: 0.5640
INFO - Epoch 45, Loss: 0.5389 - Validation Loss: 0.5680
INFO - Epoch 46, Loss: 0.5349 - Validation Loss: 0.5476
INFO - Epoch 47, Loss: 0.5319 - Validation Loss: 0.5464
INFO - Epoch 48, Loss: 0.5259 - Validation Loss: 0.5344
INFO - Epoch 49, Loss: 0.5221 - Validation Loss: 0.5304
INFO - Epoch 50, Loss: 0.5219 - Validation Loss: 0.5309
INFO - Epoch 51, Loss: 0.5219 - Validation Loss: 0.5309
INFO - Epoch 52, Loss: 0.5161 - Validation Loss: 0.5286
INFO - Epoch 53, Loss: 0.5142 - Validation Loss: 0.5236
INFO - Epoch 54, Loss: 0.5114 - Validation Loss: 0.5241
INFO - Epoch 55, Loss: 0.5094 - Validation Loss: 0.5296
INFO - Epoch 56, Loss: 0.5082 - Validation Loss: 0.5244
INFO - Epoch 57, Loss: 0.5062 - Validation Loss: 0.5172
INFO - Epoch 58, Loss: 0.5042 - Validation Loss: 0.5163
INFO - Epoch 59, Loss: 0.5018 - Validation Loss: 0.5095
INFO - Epoch 60, Loss: 0.4971 - Validation Loss: 0.5091
INFO - Epoch 61, Loss: 0.4920 - Validation Loss: 0.5018
INFO - Epoch 62, Loss: 0.4920 - Validation Loss: 0.5018
INFO - Epoch 63, Loss: 0.4897 - Validation Loss: 0.4904
INFO - Epoch 64, Loss: 0.4880 - Validation Loss: 0.4881
INFO - Epoch 65, Loss: 0.4880 - Validation Loss: 0.4881
INFO - Epoch 66, Loss: 0.4872 - Validation Loss: 0.4892
INFO - Epoch 67, Loss: 0.4845 - Validation Loss: 0.4879
INFO - Epoch 68, Loss: 0.4845 - Validation Loss: 0.4879
INFO - Epoch 69, Loss: 0.4842 - Validation Loss: 0.4829
INFO - Epoch 70, Loss: 0.4826 - Validation Loss: 0.4797
INFO - Epoch 71, Loss: 0.4820 - Validation Loss: 0.4817
INFO - Epoch 72, Loss: 0.4811 - Validation Loss: 0.4794
INFO - Epoch 73, Loss: 0.4804 - Validation Loss: 0.4781
INFO - Epoch 74, Loss: 0.4802 - Validation Loss: 0.4801
INFO - Epoch 75, Loss: 0.4796 - Validation Loss: 0.4798
INFO - Epoch 76, Loss: 0.4780 - Validation Loss: 0.4831
INFO - Epoch 77, Loss: 0.4765 - Validation Loss: 0.4806
INFO - Epoch 78, Loss: 0.4730 - Validation Loss: 0.4704
INFO - Epoch 79, Loss: 0.4729 - Validation Loss: 0.4747
INFO - Epoch 80, Loss: 0.4709 - Validation Loss: 0.4753
INFO - Epoch 81, Loss: 0.4684 - Validation Loss: 0.4785
INFO - Epoch 82, Loss: 0.4681 - Validation Loss: 0.4759
INFO - Epoch 83, Loss: 0.4654 - Validation Loss: 0.4777
INFO - Epoch 84, Loss: 0.4646 - Validation Loss: 0.4698
INFO - Epoch 85, Loss: 0.4626 - Validation Loss: 0.4708
INFO - Epoch 86, Loss: 0.4621 - Validation Loss: 0.4714
INFO - Epoch 87, Loss: 0.4607 - Validation Loss: 0.4722
INFO - Epoch 88, Loss: 0.4599 - Validation Loss: 0.4654
INFO - Epoch 89, Loss: 0.4599 - Validation Loss: 0.4654
INFO - Epoch 90, Loss: 0.4598 - Validation Loss: 0.4634
INFO - Epoch 91, Loss: 0.4591 - Validation Loss: 0.4646
INFO - Epoch 92, Loss: 0.4576 - Validation Loss: 0.4626
INFO - Epoch 93, Loss: 0.4568 - Validation Loss: 0.4610
INFO - Epoch 94, Loss: 0.4568 - Validation Loss: 0.4612
INFO - Epoch 95, Loss: 0.4562 - Validation Loss: 0.4601
INFO - Epoch 96, Loss: 0.4562 - Validation Loss: 0.4601
INFO - Epoch 97, Loss: 0.4536 - Validation Loss: 0.4606
INFO - Epoch 98, Loss: 0.4524 - Validation Loss: 0.4588
INFO - Epoch 99, Loss: 0.4512 - Validation Loss: 0.4635
INFO - Epoch 100, Loss: 0.4495 - Validation Loss: 0.4617
INFO - Fold 2, Accuracy on training dataset: 1.0000
INFO - Fold 2, Accuracy on validation dataset: 1.0000
INFO - Fold 2, Accuracy on test dataset: 1.0000
INFO - =========================
INFO - ======= Fold 3 =======
INFO - Epoch 0, Loss: 0.6699 - Validation Loss: 0.6773
INFO - Epoch 1, Loss: 0.6610 - Validation Loss: 0.6657
INFO - Epoch 2, Loss: 0.6471 - Validation Loss: 0.6622
INFO - Epoch 3, Loss: 0.6471 - Validation Loss: 0.6622
INFO - Epoch 4, Loss: 0.6387 - Validation Loss: 0.6469
INFO - Epoch 5, Loss: 0.6387 - Validation Loss: 0.6469
INFO - Epoch 6, Loss: 0.6381 - Validation Loss: 0.6524
INFO - Epoch 7, Loss: 0.6318 - Validation Loss: 0.6461
INFO - Epoch 8, Loss: 0.6318 - Validation Loss: 0.6461
INFO - Epoch 9, Loss: 0.6305 - Validation Loss: 0.6441
INFO - Epoch 10, Loss: 0.6305 - Validation Loss: 0.6441
INFO - Epoch 11, Loss: 0.6258 - Validation Loss: 0.6472
INFO - Epoch 12, Loss: 0.6232 - Validation Loss: 0.6385
INFO - Epoch 13, Loss: 0.6232 - Validation Loss: 0.6385
INFO - Epoch 14, Loss: 0.6161 - Validation Loss: 0.6378
INFO - Epoch 15, Loss: 0.6135 - Validation Loss: 0.6300
INFO - Epoch 16, Loss: 0.6125 - Validation Loss: 0.6309
INFO - Epoch 17, Loss: 0.6125 - Validation Loss: 0.6309
INFO - Epoch 18, Loss: 0.6060 - Validation Loss: 0.6219
INFO - Epoch 19, Loss: 0.6054 - Validation Loss: 0.6241
INFO - Epoch 20, Loss: 0.6054 - Validation Loss: 0.6241
INFO - Epoch 21, Loss: 0.6029 - Validation Loss: 0.6188
INFO - Epoch 22, Loss: 0.5917 - Validation Loss: 0.6069
INFO - Epoch 23, Loss: 0.5913 - Validation Loss: 0.6052
INFO - Epoch 24, Loss: 0.5913 - Validation Loss: 0.6052
INFO - Epoch 25, Loss: 0.5827 - Validation Loss: 0.5826
INFO - Epoch 26, Loss: 0.5817 - Validation Loss: 0.5940
INFO - Epoch 27, Loss: 0.5689 - Validation Loss: 0.5772
INFO - Epoch 28, Loss: 0.5689 - Validation Loss: 0.5772
INFO - Epoch 29, Loss: 0.5663 - Validation Loss: 0.5809
INFO - Epoch 30, Loss: 0.5617 - Validation Loss: 0.5728
INFO - Epoch 31, Loss: 0.5617 - Validation Loss: 0.5679
INFO - Epoch 32, Loss: 0.5589 - Validation Loss: 0.5713
INFO - Epoch 33, Loss: 0.5569 - Validation Loss: 0.5730
INFO - Epoch 34, Loss: 0.5446 - Validation Loss: 0.5546
INFO - Epoch 35, Loss: 0.5446 - Validation Loss: 0.5546
INFO - Epoch 36, Loss: 0.5417 - Validation Loss: 0.5613
INFO - Epoch 37, Loss: 0.5334 - Validation Loss: 0.5521
INFO - Epoch 38, Loss: 0.5323 - Validation Loss: 0.5527
INFO - Epoch 39, Loss: 0.5294 - Validation Loss: 0.5462
INFO - Epoch 40, Loss: 0.5269 - Validation Loss: 0.5427
INFO - Epoch 41, Loss: 0.5249 - Validation Loss: 0.5364
INFO - Epoch 42, Loss: 0.5235 - Validation Loss: 0.5365
INFO - Epoch 43, Loss: 0.5235 - Validation Loss: 0.5365
INFO - Epoch 44, Loss: 0.5176 - Validation Loss: 0.5292
INFO - Epoch 45, Loss: 0.5146 - Validation Loss: 0.5268
INFO - Epoch 46, Loss: 0.5143 - Validation Loss: 0.5252
INFO - Epoch 47, Loss: 0.5079 - Validation Loss: 0.5136
INFO - Epoch 48, Loss: 0.5000 - Validation Loss: 0.5054
INFO - Epoch 49, Loss: 0.5000 - Validation Loss: 0.5054
INFO - Epoch 50, Loss: 0.4998 - Validation Loss: 0.5061
INFO - Epoch 51, Loss: 0.4963 - Validation Loss: 0.5037
INFO - Epoch 52, Loss: 0.4963 - Validation Loss: 0.5037
INFO - Epoch 53, Loss: 0.4957 - Validation Loss: 0.5071
INFO - Epoch 54, Loss: 0.4936 - Validation Loss: 0.5057
INFO - Epoch 55, Loss: 0.4924 - Validation Loss: 0.5030
INFO - Epoch 56, Loss: 0.4915 - Validation Loss: 0.5023
INFO - Epoch 57, Loss: 0.4887 - Validation Loss: 0.4959
INFO - Epoch 58, Loss: 0.4887 - Validation Loss: 0.4959
INFO - Epoch 59, Loss: 0.4866 - Validation Loss: 0.4950
INFO - Epoch 60, Loss: 0.4845 - Validation Loss: 0.4938
INFO - Epoch 61, Loss: 0.4777 - Validation Loss: 0.4833
INFO - Epoch 62, Loss: 0.4777 - Validation Loss: 0.4833
INFO - Epoch 63, Loss: 0.4777 - Validation Loss: 0.4833
INFO - Epoch 64, Loss: 0.4710 - Validation Loss: 0.4743
INFO - Epoch 65, Loss: 0.4618 - Validation Loss: 0.4684
INFO - Epoch 66, Loss: 0.4618 - Validation Loss: 0.4684
INFO - Epoch 67, Loss: 0.4606 - Validation Loss: 0.4675
INFO - Epoch 68, Loss: 0.4571 - Validation Loss: 0.4648
INFO - Epoch 69, Loss: 0.4571 - Validation Loss: 0.4648
INFO - Epoch 70, Loss: 0.4558 - Validation Loss: 0.4631
INFO - Epoch 71, Loss: 0.4558 - Validation Loss: 0.4631
INFO - Epoch 72, Loss: 0.4543 - Validation Loss: 0.4612
INFO - Epoch 73, Loss: 0.4529 - Validation Loss: 0.4567
INFO - Epoch 74, Loss: 0.4529 - Validation Loss: 0.4567
INFO - Epoch 75, Loss: 0.4488 - Validation Loss: 0.4530
INFO - Epoch 76, Loss: 0.4484 - Validation Loss: 0.4544
INFO - Epoch 77, Loss: 0.4477 - Validation Loss: 0.4519
INFO - Epoch 78, Loss: 0.4467 - Validation Loss: 0.4461
INFO - Epoch 79, Loss: 0.4454 - Validation Loss: 0.4494
INFO - Epoch 80, Loss: 0.4451 - Validation Loss: 0.4490
INFO - Epoch 81, Loss: 0.4427 - Validation Loss: 0.4475
INFO - Epoch 82, Loss: 0.4414 - Validation Loss: 0.4440
INFO - Epoch 83, Loss: 0.4414 - Validation Loss: 0.4440
INFO - Epoch 84, Loss: 0.4414 - Validation Loss: 0.4440
INFO - Epoch 85, Loss: 0.4406 - Validation Loss: 0.4430
INFO - Epoch 86, Loss: 0.4398 - Validation Loss: 0.4422
INFO - Epoch 87, Loss: 0.4398 - Validation Loss: 0.4422
INFO - Epoch 88, Loss: 0.4391 - Validation Loss: 0.4418
INFO - Epoch 89, Loss: 0.4369 - Validation Loss: 0.4388
INFO - Epoch 90, Loss: 0.4369 - Validation Loss: 0.4388
INFO - Epoch 91, Loss: 0.4352 - Validation Loss: 0.4382
INFO - Epoch 92, Loss: 0.4352 - Validation Loss: 0.4382
INFO - Epoch 93, Loss: 0.4350 - Validation Loss: 0.4386
INFO - Epoch 94, Loss: 0.4348 - Validation Loss: 0.4409
INFO - Epoch 95, Loss: 0.4313 - Validation Loss: 0.4365
INFO - Epoch 96, Loss: 0.4313 - Validation Loss: 0.4365
INFO - Epoch 97, Loss: 0.4313 - Validation Loss: 0.4365
INFO - Epoch 98, Loss: 0.4313 - Validation Loss: 0.4365
INFO - Epoch 99, Loss: 0.4307 - Validation Loss: 0.4363
INFO - Epoch 100, Loss: 0.4205 - Validation Loss: 0.4290
INFO - Fold 3, Accuracy on training dataset: 1.0000
INFO - Fold 3, Accuracy on validation dataset: 1.0000
INFO - Fold 3, Accuracy on test dataset: 1.0000
INFO - =========================
INFO - ======= Fold 4 =======
INFO - Epoch 0, Loss: 0.6678 - Validation Loss: 0.6847
INFO - Epoch 1, Loss: 0.6678 - Validation Loss: 0.6847
INFO - Epoch 2, Loss: 0.6530 - Validation Loss: 0.6560
INFO - Epoch 3, Loss: 0.6518 - Validation Loss: 0.6865
INFO - Epoch 4, Loss: 0.6409 - Validation Loss: 0.7112
INFO - Epoch 5, Loss: 0.6409 - Validation Loss: 0.7112
INFO - Epoch 6, Loss: 0.6409 - Validation Loss: 0.7112
INFO - Epoch 7, Loss: 0.6302 - Validation Loss: 0.6439
INFO - Epoch 8, Loss: 0.6282 - Validation Loss: 0.6814
INFO - Epoch 9, Loss: 0.6176 - Validation Loss: 0.6686
INFO - Epoch 10, Loss: 0.5974 - Validation Loss: 0.6414
INFO - Epoch 11, Loss: 0.5943 - Validation Loss: 0.6368
INFO - Epoch 12, Loss: 0.5943 - Validation Loss: 0.6368
INFO - Epoch 13, Loss: 0.5703 - Validation Loss: 0.6098
INFO - Epoch 14, Loss: 0.5703 - Validation Loss: 0.6098
INFO - Epoch 15, Loss: 0.5703 - Validation Loss: 0.6098
INFO - Epoch 16, Loss: 0.5703 - Validation Loss: 0.6098
INFO - Epoch 17, Loss: 0.5685 - Validation Loss: 0.6135
INFO - Epoch 18, Loss: 0.5685 - Validation Loss: 0.6135
INFO - Epoch 19, Loss: 0.5685 - Validation Loss: 0.6135
INFO - Epoch 20, Loss: 0.5685 - Validation Loss: 0.6135
INFO - Epoch 21, Loss: 0.5685 - Validation Loss: 0.6135
INFO - Epoch 22, Loss: 0.5645 - Validation Loss: 0.6056
INFO - Epoch 23, Loss: 0.5440 - Validation Loss: 0.5929
INFO - Epoch 24, Loss: 0.5440 - Validation Loss: 0.5929
INFO - Epoch 25, Loss: 0.5440 - Validation Loss: 0.5929
INFO - Epoch 26, Loss: 0.5398 - Validation Loss: 0.6124
INFO - Epoch 27, Loss: 0.5362 - Validation Loss: 0.5858
INFO - Epoch 28, Loss: 0.5362 - Validation Loss: 0.5858
INFO - Epoch 29, Loss: 0.5350 - Validation Loss: 0.5901
INFO - Epoch 30, Loss: 0.5350 - Validation Loss: 0.5901
INFO - Epoch 31, Loss: 0.5322 - Validation Loss: 0.5948
INFO - Epoch 32, Loss: 0.5304 - Validation Loss: 0.5963
INFO - Epoch 33, Loss: 0.5284 - Validation Loss: 0.6004
INFO - Epoch 34, Loss: 0.5254 - Validation Loss: 0.5942
INFO - Epoch 35, Loss: 0.5237 - Validation Loss: 0.5920
INFO - Epoch 36, Loss: 0.5221 - Validation Loss: 0.5969
INFO - Epoch 37, Loss: 0.5196 - Validation Loss: 0.5909
INFO - Epoch 38, Loss: 0.5196 - Validation Loss: 0.5909
INFO - Epoch 39, Loss: 0.5196 - Validation Loss: 0.5909
INFO - Epoch 40, Loss: 0.5196 - Validation Loss: 0.5909
INFO - Epoch 41, Loss: 0.5192 - Validation Loss: 0.5918
INFO - Epoch 42, Loss: 0.5189 - Validation Loss: 0.5883
INFO - Epoch 43, Loss: 0.5163 - Validation Loss: 0.5856
INFO - Epoch 44, Loss: 0.5163 - Validation Loss: 0.5856
INFO - Epoch 45, Loss: 0.5101 - Validation Loss: 0.5932
INFO - Epoch 46, Loss: 0.5073 - Validation Loss: 0.5915
INFO - Epoch 47, Loss: 0.5068 - Validation Loss: 0.5889
INFO - Epoch 48, Loss: 0.5039 - Validation Loss: 0.5905
INFO - Epoch 49, Loss: 0.4990 - Validation Loss: 0.5732
INFO - Epoch 50, Loss: 0.4990 - Validation Loss: 0.5732
INFO - Epoch 51, Loss: 0.4937 - Validation Loss: 0.5772
INFO - Epoch 52, Loss: 0.4937 - Validation Loss: 0.5772
INFO - Epoch 53, Loss: 0.4937 - Validation Loss: 0.5772
INFO - Epoch 54, Loss: 0.4936 - Validation Loss: 0.5771
INFO - Epoch 55, Loss: 0.4926 - Validation Loss: 0.5767
INFO - Epoch 56, Loss: 0.4925 - Validation Loss: 0.5765
INFO - Epoch 57, Loss: 0.4925 - Validation Loss: 0.5765
INFO - Epoch 58, Loss: 0.4925 - Validation Loss: 0.5765
INFO - Epoch 59, Loss: 0.4924 - Validation Loss: 0.5778
INFO - Epoch 60, Loss: 0.4922 - Validation Loss: 0.5773
INFO - Epoch 61, Loss: 0.4919 - Validation Loss: 0.5773
INFO - Epoch 62, Loss: 0.4911 - Validation Loss: 0.5777
INFO - Epoch 63, Loss: 0.4902 - Validation Loss: 0.5748
INFO - Epoch 64, Loss: 0.4898 - Validation Loss: 0.5748
INFO - Epoch 65, Loss: 0.4896 - Validation Loss: 0.5756
INFO - Epoch 66, Loss: 0.4896 - Validation Loss: 0.5756
INFO - Epoch 67, Loss: 0.4896 - Validation Loss: 0.5756
INFO - Epoch 68, Loss: 0.4891 - Validation Loss: 0.5731
INFO - Epoch 69, Loss: 0.4880 - Validation Loss: 0.5711
INFO - Epoch 70, Loss: 0.4880 - Validation Loss: 0.5711
INFO - Epoch 71, Loss: 0.4876 - Validation Loss: 0.5713
INFO - Epoch 72, Loss: 0.4870 - Validation Loss: 0.5711
INFO - Epoch 73, Loss: 0.4856 - Validation Loss: 0.5696
INFO - Epoch 74, Loss: 0.4845 - Validation Loss: 0.5634
INFO - Epoch 75, Loss: 0.4841 - Validation Loss: 0.5650
INFO - Epoch 76, Loss: 0.4834 - Validation Loss: 0.5634
INFO - Epoch 77, Loss: 0.4832 - Validation Loss: 0.5639
INFO - Epoch 78, Loss: 0.4824 - Validation Loss: 0.5640
INFO - Epoch 79, Loss: 0.4822 - Validation Loss: 0.5641
INFO - Epoch 80, Loss: 0.4804 - Validation Loss: 0.5654
INFO - Epoch 81, Loss: 0.4801 - Validation Loss: 0.5646
INFO - Epoch 82, Loss: 0.4798 - Validation Loss: 0.5637
INFO - Epoch 83, Loss: 0.4798 - Validation Loss: 0.5637
INFO - Epoch 84, Loss: 0.4792 - Validation Loss: 0.5626
INFO - Epoch 85, Loss: 0.4779 - Validation Loss: 0.5611
INFO - Epoch 86, Loss: 0.4779 - Validation Loss: 0.5611
INFO - Epoch 87, Loss: 0.4774 - Validation Loss: 0.5611
INFO - Epoch 88, Loss: 0.4772 - Validation Loss: 0.5616
INFO - Epoch 89, Loss: 0.4759 - Validation Loss: 0.5582
INFO - Epoch 90, Loss: 0.4747 - Validation Loss: 0.5611
INFO - Epoch 91, Loss: 0.4747 - Validation Loss: 0.5611
INFO - Epoch 92, Loss: 0.4730 - Validation Loss: 0.5605
INFO - Epoch 93, Loss: 0.4723 - Validation Loss: 0.5584
INFO - Epoch 94, Loss: 0.4723 - Validation Loss: 0.5600
INFO - Epoch 95, Loss: 0.4714 - Validation Loss: 0.5602
INFO - Epoch 96, Loss: 0.4710 - Validation Loss: 0.5586
INFO - Epoch 97, Loss: 0.4706 - Validation Loss: 0.5595
INFO - Epoch 98, Loss: 0.4704 - Validation Loss: 0.5582
INFO - Epoch 99, Loss: 0.4703 - Validation Loss: 0.5582
INFO - Epoch 100, Loss: 0.4701 - Validation Loss: 0.5590
INFO - Fold 4, Accuracy on training dataset: 1.0000
INFO - Fold 4, Accuracy on validation dataset: 1.0000
INFO - Fold 4, Accuracy on test dataset: 1.0000
INFO - =========================
INFO - Best model saved at: ./models/circle_best_model.pth
INFO - =============================================
INFO - Model Setup:
INFO - dataset: circle
INFO - input_dim: 2
INFO - output_dim: 2
INFO - n_samples: 400
INFO - hidden_layers: [6]
INFO - n_particles: 20
INFO - g: 1.13
INFO - interval_parms_updated: 1
INFO - n_folds: 4
INFO - n_epochs: 100
INFO - =============================================
INFO - Mean time per epoch and folder: 39.2004 seconds
INFO - Mean accuracy on training dataset: 1.0000
INFO - Mean accuracy on validation dataset: 1.0000
INFO - Mean accuracy on test dataset: 1.0000
INFO - Standard deviation of accuracy on test dataset: 0.0000
INFO - =============================================
