INFO - ======= Fold 1 =======
INFO - Epoch 0, Loss: 0.6782 - Validation Loss: 0.6943
INFO - Epoch 1, Loss: 0.6751 - Validation Loss: 0.6139
INFO - Epoch 2, Loss: 0.6705 - Validation Loss: 0.6672
INFO - Epoch 3, Loss: 0.6607 - Validation Loss: 0.6736
INFO - Epoch 4, Loss: 0.6573 - Validation Loss: 0.6604
INFO - Epoch 5, Loss: 0.6569 - Validation Loss: 0.6780
INFO - Epoch 6, Loss: 0.6555 - Validation Loss: 0.6590
INFO - Epoch 7, Loss: 0.6424 - Validation Loss: 0.6556
INFO - Epoch 8, Loss: 0.6360 - Validation Loss: 0.6437
INFO - Epoch 9, Loss: 0.6011 - Validation Loss: 0.6049
INFO - Epoch 10, Loss: 0.5970 - Validation Loss: 0.6022
INFO - Epoch 11, Loss: 0.5970 - Validation Loss: 0.6022
INFO - Epoch 12, Loss: 0.5716 - Validation Loss: 0.5696
INFO - Epoch 13, Loss: 0.5685 - Validation Loss: 0.5516
INFO - Epoch 14, Loss: 0.5685 - Validation Loss: 0.5516
INFO - Epoch 15, Loss: 0.5655 - Validation Loss: 0.5325
INFO - Epoch 16, Loss: 0.5376 - Validation Loss: 0.5312
INFO - Epoch 17, Loss: 0.5376 - Validation Loss: 0.5312
INFO - Epoch 18, Loss: 0.5098 - Validation Loss: 0.5039
INFO - Epoch 19, Loss: 0.5086 - Validation Loss: 0.4901
INFO - Epoch 20, Loss: 0.5084 - Validation Loss: 0.4976
INFO - Epoch 21, Loss: 0.4796 - Validation Loss: 0.4566
INFO - Epoch 22, Loss: 0.4796 - Validation Loss: 0.4566
INFO - Epoch 23, Loss: 0.4796 - Validation Loss: 0.4566
INFO - Epoch 24, Loss: 0.4796 - Validation Loss: 0.4566
INFO - Epoch 25, Loss: 0.4796 - Validation Loss: 0.4566
INFO - Epoch 26, Loss: 0.4796 - Validation Loss: 0.4566
INFO - Epoch 27, Loss: 0.4796 - Validation Loss: 0.4566
INFO - Epoch 28, Loss: 0.4796 - Validation Loss: 0.4566
INFO - Epoch 29, Loss: 0.4796 - Validation Loss: 0.4566
INFO - Epoch 30, Loss: 0.4796 - Validation Loss: 0.4566
INFO - Epoch 31, Loss: 0.4794 - Validation Loss: 0.4559
INFO - Epoch 32, Loss: 0.4790 - Validation Loss: 0.4539
INFO - Epoch 33, Loss: 0.4790 - Validation Loss: 0.4539
INFO - Epoch 34, Loss: 0.4777 - Validation Loss: 0.4527
INFO - Epoch 35, Loss: 0.4775 - Validation Loss: 0.4547
INFO - Epoch 36, Loss: 0.4775 - Validation Loss: 0.4547
INFO - Epoch 37, Loss: 0.4766 - Validation Loss: 0.4516
INFO - Epoch 38, Loss: 0.4703 - Validation Loss: 0.4440
INFO - Epoch 39, Loss: 0.4703 - Validation Loss: 0.4440
INFO - Epoch 40, Loss: 0.4703 - Validation Loss: 0.4440
INFO - Epoch 41, Loss: 0.4692 - Validation Loss: 0.4430
INFO - Epoch 42, Loss: 0.4692 - Validation Loss: 0.4430
INFO - Epoch 43, Loss: 0.4685 - Validation Loss: 0.4451
INFO - Epoch 44, Loss: 0.4672 - Validation Loss: 0.4408
INFO - Epoch 45, Loss: 0.4650 - Validation Loss: 0.4374
INFO - Epoch 46, Loss: 0.4650 - Validation Loss: 0.4374
INFO - Epoch 47, Loss: 0.4648 - Validation Loss: 0.4420
INFO - Epoch 48, Loss: 0.4645 - Validation Loss: 0.4384
INFO - Epoch 49, Loss: 0.4634 - Validation Loss: 0.4406
INFO - Epoch 50, Loss: 0.4613 - Validation Loss: 0.4450
INFO - Epoch 51, Loss: 0.4581 - Validation Loss: 0.4396
INFO - Epoch 52, Loss: 0.4581 - Validation Loss: 0.4396
INFO - Epoch 53, Loss: 0.4581 - Validation Loss: 0.4396
INFO - Epoch 54, Loss: 0.4581 - Validation Loss: 0.4396
INFO - Epoch 55, Loss: 0.4538 - Validation Loss: 0.4380
INFO - Epoch 56, Loss: 0.4538 - Validation Loss: 0.4380
INFO - Epoch 57, Loss: 0.4537 - Validation Loss: 0.4351
INFO - Epoch 58, Loss: 0.4528 - Validation Loss: 0.4367
INFO - Epoch 59, Loss: 0.4519 - Validation Loss: 0.4347
INFO - Epoch 60, Loss: 0.4511 - Validation Loss: 0.4324
INFO - Epoch 61, Loss: 0.4511 - Validation Loss: 0.4324
INFO - Epoch 62, Loss: 0.4511 - Validation Loss: 0.4324
INFO - Epoch 63, Loss: 0.4503 - Validation Loss: 0.4275
INFO - Epoch 64, Loss: 0.4480 - Validation Loss: 0.4236
INFO - Epoch 65, Loss: 0.4476 - Validation Loss: 0.4294
INFO - Epoch 66, Loss: 0.4467 - Validation Loss: 0.4206
INFO - Epoch 67, Loss: 0.4432 - Validation Loss: 0.4186
INFO - Epoch 68, Loss: 0.4359 - Validation Loss: 0.4126
INFO - Epoch 69, Loss: 0.4325 - Validation Loss: 0.4112
INFO - Epoch 70, Loss: 0.4325 - Validation Loss: 0.4112
INFO - Epoch 71, Loss: 0.4278 - Validation Loss: 0.4056
INFO - Epoch 72, Loss: 0.4206 - Validation Loss: 0.4002
INFO - Epoch 73, Loss: 0.4206 - Validation Loss: 0.4002
INFO - Epoch 74, Loss: 0.4187 - Validation Loss: 0.4030
INFO - Epoch 75, Loss: 0.4187 - Validation Loss: 0.4030
INFO - Epoch 76, Loss: 0.4186 - Validation Loss: 0.3980
INFO - Epoch 77, Loss: 0.4166 - Validation Loss: 0.3945
INFO - Epoch 78, Loss: 0.4142 - Validation Loss: 0.4091
INFO - Epoch 79, Loss: 0.4134 - Validation Loss: 0.3992
INFO - Epoch 80, Loss: 0.4078 - Validation Loss: 0.3944
INFO - Epoch 81, Loss: 0.4006 - Validation Loss: 0.3965
INFO - Epoch 82, Loss: 0.3958 - Validation Loss: 0.3900
INFO - Epoch 83, Loss: 0.3942 - Validation Loss: 0.3803
INFO - Epoch 84, Loss: 0.3942 - Validation Loss: 0.3803
INFO - Epoch 85, Loss: 0.3897 - Validation Loss: 0.3874
INFO - Epoch 86, Loss: 0.3897 - Validation Loss: 0.3874
INFO - Epoch 87, Loss: 0.3865 - Validation Loss: 0.3727
INFO - Epoch 88, Loss: 0.3830 - Validation Loss: 0.3707
INFO - Epoch 89, Loss: 0.3791 - Validation Loss: 0.3651
INFO - Epoch 90, Loss: 0.3775 - Validation Loss: 0.3642
INFO - Epoch 91, Loss: 0.3740 - Validation Loss: 0.3656
INFO - Epoch 92, Loss: 0.3717 - Validation Loss: 0.3640
INFO - Epoch 93, Loss: 0.3712 - Validation Loss: 0.3620
INFO - Epoch 94, Loss: 0.3703 - Validation Loss: 0.3674
INFO - Epoch 95, Loss: 0.3636 - Validation Loss: 0.3670
INFO - Epoch 96, Loss: 0.3623 - Validation Loss: 0.3607
INFO - Epoch 97, Loss: 0.3618 - Validation Loss: 0.3635
INFO - Epoch 98, Loss: 0.3615 - Validation Loss: 0.3631
INFO - Epoch 99, Loss: 0.3615 - Validation Loss: 0.3631
INFO - Epoch 100, Loss: 0.3610 - Validation Loss: 0.3635
INFO - Fold 1, Accuracy on training dataset: 1.0000
INFO - Fold 1, Accuracy on validation dataset: 1.0000
INFO - Fold 1, Accuracy on test dataset: 1.0000
INFO - =========================
INFO - ======= Fold 2 =======
INFO - Epoch 0, Loss: 0.6561 - Validation Loss: 0.6930
INFO - Epoch 1, Loss: 0.6482 - Validation Loss: 0.7010
INFO - Epoch 2, Loss: 0.6482 - Validation Loss: 0.7010
INFO - Epoch 3, Loss: 0.6435 - Validation Loss: 0.6916
INFO - Epoch 4, Loss: 0.6340 - Validation Loss: 0.7033
INFO - Epoch 5, Loss: 0.6278 - Validation Loss: 0.7040
INFO - Epoch 6, Loss: 0.6278 - Validation Loss: 0.7040
INFO - Epoch 7, Loss: 0.6254 - Validation Loss: 0.7032
INFO - Epoch 8, Loss: 0.6190 - Validation Loss: 0.6797
INFO - Epoch 9, Loss: 0.6078 - Validation Loss: 0.6653
INFO - Epoch 10, Loss: 0.6078 - Validation Loss: 0.6653
INFO - Epoch 11, Loss: 0.6068 - Validation Loss: 0.6639
INFO - Epoch 12, Loss: 0.6058 - Validation Loss: 0.6628
INFO - Epoch 13, Loss: 0.6039 - Validation Loss: 0.6662
INFO - Epoch 14, Loss: 0.6018 - Validation Loss: 0.6605
INFO - Epoch 15, Loss: 0.5968 - Validation Loss: 0.6254
INFO - Epoch 16, Loss: 0.5968 - Validation Loss: 0.6254
INFO - Epoch 17, Loss: 0.5956 - Validation Loss: 0.6476
INFO - Epoch 18, Loss: 0.5794 - Validation Loss: 0.6159
INFO - Epoch 19, Loss: 0.5721 - Validation Loss: 0.5922
INFO - Epoch 20, Loss: 0.5721 - Validation Loss: 0.5922
INFO - Epoch 21, Loss: 0.5721 - Validation Loss: 0.5922
INFO - Epoch 22, Loss: 0.5560 - Validation Loss: 0.5869
INFO - Epoch 23, Loss: 0.5486 - Validation Loss: 0.5809
INFO - Epoch 24, Loss: 0.5454 - Validation Loss: 0.5892
INFO - Epoch 25, Loss: 0.5452 - Validation Loss: 0.5677
INFO - Epoch 26, Loss: 0.5433 - Validation Loss: 0.5757
INFO - Epoch 27, Loss: 0.5217 - Validation Loss: 0.5519
INFO - Epoch 28, Loss: 0.5195 - Validation Loss: 0.5508
INFO - Epoch 29, Loss: 0.5195 - Validation Loss: 0.5508
INFO - Epoch 30, Loss: 0.5195 - Validation Loss: 0.5508
INFO - Epoch 31, Loss: 0.5187 - Validation Loss: 0.5498
INFO - Epoch 32, Loss: 0.5187 - Validation Loss: 0.5498
INFO - Epoch 33, Loss: 0.5187 - Validation Loss: 0.5498
INFO - Epoch 34, Loss: 0.5177 - Validation Loss: 0.5433
INFO - Epoch 35, Loss: 0.5108 - Validation Loss: 0.5442
INFO - Epoch 36, Loss: 0.5108 - Validation Loss: 0.5442
INFO - Epoch 37, Loss: 0.5077 - Validation Loss: 0.5398
INFO - Epoch 38, Loss: 0.5077 - Validation Loss: 0.5398
INFO - Epoch 39, Loss: 0.5077 - Validation Loss: 0.5398
INFO - Epoch 40, Loss: 0.5039 - Validation Loss: 0.5295
INFO - Epoch 41, Loss: 0.5035 - Validation Loss: 0.5335
INFO - Epoch 42, Loss: 0.5007 - Validation Loss: 0.5264
INFO - Epoch 43, Loss: 0.5007 - Validation Loss: 0.5264
INFO - Epoch 44, Loss: 0.5007 - Validation Loss: 0.5264
INFO - Epoch 45, Loss: 0.4992 - Validation Loss: 0.5275
INFO - Epoch 46, Loss: 0.4984 - Validation Loss: 0.5256
INFO - Epoch 47, Loss: 0.4976 - Validation Loss: 0.5181
INFO - Epoch 48, Loss: 0.4948 - Validation Loss: 0.5192
INFO - Epoch 49, Loss: 0.4944 - Validation Loss: 0.5152
INFO - Epoch 50, Loss: 0.4934 - Validation Loss: 0.5166
INFO - Epoch 51, Loss: 0.4932 - Validation Loss: 0.5156
INFO - Epoch 52, Loss: 0.4928 - Validation Loss: 0.5129
INFO - Epoch 53, Loss: 0.4924 - Validation Loss: 0.5139
INFO - Epoch 54, Loss: 0.4917 - Validation Loss: 0.5126
INFO - Epoch 55, Loss: 0.4906 - Validation Loss: 0.5095
INFO - Epoch 56, Loss: 0.4906 - Validation Loss: 0.5095
INFO - Epoch 57, Loss: 0.4905 - Validation Loss: 0.5109
INFO - Epoch 58, Loss: 0.4894 - Validation Loss: 0.5029
INFO - Epoch 59, Loss: 0.4894 - Validation Loss: 0.5029
INFO - Epoch 60, Loss: 0.4893 - Validation Loss: 0.5048
INFO - Epoch 61, Loss: 0.4871 - Validation Loss: 0.5078
INFO - Epoch 62, Loss: 0.4870 - Validation Loss: 0.5074
INFO - Epoch 63, Loss: 0.4868 - Validation Loss: 0.5080
INFO - Epoch 64, Loss: 0.4854 - Validation Loss: 0.5119
INFO - Epoch 65, Loss: 0.4843 - Validation Loss: 0.5065
INFO - Epoch 66, Loss: 0.4808 - Validation Loss: 0.5027
INFO - Epoch 67, Loss: 0.4808 - Validation Loss: 0.5027
INFO - Epoch 68, Loss: 0.4803 - Validation Loss: 0.5021
INFO - Epoch 69, Loss: 0.4785 - Validation Loss: 0.5023
INFO - Epoch 70, Loss: 0.4785 - Validation Loss: 0.5023
INFO - Epoch 71, Loss: 0.4768 - Validation Loss: 0.5003
INFO - Epoch 72, Loss: 0.4768 - Validation Loss: 0.5003
INFO - Epoch 73, Loss: 0.4763 - Validation Loss: 0.4963
INFO - Epoch 74, Loss: 0.4743 - Validation Loss: 0.4996
INFO - Epoch 75, Loss: 0.4743 - Validation Loss: 0.4996
INFO - Epoch 76, Loss: 0.4743 - Validation Loss: 0.4996
INFO - Epoch 77, Loss: 0.4734 - Validation Loss: 0.4995
INFO - Epoch 78, Loss: 0.4734 - Validation Loss: 0.4995
INFO - Epoch 79, Loss: 0.4725 - Validation Loss: 0.4986
INFO - Epoch 80, Loss: 0.4717 - Validation Loss: 0.4967
INFO - Epoch 81, Loss: 0.4711 - Validation Loss: 0.4959
INFO - Epoch 82, Loss: 0.4711 - Validation Loss: 0.4959
INFO - Epoch 83, Loss: 0.4710 - Validation Loss: 0.4957
INFO - Epoch 84, Loss: 0.4710 - Validation Loss: 0.4957
INFO - Epoch 85, Loss: 0.4709 - Validation Loss: 0.4957
INFO - Epoch 86, Loss: 0.4709 - Validation Loss: 0.4956
INFO - Epoch 87, Loss: 0.4704 - Validation Loss: 0.4941
INFO - Epoch 88, Loss: 0.4703 - Validation Loss: 0.4934
INFO - Epoch 89, Loss: 0.4702 - Validation Loss: 0.4936
INFO - Epoch 90, Loss: 0.4697 - Validation Loss: 0.4948
INFO - Epoch 91, Loss: 0.4678 - Validation Loss: 0.4940
INFO - Epoch 92, Loss: 0.4678 - Validation Loss: 0.4940
INFO - Epoch 93, Loss: 0.4672 - Validation Loss: 0.4918
INFO - Epoch 94, Loss: 0.4664 - Validation Loss: 0.4904
INFO - Epoch 95, Loss: 0.4664 - Validation Loss: 0.4904
INFO - Epoch 96, Loss: 0.4658 - Validation Loss: 0.4907
INFO - Epoch 97, Loss: 0.4649 - Validation Loss: 0.4911
INFO - Epoch 98, Loss: 0.4647 - Validation Loss: 0.4888
INFO - Epoch 99, Loss: 0.4641 - Validation Loss: 0.4872
INFO - Epoch 100, Loss: 0.4632 - Validation Loss: 0.4843
INFO - Fold 2, Accuracy on training dataset: 1.0000
INFO - Fold 2, Accuracy on validation dataset: 1.0000
INFO - Fold 2, Accuracy on test dataset: 1.0000
INFO - =========================
INFO - ======= Fold 3 =======
INFO - Epoch 0, Loss: 0.6733 - Validation Loss: 0.6727
INFO - Epoch 1, Loss: 0.6733 - Validation Loss: 0.6727
INFO - Epoch 2, Loss: 0.6733 - Validation Loss: 0.6727
INFO - Epoch 3, Loss: 0.6667 - Validation Loss: 0.6396
INFO - Epoch 4, Loss: 0.6575 - Validation Loss: 0.6527
INFO - Epoch 5, Loss: 0.6575 - Validation Loss: 0.6527
INFO - Epoch 6, Loss: 0.6287 - Validation Loss: 0.6198
INFO - Epoch 7, Loss: 0.6287 - Validation Loss: 0.6198
INFO - Epoch 8, Loss: 0.6216 - Validation Loss: 0.5858
INFO - Epoch 9, Loss: 0.6216 - Validation Loss: 0.5858
INFO - Epoch 10, Loss: 0.6101 - Validation Loss: 0.5850
INFO - Epoch 11, Loss: 0.6101 - Validation Loss: 0.5850
INFO - Epoch 12, Loss: 0.6101 - Validation Loss: 0.5850
INFO - Epoch 13, Loss: 0.6101 - Validation Loss: 0.5850
INFO - Epoch 14, Loss: 0.6096 - Validation Loss: 0.6195
INFO - Epoch 15, Loss: 0.5960 - Validation Loss: 0.5628
INFO - Epoch 16, Loss: 0.5795 - Validation Loss: 0.5465
INFO - Epoch 17, Loss: 0.5795 - Validation Loss: 0.5465
INFO - Epoch 18, Loss: 0.5795 - Validation Loss: 0.5465
INFO - Epoch 19, Loss: 0.5688 - Validation Loss: 0.5544
INFO - Epoch 20, Loss: 0.5619 - Validation Loss: 0.5706
INFO - Epoch 21, Loss: 0.5619 - Validation Loss: 0.5706
INFO - Epoch 22, Loss: 0.5604 - Validation Loss: 0.5305
INFO - Epoch 23, Loss: 0.5323 - Validation Loss: 0.5241
INFO - Epoch 24, Loss: 0.5323 - Validation Loss: 0.5241
INFO - Epoch 25, Loss: 0.5300 - Validation Loss: 0.5182
INFO - Epoch 26, Loss: 0.5300 - Validation Loss: 0.5182
INFO - Epoch 27, Loss: 0.5300 - Validation Loss: 0.5182
INFO - Epoch 28, Loss: 0.5283 - Validation Loss: 0.5174
INFO - Epoch 29, Loss: 0.5283 - Validation Loss: 0.5174
INFO - Epoch 30, Loss: 0.5283 - Validation Loss: 0.5174
INFO - Epoch 31, Loss: 0.5283 - Validation Loss: 0.5174
INFO - Epoch 32, Loss: 0.5253 - Validation Loss: 0.5146
INFO - Epoch 33, Loss: 0.5232 - Validation Loss: 0.5122
INFO - Epoch 34, Loss: 0.5232 - Validation Loss: 0.5122
INFO - Epoch 35, Loss: 0.5232 - Validation Loss: 0.5122
INFO - Epoch 36, Loss: 0.5202 - Validation Loss: 0.5096
INFO - Epoch 37, Loss: 0.5202 - Validation Loss: 0.5096
INFO - Epoch 38, Loss: 0.5189 - Validation Loss: 0.5209
INFO - Epoch 39, Loss: 0.5141 - Validation Loss: 0.5058
INFO - Epoch 40, Loss: 0.5002 - Validation Loss: 0.4843
INFO - Epoch 41, Loss: 0.4992 - Validation Loss: 0.4896
INFO - Epoch 42, Loss: 0.4992 - Validation Loss: 0.4896
INFO - Epoch 43, Loss: 0.4988 - Validation Loss: 0.4931
INFO - Epoch 44, Loss: 0.4973 - Validation Loss: 0.4854
INFO - Epoch 45, Loss: 0.4905 - Validation Loss: 0.4873
INFO - Epoch 46, Loss: 0.4845 - Validation Loss: 0.4794
INFO - Epoch 47, Loss: 0.4845 - Validation Loss: 0.4794
INFO - Epoch 48, Loss: 0.4845 - Validation Loss: 0.4794
INFO - Epoch 49, Loss: 0.4845 - Validation Loss: 0.4794
INFO - Epoch 50, Loss: 0.4836 - Validation Loss: 0.4742
INFO - Epoch 51, Loss: 0.4814 - Validation Loss: 0.4774
INFO - Epoch 52, Loss: 0.4726 - Validation Loss: 0.4738
INFO - Epoch 53, Loss: 0.4726 - Validation Loss: 0.4738
INFO - Epoch 54, Loss: 0.4721 - Validation Loss: 0.4697
INFO - Epoch 55, Loss: 0.4674 - Validation Loss: 0.4619
INFO - Epoch 56, Loss: 0.4667 - Validation Loss: 0.4601
INFO - Epoch 57, Loss: 0.4585 - Validation Loss: 0.4517
INFO - Epoch 58, Loss: 0.4551 - Validation Loss: 0.4490
INFO - Epoch 59, Loss: 0.4551 - Validation Loss: 0.4490
INFO - Epoch 60, Loss: 0.4551 - Validation Loss: 0.4490
INFO - Epoch 61, Loss: 0.4542 - Validation Loss: 0.4500
INFO - Epoch 62, Loss: 0.4524 - Validation Loss: 0.4440
INFO - Epoch 63, Loss: 0.4431 - Validation Loss: 0.4413
INFO - Epoch 64, Loss: 0.4417 - Validation Loss: 0.4344
INFO - Epoch 65, Loss: 0.4404 - Validation Loss: 0.4431
INFO - Epoch 66, Loss: 0.4397 - Validation Loss: 0.4370
INFO - Epoch 67, Loss: 0.4392 - Validation Loss: 0.4373
INFO - Epoch 68, Loss: 0.4351 - Validation Loss: 0.4303
INFO - Epoch 69, Loss: 0.4351 - Validation Loss: 0.4303
INFO - Epoch 70, Loss: 0.4351 - Validation Loss: 0.4303
INFO - Epoch 71, Loss: 0.4336 - Validation Loss: 0.4391
INFO - Epoch 72, Loss: 0.4336 - Validation Loss: 0.4391
INFO - Epoch 73, Loss: 0.4315 - Validation Loss: 0.4304
INFO - Epoch 74, Loss: 0.4309 - Validation Loss: 0.4282
INFO - Epoch 75, Loss: 0.4309 - Validation Loss: 0.4282
INFO - Epoch 76, Loss: 0.4282 - Validation Loss: 0.4251
INFO - Epoch 77, Loss: 0.4279 - Validation Loss: 0.4271
INFO - Epoch 78, Loss: 0.4261 - Validation Loss: 0.4276
INFO - Epoch 79, Loss: 0.4260 - Validation Loss: 0.4256
INFO - Epoch 80, Loss: 0.4219 - Validation Loss: 0.4170
INFO - Epoch 81, Loss: 0.4188 - Validation Loss: 0.4066
INFO - Epoch 82, Loss: 0.4187 - Validation Loss: 0.4184
INFO - Epoch 83, Loss: 0.4091 - Validation Loss: 0.4087
INFO - Epoch 84, Loss: 0.4091 - Validation Loss: 0.4087
INFO - Epoch 85, Loss: 0.4083 - Validation Loss: 0.4024
INFO - Epoch 86, Loss: 0.4065 - Validation Loss: 0.4038
INFO - Epoch 87, Loss: 0.4065 - Validation Loss: 0.4038
INFO - Epoch 88, Loss: 0.4065 - Validation Loss: 0.4038
INFO - Epoch 89, Loss: 0.4059 - Validation Loss: 0.3975
INFO - Epoch 90, Loss: 0.4043 - Validation Loss: 0.3955
INFO - Epoch 91, Loss: 0.4021 - Validation Loss: 0.3918
INFO - Epoch 92, Loss: 0.4003 - Validation Loss: 0.3909
INFO - Epoch 93, Loss: 0.3993 - Validation Loss: 0.3900
INFO - Epoch 94, Loss: 0.3940 - Validation Loss: 0.3878
INFO - Epoch 95, Loss: 0.3940 - Validation Loss: 0.3878
INFO - Epoch 96, Loss: 0.3933 - Validation Loss: 0.3928
INFO - Epoch 97, Loss: 0.3921 - Validation Loss: 0.3889
INFO - Epoch 98, Loss: 0.3921 - Validation Loss: 0.3889
INFO - Epoch 99, Loss: 0.3921 - Validation Loss: 0.3889
INFO - Epoch 100, Loss: 0.3914 - Validation Loss: 0.3872
INFO - Fold 3, Accuracy on training dataset: 1.0000
INFO - Fold 3, Accuracy on validation dataset: 1.0000
INFO - Fold 3, Accuracy on test dataset: 1.0000
INFO - =========================
INFO - ======= Fold 4 =======
INFO - Epoch 0, Loss: 0.6598 - Validation Loss: 0.7184
INFO - Epoch 1, Loss: 0.6598 - Validation Loss: 0.7184
INFO - Epoch 2, Loss: 0.6598 - Validation Loss: 0.7184
INFO - Epoch 3, Loss: 0.6305 - Validation Loss: 0.6619
INFO - Epoch 4, Loss: 0.6305 - Validation Loss: 0.6619
INFO - Epoch 5, Loss: 0.6298 - Validation Loss: 0.6360
INFO - Epoch 6, Loss: 0.6057 - Validation Loss: 0.6249
INFO - Epoch 7, Loss: 0.5996 - Validation Loss: 0.6354
INFO - Epoch 8, Loss: 0.5996 - Validation Loss: 0.6354
INFO - Epoch 9, Loss: 0.5841 - Validation Loss: 0.6120
INFO - Epoch 10, Loss: 0.5841 - Validation Loss: 0.6120
INFO - Epoch 11, Loss: 0.5841 - Validation Loss: 0.6120
INFO - Epoch 12, Loss: 0.5734 - Validation Loss: 0.5839
INFO - Epoch 13, Loss: 0.5706 - Validation Loss: 0.5917
INFO - Epoch 14, Loss: 0.5672 - Validation Loss: 0.5835
INFO - Epoch 15, Loss: 0.5655 - Validation Loss: 0.5844
INFO - Epoch 16, Loss: 0.5655 - Validation Loss: 0.5844
INFO - Epoch 17, Loss: 0.5655 - Validation Loss: 0.5844
INFO - Epoch 18, Loss: 0.5655 - Validation Loss: 0.5844
INFO - Epoch 19, Loss: 0.5639 - Validation Loss: 0.5784
INFO - Epoch 20, Loss: 0.5559 - Validation Loss: 0.5815
INFO - Epoch 21, Loss: 0.5511 - Validation Loss: 0.5576
INFO - Epoch 22, Loss: 0.5511 - Validation Loss: 0.5576
INFO - Epoch 23, Loss: 0.5487 - Validation Loss: 0.5661
INFO - Epoch 24, Loss: 0.5470 - Validation Loss: 0.5613
INFO - Epoch 25, Loss: 0.5319 - Validation Loss: 0.5418
INFO - Epoch 26, Loss: 0.5319 - Validation Loss: 0.5418
INFO - Epoch 27, Loss: 0.5187 - Validation Loss: 0.5255
INFO - Epoch 28, Loss: 0.5187 - Validation Loss: 0.5255
INFO - Epoch 29, Loss: 0.5187 - Validation Loss: 0.5255
INFO - Epoch 30, Loss: 0.5183 - Validation Loss: 0.5386
INFO - Epoch 31, Loss: 0.5163 - Validation Loss: 0.5249
INFO - Epoch 32, Loss: 0.5163 - Validation Loss: 0.5249
INFO - Epoch 33, Loss: 0.5006 - Validation Loss: 0.5479
INFO - Epoch 34, Loss: 0.5006 - Validation Loss: 0.5479
INFO - Epoch 35, Loss: 0.5006 - Validation Loss: 0.5479
INFO - Epoch 36, Loss: 0.5006 - Validation Loss: 0.5479
INFO - Epoch 37, Loss: 0.4949 - Validation Loss: 0.5332
INFO - Epoch 38, Loss: 0.4949 - Validation Loss: 0.5332
INFO - Epoch 39, Loss: 0.4936 - Validation Loss: 0.5435
INFO - Epoch 40, Loss: 0.4936 - Validation Loss: 0.5435
INFO - Epoch 41, Loss: 0.4936 - Validation Loss: 0.5435
INFO - Epoch 42, Loss: 0.4900 - Validation Loss: 0.5182
INFO - Epoch 43, Loss: 0.4885 - Validation Loss: 0.5263
INFO - Epoch 44, Loss: 0.4885 - Validation Loss: 0.5263
INFO - Epoch 45, Loss: 0.4867 - Validation Loss: 0.5253
INFO - Epoch 46, Loss: 0.4863 - Validation Loss: 0.5146
INFO - Epoch 47, Loss: 0.4853 - Validation Loss: 0.5251
INFO - Epoch 48, Loss: 0.4810 - Validation Loss: 0.5184
INFO - Epoch 49, Loss: 0.4810 - Validation Loss: 0.5184
INFO - Epoch 50, Loss: 0.4806 - Validation Loss: 0.5049
INFO - Epoch 51, Loss: 0.4806 - Validation Loss: 0.5049
INFO - Epoch 52, Loss: 0.4806 - Validation Loss: 0.5049
INFO - Epoch 53, Loss: 0.4781 - Validation Loss: 0.4985
INFO - Epoch 54, Loss: 0.4744 - Validation Loss: 0.5031
INFO - Epoch 55, Loss: 0.4744 - Validation Loss: 0.5031
INFO - Epoch 56, Loss: 0.4729 - Validation Loss: 0.5031
INFO - Epoch 57, Loss: 0.4724 - Validation Loss: 0.5001
INFO - Epoch 58, Loss: 0.4724 - Validation Loss: 0.5001
INFO - Epoch 59, Loss: 0.4724 - Validation Loss: 0.5001
INFO - Epoch 60, Loss: 0.4701 - Validation Loss: 0.4965
INFO - Epoch 61, Loss: 0.4694 - Validation Loss: 0.4915
INFO - Epoch 62, Loss: 0.4660 - Validation Loss: 0.4915
INFO - Epoch 63, Loss: 0.4660 - Validation Loss: 0.4915
INFO - Epoch 64, Loss: 0.4651 - Validation Loss: 0.4881
INFO - Epoch 65, Loss: 0.4635 - Validation Loss: 0.4894
INFO - Epoch 66, Loss: 0.4607 - Validation Loss: 0.4867
INFO - Epoch 67, Loss: 0.4607 - Validation Loss: 0.4857
INFO - Epoch 68, Loss: 0.4593 - Validation Loss: 0.4787
INFO - Epoch 69, Loss: 0.4590 - Validation Loss: 0.4778
INFO - Epoch 70, Loss: 0.4578 - Validation Loss: 0.4776
INFO - Epoch 71, Loss: 0.4578 - Validation Loss: 0.4776
INFO - Epoch 72, Loss: 0.4576 - Validation Loss: 0.4767
INFO - Epoch 73, Loss: 0.4576 - Validation Loss: 0.4767
INFO - Epoch 74, Loss: 0.4573 - Validation Loss: 0.4769
INFO - Epoch 75, Loss: 0.4561 - Validation Loss: 0.4727
INFO - Epoch 76, Loss: 0.4561 - Validation Loss: 0.4727
INFO - Epoch 77, Loss: 0.4561 - Validation Loss: 0.4727
INFO - Epoch 78, Loss: 0.4561 - Validation Loss: 0.4727
INFO - Epoch 79, Loss: 0.4543 - Validation Loss: 0.4699
INFO - Epoch 80, Loss: 0.4522 - Validation Loss: 0.4692
INFO - Epoch 81, Loss: 0.4522 - Validation Loss: 0.4692
INFO - Epoch 82, Loss: 0.4522 - Validation Loss: 0.4692
INFO - Epoch 83, Loss: 0.4516 - Validation Loss: 0.4692
INFO - Epoch 84, Loss: 0.4508 - Validation Loss: 0.4686
INFO - Epoch 85, Loss: 0.4494 - Validation Loss: 0.4685
INFO - Epoch 86, Loss: 0.4487 - Validation Loss: 0.4682
INFO - Epoch 87, Loss: 0.4486 - Validation Loss: 0.4687
INFO - Epoch 88, Loss: 0.4485 - Validation Loss: 0.4686
INFO - Epoch 89, Loss: 0.4480 - Validation Loss: 0.4678
INFO - Epoch 90, Loss: 0.4462 - Validation Loss: 0.4683
INFO - Epoch 91, Loss: 0.4459 - Validation Loss: 0.4734
INFO - Epoch 92, Loss: 0.4455 - Validation Loss: 0.4700
INFO - Epoch 93, Loss: 0.4451 - Validation Loss: 0.4695
INFO - Epoch 94, Loss: 0.4451 - Validation Loss: 0.4696
INFO - Epoch 95, Loss: 0.4437 - Validation Loss: 0.4674
INFO - Epoch 96, Loss: 0.4433 - Validation Loss: 0.4712
INFO - Epoch 97, Loss: 0.4418 - Validation Loss: 0.4686
INFO - Epoch 98, Loss: 0.4418 - Validation Loss: 0.4686
INFO - Epoch 99, Loss: 0.4416 - Validation Loss: 0.4682
INFO - Epoch 100, Loss: 0.4416 - Validation Loss: 0.4682
INFO - Fold 4, Accuracy on training dataset: 1.0000
INFO - Fold 4, Accuracy on validation dataset: 1.0000
INFO - Fold 4, Accuracy on test dataset: 1.0000
INFO - =========================
INFO - Best model saved at: ./models/circleO_best_model.pth
INFO - =============================================
INFO - Model Setup:
INFO - dataset: circle
INFO - input_dim: 2
INFO - output_dim: 2
INFO - n_samples: 400
INFO - hidden_layers: [6]
INFO - n_particles: 20
INFO - g: 1.13
INFO - interval_parms_updated: 1
INFO - n_folds: 4
INFO - n_epochs: 100
INFO - =============================================
INFO - Mean time per epoch and folder: 4.1110 seconds
INFO - Mean accuracy on training dataset: 1.0000
INFO - Mean accuracy on validation dataset: 1.0000
INFO - Mean accuracy on test dataset: 1.0000
INFO - Standard deviation of accuracy on test dataset: 0.0000
INFO - =============================================
