INFO - ======= Fold 1 =======
INFO - Epoch 0, Loss: 0.9470 - Validation Loss: 0.9349
INFO - Epoch 1, Loss: 0.8527 - Validation Loss: 0.8508
INFO - Epoch 2, Loss: 0.8526 - Validation Loss: 0.8502
INFO - Epoch 3, Loss: 0.8359 - Validation Loss: 0.8015
INFO - Epoch 4, Loss: 0.7481 - Validation Loss: 0.7759
INFO - Epoch 5, Loss: 0.7481 - Validation Loss: 0.7759
INFO - Epoch 6, Loss: 0.7421 - Validation Loss: 0.7408
INFO - Epoch 7, Loss: 0.7287 - Validation Loss: 0.7432
INFO - Epoch 8, Loss: 0.7287 - Validation Loss: 0.7432
INFO - Epoch 9, Loss: 0.7025 - Validation Loss: 0.7150
INFO - Epoch 10, Loss: 0.6998 - Validation Loss: 0.7113
INFO - Epoch 11, Loss: 0.6691 - Validation Loss: 0.6782
INFO - Epoch 12, Loss: 0.6691 - Validation Loss: 0.6782
INFO - Epoch 13, Loss: 0.6691 - Validation Loss: 0.6782
INFO - Epoch 14, Loss: 0.6605 - Validation Loss: 0.6723
INFO - Epoch 15, Loss: 0.6394 - Validation Loss: 0.6403
INFO - Epoch 16, Loss: 0.6394 - Validation Loss: 0.6403
INFO - Epoch 17, Loss: 0.6333 - Validation Loss: 0.6287
INFO - Epoch 18, Loss: 0.6202 - Validation Loss: 0.6085
INFO - Epoch 19, Loss: 0.6202 - Validation Loss: 0.6085
INFO - Epoch 20, Loss: 0.6179 - Validation Loss: 0.6030
INFO - Epoch 21, Loss: 0.6165 - Validation Loss: 0.6014
INFO - Epoch 22, Loss: 0.6102 - Validation Loss: 0.6404
INFO - Epoch 23, Loss: 0.6102 - Validation Loss: 0.6404
INFO - Epoch 24, Loss: 0.6102 - Validation Loss: 0.6404
INFO - Epoch 25, Loss: 0.6066 - Validation Loss: 0.6013
INFO - Epoch 26, Loss: 0.6066 - Validation Loss: 0.6013
INFO - Epoch 27, Loss: 0.6060 - Validation Loss: 0.5884
INFO - Epoch 28, Loss: 0.6060 - Validation Loss: 0.5884
INFO - Epoch 29, Loss: 0.6018 - Validation Loss: 0.5885
INFO - Epoch 30, Loss: 0.6018 - Validation Loss: 0.5885
INFO - Epoch 31, Loss: 0.6018 - Validation Loss: 0.5885
INFO - Epoch 32, Loss: 0.6018 - Validation Loss: 0.5885
INFO - Epoch 33, Loss: 0.5982 - Validation Loss: 0.5821
INFO - Epoch 34, Loss: 0.5921 - Validation Loss: 0.5861
INFO - Epoch 35, Loss: 0.5921 - Validation Loss: 0.5861
INFO - Epoch 36, Loss: 0.5886 - Validation Loss: 0.5871
INFO - Epoch 37, Loss: 0.5886 - Validation Loss: 0.5871
INFO - Epoch 38, Loss: 0.5886 - Validation Loss: 0.5871
INFO - Epoch 39, Loss: 0.5862 - Validation Loss: 0.5858
INFO - Epoch 40, Loss: 0.5862 - Validation Loss: 0.5858
INFO - Epoch 41, Loss: 0.5862 - Validation Loss: 0.5858
INFO - Epoch 42, Loss: 0.5862 - Validation Loss: 0.5858
INFO - Epoch 43, Loss: 0.5837 - Validation Loss: 0.5859
INFO - Epoch 44, Loss: 0.5837 - Validation Loss: 0.5859
INFO - Epoch 45, Loss: 0.5837 - Validation Loss: 0.5859
INFO - Epoch 46, Loss: 0.5829 - Validation Loss: 0.5875
INFO - Epoch 47, Loss: 0.5829 - Validation Loss: 0.5875
INFO - Epoch 48, Loss: 0.5829 - Validation Loss: 0.5875
INFO - Epoch 49, Loss: 0.5829 - Validation Loss: 0.5875
INFO - Epoch 50, Loss: 0.5816 - Validation Loss: 0.5881
INFO - Epoch 51, Loss: 0.5816 - Validation Loss: 0.5881
INFO - Epoch 52, Loss: 0.5816 - Validation Loss: 0.5881
INFO - Epoch 53, Loss: 0.5816 - Validation Loss: 0.5881
INFO - Epoch 54, Loss: 0.5816 - Validation Loss: 0.5881
INFO - Epoch 55, Loss: 0.5816 - Validation Loss: 0.5881
INFO - Epoch 56, Loss: 0.5816 - Validation Loss: 0.5881
INFO - Epoch 57, Loss: 0.5809 - Validation Loss: 0.5871
INFO - Epoch 58, Loss: 0.5809 - Validation Loss: 0.5871
INFO - Epoch 59, Loss: 0.5809 - Validation Loss: 0.5871
INFO - Epoch 60, Loss: 0.5809 - Validation Loss: 0.5871
INFO - Epoch 61, Loss: 0.5809 - Validation Loss: 0.5871
INFO - Epoch 62, Loss: 0.5809 - Validation Loss: 0.5871
INFO - Epoch 63, Loss: 0.5809 - Validation Loss: 0.5871
INFO - Epoch 64, Loss: 0.5809 - Validation Loss: 0.5871
INFO - Epoch 65, Loss: 0.5801 - Validation Loss: 0.5866
INFO - Epoch 66, Loss: 0.5783 - Validation Loss: 0.5867
INFO - Epoch 67, Loss: 0.5783 - Validation Loss: 0.5867
INFO - Epoch 68, Loss: 0.5783 - Validation Loss: 0.5867
INFO - Epoch 69, Loss: 0.5783 - Validation Loss: 0.5867
INFO - Epoch 70, Loss: 0.5783 - Validation Loss: 0.5867
INFO - Epoch 71, Loss: 0.5783 - Validation Loss: 0.5867
INFO - Epoch 72, Loss: 0.5781 - Validation Loss: 0.5862
INFO - Epoch 73, Loss: 0.5781 - Validation Loss: 0.5862
INFO - Epoch 74, Loss: 0.5781 - Validation Loss: 0.5862
INFO - Epoch 75, Loss: 0.5779 - Validation Loss: 0.5862
INFO - Epoch 76, Loss: 0.5779 - Validation Loss: 0.5862
INFO - Epoch 77, Loss: 0.5776 - Validation Loss: 0.5862
INFO - Epoch 78, Loss: 0.5776 - Validation Loss: 0.5862
INFO - Epoch 79, Loss: 0.5776 - Validation Loss: 0.5862
INFO - Epoch 80, Loss: 0.5774 - Validation Loss: 0.5862
INFO - Epoch 81, Loss: 0.5773 - Validation Loss: 0.5862
INFO - Epoch 82, Loss: 0.5773 - Validation Loss: 0.5862
INFO - Epoch 83, Loss: 0.5773 - Validation Loss: 0.5862
INFO - Epoch 84, Loss: 0.5773 - Validation Loss: 0.5862
INFO - Epoch 85, Loss: 0.5768 - Validation Loss: 0.5863
INFO - Epoch 86, Loss: 0.5768 - Validation Loss: 0.5863
INFO - Epoch 87, Loss: 0.5766 - Validation Loss: 0.5861
INFO - Epoch 88, Loss: 0.5766 - Validation Loss: 0.5861
INFO - Epoch 89, Loss: 0.5763 - Validation Loss: 0.5861
INFO - Epoch 90, Loss: 0.5763 - Validation Loss: 0.5861
INFO - Epoch 91, Loss: 0.5763 - Validation Loss: 0.5861
INFO - Epoch 92, Loss: 0.5763 - Validation Loss: 0.5861
INFO - Epoch 93, Loss: 0.5760 - Validation Loss: 0.5862
INFO - Epoch 94, Loss: 0.5760 - Validation Loss: 0.5862
INFO - Epoch 95, Loss: 0.5760 - Validation Loss: 0.5862
INFO - Epoch 96, Loss: 0.5759 - Validation Loss: 0.5862
INFO - Epoch 97, Loss: 0.5759 - Validation Loss: 0.5862
INFO - Epoch 98, Loss: 0.5759 - Validation Loss: 0.5862
INFO - Epoch 99, Loss: 0.5749 - Validation Loss: 0.5649
INFO - Epoch 100, Loss: 0.5749 - Validation Loss: 0.5649
INFO - Fold 1, Accuracy on training dataset: 0.9778
INFO - Fold 1, Accuracy on validation dataset: 1.0000
INFO - Fold 1, Accuracy on test dataset: 0.9667
INFO - =========================
INFO - ======= Fold 2 =======
INFO - Epoch 0, Loss: 0.9128 - Validation Loss: 0.8223
INFO - Epoch 1, Loss: 0.9040 - Validation Loss: 0.9122
INFO - Epoch 2, Loss: 0.8654 - Validation Loss: 0.8239
INFO - Epoch 3, Loss: 0.8654 - Validation Loss: 0.8239
INFO - Epoch 4, Loss: 0.8654 - Validation Loss: 0.8239
INFO - Epoch 5, Loss: 0.8654 - Validation Loss: 0.8239
INFO - Epoch 6, Loss: 0.8569 - Validation Loss: 0.8450
INFO - Epoch 7, Loss: 0.8523 - Validation Loss: 0.7817
INFO - Epoch 8, Loss: 0.7550 - Validation Loss: 0.7821
INFO - Epoch 9, Loss: 0.7224 - Validation Loss: 0.6908
INFO - Epoch 10, Loss: 0.7224 - Validation Loss: 0.6908
INFO - Epoch 11, Loss: 0.6824 - Validation Loss: 0.6458
INFO - Epoch 12, Loss: 0.6797 - Validation Loss: 0.6309
INFO - Epoch 13, Loss: 0.6797 - Validation Loss: 0.6309
INFO - Epoch 14, Loss: 0.6617 - Validation Loss: 0.6474
INFO - Epoch 15, Loss: 0.6297 - Validation Loss: 0.6302
INFO - Epoch 16, Loss: 0.6297 - Validation Loss: 0.6302
INFO - Epoch 17, Loss: 0.6259 - Validation Loss: 0.5905
INFO - Epoch 18, Loss: 0.6232 - Validation Loss: 0.5909
INFO - Epoch 19, Loss: 0.6232 - Validation Loss: 0.5909
INFO - Epoch 20, Loss: 0.6193 - Validation Loss: 0.5885
INFO - Epoch 21, Loss: 0.6154 - Validation Loss: 0.5926
INFO - Epoch 22, Loss: 0.6133 - Validation Loss: 0.5947
INFO - Epoch 23, Loss: 0.6133 - Validation Loss: 0.5947
INFO - Epoch 24, Loss: 0.6133 - Validation Loss: 0.5947
INFO - Epoch 25, Loss: 0.6133 - Validation Loss: 0.5947
INFO - Epoch 26, Loss: 0.6127 - Validation Loss: 0.5950
INFO - Epoch 27, Loss: 0.6127 - Validation Loss: 0.5950
INFO - Epoch 28, Loss: 0.6127 - Validation Loss: 0.5950
INFO - Epoch 29, Loss: 0.6127 - Validation Loss: 0.5950
INFO - Epoch 30, Loss: 0.6127 - Validation Loss: 0.5950
INFO - Epoch 31, Loss: 0.6112 - Validation Loss: 0.6013
INFO - Epoch 32, Loss: 0.6100 - Validation Loss: 0.5924
INFO - Epoch 33, Loss: 0.6100 - Validation Loss: 0.5924
INFO - Epoch 34, Loss: 0.6053 - Validation Loss: 0.5777
INFO - Epoch 35, Loss: 0.6053 - Validation Loss: 0.5777
INFO - Epoch 36, Loss: 0.6024 - Validation Loss: 0.5926
INFO - Epoch 37, Loss: 0.5987 - Validation Loss: 0.5937
INFO - Epoch 38, Loss: 0.5987 - Validation Loss: 0.5937
INFO - Epoch 39, Loss: 0.5987 - Validation Loss: 0.5937
INFO - Epoch 40, Loss: 0.5965 - Validation Loss: 0.6010
INFO - Epoch 41, Loss: 0.5965 - Validation Loss: 0.6010
INFO - Epoch 42, Loss: 0.5965 - Validation Loss: 0.6010
INFO - Epoch 43, Loss: 0.5965 - Validation Loss: 0.6010
INFO - Epoch 44, Loss: 0.5965 - Validation Loss: 0.6010
INFO - Epoch 45, Loss: 0.5965 - Validation Loss: 0.6010
INFO - Epoch 46, Loss: 0.5964 - Validation Loss: 0.6009
INFO - Epoch 47, Loss: 0.5964 - Validation Loss: 0.6009
INFO - Epoch 48, Loss: 0.5947 - Validation Loss: 0.5928
INFO - Epoch 49, Loss: 0.5918 - Validation Loss: 0.5904
INFO - Epoch 50, Loss: 0.5918 - Validation Loss: 0.5904
INFO - Epoch 51, Loss: 0.5905 - Validation Loss: 0.6217
INFO - Epoch 52, Loss: 0.5876 - Validation Loss: 0.6044
INFO - Epoch 53, Loss: 0.5876 - Validation Loss: 0.6044
INFO - Epoch 54, Loss: 0.5862 - Validation Loss: 0.6158
INFO - Epoch 55, Loss: 0.5861 - Validation Loss: 0.6375
INFO - Epoch 56, Loss: 0.5841 - Validation Loss: 0.6341
INFO - Epoch 57, Loss: 0.5839 - Validation Loss: 0.6286
INFO - Epoch 58, Loss: 0.5839 - Validation Loss: 0.6286
INFO - Epoch 59, Loss: 0.5820 - Validation Loss: 0.6238
INFO - Epoch 60, Loss: 0.5819 - Validation Loss: 0.6329
INFO - Epoch 61, Loss: 0.5819 - Validation Loss: 0.6329
INFO - Epoch 62, Loss: 0.5819 - Validation Loss: 0.6329
INFO - Epoch 63, Loss: 0.5814 - Validation Loss: 0.6168
INFO - Epoch 64, Loss: 0.5810 - Validation Loss: 0.6230
INFO - Epoch 65, Loss: 0.5810 - Validation Loss: 0.6097
INFO - Epoch 66, Loss: 0.5810 - Validation Loss: 0.6097
INFO - Epoch 67, Loss: 0.5810 - Validation Loss: 0.6097
INFO - Epoch 68, Loss: 0.5800 - Validation Loss: 0.6118
INFO - Epoch 69, Loss: 0.5800 - Validation Loss: 0.6118
INFO - Epoch 70, Loss: 0.5800 - Validation Loss: 0.6118
INFO - Epoch 71, Loss: 0.5799 - Validation Loss: 0.6133
INFO - Epoch 72, Loss: 0.5798 - Validation Loss: 0.6205
INFO - Epoch 73, Loss: 0.5794 - Validation Loss: 0.6118
INFO - Epoch 74, Loss: 0.5792 - Validation Loss: 0.6092
INFO - Epoch 75, Loss: 0.5790 - Validation Loss: 0.6120
INFO - Epoch 76, Loss: 0.5786 - Validation Loss: 0.6039
INFO - Epoch 77, Loss: 0.5786 - Validation Loss: 0.6039
INFO - Epoch 78, Loss: 0.5784 - Validation Loss: 0.6086
INFO - Epoch 79, Loss: 0.5783 - Validation Loss: 0.6107
INFO - Epoch 80, Loss: 0.5776 - Validation Loss: 0.6074
INFO - Epoch 81, Loss: 0.5776 - Validation Loss: 0.6074
INFO - Epoch 82, Loss: 0.5776 - Validation Loss: 0.6074
INFO - Epoch 83, Loss: 0.5775 - Validation Loss: 0.6071
INFO - Epoch 84, Loss: 0.5775 - Validation Loss: 0.6075
INFO - Epoch 85, Loss: 0.5774 - Validation Loss: 0.6044
INFO - Epoch 86, Loss: 0.5773 - Validation Loss: 0.6023
INFO - Epoch 87, Loss: 0.5773 - Validation Loss: 0.6029
INFO - Epoch 88, Loss: 0.5772 - Validation Loss: 0.6044
INFO - Epoch 89, Loss: 0.5772 - Validation Loss: 0.6044
INFO - Epoch 90, Loss: 0.5771 - Validation Loss: 0.6051
INFO - Epoch 91, Loss: 0.5771 - Validation Loss: 0.6010
INFO - Epoch 92, Loss: 0.5770 - Validation Loss: 0.6057
INFO - Epoch 93, Loss: 0.5769 - Validation Loss: 0.6044
INFO - Epoch 94, Loss: 0.5769 - Validation Loss: 0.6015
INFO - Epoch 95, Loss: 0.5769 - Validation Loss: 0.6024
INFO - Epoch 96, Loss: 0.5768 - Validation Loss: 0.6016
INFO - Epoch 97, Loss: 0.5768 - Validation Loss: 0.6012
INFO - Epoch 98, Loss: 0.5766 - Validation Loss: 0.5981
INFO - Epoch 99, Loss: 0.5766 - Validation Loss: 0.6065
INFO - Epoch 100, Loss: 0.5766 - Validation Loss: 0.6065
INFO - Fold 2, Accuracy on training dataset: 0.9778
INFO - Fold 2, Accuracy on validation dataset: 1.0000
INFO - Fold 2, Accuracy on test dataset: 0.9667
INFO - =========================
INFO - ======= Fold 3 =======
INFO - Epoch 0, Loss: 0.9132 - Validation Loss: 0.9281
INFO - Epoch 1, Loss: 0.7602 - Validation Loss: 0.7606
INFO - Epoch 2, Loss: 0.7602 - Validation Loss: 0.7606
INFO - Epoch 3, Loss: 0.7602 - Validation Loss: 0.7606
INFO - Epoch 4, Loss: 0.7465 - Validation Loss: 0.7685
INFO - Epoch 5, Loss: 0.7239 - Validation Loss: 0.8081
INFO - Epoch 6, Loss: 0.6920 - Validation Loss: 0.7825
INFO - Epoch 7, Loss: 0.6724 - Validation Loss: 0.7597
INFO - Epoch 8, Loss: 0.6724 - Validation Loss: 0.7597
INFO - Epoch 9, Loss: 0.6724 - Validation Loss: 0.7597
INFO - Epoch 10, Loss: 0.6706 - Validation Loss: 0.7308
INFO - Epoch 11, Loss: 0.6706 - Validation Loss: 0.7308
INFO - Epoch 12, Loss: 0.6580 - Validation Loss: 0.7208
INFO - Epoch 13, Loss: 0.6576 - Validation Loss: 0.7193
INFO - Epoch 14, Loss: 0.6438 - Validation Loss: 0.7059
INFO - Epoch 15, Loss: 0.6438 - Validation Loss: 0.7059
INFO - Epoch 16, Loss: 0.6347 - Validation Loss: 0.7140
INFO - Epoch 17, Loss: 0.6347 - Validation Loss: 0.7140
INFO - Epoch 18, Loss: 0.6347 - Validation Loss: 0.7140
INFO - Epoch 19, Loss: 0.6100 - Validation Loss: 0.6972
INFO - Epoch 20, Loss: 0.6100 - Validation Loss: 0.6972
INFO - Epoch 21, Loss: 0.6100 - Validation Loss: 0.6972
INFO - Epoch 22, Loss: 0.6098 - Validation Loss: 0.6735
INFO - Epoch 23, Loss: 0.6055 - Validation Loss: 0.6755
INFO - Epoch 24, Loss: 0.6055 - Validation Loss: 0.6755
INFO - Epoch 25, Loss: 0.5996 - Validation Loss: 0.6806
INFO - Epoch 26, Loss: 0.5996 - Validation Loss: 0.6806
INFO - Epoch 27, Loss: 0.5968 - Validation Loss: 0.6768
INFO - Epoch 28, Loss: 0.5968 - Validation Loss: 0.6770
INFO - Epoch 29, Loss: 0.5967 - Validation Loss: 0.6785
INFO - Epoch 30, Loss: 0.5967 - Validation Loss: 0.6785
INFO - Epoch 31, Loss: 0.5940 - Validation Loss: 0.6751
INFO - Epoch 32, Loss: 0.5940 - Validation Loss: 0.6751
INFO - Epoch 33, Loss: 0.5940 - Validation Loss: 0.6751
INFO - Epoch 34, Loss: 0.5936 - Validation Loss: 0.6691
INFO - Epoch 35, Loss: 0.5932 - Validation Loss: 0.6668
INFO - Epoch 36, Loss: 0.5932 - Validation Loss: 0.6668
INFO - Epoch 37, Loss: 0.5925 - Validation Loss: 0.6708
INFO - Epoch 38, Loss: 0.5924 - Validation Loss: 0.6355
INFO - Epoch 39, Loss: 0.5894 - Validation Loss: 0.6529
INFO - Epoch 40, Loss: 0.5872 - Validation Loss: 0.6408
INFO - Epoch 41, Loss: 0.5872 - Validation Loss: 0.6408
INFO - Epoch 42, Loss: 0.5872 - Validation Loss: 0.6408
INFO - Epoch 43, Loss: 0.5865 - Validation Loss: 0.6442
INFO - Epoch 44, Loss: 0.5865 - Validation Loss: 0.6442
INFO - Epoch 45, Loss: 0.5843 - Validation Loss: 0.6312
INFO - Epoch 46, Loss: 0.5843 - Validation Loss: 0.6312
INFO - Epoch 47, Loss: 0.5843 - Validation Loss: 0.6312
INFO - Epoch 48, Loss: 0.5826 - Validation Loss: 0.6184
INFO - Epoch 49, Loss: 0.5826 - Validation Loss: 0.6184
INFO - Epoch 50, Loss: 0.5808 - Validation Loss: 0.6242
INFO - Epoch 51, Loss: 0.5808 - Validation Loss: 0.6242
INFO - Epoch 52, Loss: 0.5801 - Validation Loss: 0.6180
INFO - Epoch 53, Loss: 0.5801 - Validation Loss: 0.6180
INFO - Epoch 54, Loss: 0.5796 - Validation Loss: 0.6055
INFO - Epoch 55, Loss: 0.5794 - Validation Loss: 0.6129
INFO - Epoch 56, Loss: 0.5783 - Validation Loss: 0.6015
INFO - Epoch 57, Loss: 0.5767 - Validation Loss: 0.6019
INFO - Epoch 58, Loss: 0.5767 - Validation Loss: 0.6019
INFO - Epoch 59, Loss: 0.5767 - Validation Loss: 0.6019
INFO - Epoch 60, Loss: 0.5765 - Validation Loss: 0.6025
INFO - Epoch 61, Loss: 0.5760 - Validation Loss: 0.6044
INFO - Epoch 62, Loss: 0.5755 - Validation Loss: 0.5937
INFO - Epoch 63, Loss: 0.5739 - Validation Loss: 0.6015
INFO - Epoch 64, Loss: 0.5721 - Validation Loss: 0.6075
INFO - Epoch 65, Loss: 0.5676 - Validation Loss: 0.5978
INFO - Epoch 66, Loss: 0.5672 - Validation Loss: 0.6042
INFO - Epoch 67, Loss: 0.5672 - Validation Loss: 0.6042
INFO - Epoch 68, Loss: 0.5630 - Validation Loss: 0.6048
INFO - Epoch 69, Loss: 0.5608 - Validation Loss: 0.6311
INFO - Epoch 70, Loss: 0.5604 - Validation Loss: 0.6139
INFO - Epoch 71, Loss: 0.5597 - Validation Loss: 0.6154
INFO - Epoch 72, Loss: 0.5585 - Validation Loss: 0.6262
INFO - Epoch 73, Loss: 0.5585 - Validation Loss: 0.6262
INFO - Epoch 74, Loss: 0.5570 - Validation Loss: 0.6177
INFO - Epoch 75, Loss: 0.5570 - Validation Loss: 0.6177
INFO - Epoch 76, Loss: 0.5570 - Validation Loss: 0.6177
INFO - Epoch 77, Loss: 0.5570 - Validation Loss: 0.6177
INFO - Epoch 78, Loss: 0.5570 - Validation Loss: 0.6177
INFO - Epoch 79, Loss: 0.5568 - Validation Loss: 0.6174
INFO - Epoch 80, Loss: 0.5568 - Validation Loss: 0.6174
INFO - Epoch 81, Loss: 0.5568 - Validation Loss: 0.6174
INFO - Epoch 82, Loss: 0.5568 - Validation Loss: 0.6174
INFO - Epoch 83, Loss: 0.5568 - Validation Loss: 0.6170
INFO - Epoch 84, Loss: 0.5568 - Validation Loss: 0.6170
INFO - Epoch 85, Loss: 0.5568 - Validation Loss: 0.6170
INFO - Epoch 86, Loss: 0.5566 - Validation Loss: 0.6184
INFO - Epoch 87, Loss: 0.5565 - Validation Loss: 0.6168
INFO - Epoch 88, Loss: 0.5564 - Validation Loss: 0.6187
INFO - Epoch 89, Loss: 0.5564 - Validation Loss: 0.6187
INFO - Epoch 90, Loss: 0.5563 - Validation Loss: 0.6188
INFO - Epoch 91, Loss: 0.5562 - Validation Loss: 0.6208
INFO - Epoch 92, Loss: 0.5562 - Validation Loss: 0.6208
INFO - Epoch 93, Loss: 0.5561 - Validation Loss: 0.6178
INFO - Epoch 94, Loss: 0.5560 - Validation Loss: 0.6210
INFO - Epoch 95, Loss: 0.5560 - Validation Loss: 0.6210
INFO - Epoch 96, Loss: 0.5559 - Validation Loss: 0.6227
INFO - Epoch 97, Loss: 0.5559 - Validation Loss: 0.6227
INFO - Epoch 98, Loss: 0.5557 - Validation Loss: 0.6217
INFO - Epoch 99, Loss: 0.5557 - Validation Loss: 0.6217
INFO - Epoch 100, Loss: 0.5557 - Validation Loss: 0.6217
INFO - Fold 3, Accuracy on training dataset: 0.9889
INFO - Fold 3, Accuracy on validation dataset: 0.9667
INFO - Fold 3, Accuracy on test dataset: 0.9667
INFO - =========================
INFO - ======= Fold 4 =======
INFO - Epoch 0, Loss: 0.8593 - Validation Loss: 0.9252
INFO - Epoch 1, Loss: 0.8557 - Validation Loss: 0.9389
INFO - Epoch 2, Loss: 0.7518 - Validation Loss: 0.8002
INFO - Epoch 3, Loss: 0.7455 - Validation Loss: 0.7879
INFO - Epoch 4, Loss: 0.7455 - Validation Loss: 0.7879
INFO - Epoch 5, Loss: 0.7455 - Validation Loss: 0.7879
INFO - Epoch 6, Loss: 0.7455 - Validation Loss: 0.7879
INFO - Epoch 7, Loss: 0.7257 - Validation Loss: 0.7785
INFO - Epoch 8, Loss: 0.7099 - Validation Loss: 0.7949
INFO - Epoch 9, Loss: 0.7099 - Validation Loss: 0.7949
INFO - Epoch 10, Loss: 0.7099 - Validation Loss: 0.7949
INFO - Epoch 11, Loss: 0.7099 - Validation Loss: 0.7949
INFO - Epoch 12, Loss: 0.7099 - Validation Loss: 0.7949
INFO - Epoch 13, Loss: 0.7099 - Validation Loss: 0.7949
INFO - Epoch 14, Loss: 0.7099 - Validation Loss: 0.7949
INFO - Epoch 15, Loss: 0.7099 - Validation Loss: 0.7949
INFO - Epoch 16, Loss: 0.7099 - Validation Loss: 0.7949
INFO - Epoch 17, Loss: 0.6927 - Validation Loss: 0.7185
INFO - Epoch 18, Loss: 0.6927 - Validation Loss: 0.7185
INFO - Epoch 19, Loss: 0.6927 - Validation Loss: 0.7185
INFO - Epoch 20, Loss: 0.6927 - Validation Loss: 0.7185
INFO - Epoch 21, Loss: 0.6927 - Validation Loss: 0.7185
INFO - Epoch 22, Loss: 0.6927 - Validation Loss: 0.7185
INFO - Epoch 23, Loss: 0.6573 - Validation Loss: 0.7108
INFO - Epoch 24, Loss: 0.6573 - Validation Loss: 0.7108
INFO - Epoch 25, Loss: 0.6573 - Validation Loss: 0.7108
INFO - Epoch 26, Loss: 0.6573 - Validation Loss: 0.7108
INFO - Epoch 27, Loss: 0.6501 - Validation Loss: 0.7000
INFO - Epoch 28, Loss: 0.6236 - Validation Loss: 0.6656
INFO - Epoch 29, Loss: 0.6198 - Validation Loss: 0.7104
INFO - Epoch 30, Loss: 0.6076 - Validation Loss: 0.6628
INFO - Epoch 31, Loss: 0.6076 - Validation Loss: 0.6628
INFO - Epoch 32, Loss: 0.6076 - Validation Loss: 0.6799
INFO - Epoch 33, Loss: 0.6034 - Validation Loss: 0.6708
INFO - Epoch 34, Loss: 0.6024 - Validation Loss: 0.6684
INFO - Epoch 35, Loss: 0.6006 - Validation Loss: 0.6874
INFO - Epoch 36, Loss: 0.5945 - Validation Loss: 0.6687
INFO - Epoch 37, Loss: 0.5945 - Validation Loss: 0.6687
INFO - Epoch 38, Loss: 0.5945 - Validation Loss: 0.6687
INFO - Epoch 39, Loss: 0.5945 - Validation Loss: 0.6687
INFO - Epoch 40, Loss: 0.5945 - Validation Loss: 0.6687
INFO - Epoch 41, Loss: 0.5936 - Validation Loss: 0.6664
INFO - Epoch 42, Loss: 0.5928 - Validation Loss: 0.6680
INFO - Epoch 43, Loss: 0.5920 - Validation Loss: 0.6677
INFO - Epoch 44, Loss: 0.5917 - Validation Loss: 0.6597
INFO - Epoch 45, Loss: 0.5892 - Validation Loss: 0.6587
INFO - Epoch 46, Loss: 0.5892 - Validation Loss: 0.6587
INFO - Epoch 47, Loss: 0.5892 - Validation Loss: 0.6587
INFO - Epoch 48, Loss: 0.5881 - Validation Loss: 0.6547
INFO - Epoch 49, Loss: 0.5881 - Validation Loss: 0.6547
INFO - Epoch 50, Loss: 0.5879 - Validation Loss: 0.6532
INFO - Epoch 51, Loss: 0.5879 - Validation Loss: 0.6532
INFO - Epoch 52, Loss: 0.5848 - Validation Loss: 0.6453
INFO - Epoch 53, Loss: 0.5828 - Validation Loss: 0.6492
INFO - Epoch 54, Loss: 0.5822 - Validation Loss: 0.6466
INFO - Epoch 55, Loss: 0.5822 - Validation Loss: 0.6466
INFO - Epoch 56, Loss: 0.5822 - Validation Loss: 0.6466
INFO - Epoch 57, Loss: 0.5812 - Validation Loss: 0.6613
INFO - Epoch 58, Loss: 0.5791 - Validation Loss: 0.6490
INFO - Epoch 59, Loss: 0.5740 - Validation Loss: 0.6461
INFO - Epoch 60, Loss: 0.5740 - Validation Loss: 0.6461
INFO - Epoch 61, Loss: 0.5713 - Validation Loss: 0.6488
INFO - Epoch 62, Loss: 0.5705 - Validation Loss: 0.6514
INFO - Epoch 63, Loss: 0.5705 - Validation Loss: 0.6514
INFO - Epoch 64, Loss: 0.5705 - Validation Loss: 0.6514
INFO - Epoch 65, Loss: 0.5658 - Validation Loss: 0.6802
INFO - Epoch 66, Loss: 0.5645 - Validation Loss: 0.6402
INFO - Epoch 67, Loss: 0.5645 - Validation Loss: 0.6402
INFO - Epoch 68, Loss: 0.5645 - Validation Loss: 0.6402
INFO - Epoch 69, Loss: 0.5645 - Validation Loss: 0.6402
INFO - Epoch 70, Loss: 0.5633 - Validation Loss: 0.6423
INFO - Epoch 71, Loss: 0.5633 - Validation Loss: 0.6423
INFO - Epoch 72, Loss: 0.5624 - Validation Loss: 0.6423
INFO - Epoch 73, Loss: 0.5622 - Validation Loss: 0.6409
INFO - Epoch 74, Loss: 0.5622 - Validation Loss: 0.6409
INFO - Epoch 75, Loss: 0.5622 - Validation Loss: 0.6409
INFO - Epoch 76, Loss: 0.5614 - Validation Loss: 0.6475
INFO - Epoch 77, Loss: 0.5614 - Validation Loss: 0.6475
INFO - Epoch 78, Loss: 0.5612 - Validation Loss: 0.6482
INFO - Epoch 79, Loss: 0.5610 - Validation Loss: 0.6459
INFO - Epoch 80, Loss: 0.5609 - Validation Loss: 0.6471
INFO - Epoch 81, Loss: 0.5608 - Validation Loss: 0.6451
INFO - Epoch 82, Loss: 0.5607 - Validation Loss: 0.6421
INFO - Epoch 83, Loss: 0.5602 - Validation Loss: 0.6449
INFO - Epoch 84, Loss: 0.5598 - Validation Loss: 0.6476
INFO - Epoch 85, Loss: 0.5595 - Validation Loss: 0.6469
INFO - Epoch 86, Loss: 0.5590 - Validation Loss: 0.6384
INFO - Epoch 87, Loss: 0.5590 - Validation Loss: 0.6384
INFO - Epoch 88, Loss: 0.5590 - Validation Loss: 0.6384
INFO - Epoch 89, Loss: 0.5590 - Validation Loss: 0.6384
INFO - Epoch 90, Loss: 0.5590 - Validation Loss: 0.6384
INFO - Epoch 91, Loss: 0.5590 - Validation Loss: 0.6384
INFO - Epoch 92, Loss: 0.5588 - Validation Loss: 0.6459
INFO - Epoch 93, Loss: 0.5586 - Validation Loss: 0.6456
INFO - Epoch 94, Loss: 0.5581 - Validation Loss: 0.6448
INFO - Epoch 95, Loss: 0.5581 - Validation Loss: 0.6448
INFO - Epoch 96, Loss: 0.5579 - Validation Loss: 0.6481
INFO - Epoch 97, Loss: 0.5579 - Validation Loss: 0.6476
INFO - Epoch 98, Loss: 0.5577 - Validation Loss: 0.6494
INFO - Epoch 99, Loss: 0.5575 - Validation Loss: 0.6503
INFO - Epoch 100, Loss: 0.5571 - Validation Loss: 0.6496
INFO - Fold 4, Accuracy on training dataset: 0.9889
INFO - Fold 4, Accuracy on validation dataset: 0.9667
INFO - Fold 4, Accuracy on test dataset: 0.9667
INFO - =========================
INFO - Best model saved at: ./models/iris_best_model.pth
INFO - =============================================
INFO - Model Setup:
INFO - dataset: iris
INFO - input_dim: 4
INFO - output_dim: 3
INFO - n_samples: 120
INFO - hidden_layers: [12]
INFO - n_particles: 20
INFO - g: 1.13
INFO - interval_parms_updated: 1
INFO - n_folds: 4
INFO - n_epochs: 100
INFO - =============================================
INFO - Mean time per epoch and folder: 107.6605 seconds
INFO - Mean accuracy on training dataset: 0.9833
INFO - Mean accuracy on validation dataset: 0.9833
INFO - Mean accuracy on test dataset: 0.9667
INFO - Standard deviation of accuracy on test dataset: 0.0000
INFO - =============================================
