INFO - ======= Fold 1 =======
INFO - Epoch 0, Loss: 0.8580 - Validation Loss: 0.8590
INFO - Epoch 1, Loss: 0.8358 - Validation Loss: 0.8199
INFO - Epoch 2, Loss: 0.8358 - Validation Loss: 0.8199
INFO - Epoch 3, Loss: 0.7681 - Validation Loss: 0.7746
INFO - Epoch 4, Loss: 0.7681 - Validation Loss: 0.7746
INFO - Epoch 5, Loss: 0.7115 - Validation Loss: 0.7229
INFO - Epoch 6, Loss: 0.6689 - Validation Loss: 0.6453
INFO - Epoch 7, Loss: 0.6689 - Validation Loss: 0.6453
INFO - Epoch 8, Loss: 0.6438 - Validation Loss: 0.6469
INFO - Epoch 9, Loss: 0.6438 - Validation Loss: 0.6469
INFO - Epoch 10, Loss: 0.6392 - Validation Loss: 0.6193
INFO - Epoch 11, Loss: 0.6390 - Validation Loss: 0.6423
INFO - Epoch 12, Loss: 0.6297 - Validation Loss: 0.6192
INFO - Epoch 13, Loss: 0.6297 - Validation Loss: 0.6192
INFO - Epoch 14, Loss: 0.6284 - Validation Loss: 0.6221
INFO - Epoch 15, Loss: 0.6281 - Validation Loss: 0.6206
INFO - Epoch 16, Loss: 0.6256 - Validation Loss: 0.6183
INFO - Epoch 17, Loss: 0.6256 - Validation Loss: 0.6183
INFO - Epoch 18, Loss: 0.6212 - Validation Loss: 0.6026
INFO - Epoch 19, Loss: 0.6212 - Validation Loss: 0.6026
INFO - Epoch 20, Loss: 0.6212 - Validation Loss: 0.6026
INFO - Epoch 21, Loss: 0.6212 - Validation Loss: 0.6026
INFO - Epoch 22, Loss: 0.6097 - Validation Loss: 0.5782
INFO - Epoch 23, Loss: 0.6055 - Validation Loss: 0.5865
INFO - Epoch 24, Loss: 0.6018 - Validation Loss: 0.5865
INFO - Epoch 25, Loss: 0.5993 - Validation Loss: 0.5713
INFO - Epoch 26, Loss: 0.5993 - Validation Loss: 0.5713
INFO - Epoch 27, Loss: 0.5979 - Validation Loss: 0.5832
INFO - Epoch 28, Loss: 0.5979 - Validation Loss: 0.5832
INFO - Epoch 29, Loss: 0.5977 - Validation Loss: 0.5782
INFO - Epoch 30, Loss: 0.5977 - Validation Loss: 0.5782
INFO - Epoch 31, Loss: 0.5969 - Validation Loss: 0.5791
INFO - Epoch 32, Loss: 0.5935 - Validation Loss: 0.5705
INFO - Epoch 33, Loss: 0.5935 - Validation Loss: 0.5705
INFO - Epoch 34, Loss: 0.5915 - Validation Loss: 0.5629
INFO - Epoch 35, Loss: 0.5915 - Validation Loss: 0.5629
INFO - Epoch 36, Loss: 0.5914 - Validation Loss: 0.5661
INFO - Epoch 37, Loss: 0.5914 - Validation Loss: 0.5661
INFO - Epoch 38, Loss: 0.5885 - Validation Loss: 0.5667
INFO - Epoch 39, Loss: 0.5884 - Validation Loss: 0.5731
INFO - Epoch 40, Loss: 0.5884 - Validation Loss: 0.5731
INFO - Epoch 41, Loss: 0.5884 - Validation Loss: 0.5731
INFO - Epoch 42, Loss: 0.5879 - Validation Loss: 0.5696
INFO - Epoch 43, Loss: 0.5835 - Validation Loss: 0.5579
INFO - Epoch 44, Loss: 0.5835 - Validation Loss: 0.5579
INFO - Epoch 45, Loss: 0.5835 - Validation Loss: 0.5579
INFO - Epoch 46, Loss: 0.5835 - Validation Loss: 0.5579
INFO - Epoch 47, Loss: 0.5835 - Validation Loss: 0.5579
INFO - Epoch 48, Loss: 0.5835 - Validation Loss: 0.5579
INFO - Epoch 49, Loss: 0.5835 - Validation Loss: 0.5579
INFO - Epoch 50, Loss: 0.5824 - Validation Loss: 0.5642
INFO - Epoch 51, Loss: 0.5824 - Validation Loss: 0.5642
INFO - Epoch 52, Loss: 0.5816 - Validation Loss: 0.5621
INFO - Epoch 53, Loss: 0.5816 - Validation Loss: 0.5621
INFO - Epoch 54, Loss: 0.5816 - Validation Loss: 0.5621
INFO - Epoch 55, Loss: 0.5816 - Validation Loss: 0.5621
INFO - Epoch 56, Loss: 0.5815 - Validation Loss: 0.5610
INFO - Epoch 57, Loss: 0.5814 - Validation Loss: 0.5611
INFO - Epoch 58, Loss: 0.5814 - Validation Loss: 0.5611
INFO - Epoch 59, Loss: 0.5814 - Validation Loss: 0.5611
INFO - Epoch 60, Loss: 0.5814 - Validation Loss: 0.5612
INFO - Epoch 61, Loss: 0.5810 - Validation Loss: 0.5651
INFO - Epoch 62, Loss: 0.5810 - Validation Loss: 0.5611
INFO - Epoch 63, Loss: 0.5807 - Validation Loss: 0.5647
INFO - Epoch 64, Loss: 0.5800 - Validation Loss: 0.5553
INFO - Epoch 65, Loss: 0.5800 - Validation Loss: 0.5553
INFO - Epoch 66, Loss: 0.5797 - Validation Loss: 0.5546
INFO - Epoch 67, Loss: 0.5782 - Validation Loss: 0.5633
INFO - Epoch 68, Loss: 0.5765 - Validation Loss: 0.5568
INFO - Epoch 69, Loss: 0.5765 - Validation Loss: 0.5568
INFO - Epoch 70, Loss: 0.5765 - Validation Loss: 0.5568
INFO - Epoch 71, Loss: 0.5765 - Validation Loss: 0.5568
INFO - Epoch 72, Loss: 0.5765 - Validation Loss: 0.5568
INFO - Epoch 73, Loss: 0.5762 - Validation Loss: 0.5556
INFO - Epoch 74, Loss: 0.5762 - Validation Loss: 0.5556
INFO - Epoch 75, Loss: 0.5762 - Validation Loss: 0.5556
INFO - Epoch 76, Loss: 0.5761 - Validation Loss: 0.5547
INFO - Epoch 77, Loss: 0.5758 - Validation Loss: 0.5547
INFO - Epoch 78, Loss: 0.5757 - Validation Loss: 0.5553
INFO - Epoch 79, Loss: 0.5753 - Validation Loss: 0.5549
INFO - Epoch 80, Loss: 0.5753 - Validation Loss: 0.5549
INFO - Epoch 81, Loss: 0.5753 - Validation Loss: 0.5549
INFO - Epoch 82, Loss: 0.5753 - Validation Loss: 0.5549
INFO - Epoch 83, Loss: 0.5753 - Validation Loss: 0.5549
INFO - Epoch 84, Loss: 0.5753 - Validation Loss: 0.5547
INFO - Epoch 85, Loss: 0.5750 - Validation Loss: 0.5547
INFO - Epoch 86, Loss: 0.5750 - Validation Loss: 0.5547
INFO - Epoch 87, Loss: 0.5748 - Validation Loss: 0.5549
INFO - Epoch 88, Loss: 0.5748 - Validation Loss: 0.5549
INFO - Epoch 89, Loss: 0.5748 - Validation Loss: 0.5547
INFO - Epoch 90, Loss: 0.5747 - Validation Loss: 0.5548
INFO - Epoch 91, Loss: 0.5747 - Validation Loss: 0.5548
INFO - Epoch 92, Loss: 0.5738 - Validation Loss: 0.5538
INFO - Epoch 93, Loss: 0.5738 - Validation Loss: 0.5538
INFO - Epoch 94, Loss: 0.5738 - Validation Loss: 0.5538
INFO - Epoch 95, Loss: 0.5738 - Validation Loss: 0.5541
INFO - Epoch 96, Loss: 0.5733 - Validation Loss: 0.5543
INFO - Epoch 97, Loss: 0.5724 - Validation Loss: 0.5538
INFO - Epoch 98, Loss: 0.5724 - Validation Loss: 0.5538
INFO - Epoch 99, Loss: 0.5724 - Validation Loss: 0.5538
INFO - Epoch 100, Loss: 0.5724 - Validation Loss: 0.5538
INFO - Fold 1, Accuracy on training dataset: 0.9889
INFO - Fold 1, Accuracy on validation dataset: 1.0000
INFO - Fold 1, Accuracy on test dataset: 0.9667
INFO - =========================
INFO - ======= Fold 2 =======
INFO - Epoch 0, Loss: 0.8510 - Validation Loss: 0.8554
INFO - Epoch 1, Loss: 0.8510 - Validation Loss: 0.8554
INFO - Epoch 2, Loss: 0.8281 - Validation Loss: 0.8141
INFO - Epoch 3, Loss: 0.8281 - Validation Loss: 0.8141
INFO - Epoch 4, Loss: 0.8078 - Validation Loss: 0.7700
INFO - Epoch 5, Loss: 0.6381 - Validation Loss: 0.6583
INFO - Epoch 6, Loss: 0.6228 - Validation Loss: 0.6593
INFO - Epoch 7, Loss: 0.6228 - Validation Loss: 0.6593
INFO - Epoch 8, Loss: 0.6228 - Validation Loss: 0.6593
INFO - Epoch 9, Loss: 0.6228 - Validation Loss: 0.6593
INFO - Epoch 10, Loss: 0.5900 - Validation Loss: 0.6199
INFO - Epoch 11, Loss: 0.5900 - Validation Loss: 0.6199
INFO - Epoch 12, Loss: 0.5870 - Validation Loss: 0.5930
INFO - Epoch 13, Loss: 0.5870 - Validation Loss: 0.5930
INFO - Epoch 14, Loss: 0.5870 - Validation Loss: 0.5930
INFO - Epoch 15, Loss: 0.5838 - Validation Loss: 0.5952
INFO - Epoch 16, Loss: 0.5838 - Validation Loss: 0.5952
INFO - Epoch 17, Loss: 0.5838 - Validation Loss: 0.5952
INFO - Epoch 18, Loss: 0.5810 - Validation Loss: 0.5948
INFO - Epoch 19, Loss: 0.5810 - Validation Loss: 0.5948
INFO - Epoch 20, Loss: 0.5810 - Validation Loss: 0.5948
INFO - Epoch 21, Loss: 0.5810 - Validation Loss: 0.5948
INFO - Epoch 22, Loss: 0.5810 - Validation Loss: 0.5948
INFO - Epoch 23, Loss: 0.5790 - Validation Loss: 0.5909
INFO - Epoch 24, Loss: 0.5725 - Validation Loss: 0.5949
INFO - Epoch 25, Loss: 0.5725 - Validation Loss: 0.5949
INFO - Epoch 26, Loss: 0.5701 - Validation Loss: 0.5908
INFO - Epoch 27, Loss: 0.5701 - Validation Loss: 0.5908
INFO - Epoch 28, Loss: 0.5676 - Validation Loss: 0.5892
INFO - Epoch 29, Loss: 0.5676 - Validation Loss: 0.5892
INFO - Epoch 30, Loss: 0.5676 - Validation Loss: 0.5892
INFO - Epoch 31, Loss: 0.5663 - Validation Loss: 0.5871
INFO - Epoch 32, Loss: 0.5663 - Validation Loss: 0.5871
INFO - Epoch 33, Loss: 0.5663 - Validation Loss: 0.5871
INFO - Epoch 34, Loss: 0.5663 - Validation Loss: 0.5871
INFO - Epoch 35, Loss: 0.5663 - Validation Loss: 0.5871
INFO - Epoch 36, Loss: 0.5663 - Validation Loss: 0.5871
INFO - Epoch 37, Loss: 0.5662 - Validation Loss: 0.5871
INFO - Epoch 38, Loss: 0.5662 - Validation Loss: 0.5871
INFO - Epoch 39, Loss: 0.5662 - Validation Loss: 0.5871
INFO - Epoch 40, Loss: 0.5653 - Validation Loss: 0.5860
INFO - Epoch 41, Loss: 0.5653 - Validation Loss: 0.5860
INFO - Epoch 42, Loss: 0.5653 - Validation Loss: 0.5860
INFO - Epoch 43, Loss: 0.5653 - Validation Loss: 0.5860
INFO - Epoch 44, Loss: 0.5653 - Validation Loss: 0.5860
INFO - Epoch 45, Loss: 0.5653 - Validation Loss: 0.5860
INFO - Epoch 46, Loss: 0.5653 - Validation Loss: 0.5860
INFO - Epoch 47, Loss: 0.5651 - Validation Loss: 0.5855
INFO - Epoch 48, Loss: 0.5645 - Validation Loss: 0.5854
INFO - Epoch 49, Loss: 0.5645 - Validation Loss: 0.5854
INFO - Epoch 50, Loss: 0.5645 - Validation Loss: 0.5854
INFO - Epoch 51, Loss: 0.5642 - Validation Loss: 0.5854
INFO - Epoch 52, Loss: 0.5641 - Validation Loss: 0.5854
INFO - Epoch 53, Loss: 0.5641 - Validation Loss: 0.5854
INFO - Epoch 54, Loss: 0.5641 - Validation Loss: 0.5854
INFO - Epoch 55, Loss: 0.5641 - Validation Loss: 0.5855
INFO - Epoch 56, Loss: 0.5641 - Validation Loss: 0.5855
INFO - Epoch 57, Loss: 0.5641 - Validation Loss: 0.5855
INFO - Epoch 58, Loss: 0.5641 - Validation Loss: 0.5855
INFO - Epoch 59, Loss: 0.5641 - Validation Loss: 0.5855
INFO - Epoch 60, Loss: 0.5640 - Validation Loss: 0.5854
INFO - Epoch 61, Loss: 0.5639 - Validation Loss: 0.5854
INFO - Epoch 62, Loss: 0.5639 - Validation Loss: 0.5854
INFO - Epoch 63, Loss: 0.5639 - Validation Loss: 0.5854
INFO - Epoch 64, Loss: 0.5639 - Validation Loss: 0.5854
INFO - Epoch 65, Loss: 0.5639 - Validation Loss: 0.5854
INFO - Epoch 66, Loss: 0.5639 - Validation Loss: 0.5855
INFO - Epoch 67, Loss: 0.5639 - Validation Loss: 0.5854
INFO - Epoch 68, Loss: 0.5639 - Validation Loss: 0.5854
INFO - Epoch 69, Loss: 0.5638 - Validation Loss: 0.5854
INFO - Epoch 70, Loss: 0.5637 - Validation Loss: 0.5854
INFO - Epoch 71, Loss: 0.5637 - Validation Loss: 0.5854
INFO - Epoch 72, Loss: 0.5637 - Validation Loss: 0.5854
INFO - Epoch 73, Loss: 0.5637 - Validation Loss: 0.5854
INFO - Epoch 74, Loss: 0.5637 - Validation Loss: 0.5854
INFO - Epoch 75, Loss: 0.5637 - Validation Loss: 0.5854
INFO - Epoch 76, Loss: 0.5637 - Validation Loss: 0.5854
INFO - Epoch 77, Loss: 0.5637 - Validation Loss: 0.5854
INFO - Epoch 78, Loss: 0.5637 - Validation Loss: 0.5854
INFO - Epoch 79, Loss: 0.5637 - Validation Loss: 0.5854
INFO - Epoch 80, Loss: 0.5637 - Validation Loss: 0.5854
INFO - Epoch 81, Loss: 0.5637 - Validation Loss: 0.5854
INFO - Epoch 82, Loss: 0.5637 - Validation Loss: 0.5854
INFO - Epoch 83, Loss: 0.5637 - Validation Loss: 0.5854
INFO - Epoch 84, Loss: 0.5637 - Validation Loss: 0.5854
INFO - Epoch 85, Loss: 0.5637 - Validation Loss: 0.5854
INFO - Epoch 86, Loss: 0.5637 - Validation Loss: 0.5854
INFO - Epoch 87, Loss: 0.5637 - Validation Loss: 0.5854
INFO - Epoch 88, Loss: 0.5637 - Validation Loss: 0.5854
INFO - Epoch 89, Loss: 0.5636 - Validation Loss: 0.5854
INFO - Epoch 90, Loss: 0.5636 - Validation Loss: 0.5854
INFO - Epoch 91, Loss: 0.5636 - Validation Loss: 0.5855
INFO - Epoch 92, Loss: 0.5636 - Validation Loss: 0.5854
INFO - Epoch 93, Loss: 0.5635 - Validation Loss: 0.5853
INFO - Epoch 94, Loss: 0.5635 - Validation Loss: 0.5853
INFO - Epoch 95, Loss: 0.5635 - Validation Loss: 0.5853
INFO - Epoch 96, Loss: 0.5635 - Validation Loss: 0.5853
INFO - Epoch 97, Loss: 0.5634 - Validation Loss: 0.5853
INFO - Epoch 98, Loss: 0.5634 - Validation Loss: 0.5853
INFO - Epoch 99, Loss: 0.5634 - Validation Loss: 0.5853
INFO - Epoch 100, Loss: 0.5634 - Validation Loss: 0.5853
INFO - Fold 2, Accuracy on training dataset: 0.9889
INFO - Fold 2, Accuracy on validation dataset: 1.0000
INFO - Fold 2, Accuracy on test dataset: 0.9667
INFO - =========================
INFO - ======= Fold 3 =======
INFO - Epoch 0, Loss: 0.8833 - Validation Loss: 0.9518
INFO - Epoch 1, Loss: 0.8659 - Validation Loss: 0.9056
INFO - Epoch 2, Loss: 0.7719 - Validation Loss: 0.8154
INFO - Epoch 3, Loss: 0.7575 - Validation Loss: 0.8254
INFO - Epoch 4, Loss: 0.7255 - Validation Loss: 0.8085
INFO - Epoch 5, Loss: 0.7255 - Validation Loss: 0.8085
INFO - Epoch 6, Loss: 0.6671 - Validation Loss: 0.8457
INFO - Epoch 7, Loss: 0.6671 - Validation Loss: 0.8457
INFO - Epoch 8, Loss: 0.6671 - Validation Loss: 0.8457
INFO - Epoch 9, Loss: 0.6040 - Validation Loss: 0.7549
INFO - Epoch 10, Loss: 0.6040 - Validation Loss: 0.7549
INFO - Epoch 11, Loss: 0.6040 - Validation Loss: 0.7549
INFO - Epoch 12, Loss: 0.5985 - Validation Loss: 0.7430
INFO - Epoch 13, Loss: 0.5985 - Validation Loss: 0.7430
INFO - Epoch 14, Loss: 0.5985 - Validation Loss: 0.7430
INFO - Epoch 15, Loss: 0.5934 - Validation Loss: 0.7070
INFO - Epoch 16, Loss: 0.5903 - Validation Loss: 0.6997
INFO - Epoch 17, Loss: 0.5873 - Validation Loss: 0.7090
INFO - Epoch 18, Loss: 0.5840 - Validation Loss: 0.6857
INFO - Epoch 19, Loss: 0.5835 - Validation Loss: 0.6936
INFO - Epoch 20, Loss: 0.5835 - Validation Loss: 0.6936
INFO - Epoch 21, Loss: 0.5835 - Validation Loss: 0.6936
INFO - Epoch 22, Loss: 0.5813 - Validation Loss: 0.6826
INFO - Epoch 23, Loss: 0.5813 - Validation Loss: 0.6826
INFO - Epoch 24, Loss: 0.5813 - Validation Loss: 0.6826
INFO - Epoch 25, Loss: 0.5813 - Validation Loss: 0.6826
INFO - Epoch 26, Loss: 0.5812 - Validation Loss: 0.6900
INFO - Epoch 27, Loss: 0.5812 - Validation Loss: 0.6821
INFO - Epoch 28, Loss: 0.5793 - Validation Loss: 0.6765
INFO - Epoch 29, Loss: 0.5793 - Validation Loss: 0.6765
INFO - Epoch 30, Loss: 0.5793 - Validation Loss: 0.6765
INFO - Epoch 31, Loss: 0.5788 - Validation Loss: 0.6607
INFO - Epoch 32, Loss: 0.5777 - Validation Loss: 0.6580
INFO - Epoch 33, Loss: 0.5773 - Validation Loss: 0.6581
INFO - Epoch 34, Loss: 0.5745 - Validation Loss: 0.6620
INFO - Epoch 35, Loss: 0.5745 - Validation Loss: 0.6620
INFO - Epoch 36, Loss: 0.5719 - Validation Loss: 0.6613
INFO - Epoch 37, Loss: 0.5704 - Validation Loss: 0.6513
INFO - Epoch 38, Loss: 0.5682 - Validation Loss: 0.6551
INFO - Epoch 39, Loss: 0.5674 - Validation Loss: 0.6401
INFO - Epoch 40, Loss: 0.5666 - Validation Loss: 0.6188
INFO - Epoch 41, Loss: 0.5624 - Validation Loss: 0.6465
INFO - Epoch 42, Loss: 0.5624 - Validation Loss: 0.6465
INFO - Epoch 43, Loss: 0.5620 - Validation Loss: 0.6334
INFO - Epoch 44, Loss: 0.5620 - Validation Loss: 0.6334
INFO - Epoch 45, Loss: 0.5600 - Validation Loss: 0.6324
INFO - Epoch 46, Loss: 0.5579 - Validation Loss: 0.6269
INFO - Epoch 47, Loss: 0.5574 - Validation Loss: 0.6249
INFO - Epoch 48, Loss: 0.5574 - Validation Loss: 0.6249
INFO - Epoch 49, Loss: 0.5571 - Validation Loss: 0.6216
INFO - Epoch 50, Loss: 0.5571 - Validation Loss: 0.6216
INFO - Epoch 51, Loss: 0.5571 - Validation Loss: 0.6216
INFO - Epoch 52, Loss: 0.5570 - Validation Loss: 0.6240
INFO - Epoch 53, Loss: 0.5570 - Validation Loss: 0.6240
INFO - Epoch 54, Loss: 0.5566 - Validation Loss: 0.6235
INFO - Epoch 55, Loss: 0.5566 - Validation Loss: 0.6235
INFO - Epoch 56, Loss: 0.5566 - Validation Loss: 0.6235
INFO - Epoch 57, Loss: 0.5566 - Validation Loss: 0.6235
INFO - Epoch 58, Loss: 0.5566 - Validation Loss: 0.6235
INFO - Epoch 59, Loss: 0.5566 - Validation Loss: 0.6235
INFO - Epoch 60, Loss: 0.5566 - Validation Loss: 0.6235
INFO - Epoch 61, Loss: 0.5566 - Validation Loss: 0.6235
INFO - Epoch 62, Loss: 0.5566 - Validation Loss: 0.6235
INFO - Epoch 63, Loss: 0.5566 - Validation Loss: 0.6235
INFO - Epoch 64, Loss: 0.5566 - Validation Loss: 0.6235
INFO - Epoch 65, Loss: 0.5566 - Validation Loss: 0.6235
INFO - Epoch 66, Loss: 0.5566 - Validation Loss: 0.6235
INFO - Epoch 67, Loss: 0.5566 - Validation Loss: 0.6235
INFO - Epoch 68, Loss: 0.5566 - Validation Loss: 0.6235
INFO - Epoch 69, Loss: 0.5566 - Validation Loss: 0.6235
INFO - Epoch 70, Loss: 0.5566 - Validation Loss: 0.6235
INFO - Epoch 71, Loss: 0.5566 - Validation Loss: 0.6235
INFO - Epoch 72, Loss: 0.5566 - Validation Loss: 0.6235
INFO - Epoch 73, Loss: 0.5566 - Validation Loss: 0.6235
INFO - Epoch 74, Loss: 0.5566 - Validation Loss: 0.6235
INFO - Epoch 75, Loss: 0.5566 - Validation Loss: 0.6235
INFO - Epoch 76, Loss: 0.5562 - Validation Loss: 0.6223
INFO - Epoch 77, Loss: 0.5559 - Validation Loss: 0.6243
INFO - Epoch 78, Loss: 0.5559 - Validation Loss: 0.6243
INFO - Epoch 79, Loss: 0.5559 - Validation Loss: 0.6243
INFO - Epoch 80, Loss: 0.5559 - Validation Loss: 0.6243
INFO - Epoch 81, Loss: 0.5559 - Validation Loss: 0.6243
INFO - Epoch 82, Loss: 0.5559 - Validation Loss: 0.6243
INFO - Epoch 83, Loss: 0.5559 - Validation Loss: 0.6243
INFO - Epoch 84, Loss: 0.5559 - Validation Loss: 0.6243
INFO - Epoch 85, Loss: 0.5558 - Validation Loss: 0.6197
INFO - Epoch 86, Loss: 0.5558 - Validation Loss: 0.6197
INFO - Epoch 87, Loss: 0.5558 - Validation Loss: 0.6197
INFO - Epoch 88, Loss: 0.5558 - Validation Loss: 0.6197
INFO - Epoch 89, Loss: 0.5558 - Validation Loss: 0.6197
INFO - Epoch 90, Loss: 0.5558 - Validation Loss: 0.6197
INFO - Epoch 91, Loss: 0.5558 - Validation Loss: 0.6197
INFO - Epoch 92, Loss: 0.5558 - Validation Loss: 0.6197
INFO - Epoch 93, Loss: 0.5558 - Validation Loss: 0.6197
INFO - Epoch 94, Loss: 0.5555 - Validation Loss: 0.6217
INFO - Epoch 95, Loss: 0.5555 - Validation Loss: 0.6217
INFO - Epoch 96, Loss: 0.5555 - Validation Loss: 0.6217
INFO - Epoch 97, Loss: 0.5543 - Validation Loss: 0.6192
INFO - Epoch 98, Loss: 0.5543 - Validation Loss: 0.6192
INFO - Epoch 99, Loss: 0.5543 - Validation Loss: 0.6192
INFO - Epoch 100, Loss: 0.5543 - Validation Loss: 0.6192
INFO - Fold 3, Accuracy on training dataset: 1.0000
INFO - Fold 3, Accuracy on validation dataset: 0.9667
INFO - Fold 3, Accuracy on test dataset: 0.9667
INFO - =========================
INFO - ======= Fold 4 =======
INFO - Epoch 0, Loss: 0.8131 - Validation Loss: 0.8509
INFO - Epoch 1, Loss: 0.8131 - Validation Loss: 0.8509
INFO - Epoch 2, Loss: 0.7866 - Validation Loss: 0.7646
INFO - Epoch 3, Loss: 0.7866 - Validation Loss: 0.7646
INFO - Epoch 4, Loss: 0.7251 - Validation Loss: 0.7634
INFO - Epoch 5, Loss: 0.7072 - Validation Loss: 0.7624
INFO - Epoch 6, Loss: 0.6796 - Validation Loss: 0.7271
INFO - Epoch 7, Loss: 0.6459 - Validation Loss: 0.6931
INFO - Epoch 8, Loss: 0.6459 - Validation Loss: 0.6931
INFO - Epoch 9, Loss: 0.6459 - Validation Loss: 0.6931
INFO - Epoch 10, Loss: 0.6459 - Validation Loss: 0.6931
INFO - Epoch 11, Loss: 0.6267 - Validation Loss: 0.6936
INFO - Epoch 12, Loss: 0.6267 - Validation Loss: 0.6936
INFO - Epoch 13, Loss: 0.6267 - Validation Loss: 0.6936
INFO - Epoch 14, Loss: 0.6199 - Validation Loss: 0.6946
INFO - Epoch 15, Loss: 0.6199 - Validation Loss: 0.6946
INFO - Epoch 16, Loss: 0.6199 - Validation Loss: 0.6946
INFO - Epoch 17, Loss: 0.6199 - Validation Loss: 0.6946
INFO - Epoch 18, Loss: 0.6199 - Validation Loss: 0.6946
INFO - Epoch 19, Loss: 0.6199 - Validation Loss: 0.6946
INFO - Epoch 20, Loss: 0.6199 - Validation Loss: 0.6946
INFO - Epoch 21, Loss: 0.6052 - Validation Loss: 0.6731
INFO - Epoch 22, Loss: 0.6052 - Validation Loss: 0.6731
INFO - Epoch 23, Loss: 0.6052 - Validation Loss: 0.6731
INFO - Epoch 24, Loss: 0.6052 - Validation Loss: 0.6731
INFO - Epoch 25, Loss: 0.6052 - Validation Loss: 0.6731
INFO - Epoch 26, Loss: 0.6052 - Validation Loss: 0.6731
INFO - Epoch 27, Loss: 0.6052 - Validation Loss: 0.6731
INFO - Epoch 28, Loss: 0.6052 - Validation Loss: 0.6731
INFO - Epoch 29, Loss: 0.6052 - Validation Loss: 0.6731
INFO - Epoch 30, Loss: 0.6025 - Validation Loss: 0.6672
INFO - Epoch 31, Loss: 0.6017 - Validation Loss: 0.6823
INFO - Epoch 32, Loss: 0.5960 - Validation Loss: 0.6776
INFO - Epoch 33, Loss: 0.5960 - Validation Loss: 0.6776
INFO - Epoch 34, Loss: 0.5934 - Validation Loss: 0.6808
INFO - Epoch 35, Loss: 0.5934 - Validation Loss: 0.6808
INFO - Epoch 36, Loss: 0.5934 - Validation Loss: 0.6808
INFO - Epoch 37, Loss: 0.5934 - Validation Loss: 0.6808
INFO - Epoch 38, Loss: 0.5934 - Validation Loss: 0.6808
INFO - Epoch 39, Loss: 0.5934 - Validation Loss: 0.6808
INFO - Epoch 40, Loss: 0.5882 - Validation Loss: 0.6639
INFO - Epoch 41, Loss: 0.5880 - Validation Loss: 0.6843
INFO - Epoch 42, Loss: 0.5879 - Validation Loss: 0.6748
INFO - Epoch 43, Loss: 0.5844 - Validation Loss: 0.6734
INFO - Epoch 44, Loss: 0.5841 - Validation Loss: 0.6660
INFO - Epoch 45, Loss: 0.5841 - Validation Loss: 0.6694
INFO - Epoch 46, Loss: 0.5841 - Validation Loss: 0.6694
INFO - Epoch 47, Loss: 0.5841 - Validation Loss: 0.6694
INFO - Epoch 48, Loss: 0.5841 - Validation Loss: 0.6694
INFO - Epoch 49, Loss: 0.5841 - Validation Loss: 0.6694
INFO - Epoch 50, Loss: 0.5827 - Validation Loss: 0.6929
INFO - Epoch 51, Loss: 0.5827 - Validation Loss: 0.6929
INFO - Epoch 52, Loss: 0.5827 - Validation Loss: 0.6929
INFO - Epoch 53, Loss: 0.5827 - Validation Loss: 0.6929
INFO - Epoch 54, Loss: 0.5827 - Validation Loss: 0.6929
INFO - Epoch 55, Loss: 0.5795 - Validation Loss: 0.6731
INFO - Epoch 56, Loss: 0.5795 - Validation Loss: 0.6731
INFO - Epoch 57, Loss: 0.5795 - Validation Loss: 0.6731
INFO - Epoch 58, Loss: 0.5795 - Validation Loss: 0.6739
INFO - Epoch 59, Loss: 0.5785 - Validation Loss: 0.6553
INFO - Epoch 60, Loss: 0.5785 - Validation Loss: 0.6553
INFO - Epoch 61, Loss: 0.5785 - Validation Loss: 0.6553
INFO - Epoch 62, Loss: 0.5781 - Validation Loss: 0.6583
INFO - Epoch 63, Loss: 0.5780 - Validation Loss: 0.6625
INFO - Epoch 64, Loss: 0.5780 - Validation Loss: 0.6625
INFO - Epoch 65, Loss: 0.5772 - Validation Loss: 0.6703
INFO - Epoch 66, Loss: 0.5772 - Validation Loss: 0.6703
INFO - Epoch 67, Loss: 0.5770 - Validation Loss: 0.6540
INFO - Epoch 68, Loss: 0.5768 - Validation Loss: 0.6672
INFO - Epoch 69, Loss: 0.5760 - Validation Loss: 0.6626
INFO - Epoch 70, Loss: 0.5760 - Validation Loss: 0.6626
INFO - Epoch 71, Loss: 0.5760 - Validation Loss: 0.6626
INFO - Epoch 72, Loss: 0.5760 - Validation Loss: 0.6580
INFO - Epoch 73, Loss: 0.5758 - Validation Loss: 0.6552
INFO - Epoch 74, Loss: 0.5756 - Validation Loss: 0.6616
INFO - Epoch 75, Loss: 0.5756 - Validation Loss: 0.6616
INFO - Epoch 76, Loss: 0.5755 - Validation Loss: 0.6717
INFO - Epoch 77, Loss: 0.5754 - Validation Loss: 0.6630
INFO - Epoch 78, Loss: 0.5752 - Validation Loss: 0.6573
INFO - Epoch 79, Loss: 0.5749 - Validation Loss: 0.6616
INFO - Epoch 80, Loss: 0.5749 - Validation Loss: 0.6616
INFO - Epoch 81, Loss: 0.5749 - Validation Loss: 0.6616
INFO - Epoch 82, Loss: 0.5746 - Validation Loss: 0.6562
INFO - Epoch 83, Loss: 0.5745 - Validation Loss: 0.6532
INFO - Epoch 84, Loss: 0.5737 - Validation Loss: 0.6620
INFO - Epoch 85, Loss: 0.5735 - Validation Loss: 0.6523
INFO - Epoch 86, Loss: 0.5732 - Validation Loss: 0.6897
INFO - Epoch 87, Loss: 0.5732 - Validation Loss: 0.6897
INFO - Epoch 88, Loss: 0.5725 - Validation Loss: 0.6836
INFO - Epoch 89, Loss: 0.5725 - Validation Loss: 0.6836
INFO - Epoch 90, Loss: 0.5724 - Validation Loss: 0.6823
INFO - Epoch 91, Loss: 0.5724 - Validation Loss: 0.6805
INFO - Epoch 92, Loss: 0.5724 - Validation Loss: 0.6805
INFO - Epoch 93, Loss: 0.5724 - Validation Loss: 0.6805
INFO - Epoch 94, Loss: 0.5724 - Validation Loss: 0.6805
INFO - Epoch 95, Loss: 0.5723 - Validation Loss: 0.6833
INFO - Epoch 96, Loss: 0.5723 - Validation Loss: 0.6833
INFO - Epoch 97, Loss: 0.5721 - Validation Loss: 0.6843
INFO - Epoch 98, Loss: 0.5720 - Validation Loss: 0.6856
INFO - Epoch 99, Loss: 0.5720 - Validation Loss: 0.6823
INFO - Epoch 100, Loss: 0.5719 - Validation Loss: 0.6808
INFO - Fold 4, Accuracy on training dataset: 0.9889
INFO - Fold 4, Accuracy on validation dataset: 1.0000
INFO - Fold 4, Accuracy on test dataset: 0.9667
INFO - =========================
INFO - Best model saved at: ./models/irisO_best_model.pth
INFO - =============================================
INFO - Model Setup:
INFO - dataset: iris
INFO - input_dim: 4
INFO - output_dim: 3
INFO - n_samples: 120
INFO - hidden_layers: [12]
INFO - n_particles: 20
INFO - g: 1.13
INFO - interval_parms_updated: 1
INFO - n_folds: 4
INFO - n_epochs: 100
INFO - =============================================
INFO - Mean time per epoch and folder: 3.5187 seconds
INFO - Mean accuracy on training dataset: 0.9917
INFO - Mean accuracy on validation dataset: 0.9917
INFO - Mean accuracy on test dataset: 0.9667
INFO - Standard deviation of accuracy on test dataset: 0.0000
INFO - =============================================
