INFO - ======= Fold 1 =======
INFO - Epoch 0, Loss: 0.7807 - Validation Loss: 0.8037
INFO - Epoch 1, Loss: 0.7807 - Validation Loss: 0.8037
INFO - Epoch 2, Loss: 0.7807 - Validation Loss: 0.8037
INFO - Epoch 3, Loss: 0.7807 - Validation Loss: 0.8037
INFO - Epoch 4, Loss: 0.7807 - Validation Loss: 0.8037
INFO - Epoch 5, Loss: 0.7807 - Validation Loss: 0.8037
INFO - Epoch 6, Loss: 0.7758 - Validation Loss: 0.7386
INFO - Epoch 7, Loss: 0.7758 - Validation Loss: 0.7386
INFO - Epoch 8, Loss: 0.6859 - Validation Loss: 0.7050
INFO - Epoch 9, Loss: 0.6859 - Validation Loss: 0.7050
INFO - Epoch 10, Loss: 0.6859 - Validation Loss: 0.7050
INFO - Epoch 11, Loss: 0.6735 - Validation Loss: 0.6790
INFO - Epoch 12, Loss: 0.6735 - Validation Loss: 0.6790
INFO - Epoch 13, Loss: 0.6735 - Validation Loss: 0.6790
INFO - Epoch 14, Loss: 0.6735 - Validation Loss: 0.6790
INFO - Epoch 15, Loss: 0.6735 - Validation Loss: 0.6790
INFO - Epoch 16, Loss: 0.6735 - Validation Loss: 0.6790
INFO - Epoch 17, Loss: 0.6718 - Validation Loss: 0.7250
INFO - Epoch 18, Loss: 0.6414 - Validation Loss: 0.6623
INFO - Epoch 19, Loss: 0.6095 - Validation Loss: 0.6875
INFO - Epoch 20, Loss: 0.6095 - Validation Loss: 0.6875
INFO - Epoch 21, Loss: 0.6095 - Validation Loss: 0.6875
INFO - Epoch 22, Loss: 0.6095 - Validation Loss: 0.6875
INFO - Epoch 23, Loss: 0.6095 - Validation Loss: 0.6875
INFO - Epoch 24, Loss: 0.6095 - Validation Loss: 0.6875
INFO - Epoch 25, Loss: 0.6033 - Validation Loss: 0.7110
INFO - Epoch 26, Loss: 0.6033 - Validation Loss: 0.7110
INFO - Epoch 27, Loss: 0.6033 - Validation Loss: 0.7110
INFO - Epoch 28, Loss: 0.6006 - Validation Loss: 0.6767
INFO - Epoch 29, Loss: 0.6002 - Validation Loss: 0.7282
INFO - Epoch 30, Loss: 0.6001 - Validation Loss: 0.7212
INFO - Epoch 31, Loss: 0.5979 - Validation Loss: 0.7026
INFO - Epoch 32, Loss: 0.5979 - Validation Loss: 0.7026
INFO - Epoch 33, Loss: 0.5877 - Validation Loss: 0.6518
INFO - Epoch 34, Loss: 0.5877 - Validation Loss: 0.6518
INFO - Epoch 35, Loss: 0.5877 - Validation Loss: 0.6518
INFO - Epoch 36, Loss: 0.5877 - Validation Loss: 0.6518
INFO - Epoch 37, Loss: 0.5877 - Validation Loss: 0.6518
INFO - Epoch 38, Loss: 0.5877 - Validation Loss: 0.6518
INFO - Epoch 39, Loss: 0.5877 - Validation Loss: 0.6518
INFO - Epoch 40, Loss: 0.5872 - Validation Loss: 0.6297
INFO - Epoch 41, Loss: 0.5814 - Validation Loss: 0.6492
INFO - Epoch 42, Loss: 0.5814 - Validation Loss: 0.6492
INFO - Epoch 43, Loss: 0.5778 - Validation Loss: 0.6470
INFO - Epoch 44, Loss: 0.5778 - Validation Loss: 0.6470
INFO - Epoch 45, Loss: 0.5778 - Validation Loss: 0.6470
INFO - Epoch 46, Loss: 0.5778 - Validation Loss: 0.6470
INFO - Epoch 47, Loss: 0.5772 - Validation Loss: 0.6405
INFO - Epoch 48, Loss: 0.5772 - Validation Loss: 0.6405
INFO - Epoch 49, Loss: 0.5772 - Validation Loss: 0.6405
INFO - Epoch 50, Loss: 0.5735 - Validation Loss: 0.6466
INFO - Epoch 51, Loss: 0.5735 - Validation Loss: 0.6466
INFO - Epoch 52, Loss: 0.5735 - Validation Loss: 0.6466
INFO - Epoch 53, Loss: 0.5715 - Validation Loss: 0.6427
INFO - Epoch 54, Loss: 0.5700 - Validation Loss: 0.5812
INFO - Epoch 55, Loss: 0.5700 - Validation Loss: 0.5812
INFO - Epoch 56, Loss: 0.5700 - Validation Loss: 0.5812
INFO - Epoch 57, Loss: 0.5700 - Validation Loss: 0.5812
INFO - Epoch 58, Loss: 0.5700 - Validation Loss: 0.5812
INFO - Epoch 59, Loss: 0.5680 - Validation Loss: 0.5673
INFO - Epoch 60, Loss: 0.5680 - Validation Loss: 0.5673
INFO - Epoch 61, Loss: 0.5680 - Validation Loss: 0.5673
INFO - Epoch 62, Loss: 0.5634 - Validation Loss: 0.6383
INFO - Epoch 63, Loss: 0.5634 - Validation Loss: 0.6383
INFO - Epoch 64, Loss: 0.5634 - Validation Loss: 0.6383
INFO - Epoch 65, Loss: 0.5634 - Validation Loss: 0.6383
INFO - Epoch 66, Loss: 0.5629 - Validation Loss: 0.6265
INFO - Epoch 67, Loss: 0.5620 - Validation Loss: 0.6282
INFO - Epoch 68, Loss: 0.5618 - Validation Loss: 0.6288
INFO - Epoch 69, Loss: 0.5607 - Validation Loss: 0.6526
INFO - Epoch 70, Loss: 0.5573 - Validation Loss: 0.6418
INFO - Epoch 71, Loss: 0.5573 - Validation Loss: 0.6418
INFO - Epoch 72, Loss: 0.5564 - Validation Loss: 0.6245
INFO - Epoch 73, Loss: 0.5547 - Validation Loss: 0.6247
INFO - Epoch 74, Loss: 0.5547 - Validation Loss: 0.6247
INFO - Epoch 75, Loss: 0.5547 - Validation Loss: 0.6247
INFO - Epoch 76, Loss: 0.5546 - Validation Loss: 0.6255
INFO - Epoch 77, Loss: 0.5546 - Validation Loss: 0.6259
INFO - Epoch 78, Loss: 0.5546 - Validation Loss: 0.6259
INFO - Epoch 79, Loss: 0.5546 - Validation Loss: 0.6259
INFO - Epoch 80, Loss: 0.5546 - Validation Loss: 0.6259
INFO - Epoch 81, Loss: 0.5546 - Validation Loss: 0.6256
INFO - Epoch 82, Loss: 0.5546 - Validation Loss: 0.6255
INFO - Epoch 83, Loss: 0.5546 - Validation Loss: 0.6255
INFO - Epoch 84, Loss: 0.5546 - Validation Loss: 0.6255
INFO - Epoch 85, Loss: 0.5546 - Validation Loss: 0.6255
INFO - Epoch 86, Loss: 0.5546 - Validation Loss: 0.6253
INFO - Epoch 87, Loss: 0.5545 - Validation Loss: 0.6226
INFO - Epoch 88, Loss: 0.5544 - Validation Loss: 0.6212
INFO - Epoch 89, Loss: 0.5544 - Validation Loss: 0.6212
INFO - Epoch 90, Loss: 0.5536 - Validation Loss: 0.6123
INFO - Epoch 91, Loss: 0.5536 - Validation Loss: 0.6123
INFO - Epoch 92, Loss: 0.5536 - Validation Loss: 0.6123
INFO - Epoch 93, Loss: 0.5536 - Validation Loss: 0.6123
INFO - Epoch 94, Loss: 0.5536 - Validation Loss: 0.6204
INFO - Epoch 95, Loss: 0.5536 - Validation Loss: 0.6114
INFO - Epoch 96, Loss: 0.5531 - Validation Loss: 0.6184
INFO - Epoch 97, Loss: 0.5527 - Validation Loss: 0.6121
INFO - Epoch 98, Loss: 0.5527 - Validation Loss: 0.6121
INFO - Epoch 99, Loss: 0.5527 - Validation Loss: 0.6121
INFO - Epoch 100, Loss: 0.5527 - Validation Loss: 0.6121
INFO - Fold 1, Accuracy on training dataset: 0.9811
INFO - Fold 1, Accuracy on validation dataset: 1.0000
INFO - Fold 1, Accuracy on test dataset: 0.9444
INFO - =========================
INFO - ======= Fold 2 =======
INFO - Epoch 0, Loss: 0.8490 - Validation Loss: 0.7378
INFO - Epoch 1, Loss: 0.8262 - Validation Loss: 0.8564
INFO - Epoch 2, Loss: 0.7440 - Validation Loss: 0.7729
INFO - Epoch 3, Loss: 0.7440 - Validation Loss: 0.7729
INFO - Epoch 4, Loss: 0.7440 - Validation Loss: 0.7729
INFO - Epoch 5, Loss: 0.6761 - Validation Loss: 0.6802
INFO - Epoch 6, Loss: 0.6761 - Validation Loss: 0.6802
INFO - Epoch 7, Loss: 0.6761 - Validation Loss: 0.6802
INFO - Epoch 8, Loss: 0.6761 - Validation Loss: 0.6802
INFO - Epoch 9, Loss: 0.6761 - Validation Loss: 0.6802
INFO - Epoch 10, Loss: 0.6761 - Validation Loss: 0.6802
INFO - Epoch 11, Loss: 0.6761 - Validation Loss: 0.6802
INFO - Epoch 12, Loss: 0.6608 - Validation Loss: 0.6151
INFO - Epoch 13, Loss: 0.6608 - Validation Loss: 0.6151
INFO - Epoch 14, Loss: 0.6608 - Validation Loss: 0.6151
INFO - Epoch 15, Loss: 0.6525 - Validation Loss: 0.6596
INFO - Epoch 16, Loss: 0.6521 - Validation Loss: 0.6365
INFO - Epoch 17, Loss: 0.6218 - Validation Loss: 0.6078
INFO - Epoch 18, Loss: 0.6197 - Validation Loss: 0.6208
INFO - Epoch 19, Loss: 0.6197 - Validation Loss: 0.6208
INFO - Epoch 20, Loss: 0.6174 - Validation Loss: 0.6274
INFO - Epoch 21, Loss: 0.6174 - Validation Loss: 0.6274
INFO - Epoch 22, Loss: 0.6174 - Validation Loss: 0.6274
INFO - Epoch 23, Loss: 0.6143 - Validation Loss: 0.5763
INFO - Epoch 24, Loss: 0.6072 - Validation Loss: 0.6044
INFO - Epoch 25, Loss: 0.6072 - Validation Loss: 0.6044
INFO - Epoch 26, Loss: 0.6072 - Validation Loss: 0.6044
INFO - Epoch 27, Loss: 0.6036 - Validation Loss: 0.6289
INFO - Epoch 28, Loss: 0.6036 - Validation Loss: 0.6289
INFO - Epoch 29, Loss: 0.6018 - Validation Loss: 0.6343
INFO - Epoch 30, Loss: 0.6018 - Validation Loss: 0.6343
INFO - Epoch 31, Loss: 0.6018 - Validation Loss: 0.6343
INFO - Epoch 32, Loss: 0.5919 - Validation Loss: 0.6284
INFO - Epoch 33, Loss: 0.5919 - Validation Loss: 0.6284
INFO - Epoch 34, Loss: 0.5919 - Validation Loss: 0.6284
INFO - Epoch 35, Loss: 0.5919 - Validation Loss: 0.6284
INFO - Epoch 36, Loss: 0.5887 - Validation Loss: 0.6285
INFO - Epoch 37, Loss: 0.5835 - Validation Loss: 0.6294
INFO - Epoch 38, Loss: 0.5734 - Validation Loss: 0.6079
INFO - Epoch 39, Loss: 0.5734 - Validation Loss: 0.6079
INFO - Epoch 40, Loss: 0.5680 - Validation Loss: 0.6190
INFO - Epoch 41, Loss: 0.5680 - Validation Loss: 0.6190
INFO - Epoch 42, Loss: 0.5680 - Validation Loss: 0.6190
INFO - Epoch 43, Loss: 0.5648 - Validation Loss: 0.6372
INFO - Epoch 44, Loss: 0.5648 - Validation Loss: 0.6372
INFO - Epoch 45, Loss: 0.5648 - Validation Loss: 0.6372
INFO - Epoch 46, Loss: 0.5648 - Validation Loss: 0.6372
INFO - Epoch 47, Loss: 0.5648 - Validation Loss: 0.6372
INFO - Epoch 48, Loss: 0.5640 - Validation Loss: 0.6366
INFO - Epoch 49, Loss: 0.5640 - Validation Loss: 0.6366
INFO - Epoch 50, Loss: 0.5637 - Validation Loss: 0.6436
INFO - Epoch 51, Loss: 0.5628 - Validation Loss: 0.6409
INFO - Epoch 52, Loss: 0.5546 - Validation Loss: 0.6386
INFO - Epoch 53, Loss: 0.5546 - Validation Loss: 0.6386
INFO - Epoch 54, Loss: 0.5546 - Validation Loss: 0.6386
INFO - Epoch 55, Loss: 0.5546 - Validation Loss: 0.6386
INFO - Epoch 56, Loss: 0.5546 - Validation Loss: 0.6386
INFO - Epoch 57, Loss: 0.5542 - Validation Loss: 0.6318
INFO - Epoch 58, Loss: 0.5538 - Validation Loss: 0.6357
INFO - Epoch 59, Loss: 0.5528 - Validation Loss: 0.6206
INFO - Epoch 60, Loss: 0.5528 - Validation Loss: 0.6206
INFO - Epoch 61, Loss: 0.5528 - Validation Loss: 0.6206
INFO - Epoch 62, Loss: 0.5528 - Validation Loss: 0.6206
INFO - Epoch 63, Loss: 0.5528 - Validation Loss: 0.6206
INFO - Epoch 64, Loss: 0.5528 - Validation Loss: 0.6206
INFO - Epoch 65, Loss: 0.5527 - Validation Loss: 0.6224
INFO - Epoch 66, Loss: 0.5525 - Validation Loss: 0.6266
INFO - Epoch 67, Loss: 0.5525 - Validation Loss: 0.6266
INFO - Epoch 68, Loss: 0.5524 - Validation Loss: 0.6280
INFO - Epoch 69, Loss: 0.5524 - Validation Loss: 0.6232
INFO - Epoch 70, Loss: 0.5524 - Validation Loss: 0.6226
INFO - Epoch 71, Loss: 0.5523 - Validation Loss: 0.6211
INFO - Epoch 72, Loss: 0.5523 - Validation Loss: 0.6211
INFO - Epoch 73, Loss: 0.5523 - Validation Loss: 0.6248
INFO - Epoch 74, Loss: 0.5523 - Validation Loss: 0.6276
INFO - Epoch 75, Loss: 0.5523 - Validation Loss: 0.6276
INFO - Epoch 76, Loss: 0.5523 - Validation Loss: 0.6276
INFO - Epoch 77, Loss: 0.5523 - Validation Loss: 0.6284
INFO - Epoch 78, Loss: 0.5523 - Validation Loss: 0.6276
INFO - Epoch 79, Loss: 0.5522 - Validation Loss: 0.6288
INFO - Epoch 80, Loss: 0.5522 - Validation Loss: 0.6286
INFO - Epoch 81, Loss: 0.5522 - Validation Loss: 0.6286
INFO - Epoch 82, Loss: 0.5522 - Validation Loss: 0.6286
INFO - Epoch 83, Loss: 0.5522 - Validation Loss: 0.6284
INFO - Epoch 84, Loss: 0.5522 - Validation Loss: 0.6284
INFO - Epoch 85, Loss: 0.5522 - Validation Loss: 0.6288
INFO - Epoch 86, Loss: 0.5522 - Validation Loss: 0.6288
INFO - Epoch 87, Loss: 0.5522 - Validation Loss: 0.6285
INFO - Epoch 88, Loss: 0.5522 - Validation Loss: 0.6285
INFO - Epoch 89, Loss: 0.5522 - Validation Loss: 0.6291
INFO - Epoch 90, Loss: 0.5522 - Validation Loss: 0.6306
INFO - Epoch 91, Loss: 0.5522 - Validation Loss: 0.6306
INFO - Epoch 92, Loss: 0.5522 - Validation Loss: 0.6307
INFO - Epoch 93, Loss: 0.5522 - Validation Loss: 0.6281
INFO - Epoch 94, Loss: 0.5522 - Validation Loss: 0.6265
INFO - Epoch 95, Loss: 0.5522 - Validation Loss: 0.6294
INFO - Epoch 96, Loss: 0.5522 - Validation Loss: 0.6294
INFO - Epoch 97, Loss: 0.5522 - Validation Loss: 0.6315
INFO - Epoch 98, Loss: 0.5522 - Validation Loss: 0.6319
INFO - Epoch 99, Loss: 0.5522 - Validation Loss: 0.6324
INFO - Epoch 100, Loss: 0.5522 - Validation Loss: 0.6329
INFO - Fold 2, Accuracy on training dataset: 0.9906
INFO - Fold 2, Accuracy on validation dataset: 0.9722
INFO - Fold 2, Accuracy on test dataset: 0.9444
INFO - =========================
INFO - ======= Fold 3 =======
INFO - Epoch 0, Loss: 0.8046 - Validation Loss: 0.8840
INFO - Epoch 1, Loss: 0.6797 - Validation Loss: 0.7066
INFO - Epoch 2, Loss: 0.6797 - Validation Loss: 0.7066
INFO - Epoch 3, Loss: 0.6797 - Validation Loss: 0.7066
INFO - Epoch 4, Loss: 0.6797 - Validation Loss: 0.7066
INFO - Epoch 5, Loss: 0.6797 - Validation Loss: 0.7066
INFO - Epoch 6, Loss: 0.6797 - Validation Loss: 0.7066
INFO - Epoch 7, Loss: 0.6797 - Validation Loss: 0.7066
INFO - Epoch 8, Loss: 0.6611 - Validation Loss: 0.7984
INFO - Epoch 9, Loss: 0.6196 - Validation Loss: 0.6560
INFO - Epoch 10, Loss: 0.6136 - Validation Loss: 0.7373
INFO - Epoch 11, Loss: 0.6136 - Validation Loss: 0.7373
INFO - Epoch 12, Loss: 0.6113 - Validation Loss: 0.6543
INFO - Epoch 13, Loss: 0.6084 - Validation Loss: 0.7327
INFO - Epoch 14, Loss: 0.6084 - Validation Loss: 0.7327
INFO - Epoch 15, Loss: 0.6013 - Validation Loss: 0.6709
INFO - Epoch 16, Loss: 0.6013 - Validation Loss: 0.6709
INFO - Epoch 17, Loss: 0.6013 - Validation Loss: 0.6709
INFO - Epoch 18, Loss: 0.5992 - Validation Loss: 0.6215
INFO - Epoch 19, Loss: 0.5992 - Validation Loss: 0.6215
INFO - Epoch 20, Loss: 0.5946 - Validation Loss: 0.6095
INFO - Epoch 21, Loss: 0.5924 - Validation Loss: 0.7008
INFO - Epoch 22, Loss: 0.5786 - Validation Loss: 0.6878
INFO - Epoch 23, Loss: 0.5752 - Validation Loss: 0.6542
INFO - Epoch 24, Loss: 0.5719 - Validation Loss: 0.6372
INFO - Epoch 25, Loss: 0.5638 - Validation Loss: 0.5872
INFO - Epoch 26, Loss: 0.5638 - Validation Loss: 0.5872
INFO - Epoch 27, Loss: 0.5638 - Validation Loss: 0.5872
INFO - Epoch 28, Loss: 0.5637 - Validation Loss: 0.5909
INFO - Epoch 29, Loss: 0.5635 - Validation Loss: 0.5874
INFO - Epoch 30, Loss: 0.5630 - Validation Loss: 0.5960
INFO - Epoch 31, Loss: 0.5630 - Validation Loss: 0.5960
INFO - Epoch 32, Loss: 0.5629 - Validation Loss: 0.5705
INFO - Epoch 33, Loss: 0.5627 - Validation Loss: 0.5871
INFO - Epoch 34, Loss: 0.5627 - Validation Loss: 0.5871
INFO - Epoch 35, Loss: 0.5621 - Validation Loss: 0.5655
INFO - Epoch 36, Loss: 0.5621 - Validation Loss: 0.5655
INFO - Epoch 37, Loss: 0.5621 - Validation Loss: 0.5655
INFO - Epoch 38, Loss: 0.5621 - Validation Loss: 0.5833
INFO - Epoch 39, Loss: 0.5621 - Validation Loss: 0.5833
INFO - Epoch 40, Loss: 0.5620 - Validation Loss: 0.5818
INFO - Epoch 41, Loss: 0.5620 - Validation Loss: 0.5818
INFO - Epoch 42, Loss: 0.5618 - Validation Loss: 0.5785
INFO - Epoch 43, Loss: 0.5618 - Validation Loss: 0.5785
INFO - Epoch 44, Loss: 0.5618 - Validation Loss: 0.5783
INFO - Epoch 45, Loss: 0.5618 - Validation Loss: 0.5784
INFO - Epoch 46, Loss: 0.5618 - Validation Loss: 0.5784
INFO - Epoch 47, Loss: 0.5617 - Validation Loss: 0.5772
INFO - Epoch 48, Loss: 0.5617 - Validation Loss: 0.5735
INFO - Epoch 49, Loss: 0.5615 - Validation Loss: 0.5646
INFO - Epoch 50, Loss: 0.5604 - Validation Loss: 0.5850
INFO - Epoch 51, Loss: 0.5604 - Validation Loss: 0.5850
INFO - Epoch 52, Loss: 0.5604 - Validation Loss: 0.5850
INFO - Epoch 53, Loss: 0.5602 - Validation Loss: 0.5616
INFO - Epoch 54, Loss: 0.5602 - Validation Loss: 0.5616
INFO - Epoch 55, Loss: 0.5602 - Validation Loss: 0.5616
INFO - Epoch 56, Loss: 0.5602 - Validation Loss: 0.5616
INFO - Epoch 57, Loss: 0.5602 - Validation Loss: 0.5616
INFO - Epoch 58, Loss: 0.5602 - Validation Loss: 0.5616
INFO - Epoch 59, Loss: 0.5602 - Validation Loss: 0.5616
INFO - Epoch 60, Loss: 0.5591 - Validation Loss: 0.5734
INFO - Epoch 61, Loss: 0.5556 - Validation Loss: 0.5656
INFO - Epoch 62, Loss: 0.5556 - Validation Loss: 0.5656
INFO - Epoch 63, Loss: 0.5556 - Validation Loss: 0.5656
INFO - Epoch 64, Loss: 0.5556 - Validation Loss: 0.5656
INFO - Epoch 65, Loss: 0.5553 - Validation Loss: 0.5598
INFO - Epoch 66, Loss: 0.5553 - Validation Loss: 0.5598
INFO - Epoch 67, Loss: 0.5548 - Validation Loss: 0.5620
INFO - Epoch 68, Loss: 0.5548 - Validation Loss: 0.5620
INFO - Epoch 69, Loss: 0.5546 - Validation Loss: 0.5624
INFO - Epoch 70, Loss: 0.5545 - Validation Loss: 0.5731
INFO - Epoch 71, Loss: 0.5545 - Validation Loss: 0.5731
INFO - Epoch 72, Loss: 0.5543 - Validation Loss: 0.5660
INFO - Epoch 73, Loss: 0.5543 - Validation Loss: 0.5660
INFO - Epoch 74, Loss: 0.5543 - Validation Loss: 0.5660
INFO - Epoch 75, Loss: 0.5543 - Validation Loss: 0.5660
INFO - Epoch 76, Loss: 0.5543 - Validation Loss: 0.5660
INFO - Epoch 77, Loss: 0.5539 - Validation Loss: 0.5659
INFO - Epoch 78, Loss: 0.5539 - Validation Loss: 0.5659
INFO - Epoch 79, Loss: 0.5539 - Validation Loss: 0.5659
INFO - Epoch 80, Loss: 0.5539 - Validation Loss: 0.5659
INFO - Epoch 81, Loss: 0.5539 - Validation Loss: 0.5659
INFO - Epoch 82, Loss: 0.5539 - Validation Loss: 0.5654
INFO - Epoch 83, Loss: 0.5539 - Validation Loss: 0.5649
INFO - Epoch 84, Loss: 0.5536 - Validation Loss: 0.5749
INFO - Epoch 85, Loss: 0.5536 - Validation Loss: 0.5749
INFO - Epoch 86, Loss: 0.5535 - Validation Loss: 0.5718
INFO - Epoch 87, Loss: 0.5535 - Validation Loss: 0.5718
INFO - Epoch 88, Loss: 0.5535 - Validation Loss: 0.5725
INFO - Epoch 89, Loss: 0.5534 - Validation Loss: 0.5714
INFO - Epoch 90, Loss: 0.5534 - Validation Loss: 0.5720
INFO - Epoch 91, Loss: 0.5534 - Validation Loss: 0.5720
INFO - Epoch 92, Loss: 0.5533 - Validation Loss: 0.5740
INFO - Epoch 93, Loss: 0.5533 - Validation Loss: 0.5740
INFO - Epoch 94, Loss: 0.5533 - Validation Loss: 0.5740
INFO - Epoch 95, Loss: 0.5533 - Validation Loss: 0.5740
INFO - Epoch 96, Loss: 0.5533 - Validation Loss: 0.5734
INFO - Epoch 97, Loss: 0.5533 - Validation Loss: 0.5732
INFO - Epoch 98, Loss: 0.5533 - Validation Loss: 0.5732
INFO - Epoch 99, Loss: 0.5533 - Validation Loss: 0.5732
INFO - Epoch 100, Loss: 0.5533 - Validation Loss: 0.5732
INFO - Fold 3, Accuracy on training dataset: 1.0000
INFO - Fold 3, Accuracy on validation dataset: 1.0000
INFO - Fold 3, Accuracy on test dataset: 0.9722
INFO - =========================
INFO - ======= Fold 4 =======
INFO - Epoch 0, Loss: 0.8433 - Validation Loss: 0.8596
INFO - Epoch 1, Loss: 0.6680 - Validation Loss: 0.6963
INFO - Epoch 2, Loss: 0.6680 - Validation Loss: 0.6963
INFO - Epoch 3, Loss: 0.6680 - Validation Loss: 0.6963
INFO - Epoch 4, Loss: 0.6647 - Validation Loss: 0.6867
INFO - Epoch 5, Loss: 0.6398 - Validation Loss: 0.6512
INFO - Epoch 6, Loss: 0.6398 - Validation Loss: 0.6512
INFO - Epoch 7, Loss: 0.6398 - Validation Loss: 0.6512
INFO - Epoch 8, Loss: 0.6398 - Validation Loss: 0.6512
INFO - Epoch 9, Loss: 0.6398 - Validation Loss: 0.6512
INFO - Epoch 10, Loss: 0.6281 - Validation Loss: 0.6436
INFO - Epoch 11, Loss: 0.6281 - Validation Loss: 0.6436
INFO - Epoch 12, Loss: 0.6281 - Validation Loss: 0.6436
INFO - Epoch 13, Loss: 0.6077 - Validation Loss: 0.5979
INFO - Epoch 14, Loss: 0.6061 - Validation Loss: 0.6327
INFO - Epoch 15, Loss: 0.6061 - Validation Loss: 0.6327
INFO - Epoch 16, Loss: 0.6061 - Validation Loss: 0.6327
INFO - Epoch 17, Loss: 0.6061 - Validation Loss: 0.6327
INFO - Epoch 18, Loss: 0.6061 - Validation Loss: 0.6327
INFO - Epoch 19, Loss: 0.6061 - Validation Loss: 0.6327
INFO - Epoch 20, Loss: 0.5961 - Validation Loss: 0.5634
INFO - Epoch 21, Loss: 0.5961 - Validation Loss: 0.5634
INFO - Epoch 22, Loss: 0.5837 - Validation Loss: 0.5817
INFO - Epoch 23, Loss: 0.5837 - Validation Loss: 0.5817
INFO - Epoch 24, Loss: 0.5837 - Validation Loss: 0.5817
INFO - Epoch 25, Loss: 0.5770 - Validation Loss: 0.5778
INFO - Epoch 26, Loss: 0.5751 - Validation Loss: 0.5690
INFO - Epoch 27, Loss: 0.5722 - Validation Loss: 0.5736
INFO - Epoch 28, Loss: 0.5722 - Validation Loss: 0.5736
INFO - Epoch 29, Loss: 0.5722 - Validation Loss: 0.5736
INFO - Epoch 30, Loss: 0.5722 - Validation Loss: 0.5736
INFO - Epoch 31, Loss: 0.5722 - Validation Loss: 0.5736
INFO - Epoch 32, Loss: 0.5722 - Validation Loss: 0.5736
INFO - Epoch 33, Loss: 0.5722 - Validation Loss: 0.5736
INFO - Epoch 34, Loss: 0.5703 - Validation Loss: 0.5640
INFO - Epoch 35, Loss: 0.5703 - Validation Loss: 0.5640
INFO - Epoch 36, Loss: 0.5682 - Validation Loss: 0.5633
INFO - Epoch 37, Loss: 0.5632 - Validation Loss: 0.5897
INFO - Epoch 38, Loss: 0.5631 - Validation Loss: 0.5640
INFO - Epoch 39, Loss: 0.5554 - Validation Loss: 0.5697
INFO - Epoch 40, Loss: 0.5554 - Validation Loss: 0.5697
INFO - Epoch 41, Loss: 0.5552 - Validation Loss: 0.5688
INFO - Epoch 42, Loss: 0.5552 - Validation Loss: 0.5688
INFO - Epoch 43, Loss: 0.5551 - Validation Loss: 0.5768
INFO - Epoch 44, Loss: 0.5551 - Validation Loss: 0.5768
INFO - Epoch 45, Loss: 0.5551 - Validation Loss: 0.5768
INFO - Epoch 46, Loss: 0.5550 - Validation Loss: 0.5737
INFO - Epoch 47, Loss: 0.5547 - Validation Loss: 0.5718
INFO - Epoch 48, Loss: 0.5541 - Validation Loss: 0.5865
INFO - Epoch 49, Loss: 0.5541 - Validation Loss: 0.5865
INFO - Epoch 50, Loss: 0.5541 - Validation Loss: 0.5865
INFO - Epoch 51, Loss: 0.5540 - Validation Loss: 0.5860
INFO - Epoch 52, Loss: 0.5535 - Validation Loss: 0.5823
INFO - Epoch 53, Loss: 0.5535 - Validation Loss: 0.5879
INFO - Epoch 54, Loss: 0.5535 - Validation Loss: 0.5879
INFO - Epoch 55, Loss: 0.5534 - Validation Loss: 0.6023
INFO - Epoch 56, Loss: 0.5533 - Validation Loss: 0.5884
INFO - Epoch 57, Loss: 0.5531 - Validation Loss: 0.5997
INFO - Epoch 58, Loss: 0.5531 - Validation Loss: 0.5997
INFO - Epoch 59, Loss: 0.5529 - Validation Loss: 0.6028
INFO - Epoch 60, Loss: 0.5529 - Validation Loss: 0.6028
INFO - Epoch 61, Loss: 0.5525 - Validation Loss: 0.6109
INFO - Epoch 62, Loss: 0.5525 - Validation Loss: 0.6109
INFO - Epoch 63, Loss: 0.5525 - Validation Loss: 0.6237
INFO - Epoch 64, Loss: 0.5523 - Validation Loss: 0.6261
INFO - Epoch 65, Loss: 0.5523 - Validation Loss: 0.6261
INFO - Epoch 66, Loss: 0.5523 - Validation Loss: 0.6261
INFO - Epoch 67, Loss: 0.5523 - Validation Loss: 0.6261
INFO - Epoch 68, Loss: 0.5523 - Validation Loss: 0.6261
INFO - Epoch 69, Loss: 0.5523 - Validation Loss: 0.6311
INFO - Epoch 70, Loss: 0.5521 - Validation Loss: 0.6314
INFO - Epoch 71, Loss: 0.5521 - Validation Loss: 0.6314
INFO - Epoch 72, Loss: 0.5521 - Validation Loss: 0.6289
INFO - Epoch 73, Loss: 0.5521 - Validation Loss: 0.6319
INFO - Epoch 74, Loss: 0.5521 - Validation Loss: 0.6293
INFO - Epoch 75, Loss: 0.5521 - Validation Loss: 0.6295
INFO - Epoch 76, Loss: 0.5520 - Validation Loss: 0.6256
INFO - Epoch 77, Loss: 0.5520 - Validation Loss: 0.6267
INFO - Epoch 78, Loss: 0.5520 - Validation Loss: 0.6267
INFO - Epoch 79, Loss: 0.5520 - Validation Loss: 0.6267
INFO - Epoch 80, Loss: 0.5520 - Validation Loss: 0.6267
INFO - Epoch 81, Loss: 0.5520 - Validation Loss: 0.6267
INFO - Epoch 82, Loss: 0.5520 - Validation Loss: 0.6267
INFO - Epoch 83, Loss: 0.5520 - Validation Loss: 0.6090
INFO - Epoch 84, Loss: 0.5519 - Validation Loss: 0.6108
INFO - Epoch 85, Loss: 0.5519 - Validation Loss: 0.6132
INFO - Epoch 86, Loss: 0.5519 - Validation Loss: 0.6132
INFO - Epoch 87, Loss: 0.5519 - Validation Loss: 0.6132
INFO - Epoch 88, Loss: 0.5519 - Validation Loss: 0.6134
INFO - Epoch 89, Loss: 0.5519 - Validation Loss: 0.6323
INFO - Epoch 90, Loss: 0.5519 - Validation Loss: 0.6345
INFO - Epoch 91, Loss: 0.5519 - Validation Loss: 0.6345
INFO - Epoch 92, Loss: 0.5519 - Validation Loss: 0.6331
INFO - Epoch 93, Loss: 0.5519 - Validation Loss: 0.6331
INFO - Epoch 94, Loss: 0.5519 - Validation Loss: 0.6297
INFO - Epoch 95, Loss: 0.5519 - Validation Loss: 0.6297
INFO - Epoch 96, Loss: 0.5519 - Validation Loss: 0.6297
INFO - Epoch 97, Loss: 0.5519 - Validation Loss: 0.6340
INFO - Epoch 98, Loss: 0.5519 - Validation Loss: 0.6340
INFO - Epoch 99, Loss: 0.5519 - Validation Loss: 0.6340
INFO - Epoch 100, Loss: 0.5519 - Validation Loss: 0.6332
INFO - Fold 4, Accuracy on training dataset: 1.0000
INFO - Fold 4, Accuracy on validation dataset: 1.0000
INFO - Fold 4, Accuracy on test dataset: 0.9722
INFO - =========================
INFO - Best model saved at: ./models/wine_best_model.pth
INFO - =============================================
INFO - Model Setup:
INFO - dataset: wine
INFO - input_dim: 13
INFO - output_dim: 3
INFO - n_samples: 142
INFO - hidden_layers: [39]
INFO - n_particles: 20
INFO - g: 1.13
INFO - interval_parms_updated: 1
INFO - n_folds: 4
INFO - n_epochs: 100
INFO - =============================================
INFO - Mean time per epoch and folder: 675.2435 seconds
INFO - Mean accuracy on training dataset: 0.9929
INFO - Mean accuracy on validation dataset: 0.9931
INFO - Mean accuracy on test dataset: 0.9583
INFO - Standard deviation of accuracy on test dataset: 0.0139
INFO - =============================================
