INFO - ======= Fold 1 =======
INFO - Epoch 0, Loss: 0.8549 - Validation Loss: 0.9122
INFO - Epoch 1, Loss: 0.8332 - Validation Loss: 0.8773
INFO - Epoch 2, Loss: 0.8332 - Validation Loss: 0.8773
INFO - Epoch 3, Loss: 0.8091 - Validation Loss: 0.7979
INFO - Epoch 4, Loss: 0.7031 - Validation Loss: 0.6778
INFO - Epoch 5, Loss: 0.7031 - Validation Loss: 0.6778
INFO - Epoch 6, Loss: 0.6523 - Validation Loss: 0.7276
INFO - Epoch 7, Loss: 0.6523 - Validation Loss: 0.7276
INFO - Epoch 8, Loss: 0.6523 - Validation Loss: 0.7276
INFO - Epoch 9, Loss: 0.6152 - Validation Loss: 0.6202
INFO - Epoch 10, Loss: 0.6152 - Validation Loss: 0.6202
INFO - Epoch 11, Loss: 0.6152 - Validation Loss: 0.6202
INFO - Epoch 12, Loss: 0.6152 - Validation Loss: 0.6202
INFO - Epoch 13, Loss: 0.6139 - Validation Loss: 0.6520
INFO - Epoch 14, Loss: 0.6139 - Validation Loss: 0.6520
INFO - Epoch 15, Loss: 0.6087 - Validation Loss: 0.6120
INFO - Epoch 16, Loss: 0.6087 - Validation Loss: 0.6120
INFO - Epoch 17, Loss: 0.6004 - Validation Loss: 0.6736
INFO - Epoch 18, Loss: 0.6004 - Validation Loss: 0.6736
INFO - Epoch 19, Loss: 0.6004 - Validation Loss: 0.6736
INFO - Epoch 20, Loss: 0.6004 - Validation Loss: 0.6736
INFO - Epoch 21, Loss: 0.6004 - Validation Loss: 0.6736
INFO - Epoch 22, Loss: 0.6004 - Validation Loss: 0.6736
INFO - Epoch 23, Loss: 0.6004 - Validation Loss: 0.6736
INFO - Epoch 24, Loss: 0.6004 - Validation Loss: 0.6736
INFO - Epoch 25, Loss: 0.6004 - Validation Loss: 0.6736
INFO - Epoch 26, Loss: 0.6004 - Validation Loss: 0.6736
INFO - Epoch 27, Loss: 0.6004 - Validation Loss: 0.6736
INFO - Epoch 28, Loss: 0.6004 - Validation Loss: 0.6736
INFO - Epoch 29, Loss: 0.6004 - Validation Loss: 0.6736
INFO - Epoch 30, Loss: 0.6002 - Validation Loss: 0.6496
INFO - Epoch 31, Loss: 0.6002 - Validation Loss: 0.6496
INFO - Epoch 32, Loss: 0.6002 - Validation Loss: 0.6496
INFO - Epoch 33, Loss: 0.6002 - Validation Loss: 0.6496
INFO - Epoch 34, Loss: 0.6002 - Validation Loss: 0.6496
INFO - Epoch 35, Loss: 0.5956 - Validation Loss: 0.6575
INFO - Epoch 36, Loss: 0.5956 - Validation Loss: 0.6575
INFO - Epoch 37, Loss: 0.5882 - Validation Loss: 0.6104
INFO - Epoch 38, Loss: 0.5882 - Validation Loss: 0.6104
INFO - Epoch 39, Loss: 0.5882 - Validation Loss: 0.6104
INFO - Epoch 40, Loss: 0.5882 - Validation Loss: 0.6104
INFO - Epoch 41, Loss: 0.5882 - Validation Loss: 0.6104
INFO - Epoch 42, Loss: 0.5882 - Validation Loss: 0.6104
INFO - Epoch 43, Loss: 0.5722 - Validation Loss: 0.5816
INFO - Epoch 44, Loss: 0.5722 - Validation Loss: 0.5816
INFO - Epoch 45, Loss: 0.5671 - Validation Loss: 0.6026
INFO - Epoch 46, Loss: 0.5671 - Validation Loss: 0.6026
INFO - Epoch 47, Loss: 0.5641 - Validation Loss: 0.6084
INFO - Epoch 48, Loss: 0.5640 - Validation Loss: 0.6308
INFO - Epoch 49, Loss: 0.5640 - Validation Loss: 0.6308
INFO - Epoch 50, Loss: 0.5640 - Validation Loss: 0.6308
INFO - Epoch 51, Loss: 0.5634 - Validation Loss: 0.6471
INFO - Epoch 52, Loss: 0.5632 - Validation Loss: 0.6023
INFO - Epoch 53, Loss: 0.5632 - Validation Loss: 0.6023
INFO - Epoch 54, Loss: 0.5632 - Validation Loss: 0.6023
INFO - Epoch 55, Loss: 0.5632 - Validation Loss: 0.6023
INFO - Epoch 56, Loss: 0.5632 - Validation Loss: 0.6023
INFO - Epoch 57, Loss: 0.5632 - Validation Loss: 0.6023
INFO - Epoch 58, Loss: 0.5632 - Validation Loss: 0.6023
INFO - Epoch 59, Loss: 0.5632 - Validation Loss: 0.6023
INFO - Epoch 60, Loss: 0.5632 - Validation Loss: 0.6023
INFO - Epoch 61, Loss: 0.5631 - Validation Loss: 0.5871
INFO - Epoch 62, Loss: 0.5631 - Validation Loss: 0.5871
INFO - Epoch 63, Loss: 0.5623 - Validation Loss: 0.5831
INFO - Epoch 64, Loss: 0.5588 - Validation Loss: 0.5904
INFO - Epoch 65, Loss: 0.5588 - Validation Loss: 0.5904
INFO - Epoch 66, Loss: 0.5574 - Validation Loss: 0.5947
INFO - Epoch 67, Loss: 0.5574 - Validation Loss: 0.5947
INFO - Epoch 68, Loss: 0.5574 - Validation Loss: 0.5947
INFO - Epoch 69, Loss: 0.5528 - Validation Loss: 0.5805
INFO - Epoch 70, Loss: 0.5528 - Validation Loss: 0.5805
INFO - Epoch 71, Loss: 0.5528 - Validation Loss: 0.5805
INFO - Epoch 72, Loss: 0.5527 - Validation Loss: 0.5812
INFO - Epoch 73, Loss: 0.5527 - Validation Loss: 0.5812
INFO - Epoch 74, Loss: 0.5527 - Validation Loss: 0.5812
INFO - Epoch 75, Loss: 0.5527 - Validation Loss: 0.5812
INFO - Epoch 76, Loss: 0.5527 - Validation Loss: 0.5812
INFO - Epoch 77, Loss: 0.5527 - Validation Loss: 0.5812
INFO - Epoch 78, Loss: 0.5527 - Validation Loss: 0.5812
INFO - Epoch 79, Loss: 0.5527 - Validation Loss: 0.5812
INFO - Epoch 80, Loss: 0.5527 - Validation Loss: 0.5812
INFO - Epoch 81, Loss: 0.5527 - Validation Loss: 0.5812
INFO - Epoch 82, Loss: 0.5527 - Validation Loss: 0.5812
INFO - Epoch 83, Loss: 0.5527 - Validation Loss: 0.5813
INFO - Epoch 84, Loss: 0.5527 - Validation Loss: 0.5808
INFO - Epoch 85, Loss: 0.5526 - Validation Loss: 0.5807
INFO - Epoch 86, Loss: 0.5526 - Validation Loss: 0.5809
INFO - Epoch 87, Loss: 0.5526 - Validation Loss: 0.5811
INFO - Epoch 88, Loss: 0.5526 - Validation Loss: 0.5811
INFO - Epoch 89, Loss: 0.5526 - Validation Loss: 0.5811
INFO - Epoch 90, Loss: 0.5526 - Validation Loss: 0.5811
INFO - Epoch 91, Loss: 0.5526 - Validation Loss: 0.5811
INFO - Epoch 92, Loss: 0.5526 - Validation Loss: 0.5811
INFO - Epoch 93, Loss: 0.5526 - Validation Loss: 0.5816
INFO - Epoch 94, Loss: 0.5526 - Validation Loss: 0.5816
INFO - Epoch 95, Loss: 0.5525 - Validation Loss: 0.5857
INFO - Epoch 96, Loss: 0.5525 - Validation Loss: 0.5813
INFO - Epoch 97, Loss: 0.5525 - Validation Loss: 0.5795
INFO - Epoch 98, Loss: 0.5525 - Validation Loss: 0.5812
INFO - Epoch 99, Loss: 0.5525 - Validation Loss: 0.5812
INFO - Epoch 100, Loss: 0.5525 - Validation Loss: 0.5844
INFO - Fold 1, Accuracy on training dataset: 1.0000
INFO - Fold 1, Accuracy on validation dataset: 0.9722
INFO - Fold 1, Accuracy on test dataset: 0.9722
INFO - =========================
INFO - ======= Fold 2 =======
INFO - Epoch 0, Loss: 0.8407 - Validation Loss: 0.8476
INFO - Epoch 1, Loss: 0.8315 - Validation Loss: 0.8001
INFO - Epoch 2, Loss: 0.7725 - Validation Loss: 0.8511
INFO - Epoch 3, Loss: 0.7725 - Validation Loss: 0.8511
INFO - Epoch 4, Loss: 0.7052 - Validation Loss: 0.7356
INFO - Epoch 5, Loss: 0.6985 - Validation Loss: 0.7659
INFO - Epoch 6, Loss: 0.6985 - Validation Loss: 0.7659
INFO - Epoch 7, Loss: 0.6287 - Validation Loss: 0.7638
INFO - Epoch 8, Loss: 0.6287 - Validation Loss: 0.7638
INFO - Epoch 9, Loss: 0.6287 - Validation Loss: 0.7638
INFO - Epoch 10, Loss: 0.6287 - Validation Loss: 0.7638
INFO - Epoch 11, Loss: 0.6287 - Validation Loss: 0.7638
INFO - Epoch 12, Loss: 0.6287 - Validation Loss: 0.7638
INFO - Epoch 13, Loss: 0.6287 - Validation Loss: 0.7638
INFO - Epoch 14, Loss: 0.6123 - Validation Loss: 0.7472
INFO - Epoch 15, Loss: 0.6123 - Validation Loss: 0.7472
INFO - Epoch 16, Loss: 0.6016 - Validation Loss: 0.7098
INFO - Epoch 17, Loss: 0.6016 - Validation Loss: 0.7098
INFO - Epoch 18, Loss: 0.6016 - Validation Loss: 0.7098
INFO - Epoch 19, Loss: 0.6016 - Validation Loss: 0.7098
INFO - Epoch 20, Loss: 0.6016 - Validation Loss: 0.7098
INFO - Epoch 21, Loss: 0.6016 - Validation Loss: 0.7098
INFO - Epoch 22, Loss: 0.6016 - Validation Loss: 0.7098
INFO - Epoch 23, Loss: 0.6016 - Validation Loss: 0.7098
INFO - Epoch 24, Loss: 0.6016 - Validation Loss: 0.7098
INFO - Epoch 25, Loss: 0.6016 - Validation Loss: 0.7098
INFO - Epoch 26, Loss: 0.6014 - Validation Loss: 0.7268
INFO - Epoch 27, Loss: 0.6014 - Validation Loss: 0.7268
INFO - Epoch 28, Loss: 0.5998 - Validation Loss: 0.7366
INFO - Epoch 29, Loss: 0.5990 - Validation Loss: 0.7201
INFO - Epoch 30, Loss: 0.5988 - Validation Loss: 0.7189
INFO - Epoch 31, Loss: 0.5838 - Validation Loss: 0.6917
INFO - Epoch 32, Loss: 0.5838 - Validation Loss: 0.6917
INFO - Epoch 33, Loss: 0.5838 - Validation Loss: 0.6917
INFO - Epoch 34, Loss: 0.5838 - Validation Loss: 0.6917
INFO - Epoch 35, Loss: 0.5838 - Validation Loss: 0.6917
INFO - Epoch 36, Loss: 0.5838 - Validation Loss: 0.6917
INFO - Epoch 37, Loss: 0.5838 - Validation Loss: 0.6917
INFO - Epoch 38, Loss: 0.5838 - Validation Loss: 0.6917
INFO - Epoch 39, Loss: 0.5838 - Validation Loss: 0.6917
INFO - Epoch 40, Loss: 0.5838 - Validation Loss: 0.6917
INFO - Epoch 41, Loss: 0.5802 - Validation Loss: 0.6565
INFO - Epoch 42, Loss: 0.5771 - Validation Loss: 0.6437
INFO - Epoch 43, Loss: 0.5771 - Validation Loss: 0.6437
INFO - Epoch 44, Loss: 0.5771 - Validation Loss: 0.6437
INFO - Epoch 45, Loss: 0.5771 - Validation Loss: 0.6437
INFO - Epoch 46, Loss: 0.5771 - Validation Loss: 0.6437
INFO - Epoch 47, Loss: 0.5771 - Validation Loss: 0.6437
INFO - Epoch 48, Loss: 0.5746 - Validation Loss: 0.6411
INFO - Epoch 49, Loss: 0.5728 - Validation Loss: 0.6752
INFO - Epoch 50, Loss: 0.5721 - Validation Loss: 0.6402
INFO - Epoch 51, Loss: 0.5720 - Validation Loss: 0.6353
INFO - Epoch 52, Loss: 0.5715 - Validation Loss: 0.6356
INFO - Epoch 53, Loss: 0.5715 - Validation Loss: 0.6356
INFO - Epoch 54, Loss: 0.5715 - Validation Loss: 0.6356
INFO - Epoch 55, Loss: 0.5710 - Validation Loss: 0.6368
INFO - Epoch 56, Loss: 0.5710 - Validation Loss: 0.6368
INFO - Epoch 57, Loss: 0.5710 - Validation Loss: 0.6368
INFO - Epoch 58, Loss: 0.5710 - Validation Loss: 0.6368
INFO - Epoch 59, Loss: 0.5710 - Validation Loss: 0.6368
INFO - Epoch 60, Loss: 0.5710 - Validation Loss: 0.6368
INFO - Epoch 61, Loss: 0.5710 - Validation Loss: 0.6368
INFO - Epoch 62, Loss: 0.5709 - Validation Loss: 0.6356
INFO - Epoch 63, Loss: 0.5709 - Validation Loss: 0.6356
INFO - Epoch 64, Loss: 0.5709 - Validation Loss: 0.6356
INFO - Epoch 65, Loss: 0.5706 - Validation Loss: 0.6360
INFO - Epoch 66, Loss: 0.5706 - Validation Loss: 0.6360
INFO - Epoch 67, Loss: 0.5706 - Validation Loss: 0.6360
INFO - Epoch 68, Loss: 0.5706 - Validation Loss: 0.6360
INFO - Epoch 69, Loss: 0.5704 - Validation Loss: 0.6353
INFO - Epoch 70, Loss: 0.5659 - Validation Loss: 0.6607
INFO - Epoch 71, Loss: 0.5659 - Validation Loss: 0.6607
INFO - Epoch 72, Loss: 0.5659 - Validation Loss: 0.6607
INFO - Epoch 73, Loss: 0.5659 - Validation Loss: 0.6607
INFO - Epoch 74, Loss: 0.5640 - Validation Loss: 0.6267
INFO - Epoch 75, Loss: 0.5640 - Validation Loss: 0.6267
INFO - Epoch 76, Loss: 0.5640 - Validation Loss: 0.6267
INFO - Epoch 77, Loss: 0.5640 - Validation Loss: 0.6267
INFO - Epoch 78, Loss: 0.5637 - Validation Loss: 0.6367
INFO - Epoch 79, Loss: 0.5626 - Validation Loss: 0.6216
INFO - Epoch 80, Loss: 0.5622 - Validation Loss: 0.6336
INFO - Epoch 81, Loss: 0.5622 - Validation Loss: 0.6336
INFO - Epoch 82, Loss: 0.5622 - Validation Loss: 0.6336
INFO - Epoch 83, Loss: 0.5618 - Validation Loss: 0.6226
INFO - Epoch 84, Loss: 0.5618 - Validation Loss: 0.6226
INFO - Epoch 85, Loss: 0.5618 - Validation Loss: 0.6226
INFO - Epoch 86, Loss: 0.5618 - Validation Loss: 0.6226
INFO - Epoch 87, Loss: 0.5618 - Validation Loss: 0.6226
INFO - Epoch 88, Loss: 0.5618 - Validation Loss: 0.6226
INFO - Epoch 89, Loss: 0.5618 - Validation Loss: 0.6226
INFO - Epoch 90, Loss: 0.5618 - Validation Loss: 0.6226
INFO - Epoch 91, Loss: 0.5618 - Validation Loss: 0.6226
INFO - Epoch 92, Loss: 0.5618 - Validation Loss: 0.6226
INFO - Epoch 93, Loss: 0.5618 - Validation Loss: 0.6226
INFO - Epoch 94, Loss: 0.5618 - Validation Loss: 0.6226
INFO - Epoch 95, Loss: 0.5618 - Validation Loss: 0.6226
INFO - Epoch 96, Loss: 0.5618 - Validation Loss: 0.6226
INFO - Epoch 97, Loss: 0.5618 - Validation Loss: 0.6226
INFO - Epoch 98, Loss: 0.5618 - Validation Loss: 0.6226
INFO - Epoch 99, Loss: 0.5618 - Validation Loss: 0.6226
INFO - Epoch 100, Loss: 0.5618 - Validation Loss: 0.6226
INFO - Fold 2, Accuracy on training dataset: 0.9906
INFO - Fold 2, Accuracy on validation dataset: 1.0000
INFO - Fold 2, Accuracy on test dataset: 0.9722
INFO - =========================
INFO - ======= Fold 3 =======
INFO - Epoch 0, Loss: 0.9157 - Validation Loss: 1.1283
INFO - Epoch 1, Loss: 0.8602 - Validation Loss: 0.7561
INFO - Epoch 2, Loss: 0.7907 - Validation Loss: 0.7965
INFO - Epoch 3, Loss: 0.7405 - Validation Loss: 0.7045
INFO - Epoch 4, Loss: 0.7405 - Validation Loss: 0.7045
INFO - Epoch 5, Loss: 0.7405 - Validation Loss: 0.7045
INFO - Epoch 6, Loss: 0.7136 - Validation Loss: 0.7091
INFO - Epoch 7, Loss: 0.6967 - Validation Loss: 0.7417
INFO - Epoch 8, Loss: 0.6967 - Validation Loss: 0.7417
INFO - Epoch 9, Loss: 0.6942 - Validation Loss: 0.7342
INFO - Epoch 10, Loss: 0.6942 - Validation Loss: 0.7342
INFO - Epoch 11, Loss: 0.6942 - Validation Loss: 0.7342
INFO - Epoch 12, Loss: 0.6942 - Validation Loss: 0.7342
INFO - Epoch 13, Loss: 0.6942 - Validation Loss: 0.7342
INFO - Epoch 14, Loss: 0.6942 - Validation Loss: 0.7342
INFO - Epoch 15, Loss: 0.6563 - Validation Loss: 0.6712
INFO - Epoch 16, Loss: 0.6563 - Validation Loss: 0.6712
INFO - Epoch 17, Loss: 0.6563 - Validation Loss: 0.6712
INFO - Epoch 18, Loss: 0.6542 - Validation Loss: 0.7057
INFO - Epoch 19, Loss: 0.6542 - Validation Loss: 0.7057
INFO - Epoch 20, Loss: 0.6417 - Validation Loss: 0.6898
INFO - Epoch 21, Loss: 0.6417 - Validation Loss: 0.6898
INFO - Epoch 22, Loss: 0.6417 - Validation Loss: 0.6898
INFO - Epoch 23, Loss: 0.6341 - Validation Loss: 0.6677
INFO - Epoch 24, Loss: 0.6341 - Validation Loss: 0.6677
INFO - Epoch 25, Loss: 0.6341 - Validation Loss: 0.6677
INFO - Epoch 26, Loss: 0.6341 - Validation Loss: 0.6677
INFO - Epoch 27, Loss: 0.6341 - Validation Loss: 0.6677
INFO - Epoch 28, Loss: 0.6341 - Validation Loss: 0.6677
INFO - Epoch 29, Loss: 0.6341 - Validation Loss: 0.6677
INFO - Epoch 30, Loss: 0.6198 - Validation Loss: 0.7120
INFO - Epoch 31, Loss: 0.6198 - Validation Loss: 0.7120
INFO - Epoch 32, Loss: 0.6198 - Validation Loss: 0.7120
INFO - Epoch 33, Loss: 0.6198 - Validation Loss: 0.7120
INFO - Epoch 34, Loss: 0.6176 - Validation Loss: 0.6768
INFO - Epoch 35, Loss: 0.6176 - Validation Loss: 0.6768
INFO - Epoch 36, Loss: 0.6176 - Validation Loss: 0.6768
INFO - Epoch 37, Loss: 0.6001 - Validation Loss: 0.6525
INFO - Epoch 38, Loss: 0.5940 - Validation Loss: 0.6099
INFO - Epoch 39, Loss: 0.5940 - Validation Loss: 0.6099
INFO - Epoch 40, Loss: 0.5940 - Validation Loss: 0.6099
INFO - Epoch 41, Loss: 0.5940 - Validation Loss: 0.6099
INFO - Epoch 42, Loss: 0.5940 - Validation Loss: 0.6099
INFO - Epoch 43, Loss: 0.5940 - Validation Loss: 0.6099
INFO - Epoch 44, Loss: 0.5940 - Validation Loss: 0.6099
INFO - Epoch 45, Loss: 0.5940 - Validation Loss: 0.6099
INFO - Epoch 46, Loss: 0.5940 - Validation Loss: 0.6099
INFO - Epoch 47, Loss: 0.5940 - Validation Loss: 0.6099
INFO - Epoch 48, Loss: 0.5899 - Validation Loss: 0.6377
INFO - Epoch 49, Loss: 0.5899 - Validation Loss: 0.6377
INFO - Epoch 50, Loss: 0.5847 - Validation Loss: 0.6087
INFO - Epoch 51, Loss: 0.5847 - Validation Loss: 0.6087
INFO - Epoch 52, Loss: 0.5847 - Validation Loss: 0.6087
INFO - Epoch 53, Loss: 0.5831 - Validation Loss: 0.6331
INFO - Epoch 54, Loss: 0.5831 - Validation Loss: 0.6331
INFO - Epoch 55, Loss: 0.5806 - Validation Loss: 0.6235
INFO - Epoch 56, Loss: 0.5778 - Validation Loss: 0.6476
INFO - Epoch 57, Loss: 0.5778 - Validation Loss: 0.6476
INFO - Epoch 58, Loss: 0.5769 - Validation Loss: 0.6358
INFO - Epoch 59, Loss: 0.5735 - Validation Loss: 0.6174
INFO - Epoch 60, Loss: 0.5735 - Validation Loss: 0.6174
INFO - Epoch 61, Loss: 0.5735 - Validation Loss: 0.6174
INFO - Epoch 62, Loss: 0.5716 - Validation Loss: 0.6089
INFO - Epoch 63, Loss: 0.5716 - Validation Loss: 0.6089
INFO - Epoch 64, Loss: 0.5716 - Validation Loss: 0.6089
INFO - Epoch 65, Loss: 0.5716 - Validation Loss: 0.6089
INFO - Epoch 66, Loss: 0.5716 - Validation Loss: 0.6089
INFO - Epoch 67, Loss: 0.5716 - Validation Loss: 0.6089
INFO - Epoch 68, Loss: 0.5716 - Validation Loss: 0.6089
INFO - Epoch 69, Loss: 0.5716 - Validation Loss: 0.6089
INFO - Epoch 70, Loss: 0.5716 - Validation Loss: 0.6089
INFO - Epoch 71, Loss: 0.5716 - Validation Loss: 0.6089
INFO - Epoch 72, Loss: 0.5716 - Validation Loss: 0.6089
INFO - Epoch 73, Loss: 0.5716 - Validation Loss: 0.6089
INFO - Epoch 74, Loss: 0.5716 - Validation Loss: 0.6089
INFO - Epoch 75, Loss: 0.5716 - Validation Loss: 0.6089
INFO - Epoch 76, Loss: 0.5716 - Validation Loss: 0.6089
INFO - Epoch 77, Loss: 0.5716 - Validation Loss: 0.6089
INFO - Epoch 78, Loss: 0.5716 - Validation Loss: 0.6089
INFO - Epoch 79, Loss: 0.5716 - Validation Loss: 0.6089
INFO - Epoch 80, Loss: 0.5715 - Validation Loss: 0.6333
INFO - Epoch 81, Loss: 0.5715 - Validation Loss: 0.6333
INFO - Epoch 82, Loss: 0.5715 - Validation Loss: 0.6333
INFO - Epoch 83, Loss: 0.5715 - Validation Loss: 0.6333
INFO - Epoch 84, Loss: 0.5715 - Validation Loss: 0.6333
INFO - Epoch 85, Loss: 0.5715 - Validation Loss: 0.6333
INFO - Epoch 86, Loss: 0.5715 - Validation Loss: 0.6211
INFO - Epoch 87, Loss: 0.5715 - Validation Loss: 0.6294
INFO - Epoch 88, Loss: 0.5715 - Validation Loss: 0.6294
INFO - Epoch 89, Loss: 0.5715 - Validation Loss: 0.6294
INFO - Epoch 90, Loss: 0.5709 - Validation Loss: 0.5965
INFO - Epoch 91, Loss: 0.5709 - Validation Loss: 0.5965
INFO - Epoch 92, Loss: 0.5709 - Validation Loss: 0.5965
INFO - Epoch 93, Loss: 0.5709 - Validation Loss: 0.5965
INFO - Epoch 94, Loss: 0.5709 - Validation Loss: 0.5965
INFO - Epoch 95, Loss: 0.5708 - Validation Loss: 0.5813
INFO - Epoch 96, Loss: 0.5708 - Validation Loss: 0.5813
INFO - Epoch 97, Loss: 0.5653 - Validation Loss: 0.5592
INFO - Epoch 98, Loss: 0.5653 - Validation Loss: 0.5592
INFO - Epoch 99, Loss: 0.5653 - Validation Loss: 0.5592
INFO - Epoch 100, Loss: 0.5653 - Validation Loss: 0.5592
INFO - Fold 3, Accuracy on training dataset: 0.9907
INFO - Fold 3, Accuracy on validation dataset: 1.0000
INFO - Fold 3, Accuracy on test dataset: 0.8889
INFO - =========================
INFO - ======= Fold 4 =======
INFO - Epoch 0, Loss: 0.8011 - Validation Loss: 0.7470
INFO - Epoch 1, Loss: 0.7566 - Validation Loss: 0.7503
INFO - Epoch 2, Loss: 0.7566 - Validation Loss: 0.7503
INFO - Epoch 3, Loss: 0.7030 - Validation Loss: 0.7550
INFO - Epoch 4, Loss: 0.6867 - Validation Loss: 0.7535
INFO - Epoch 5, Loss: 0.6624 - Validation Loss: 0.7109
INFO - Epoch 6, Loss: 0.6624 - Validation Loss: 0.7109
INFO - Epoch 7, Loss: 0.6624 - Validation Loss: 0.7109
INFO - Epoch 8, Loss: 0.6624 - Validation Loss: 0.7109
INFO - Epoch 9, Loss: 0.6624 - Validation Loss: 0.7109
INFO - Epoch 10, Loss: 0.6131 - Validation Loss: 0.7098
INFO - Epoch 11, Loss: 0.6131 - Validation Loss: 0.7098
INFO - Epoch 12, Loss: 0.6131 - Validation Loss: 0.7098
INFO - Epoch 13, Loss: 0.6131 - Validation Loss: 0.7098
INFO - Epoch 14, Loss: 0.6088 - Validation Loss: 0.7857
INFO - Epoch 15, Loss: 0.6088 - Validation Loss: 0.7857
INFO - Epoch 16, Loss: 0.6088 - Validation Loss: 0.7857
INFO - Epoch 17, Loss: 0.5869 - Validation Loss: 0.6876
INFO - Epoch 18, Loss: 0.5869 - Validation Loss: 0.6876
INFO - Epoch 19, Loss: 0.5869 - Validation Loss: 0.6876
INFO - Epoch 20, Loss: 0.5869 - Validation Loss: 0.6876
INFO - Epoch 21, Loss: 0.5869 - Validation Loss: 0.6876
INFO - Epoch 22, Loss: 0.5869 - Validation Loss: 0.6876
INFO - Epoch 23, Loss: 0.5869 - Validation Loss: 0.6876
INFO - Epoch 24, Loss: 0.5869 - Validation Loss: 0.6876
INFO - Epoch 25, Loss: 0.5858 - Validation Loss: 0.6894
INFO - Epoch 26, Loss: 0.5794 - Validation Loss: 0.6864
INFO - Epoch 27, Loss: 0.5759 - Validation Loss: 0.7100
INFO - Epoch 28, Loss: 0.5759 - Validation Loss: 0.7100
INFO - Epoch 29, Loss: 0.5759 - Validation Loss: 0.7100
INFO - Epoch 30, Loss: 0.5741 - Validation Loss: 0.7105
INFO - Epoch 31, Loss: 0.5737 - Validation Loss: 0.7096
INFO - Epoch 32, Loss: 0.5737 - Validation Loss: 0.7096
INFO - Epoch 33, Loss: 0.5728 - Validation Loss: 0.7140
INFO - Epoch 34, Loss: 0.5713 - Validation Loss: 0.7136
INFO - Epoch 35, Loss: 0.5712 - Validation Loss: 0.7050
INFO - Epoch 36, Loss: 0.5712 - Validation Loss: 0.7050
INFO - Epoch 37, Loss: 0.5702 - Validation Loss: 0.7070
INFO - Epoch 38, Loss: 0.5702 - Validation Loss: 0.7070
INFO - Epoch 39, Loss: 0.5668 - Validation Loss: 0.7019
INFO - Epoch 40, Loss: 0.5667 - Validation Loss: 0.6878
INFO - Epoch 41, Loss: 0.5661 - Validation Loss: 0.7806
INFO - Epoch 42, Loss: 0.5661 - Validation Loss: 0.7806
INFO - Epoch 43, Loss: 0.5661 - Validation Loss: 0.7806
INFO - Epoch 44, Loss: 0.5661 - Validation Loss: 0.7806
INFO - Epoch 45, Loss: 0.5661 - Validation Loss: 0.7806
INFO - Epoch 46, Loss: 0.5661 - Validation Loss: 0.7806
INFO - Epoch 47, Loss: 0.5661 - Validation Loss: 0.7806
INFO - Epoch 48, Loss: 0.5661 - Validation Loss: 0.7806
INFO - Epoch 49, Loss: 0.5661 - Validation Loss: 0.7806
INFO - Epoch 50, Loss: 0.5612 - Validation Loss: 0.7366
INFO - Epoch 51, Loss: 0.5612 - Validation Loss: 0.7366
INFO - Epoch 52, Loss: 0.5612 - Validation Loss: 0.7366
INFO - Epoch 53, Loss: 0.5612 - Validation Loss: 0.7366
INFO - Epoch 54, Loss: 0.5609 - Validation Loss: 0.7415
INFO - Epoch 55, Loss: 0.5603 - Validation Loss: 0.7447
INFO - Epoch 56, Loss: 0.5603 - Validation Loss: 0.7447
INFO - Epoch 57, Loss: 0.5603 - Validation Loss: 0.7447
INFO - Epoch 58, Loss: 0.5600 - Validation Loss: 0.7444
INFO - Epoch 59, Loss: 0.5600 - Validation Loss: 0.7444
INFO - Epoch 60, Loss: 0.5600 - Validation Loss: 0.7444
INFO - Epoch 61, Loss: 0.5600 - Validation Loss: 0.7444
INFO - Epoch 62, Loss: 0.5598 - Validation Loss: 0.7439
INFO - Epoch 63, Loss: 0.5598 - Validation Loss: 0.7439
INFO - Epoch 64, Loss: 0.5598 - Validation Loss: 0.7439
INFO - Epoch 65, Loss: 0.5596 - Validation Loss: 0.7426
INFO - Epoch 66, Loss: 0.5596 - Validation Loss: 0.7426
INFO - Epoch 67, Loss: 0.5596 - Validation Loss: 0.7426
INFO - Epoch 68, Loss: 0.5596 - Validation Loss: 0.7423
INFO - Epoch 69, Loss: 0.5588 - Validation Loss: 0.7168
INFO - Epoch 70, Loss: 0.5586 - Validation Loss: 0.7261
INFO - Epoch 71, Loss: 0.5586 - Validation Loss: 0.7261
INFO - Epoch 72, Loss: 0.5541 - Validation Loss: 0.6863
INFO - Epoch 73, Loss: 0.5541 - Validation Loss: 0.6863
INFO - Epoch 74, Loss: 0.5541 - Validation Loss: 0.6863
INFO - Epoch 75, Loss: 0.5534 - Validation Loss: 0.6598
INFO - Epoch 76, Loss: 0.5533 - Validation Loss: 0.6761
INFO - Epoch 77, Loss: 0.5531 - Validation Loss: 0.6832
INFO - Epoch 78, Loss: 0.5531 - Validation Loss: 0.6832
INFO - Epoch 79, Loss: 0.5531 - Validation Loss: 0.6832
INFO - Epoch 80, Loss: 0.5526 - Validation Loss: 0.6648
INFO - Epoch 81, Loss: 0.5526 - Validation Loss: 0.6648
INFO - Epoch 82, Loss: 0.5526 - Validation Loss: 0.6648
INFO - Epoch 83, Loss: 0.5526 - Validation Loss: 0.6648
INFO - Epoch 84, Loss: 0.5525 - Validation Loss: 0.6414
INFO - Epoch 85, Loss: 0.5525 - Validation Loss: 0.6414
INFO - Epoch 86, Loss: 0.5525 - Validation Loss: 0.6414
INFO - Epoch 87, Loss: 0.5525 - Validation Loss: 0.6414
INFO - Epoch 88, Loss: 0.5525 - Validation Loss: 0.6414
INFO - Epoch 89, Loss: 0.5525 - Validation Loss: 0.6414
INFO - Epoch 90, Loss: 0.5525 - Validation Loss: 0.6414
INFO - Epoch 91, Loss: 0.5525 - Validation Loss: 0.6775
INFO - Epoch 92, Loss: 0.5525 - Validation Loss: 0.6775
INFO - Epoch 93, Loss: 0.5524 - Validation Loss: 0.6612
INFO - Epoch 94, Loss: 0.5523 - Validation Loss: 0.6425
INFO - Epoch 95, Loss: 0.5523 - Validation Loss: 0.6425
INFO - Epoch 96, Loss: 0.5523 - Validation Loss: 0.6643
INFO - Epoch 97, Loss: 0.5523 - Validation Loss: 0.6643
INFO - Epoch 98, Loss: 0.5523 - Validation Loss: 0.6643
INFO - Epoch 99, Loss: 0.5523 - Validation Loss: 0.6585
INFO - Epoch 100, Loss: 0.5523 - Validation Loss: 0.6585
INFO - Fold 4, Accuracy on training dataset: 0.9907
INFO - Fold 4, Accuracy on validation dataset: 1.0000
INFO - Fold 4, Accuracy on test dataset: 0.8889
INFO - =========================
INFO - Best model saved at: ./models/wineO_best_model.pth
INFO - =============================================
INFO - Model Setup:
INFO - dataset: wine
INFO - input_dim: 13
INFO - output_dim: 3
INFO - n_samples: 142
INFO - hidden_layers: [39]
INFO - n_particles: 20
INFO - g: 1.13
INFO - interval_parms_updated: 1
INFO - n_folds: 4
INFO - n_epochs: 100
INFO - =============================================
INFO - Mean time per epoch and folder: 2.3862 seconds
INFO - Mean accuracy on training dataset: 0.9930
INFO - Mean accuracy on validation dataset: 0.9931
INFO - Mean accuracy on test dataset: 0.9306
INFO - Standard deviation of accuracy on test dataset: 0.0417
INFO - =============================================
