INFO - ======= Fold 1 =======
INFO - Epoch 1, Train Loss: 0.6929 - Val Loss: 0.6774 - Best Val Loss: 0.6773595809936523
INFO - Epoch 2, Train Loss: 0.6739 - Val Loss: 0.6595 - Best Val Loss: 0.6773595809936523
INFO - Epoch 3, Train Loss: 0.6552 - Val Loss: 0.6418 - Best Val Loss: 0.6773595809936523
INFO - Epoch 4, Train Loss: 0.6367 - Val Loss: 0.6242 - Best Val Loss: 0.6773595809936523
INFO - Epoch 5, Train Loss: 0.6185 - Val Loss: 0.6067 - Best Val Loss: 0.6773595809936523
INFO - Epoch 6, Train Loss: 0.6005 - Val Loss: 0.5894 - Best Val Loss: 0.6773595809936523
INFO - Epoch 7, Train Loss: 0.5827 - Val Loss: 0.5723 - Best Val Loss: 0.6773595809936523
INFO - Epoch 8, Train Loss: 0.5653 - Val Loss: 0.5557 - Best Val Loss: 0.6773595809936523
INFO - Epoch 9, Train Loss: 0.5483 - Val Loss: 0.5395 - Best Val Loss: 0.6773595809936523
INFO - Epoch 10, Train Loss: 0.5319 - Val Loss: 0.5240 - Best Val Loss: 0.6773595809936523
INFO - Epoch 11, Train Loss: 0.5162 - Val Loss: 0.5093 - Best Val Loss: 0.6773595809936523
INFO - Epoch 12, Train Loss: 0.5012 - Val Loss: 0.4955 - Best Val Loss: 0.6773595809936523
INFO - Epoch 13, Train Loss: 0.4871 - Val Loss: 0.4826 - Best Val Loss: 0.6773595809936523
INFO - Epoch 14, Train Loss: 0.4738 - Val Loss: 0.4708 - Best Val Loss: 0.6773595809936523
INFO - Epoch 15, Train Loss: 0.4615 - Val Loss: 0.4599 - Best Val Loss: 0.6773595809936523
INFO - Epoch 16, Train Loss: 0.4501 - Val Loss: 0.4501 - Best Val Loss: 0.6773595809936523
INFO - Epoch 17, Train Loss: 0.4396 - Val Loss: 0.4413 - Best Val Loss: 0.6773595809936523
INFO - Epoch 18, Train Loss: 0.4301 - Val Loss: 0.4333 - Best Val Loss: 0.6773595809936523
INFO - Epoch 19, Train Loss: 0.4214 - Val Loss: 0.4262 - Best Val Loss: 0.6773595809936523
INFO - Epoch 20, Train Loss: 0.4135 - Val Loss: 0.4198 - Best Val Loss: 0.6773595809936523
INFO - Epoch 21, Train Loss: 0.4063 - Val Loss: 0.4141 - Best Val Loss: 0.6773595809936523
INFO - Epoch 22, Train Loss: 0.3997 - Val Loss: 0.4090 - Best Val Loss: 0.6773595809936523
INFO - Epoch 23, Train Loss: 0.3938 - Val Loss: 0.4044 - Best Val Loss: 0.6773595809936523
INFO - Epoch 24, Train Loss: 0.3884 - Val Loss: 0.4001 - Best Val Loss: 0.6773595809936523
INFO - Epoch 25, Train Loss: 0.3835 - Val Loss: 0.3963 - Best Val Loss: 0.6773595809936523
INFO - Epoch 26, Train Loss: 0.3790 - Val Loss: 0.3927 - Best Val Loss: 0.6773595809936523
INFO - Epoch 27, Train Loss: 0.3748 - Val Loss: 0.3894 - Best Val Loss: 0.6773595809936523
INFO - Epoch 28, Train Loss: 0.3711 - Val Loss: 0.3864 - Best Val Loss: 0.6773595809936523
INFO - Epoch 29, Train Loss: 0.3676 - Val Loss: 0.3835 - Best Val Loss: 0.6773595809936523
INFO - Epoch 30, Train Loss: 0.3645 - Val Loss: 0.3809 - Best Val Loss: 0.6773595809936523
INFO - Epoch 31, Train Loss: 0.3616 - Val Loss: 0.3785 - Best Val Loss: 0.6773595809936523
INFO - Epoch 32, Train Loss: 0.3590 - Val Loss: 0.3763 - Best Val Loss: 0.6773595809936523
INFO - Epoch 33, Train Loss: 0.3566 - Val Loss: 0.3743 - Best Val Loss: 0.6773595809936523
INFO - Epoch 34, Train Loss: 0.3545 - Val Loss: 0.3725 - Best Val Loss: 0.6773595809936523
INFO - Epoch 35, Train Loss: 0.3525 - Val Loss: 0.3709 - Best Val Loss: 0.6773595809936523
INFO - Epoch 36, Train Loss: 0.3507 - Val Loss: 0.3695 - Best Val Loss: 0.6773595809936523
INFO - Epoch 37, Train Loss: 0.3490 - Val Loss: 0.3684 - Best Val Loss: 0.6773595809936523
INFO - Epoch 38, Train Loss: 0.3475 - Val Loss: 0.3673 - Best Val Loss: 0.6773595809936523
INFO - Epoch 39, Train Loss: 0.3462 - Val Loss: 0.3665 - Best Val Loss: 0.6773595809936523
INFO - Epoch 40, Train Loss: 0.3449 - Val Loss: 0.3657 - Best Val Loss: 0.6773595809936523
INFO - Epoch 41, Train Loss: 0.3438 - Val Loss: 0.3651 - Best Val Loss: 0.6773595809936523
INFO - Epoch 42, Train Loss: 0.3427 - Val Loss: 0.3645 - Best Val Loss: 0.6773595809936523
INFO - Epoch 43, Train Loss: 0.3418 - Val Loss: 0.3640 - Best Val Loss: 0.6773595809936523
INFO - Epoch 44, Train Loss: 0.3409 - Val Loss: 0.3636 - Best Val Loss: 0.6773595809936523
INFO - Epoch 45, Train Loss: 0.3401 - Val Loss: 0.3632 - Best Val Loss: 0.6773595809936523
INFO - Epoch 46, Train Loss: 0.3393 - Val Loss: 0.3628 - Best Val Loss: 0.6773595809936523
INFO - Epoch 47, Train Loss: 0.3386 - Val Loss: 0.3624 - Best Val Loss: 0.6773595809936523
INFO - Epoch 48, Train Loss: 0.3379 - Val Loss: 0.3621 - Best Val Loss: 0.6773595809936523
INFO - Epoch 49, Train Loss: 0.3373 - Val Loss: 0.3618 - Best Val Loss: 0.6773595809936523
INFO - Epoch 50, Train Loss: 0.3367 - Val Loss: 0.3614 - Best Val Loss: 0.6773595809936523
INFO - Epoch 51, Train Loss: 0.3361 - Val Loss: 0.3611 - Best Val Loss: 0.6773595809936523
INFO - Epoch 52, Train Loss: 0.3355 - Val Loss: 0.3608 - Best Val Loss: 0.6773595809936523
INFO - Epoch 53, Train Loss: 0.3349 - Val Loss: 0.3605 - Best Val Loss: 0.6773595809936523
INFO - Epoch 54, Train Loss: 0.3344 - Val Loss: 0.3601 - Best Val Loss: 0.6773595809936523
INFO - Epoch 55, Train Loss: 0.3339 - Val Loss: 0.3598 - Best Val Loss: 0.6773595809936523
INFO - Epoch 56, Train Loss: 0.3334 - Val Loss: 0.3595 - Best Val Loss: 0.6773595809936523
INFO - Epoch 57, Train Loss: 0.3329 - Val Loss: 0.3592 - Best Val Loss: 0.6773595809936523
INFO - Epoch 58, Train Loss: 0.3324 - Val Loss: 0.3589 - Best Val Loss: 0.6773595809936523
INFO - Epoch 59, Train Loss: 0.3320 - Val Loss: 0.3585 - Best Val Loss: 0.6773595809936523
INFO - Epoch 60, Train Loss: 0.3315 - Val Loss: 0.3582 - Best Val Loss: 0.6773595809936523
INFO - Epoch 61, Train Loss: 0.3311 - Val Loss: 0.3579 - Best Val Loss: 0.6773595809936523
INFO - Epoch 62, Train Loss: 0.3307 - Val Loss: 0.3576 - Best Val Loss: 0.6773595809936523
INFO - Epoch 63, Train Loss: 0.3303 - Val Loss: 0.3573 - Best Val Loss: 0.6773595809936523
INFO - Epoch 64, Train Loss: 0.3299 - Val Loss: 0.3570 - Best Val Loss: 0.6773595809936523
INFO - Epoch 65, Train Loss: 0.3295 - Val Loss: 0.3567 - Best Val Loss: 0.6773595809936523
INFO - Epoch 66, Train Loss: 0.3291 - Val Loss: 0.3564 - Best Val Loss: 0.6773595809936523
INFO - Epoch 67, Train Loss: 0.3288 - Val Loss: 0.3561 - Best Val Loss: 0.6773595809936523
INFO - Epoch 68, Train Loss: 0.3284 - Val Loss: 0.3558 - Best Val Loss: 0.6773595809936523
INFO - Epoch 69, Train Loss: 0.3281 - Val Loss: 0.3556 - Best Val Loss: 0.6773595809936523
INFO - Epoch 70, Train Loss: 0.3278 - Val Loss: 0.3553 - Best Val Loss: 0.6773595809936523
INFO - Epoch 71, Train Loss: 0.3274 - Val Loss: 0.3551 - Best Val Loss: 0.6773595809936523
INFO - Epoch 72, Train Loss: 0.3272 - Val Loss: 0.3549 - Best Val Loss: 0.6773595809936523
INFO - Epoch 73, Train Loss: 0.3269 - Val Loss: 0.3547 - Best Val Loss: 0.6773595809936523
INFO - Epoch 74, Train Loss: 0.3266 - Val Loss: 0.3545 - Best Val Loss: 0.6773595809936523
INFO - Epoch 75, Train Loss: 0.3264 - Val Loss: 0.3544 - Best Val Loss: 0.6773595809936523
INFO - Epoch 76, Train Loss: 0.3261 - Val Loss: 0.3542 - Best Val Loss: 0.6773595809936523
INFO - Epoch 77, Train Loss: 0.3259 - Val Loss: 0.3541 - Best Val Loss: 0.6773595809936523
INFO - Epoch 78, Train Loss: 0.3257 - Val Loss: 0.3539 - Best Val Loss: 0.6773595809936523
INFO - Epoch 79, Train Loss: 0.3255 - Val Loss: 0.3538 - Best Val Loss: 0.6773595809936523
INFO - Epoch 80, Train Loss: 0.3253 - Val Loss: 0.3537 - Best Val Loss: 0.6773595809936523
INFO - Epoch 81, Train Loss: 0.3251 - Val Loss: 0.3536 - Best Val Loss: 0.6773595809936523
INFO - Epoch 82, Train Loss: 0.3249 - Val Loss: 0.3535 - Best Val Loss: 0.6773595809936523
INFO - Epoch 83, Train Loss: 0.3247 - Val Loss: 0.3534 - Best Val Loss: 0.6773595809936523
INFO - Epoch 84, Train Loss: 0.3245 - Val Loss: 0.3533 - Best Val Loss: 0.6773595809936523
INFO - Epoch 85, Train Loss: 0.3244 - Val Loss: 0.3532 - Best Val Loss: 0.6773595809936523
INFO - Epoch 86, Train Loss: 0.3242 - Val Loss: 0.3531 - Best Val Loss: 0.6773595809936523
INFO - Epoch 87, Train Loss: 0.3240 - Val Loss: 0.3530 - Best Val Loss: 0.6773595809936523
INFO - Epoch 88, Train Loss: 0.3239 - Val Loss: 0.3529 - Best Val Loss: 0.6773595809936523
INFO - Epoch 89, Train Loss: 0.3237 - Val Loss: 0.3528 - Best Val Loss: 0.6773595809936523
INFO - Epoch 90, Train Loss: 0.3235 - Val Loss: 0.3527 - Best Val Loss: 0.6773595809936523
INFO - Epoch 91, Train Loss: 0.3234 - Val Loss: 0.3526 - Best Val Loss: 0.6773595809936523
INFO - Epoch 92, Train Loss: 0.3232 - Val Loss: 0.3525 - Best Val Loss: 0.6773595809936523
INFO - Epoch 93, Train Loss: 0.3231 - Val Loss: 0.3525 - Best Val Loss: 0.6773595809936523
INFO - Epoch 94, Train Loss: 0.3230 - Val Loss: 0.3524 - Best Val Loss: 0.6773595809936523
INFO - Epoch 95, Train Loss: 0.3228 - Val Loss: 0.3524 - Best Val Loss: 0.6773595809936523
INFO - Epoch 96, Train Loss: 0.3227 - Val Loss: 0.3523 - Best Val Loss: 0.6773595809936523
INFO - Epoch 97, Train Loss: 0.3226 - Val Loss: 0.3523 - Best Val Loss: 0.6773595809936523
INFO - Epoch 98, Train Loss: 0.3224 - Val Loss: 0.3523 - Best Val Loss: 0.6773595809936523
INFO - Epoch 99, Train Loss: 0.3223 - Val Loss: 0.3523 - Best Val Loss: 0.6773595809936523
INFO - Epoch 100, Train Loss: 0.3222 - Val Loss: 0.3523 - Best Val Loss: 0.6773595809936523
INFO - Fold 1, Accuracy on training dataset: 0.9971
INFO - Fold 1, Accuracy on validation dataset: 0.9561
INFO - Fold 1, Accuracy on test dataset: 0.9649
INFO - =========================
INFO - ======= Fold 2 =======
INFO - Epoch 1, Train Loss: 0.7137 - Val Loss: 0.6943 - Best Val Loss: 0.6942914128303528
INFO - Epoch 2, Train Loss: 0.6946 - Val Loss: 0.6767 - Best Val Loss: 0.6942914128303528
INFO - Epoch 3, Train Loss: 0.6765 - Val Loss: 0.6600 - Best Val Loss: 0.6942914128303528
INFO - Epoch 4, Train Loss: 0.6593 - Val Loss: 0.6440 - Best Val Loss: 0.6942914128303528
INFO - Epoch 5, Train Loss: 0.6428 - Val Loss: 0.6285 - Best Val Loss: 0.6942914128303528
INFO - Epoch 6, Train Loss: 0.6268 - Val Loss: 0.6134 - Best Val Loss: 0.6942914128303528
INFO - Epoch 7, Train Loss: 0.6111 - Val Loss: 0.5986 - Best Val Loss: 0.6942914128303528
INFO - Epoch 8, Train Loss: 0.5956 - Val Loss: 0.5839 - Best Val Loss: 0.6942914128303528
INFO - Epoch 9, Train Loss: 0.5804 - Val Loss: 0.5696 - Best Val Loss: 0.6942914128303528
INFO - Epoch 10, Train Loss: 0.5653 - Val Loss: 0.5556 - Best Val Loss: 0.6942914128303528
INFO - Epoch 11, Train Loss: 0.5505 - Val Loss: 0.5420 - Best Val Loss: 0.6942914128303528
INFO - Epoch 12, Train Loss: 0.5361 - Val Loss: 0.5288 - Best Val Loss: 0.6942914128303528
INFO - Epoch 13, Train Loss: 0.5220 - Val Loss: 0.5161 - Best Val Loss: 0.6942914128303528
INFO - Epoch 14, Train Loss: 0.5084 - Val Loss: 0.5041 - Best Val Loss: 0.6942914128303528
INFO - Epoch 15, Train Loss: 0.4954 - Val Loss: 0.4926 - Best Val Loss: 0.6942914128303528
INFO - Epoch 16, Train Loss: 0.4830 - Val Loss: 0.4819 - Best Val Loss: 0.6942914128303528
INFO - Epoch 17, Train Loss: 0.4713 - Val Loss: 0.4719 - Best Val Loss: 0.6942914128303528
INFO - Epoch 18, Train Loss: 0.4603 - Val Loss: 0.4626 - Best Val Loss: 0.6942914128303528
INFO - Epoch 19, Train Loss: 0.4500 - Val Loss: 0.4540 - Best Val Loss: 0.6942914128303528
INFO - Epoch 20, Train Loss: 0.4406 - Val Loss: 0.4460 - Best Val Loss: 0.6942914128303528
INFO - Epoch 21, Train Loss: 0.4318 - Val Loss: 0.4387 - Best Val Loss: 0.6942914128303528
INFO - Epoch 22, Train Loss: 0.4239 - Val Loss: 0.4319 - Best Val Loss: 0.6942914128303528
INFO - Epoch 23, Train Loss: 0.4166 - Val Loss: 0.4257 - Best Val Loss: 0.6942914128303528
INFO - Epoch 24, Train Loss: 0.4099 - Val Loss: 0.4199 - Best Val Loss: 0.6942914128303528
INFO - Epoch 25, Train Loss: 0.4039 - Val Loss: 0.4145 - Best Val Loss: 0.6942914128303528
INFO - Epoch 26, Train Loss: 0.3984 - Val Loss: 0.4094 - Best Val Loss: 0.6942914128303528
INFO - Epoch 27, Train Loss: 0.3934 - Val Loss: 0.4046 - Best Val Loss: 0.6942914128303528
INFO - Epoch 28, Train Loss: 0.3888 - Val Loss: 0.4001 - Best Val Loss: 0.6942914128303528
INFO - Epoch 29, Train Loss: 0.3847 - Val Loss: 0.3958 - Best Val Loss: 0.6942914128303528
INFO - Epoch 30, Train Loss: 0.3809 - Val Loss: 0.3918 - Best Val Loss: 0.6942914128303528
INFO - Epoch 31, Train Loss: 0.3774 - Val Loss: 0.3879 - Best Val Loss: 0.6942914128303528
INFO - Epoch 32, Train Loss: 0.3742 - Val Loss: 0.3843 - Best Val Loss: 0.6942914128303528
INFO - Epoch 33, Train Loss: 0.3712 - Val Loss: 0.3809 - Best Val Loss: 0.6942914128303528
INFO - Epoch 34, Train Loss: 0.3685 - Val Loss: 0.3777 - Best Val Loss: 0.6942914128303528
INFO - Epoch 35, Train Loss: 0.3659 - Val Loss: 0.3746 - Best Val Loss: 0.6942914128303528
INFO - Epoch 36, Train Loss: 0.3636 - Val Loss: 0.3718 - Best Val Loss: 0.6942914128303528
INFO - Epoch 37, Train Loss: 0.3614 - Val Loss: 0.3692 - Best Val Loss: 0.6942914128303528
INFO - Epoch 38, Train Loss: 0.3594 - Val Loss: 0.3667 - Best Val Loss: 0.6942914128303528
INFO - Epoch 39, Train Loss: 0.3575 - Val Loss: 0.3644 - Best Val Loss: 0.6942914128303528
INFO - Epoch 40, Train Loss: 0.3557 - Val Loss: 0.3623 - Best Val Loss: 0.6942914128303528
INFO - Epoch 41, Train Loss: 0.3541 - Val Loss: 0.3603 - Best Val Loss: 0.6942914128303528
INFO - Epoch 42, Train Loss: 0.3526 - Val Loss: 0.3584 - Best Val Loss: 0.6942914128303528
INFO - Epoch 43, Train Loss: 0.3512 - Val Loss: 0.3568 - Best Val Loss: 0.6942914128303528
INFO - Epoch 44, Train Loss: 0.3499 - Val Loss: 0.3552 - Best Val Loss: 0.6942914128303528
INFO - Epoch 45, Train Loss: 0.3486 - Val Loss: 0.3539 - Best Val Loss: 0.6942914128303528
INFO - Epoch 46, Train Loss: 0.3475 - Val Loss: 0.3526 - Best Val Loss: 0.6942914128303528
INFO - Epoch 47, Train Loss: 0.3464 - Val Loss: 0.3515 - Best Val Loss: 0.6942914128303528
INFO - Epoch 48, Train Loss: 0.3454 - Val Loss: 0.3506 - Best Val Loss: 0.6942914128303528
INFO - Epoch 49, Train Loss: 0.3444 - Val Loss: 0.3498 - Best Val Loss: 0.6942914128303528
INFO - Epoch 50, Train Loss: 0.3435 - Val Loss: 0.3491 - Best Val Loss: 0.6942914128303528
INFO - Epoch 51, Train Loss: 0.3427 - Val Loss: 0.3484 - Best Val Loss: 0.6942914128303528
INFO - Epoch 52, Train Loss: 0.3419 - Val Loss: 0.3479 - Best Val Loss: 0.6942914128303528
INFO - Epoch 53, Train Loss: 0.3411 - Val Loss: 0.3474 - Best Val Loss: 0.6942914128303528
INFO - Epoch 54, Train Loss: 0.3404 - Val Loss: 0.3470 - Best Val Loss: 0.6942914128303528
INFO - Epoch 55, Train Loss: 0.3397 - Val Loss: 0.3467 - Best Val Loss: 0.6942914128303528
INFO - Epoch 56, Train Loss: 0.3391 - Val Loss: 0.3464 - Best Val Loss: 0.6942914128303528
INFO - Epoch 57, Train Loss: 0.3386 - Val Loss: 0.3461 - Best Val Loss: 0.6942914128303528
INFO - Epoch 58, Train Loss: 0.3380 - Val Loss: 0.3458 - Best Val Loss: 0.6942914128303528
INFO - Epoch 59, Train Loss: 0.3375 - Val Loss: 0.3456 - Best Val Loss: 0.6942914128303528
INFO - Epoch 60, Train Loss: 0.3370 - Val Loss: 0.3453 - Best Val Loss: 0.6942914128303528
INFO - Epoch 61, Train Loss: 0.3366 - Val Loss: 0.3451 - Best Val Loss: 0.6942914128303528
INFO - Epoch 62, Train Loss: 0.3362 - Val Loss: 0.3449 - Best Val Loss: 0.6942914128303528
INFO - Epoch 63, Train Loss: 0.3358 - Val Loss: 0.3447 - Best Val Loss: 0.6942914128303528
INFO - Epoch 64, Train Loss: 0.3354 - Val Loss: 0.3445 - Best Val Loss: 0.6942914128303528
INFO - Epoch 65, Train Loss: 0.3351 - Val Loss: 0.3443 - Best Val Loss: 0.6942914128303528
INFO - Epoch 66, Train Loss: 0.3347 - Val Loss: 0.3441 - Best Val Loss: 0.6942914128303528
INFO - Epoch 67, Train Loss: 0.3344 - Val Loss: 0.3439 - Best Val Loss: 0.6942914128303528
INFO - Epoch 68, Train Loss: 0.3341 - Val Loss: 0.3438 - Best Val Loss: 0.6942914128303528
INFO - Epoch 69, Train Loss: 0.3338 - Val Loss: 0.3436 - Best Val Loss: 0.6942914128303528
INFO - Epoch 70, Train Loss: 0.3336 - Val Loss: 0.3434 - Best Val Loss: 0.6942914128303528
INFO - Epoch 71, Train Loss: 0.3333 - Val Loss: 0.3432 - Best Val Loss: 0.6942914128303528
INFO - Epoch 72, Train Loss: 0.3331 - Val Loss: 0.3430 - Best Val Loss: 0.6942914128303528
INFO - Epoch 73, Train Loss: 0.3328 - Val Loss: 0.3429 - Best Val Loss: 0.6942914128303528
INFO - Epoch 74, Train Loss: 0.3326 - Val Loss: 0.3427 - Best Val Loss: 0.6942914128303528
INFO - Epoch 75, Train Loss: 0.3323 - Val Loss: 0.3425 - Best Val Loss: 0.6942914128303528
INFO - Epoch 76, Train Loss: 0.3321 - Val Loss: 0.3424 - Best Val Loss: 0.6942914128303528
INFO - Epoch 77, Train Loss: 0.3319 - Val Loss: 0.3422 - Best Val Loss: 0.6942914128303528
INFO - Epoch 78, Train Loss: 0.3317 - Val Loss: 0.3420 - Best Val Loss: 0.6942914128303528
INFO - Epoch 79, Train Loss: 0.3314 - Val Loss: 0.3419 - Best Val Loss: 0.6942914128303528
INFO - Epoch 80, Train Loss: 0.3312 - Val Loss: 0.3417 - Best Val Loss: 0.6942914128303528
INFO - Epoch 81, Train Loss: 0.3310 - Val Loss: 0.3415 - Best Val Loss: 0.6942914128303528
INFO - Epoch 82, Train Loss: 0.3308 - Val Loss: 0.3413 - Best Val Loss: 0.6942914128303528
INFO - Epoch 83, Train Loss: 0.3306 - Val Loss: 0.3412 - Best Val Loss: 0.6942914128303528
INFO - Epoch 84, Train Loss: 0.3304 - Val Loss: 0.3410 - Best Val Loss: 0.6942914128303528
INFO - Epoch 85, Train Loss: 0.3302 - Val Loss: 0.3408 - Best Val Loss: 0.6942914128303528
INFO - Epoch 86, Train Loss: 0.3300 - Val Loss: 0.3406 - Best Val Loss: 0.6942914128303528
INFO - Epoch 87, Train Loss: 0.3298 - Val Loss: 0.3404 - Best Val Loss: 0.6942914128303528
INFO - Epoch 88, Train Loss: 0.3296 - Val Loss: 0.3402 - Best Val Loss: 0.6942914128303528
INFO - Epoch 89, Train Loss: 0.3294 - Val Loss: 0.3401 - Best Val Loss: 0.6942914128303528
INFO - Epoch 90, Train Loss: 0.3292 - Val Loss: 0.3399 - Best Val Loss: 0.6942914128303528
INFO - Epoch 91, Train Loss: 0.3291 - Val Loss: 0.3397 - Best Val Loss: 0.6942914128303528
INFO - Epoch 92, Train Loss: 0.3289 - Val Loss: 0.3395 - Best Val Loss: 0.6942914128303528
INFO - Epoch 93, Train Loss: 0.3287 - Val Loss: 0.3393 - Best Val Loss: 0.6942914128303528
INFO - Epoch 94, Train Loss: 0.3286 - Val Loss: 0.3391 - Best Val Loss: 0.6942914128303528
INFO - Epoch 95, Train Loss: 0.3284 - Val Loss: 0.3389 - Best Val Loss: 0.6942914128303528
INFO - Epoch 96, Train Loss: 0.3283 - Val Loss: 0.3387 - Best Val Loss: 0.6942914128303528
INFO - Epoch 97, Train Loss: 0.3281 - Val Loss: 0.3385 - Best Val Loss: 0.6942914128303528
INFO - Epoch 98, Train Loss: 0.3280 - Val Loss: 0.3384 - Best Val Loss: 0.6942914128303528
INFO - Epoch 99, Train Loss: 0.3279 - Val Loss: 0.3382 - Best Val Loss: 0.6942914128303528
INFO - Epoch 100, Train Loss: 0.3277 - Val Loss: 0.3380 - Best Val Loss: 0.6942914128303528
INFO - Fold 2, Accuracy on training dataset: 0.9912
INFO - Fold 2, Accuracy on validation dataset: 0.9737
INFO - Fold 2, Accuracy on test dataset: 0.9649
INFO - =========================
INFO - ======= Fold 3 =======
INFO - Epoch 1, Train Loss: 0.6941 - Val Loss: 0.6815 - Best Val Loss: 0.6814992427825928
INFO - Epoch 2, Train Loss: 0.6805 - Val Loss: 0.6675 - Best Val Loss: 0.6814992427825928
INFO - Epoch 3, Train Loss: 0.6671 - Val Loss: 0.6536 - Best Val Loss: 0.6814992427825928
INFO - Epoch 4, Train Loss: 0.6539 - Val Loss: 0.6398 - Best Val Loss: 0.6814992427825928
INFO - Epoch 5, Train Loss: 0.6407 - Val Loss: 0.6260 - Best Val Loss: 0.6814992427825928
INFO - Epoch 6, Train Loss: 0.6274 - Val Loss: 0.6120 - Best Val Loss: 0.6814992427825928
INFO - Epoch 7, Train Loss: 0.6140 - Val Loss: 0.5978 - Best Val Loss: 0.6814992427825928
INFO - Epoch 8, Train Loss: 0.6004 - Val Loss: 0.5834 - Best Val Loss: 0.6814992427825928
INFO - Epoch 9, Train Loss: 0.5866 - Val Loss: 0.5688 - Best Val Loss: 0.6814992427825928
INFO - Epoch 10, Train Loss: 0.5726 - Val Loss: 0.5541 - Best Val Loss: 0.6814992427825928
INFO - Epoch 11, Train Loss: 0.5585 - Val Loss: 0.5395 - Best Val Loss: 0.6814992427825928
INFO - Epoch 12, Train Loss: 0.5444 - Val Loss: 0.5250 - Best Val Loss: 0.6814992427825928
INFO - Epoch 13, Train Loss: 0.5305 - Val Loss: 0.5107 - Best Val Loss: 0.6814992427825928
INFO - Epoch 14, Train Loss: 0.5168 - Val Loss: 0.4968 - Best Val Loss: 0.6814992427825928
INFO - Epoch 15, Train Loss: 0.5034 - Val Loss: 0.4835 - Best Val Loss: 0.6814992427825928
INFO - Epoch 16, Train Loss: 0.4906 - Val Loss: 0.4708 - Best Val Loss: 0.6814992427825928
INFO - Epoch 17, Train Loss: 0.4783 - Val Loss: 0.4588 - Best Val Loss: 0.6814992427825928
INFO - Epoch 18, Train Loss: 0.4668 - Val Loss: 0.4477 - Best Val Loss: 0.6814992427825928
INFO - Epoch 19, Train Loss: 0.4560 - Val Loss: 0.4373 - Best Val Loss: 0.6814992427825928
INFO - Epoch 20, Train Loss: 0.4459 - Val Loss: 0.4278 - Best Val Loss: 0.6814992427825928
INFO - Epoch 21, Train Loss: 0.4366 - Val Loss: 0.4192 - Best Val Loss: 0.6814992427825928
INFO - Epoch 22, Train Loss: 0.4281 - Val Loss: 0.4113 - Best Val Loss: 0.6814992427825928
INFO - Epoch 23, Train Loss: 0.4203 - Val Loss: 0.4042 - Best Val Loss: 0.6814992427825928
INFO - Epoch 24, Train Loss: 0.4132 - Val Loss: 0.3978 - Best Val Loss: 0.6814992427825928
INFO - Epoch 25, Train Loss: 0.4066 - Val Loss: 0.3920 - Best Val Loss: 0.6814992427825928
INFO - Epoch 26, Train Loss: 0.4007 - Val Loss: 0.3867 - Best Val Loss: 0.6814992427825928
INFO - Epoch 27, Train Loss: 0.3952 - Val Loss: 0.3820 - Best Val Loss: 0.6814992427825928
INFO - Epoch 28, Train Loss: 0.3901 - Val Loss: 0.3778 - Best Val Loss: 0.6814992427825928
INFO - Epoch 29, Train Loss: 0.3855 - Val Loss: 0.3739 - Best Val Loss: 0.6814992427825928
INFO - Epoch 30, Train Loss: 0.3812 - Val Loss: 0.3704 - Best Val Loss: 0.6814992427825928
INFO - Epoch 31, Train Loss: 0.3772 - Val Loss: 0.3672 - Best Val Loss: 0.6814992427825928
INFO - Epoch 32, Train Loss: 0.3736 - Val Loss: 0.3642 - Best Val Loss: 0.6814992427825928
INFO - Epoch 33, Train Loss: 0.3702 - Val Loss: 0.3615 - Best Val Loss: 0.6814992427825928
INFO - Epoch 34, Train Loss: 0.3671 - Val Loss: 0.3589 - Best Val Loss: 0.6814992427825928
INFO - Epoch 35, Train Loss: 0.3642 - Val Loss: 0.3566 - Best Val Loss: 0.6814992427825928
INFO - Epoch 36, Train Loss: 0.3616 - Val Loss: 0.3544 - Best Val Loss: 0.6814992427825928
INFO - Epoch 37, Train Loss: 0.3593 - Val Loss: 0.3524 - Best Val Loss: 0.6814992427825928
INFO - Epoch 38, Train Loss: 0.3572 - Val Loss: 0.3505 - Best Val Loss: 0.6814992427825928
INFO - Epoch 39, Train Loss: 0.3552 - Val Loss: 0.3488 - Best Val Loss: 0.6814992427825928
INFO - Epoch 40, Train Loss: 0.3535 - Val Loss: 0.3472 - Best Val Loss: 0.6814992427825928
INFO - Epoch 41, Train Loss: 0.3519 - Val Loss: 0.3458 - Best Val Loss: 0.6814992427825928
INFO - Epoch 42, Train Loss: 0.3505 - Val Loss: 0.3444 - Best Val Loss: 0.6814992427825928
INFO - Epoch 43, Train Loss: 0.3491 - Val Loss: 0.3432 - Best Val Loss: 0.6814992427825928
INFO - Epoch 44, Train Loss: 0.3479 - Val Loss: 0.3421 - Best Val Loss: 0.6814992427825928
INFO - Epoch 45, Train Loss: 0.3468 - Val Loss: 0.3411 - Best Val Loss: 0.6814992427825928
INFO - Epoch 46, Train Loss: 0.3458 - Val Loss: 0.3402 - Best Val Loss: 0.6814992427825928
INFO - Epoch 47, Train Loss: 0.3449 - Val Loss: 0.3394 - Best Val Loss: 0.6814992427825928
INFO - Epoch 48, Train Loss: 0.3440 - Val Loss: 0.3386 - Best Val Loss: 0.6814992427825928
INFO - Epoch 49, Train Loss: 0.3432 - Val Loss: 0.3380 - Best Val Loss: 0.6814992427825928
INFO - Epoch 50, Train Loss: 0.3425 - Val Loss: 0.3374 - Best Val Loss: 0.6814992427825928
INFO - Epoch 51, Train Loss: 0.3417 - Val Loss: 0.3368 - Best Val Loss: 0.6814992427825928
INFO - Epoch 52, Train Loss: 0.3411 - Val Loss: 0.3363 - Best Val Loss: 0.6814992427825928
INFO - Epoch 53, Train Loss: 0.3404 - Val Loss: 0.3358 - Best Val Loss: 0.6814992427825928
INFO - Epoch 54, Train Loss: 0.3398 - Val Loss: 0.3354 - Best Val Loss: 0.6814992427825928
INFO - Epoch 55, Train Loss: 0.3393 - Val Loss: 0.3350 - Best Val Loss: 0.6814992427825928
INFO - Epoch 56, Train Loss: 0.3388 - Val Loss: 0.3346 - Best Val Loss: 0.6814992427825928
INFO - Epoch 57, Train Loss: 0.3383 - Val Loss: 0.3343 - Best Val Loss: 0.6814992427825928
INFO - Epoch 58, Train Loss: 0.3378 - Val Loss: 0.3339 - Best Val Loss: 0.6814992427825928
INFO - Epoch 59, Train Loss: 0.3373 - Val Loss: 0.3336 - Best Val Loss: 0.6814992427825928
INFO - Epoch 60, Train Loss: 0.3369 - Val Loss: 0.3333 - Best Val Loss: 0.6814992427825928
INFO - Epoch 61, Train Loss: 0.3365 - Val Loss: 0.3330 - Best Val Loss: 0.6814992427825928
INFO - Epoch 62, Train Loss: 0.3361 - Val Loss: 0.3327 - Best Val Loss: 0.6814992427825928
INFO - Epoch 63, Train Loss: 0.3357 - Val Loss: 0.3324 - Best Val Loss: 0.6814992427825928
INFO - Epoch 64, Train Loss: 0.3354 - Val Loss: 0.3322 - Best Val Loss: 0.6814992427825928
INFO - Epoch 65, Train Loss: 0.3350 - Val Loss: 0.3319 - Best Val Loss: 0.6814992427825928
INFO - Epoch 66, Train Loss: 0.3347 - Val Loss: 0.3316 - Best Val Loss: 0.6814992427825928
INFO - Epoch 67, Train Loss: 0.3344 - Val Loss: 0.3314 - Best Val Loss: 0.6814992427825928
INFO - Epoch 68, Train Loss: 0.3340 - Val Loss: 0.3311 - Best Val Loss: 0.6814992427825928
INFO - Epoch 69, Train Loss: 0.3337 - Val Loss: 0.3309 - Best Val Loss: 0.6814992427825928
INFO - Epoch 70, Train Loss: 0.3334 - Val Loss: 0.3307 - Best Val Loss: 0.6814992427825928
INFO - Epoch 71, Train Loss: 0.3331 - Val Loss: 0.3305 - Best Val Loss: 0.6814992427825928
INFO - Epoch 72, Train Loss: 0.3328 - Val Loss: 0.3302 - Best Val Loss: 0.6814992427825928
INFO - Epoch 73, Train Loss: 0.3326 - Val Loss: 0.3300 - Best Val Loss: 0.6814992427825928
INFO - Epoch 74, Train Loss: 0.3323 - Val Loss: 0.3299 - Best Val Loss: 0.6814992427825928
INFO - Epoch 75, Train Loss: 0.3320 - Val Loss: 0.3297 - Best Val Loss: 0.6814992427825928
INFO - Epoch 76, Train Loss: 0.3317 - Val Loss: 0.3295 - Best Val Loss: 0.6814992427825928
INFO - Epoch 77, Train Loss: 0.3315 - Val Loss: 0.3294 - Best Val Loss: 0.6814992427825928
INFO - Epoch 78, Train Loss: 0.3312 - Val Loss: 0.3293 - Best Val Loss: 0.6814992427825928
INFO - Epoch 79, Train Loss: 0.3310 - Val Loss: 0.3291 - Best Val Loss: 0.6814992427825928
INFO - Epoch 80, Train Loss: 0.3307 - Val Loss: 0.3290 - Best Val Loss: 0.6814992427825928
INFO - Epoch 81, Train Loss: 0.3305 - Val Loss: 0.3290 - Best Val Loss: 0.6814992427825928
INFO - Epoch 82, Train Loss: 0.3303 - Val Loss: 0.3289 - Best Val Loss: 0.6814992427825928
INFO - Epoch 83, Train Loss: 0.3301 - Val Loss: 0.3288 - Best Val Loss: 0.6814992427825928
INFO - Epoch 84, Train Loss: 0.3299 - Val Loss: 0.3288 - Best Val Loss: 0.6814992427825928
INFO - Epoch 85, Train Loss: 0.3297 - Val Loss: 0.3288 - Best Val Loss: 0.6814992427825928
INFO - Epoch 86, Train Loss: 0.3295 - Val Loss: 0.3287 - Best Val Loss: 0.6814992427825928
INFO - Epoch 87, Train Loss: 0.3294 - Val Loss: 0.3287 - Best Val Loss: 0.6814992427825928
INFO - Epoch 88, Train Loss: 0.3292 - Val Loss: 0.3287 - Best Val Loss: 0.6814992427825928
INFO - Epoch 89, Train Loss: 0.3290 - Val Loss: 0.3287 - Best Val Loss: 0.6814992427825928
INFO - Epoch 90, Train Loss: 0.3289 - Val Loss: 0.3287 - Best Val Loss: 0.6814992427825928
INFO - Epoch 91, Train Loss: 0.3287 - Val Loss: 0.3286 - Best Val Loss: 0.6814992427825928
INFO - Epoch 92, Train Loss: 0.3286 - Val Loss: 0.3286 - Best Val Loss: 0.6814992427825928
INFO - Epoch 93, Train Loss: 0.3285 - Val Loss: 0.3286 - Best Val Loss: 0.6814992427825928
INFO - Epoch 94, Train Loss: 0.3283 - Val Loss: 0.3285 - Best Val Loss: 0.6814992427825928
INFO - Epoch 95, Train Loss: 0.3282 - Val Loss: 0.3285 - Best Val Loss: 0.6814992427825928
INFO - Epoch 96, Train Loss: 0.3281 - Val Loss: 0.3284 - Best Val Loss: 0.6814992427825928
INFO - Epoch 97, Train Loss: 0.3279 - Val Loss: 0.3284 - Best Val Loss: 0.6814992427825928
INFO - Epoch 98, Train Loss: 0.3278 - Val Loss: 0.3283 - Best Val Loss: 0.6814992427825928
INFO - Epoch 99, Train Loss: 0.3277 - Val Loss: 0.3283 - Best Val Loss: 0.6814992427825928
INFO - Epoch 100, Train Loss: 0.3276 - Val Loss: 0.3282 - Best Val Loss: 0.6814992427825928
INFO - Fold 3, Accuracy on training dataset: 0.9912
INFO - Fold 3, Accuracy on validation dataset: 0.9912
INFO - Fold 3, Accuracy on test dataset: 0.9649
INFO - =========================
INFO - ======= Fold 4 =======
INFO - Epoch 1, Train Loss: 0.6936 - Val Loss: 0.6749 - Best Val Loss: 0.674912691116333
INFO - Epoch 2, Train Loss: 0.6737 - Val Loss: 0.6554 - Best Val Loss: 0.674912691116333
INFO - Epoch 3, Train Loss: 0.6547 - Val Loss: 0.6366 - Best Val Loss: 0.674912691116333
INFO - Epoch 4, Train Loss: 0.6364 - Val Loss: 0.6184 - Best Val Loss: 0.674912691116333
INFO - Epoch 5, Train Loss: 0.6188 - Val Loss: 0.6009 - Best Val Loss: 0.674912691116333
INFO - Epoch 6, Train Loss: 0.6019 - Val Loss: 0.5838 - Best Val Loss: 0.674912691116333
INFO - Epoch 7, Train Loss: 0.5856 - Val Loss: 0.5673 - Best Val Loss: 0.674912691116333
INFO - Epoch 8, Train Loss: 0.5699 - Val Loss: 0.5512 - Best Val Loss: 0.674912691116333
INFO - Epoch 9, Train Loss: 0.5548 - Val Loss: 0.5357 - Best Val Loss: 0.674912691116333
INFO - Epoch 10, Train Loss: 0.5403 - Val Loss: 0.5207 - Best Val Loss: 0.674912691116333
INFO - Epoch 11, Train Loss: 0.5264 - Val Loss: 0.5064 - Best Val Loss: 0.674912691116333
INFO - Epoch 12, Train Loss: 0.5131 - Val Loss: 0.4926 - Best Val Loss: 0.674912691116333
INFO - Epoch 13, Train Loss: 0.5005 - Val Loss: 0.4797 - Best Val Loss: 0.674912691116333
INFO - Epoch 14, Train Loss: 0.4887 - Val Loss: 0.4675 - Best Val Loss: 0.674912691116333
INFO - Epoch 15, Train Loss: 0.4776 - Val Loss: 0.4561 - Best Val Loss: 0.674912691116333
INFO - Epoch 16, Train Loss: 0.4673 - Val Loss: 0.4455 - Best Val Loss: 0.674912691116333
INFO - Epoch 17, Train Loss: 0.4577 - Val Loss: 0.4358 - Best Val Loss: 0.674912691116333
INFO - Epoch 18, Train Loss: 0.4489 - Val Loss: 0.4269 - Best Val Loss: 0.674912691116333
INFO - Epoch 19, Train Loss: 0.4408 - Val Loss: 0.4187 - Best Val Loss: 0.674912691116333
INFO - Epoch 20, Train Loss: 0.4334 - Val Loss: 0.4113 - Best Val Loss: 0.674912691116333
INFO - Epoch 21, Train Loss: 0.4266 - Val Loss: 0.4046 - Best Val Loss: 0.674912691116333
INFO - Epoch 22, Train Loss: 0.4204 - Val Loss: 0.3985 - Best Val Loss: 0.674912691116333
INFO - Epoch 23, Train Loss: 0.4146 - Val Loss: 0.3930 - Best Val Loss: 0.674912691116333
INFO - Epoch 24, Train Loss: 0.4094 - Val Loss: 0.3880 - Best Val Loss: 0.674912691116333
INFO - Epoch 25, Train Loss: 0.4045 - Val Loss: 0.3834 - Best Val Loss: 0.674912691116333
INFO - Epoch 26, Train Loss: 0.3999 - Val Loss: 0.3793 - Best Val Loss: 0.674912691116333
INFO - Epoch 27, Train Loss: 0.3957 - Val Loss: 0.3754 - Best Val Loss: 0.674912691116333
INFO - Epoch 28, Train Loss: 0.3917 - Val Loss: 0.3719 - Best Val Loss: 0.674912691116333
INFO - Epoch 29, Train Loss: 0.3879 - Val Loss: 0.3686 - Best Val Loss: 0.674912691116333
INFO - Epoch 30, Train Loss: 0.3844 - Val Loss: 0.3655 - Best Val Loss: 0.674912691116333
INFO - Epoch 31, Train Loss: 0.3810 - Val Loss: 0.3627 - Best Val Loss: 0.674912691116333
INFO - Epoch 32, Train Loss: 0.3778 - Val Loss: 0.3600 - Best Val Loss: 0.674912691116333
INFO - Epoch 33, Train Loss: 0.3747 - Val Loss: 0.3576 - Best Val Loss: 0.674912691116333
INFO - Epoch 34, Train Loss: 0.3717 - Val Loss: 0.3554 - Best Val Loss: 0.674912691116333
INFO - Epoch 35, Train Loss: 0.3688 - Val Loss: 0.3534 - Best Val Loss: 0.674912691116333
INFO - Epoch 36, Train Loss: 0.3660 - Val Loss: 0.3517 - Best Val Loss: 0.674912691116333
INFO - Epoch 37, Train Loss: 0.3634 - Val Loss: 0.3503 - Best Val Loss: 0.674912691116333
INFO - Epoch 38, Train Loss: 0.3609 - Val Loss: 0.3491 - Best Val Loss: 0.674912691116333
INFO - Epoch 39, Train Loss: 0.3586 - Val Loss: 0.3480 - Best Val Loss: 0.674912691116333
INFO - Epoch 40, Train Loss: 0.3564 - Val Loss: 0.3471 - Best Val Loss: 0.674912691116333
INFO - Epoch 41, Train Loss: 0.3545 - Val Loss: 0.3464 - Best Val Loss: 0.674912691116333
INFO - Epoch 42, Train Loss: 0.3528 - Val Loss: 0.3456 - Best Val Loss: 0.674912691116333
INFO - Epoch 43, Train Loss: 0.3512 - Val Loss: 0.3450 - Best Val Loss: 0.674912691116333
INFO - Epoch 44, Train Loss: 0.3498 - Val Loss: 0.3443 - Best Val Loss: 0.674912691116333
INFO - Epoch 45, Train Loss: 0.3486 - Val Loss: 0.3437 - Best Val Loss: 0.674912691116333
INFO - Epoch 46, Train Loss: 0.3475 - Val Loss: 0.3430 - Best Val Loss: 0.674912691116333
INFO - Epoch 47, Train Loss: 0.3465 - Val Loss: 0.3423 - Best Val Loss: 0.674912691116333
INFO - Epoch 48, Train Loss: 0.3456 - Val Loss: 0.3416 - Best Val Loss: 0.674912691116333
INFO - Epoch 49, Train Loss: 0.3446 - Val Loss: 0.3409 - Best Val Loss: 0.674912691116333
INFO - Epoch 50, Train Loss: 0.3438 - Val Loss: 0.3402 - Best Val Loss: 0.674912691116333
INFO - Epoch 51, Train Loss: 0.3429 - Val Loss: 0.3394 - Best Val Loss: 0.674912691116333
INFO - Epoch 52, Train Loss: 0.3420 - Val Loss: 0.3387 - Best Val Loss: 0.674912691116333
INFO - Epoch 53, Train Loss: 0.3412 - Val Loss: 0.3380 - Best Val Loss: 0.674912691116333
INFO - Epoch 54, Train Loss: 0.3404 - Val Loss: 0.3373 - Best Val Loss: 0.674912691116333
INFO - Epoch 55, Train Loss: 0.3396 - Val Loss: 0.3366 - Best Val Loss: 0.674912691116333
INFO - Epoch 56, Train Loss: 0.3388 - Val Loss: 0.3360 - Best Val Loss: 0.674912691116333
INFO - Epoch 57, Train Loss: 0.3381 - Val Loss: 0.3354 - Best Val Loss: 0.674912691116333
INFO - Epoch 58, Train Loss: 0.3374 - Val Loss: 0.3348 - Best Val Loss: 0.674912691116333
INFO - Epoch 59, Train Loss: 0.3368 - Val Loss: 0.3342 - Best Val Loss: 0.674912691116333
INFO - Epoch 60, Train Loss: 0.3363 - Val Loss: 0.3337 - Best Val Loss: 0.674912691116333
INFO - Epoch 61, Train Loss: 0.3357 - Val Loss: 0.3332 - Best Val Loss: 0.674912691116333
INFO - Epoch 62, Train Loss: 0.3352 - Val Loss: 0.3327 - Best Val Loss: 0.674912691116333
INFO - Epoch 63, Train Loss: 0.3348 - Val Loss: 0.3322 - Best Val Loss: 0.674912691116333
INFO - Epoch 64, Train Loss: 0.3344 - Val Loss: 0.3317 - Best Val Loss: 0.674912691116333
INFO - Epoch 65, Train Loss: 0.3340 - Val Loss: 0.3313 - Best Val Loss: 0.674912691116333
INFO - Epoch 66, Train Loss: 0.3336 - Val Loss: 0.3308 - Best Val Loss: 0.674912691116333
INFO - Epoch 67, Train Loss: 0.3332 - Val Loss: 0.3305 - Best Val Loss: 0.674912691116333
INFO - Epoch 68, Train Loss: 0.3329 - Val Loss: 0.3301 - Best Val Loss: 0.674912691116333
INFO - Epoch 69, Train Loss: 0.3325 - Val Loss: 0.3298 - Best Val Loss: 0.674912691116333
INFO - Epoch 70, Train Loss: 0.3322 - Val Loss: 0.3295 - Best Val Loss: 0.674912691116333
INFO - Epoch 71, Train Loss: 0.3319 - Val Loss: 0.3293 - Best Val Loss: 0.674912691116333
INFO - Epoch 72, Train Loss: 0.3316 - Val Loss: 0.3291 - Best Val Loss: 0.674912691116333
INFO - Epoch 73, Train Loss: 0.3313 - Val Loss: 0.3290 - Best Val Loss: 0.674912691116333
INFO - Epoch 74, Train Loss: 0.3310 - Val Loss: 0.3289 - Best Val Loss: 0.674912691116333
INFO - Epoch 75, Train Loss: 0.3308 - Val Loss: 0.3289 - Best Val Loss: 0.674912691116333
INFO - Epoch 76, Train Loss: 0.3305 - Val Loss: 0.3289 - Best Val Loss: 0.674912691116333
INFO - Epoch 77, Train Loss: 0.3303 - Val Loss: 0.3289 - Best Val Loss: 0.674912691116333
INFO - Epoch 78, Train Loss: 0.3300 - Val Loss: 0.3290 - Best Val Loss: 0.674912691116333
INFO - Epoch 79, Train Loss: 0.3298 - Val Loss: 0.3291 - Best Val Loss: 0.674912691116333
INFO - Epoch 80, Train Loss: 0.3296 - Val Loss: 0.3293 - Best Val Loss: 0.674912691116333
INFO - Epoch 81, Train Loss: 0.3294 - Val Loss: 0.3295 - Best Val Loss: 0.674912691116333
INFO - Epoch 82, Train Loss: 0.3292 - Val Loss: 0.3298 - Best Val Loss: 0.674912691116333
INFO - Epoch 83, Train Loss: 0.3290 - Val Loss: 0.3300 - Best Val Loss: 0.674912691116333
INFO - Epoch 84, Train Loss: 0.3288 - Val Loss: 0.3303 - Best Val Loss: 0.674912691116333
INFO - Epoch 85, Train Loss: 0.3286 - Val Loss: 0.3306 - Best Val Loss: 0.674912691116333
INFO - Epoch 86, Train Loss: 0.3284 - Val Loss: 0.3309 - Best Val Loss: 0.674912691116333
INFO - Epoch 87, Train Loss: 0.3282 - Val Loss: 0.3312 - Best Val Loss: 0.674912691116333
INFO - Epoch 88, Train Loss: 0.3281 - Val Loss: 0.3315 - Best Val Loss: 0.674912691116333
INFO - Epoch 89, Train Loss: 0.3279 - Val Loss: 0.3317 - Best Val Loss: 0.674912691116333
INFO - Epoch 90, Train Loss: 0.3277 - Val Loss: 0.3320 - Best Val Loss: 0.674912691116333
INFO - Epoch 91, Train Loss: 0.3276 - Val Loss: 0.3322 - Best Val Loss: 0.674912691116333
INFO - Epoch 92, Train Loss: 0.3274 - Val Loss: 0.3323 - Best Val Loss: 0.674912691116333
INFO - Epoch 93, Train Loss: 0.3272 - Val Loss: 0.3325 - Best Val Loss: 0.674912691116333
INFO - Epoch 94, Train Loss: 0.3271 - Val Loss: 0.3326 - Best Val Loss: 0.674912691116333
INFO - Epoch 95, Train Loss: 0.3269 - Val Loss: 0.3327 - Best Val Loss: 0.674912691116333
INFO - Epoch 96, Train Loss: 0.3268 - Val Loss: 0.3328 - Best Val Loss: 0.674912691116333
INFO - Epoch 97, Train Loss: 0.3266 - Val Loss: 0.3328 - Best Val Loss: 0.674912691116333
INFO - Epoch 98, Train Loss: 0.3265 - Val Loss: 0.3329 - Best Val Loss: 0.674912691116333
INFO - Epoch 99, Train Loss: 0.3263 - Val Loss: 0.3329 - Best Val Loss: 0.674912691116333
INFO - Epoch 100, Train Loss: 0.3262 - Val Loss: 0.3330 - Best Val Loss: 0.674912691116333
INFO - Fold 4, Accuracy on training dataset: 0.9912
INFO - Fold 4, Accuracy on validation dataset: 0.9823
INFO - Fold 4, Accuracy on test dataset: 0.9737
INFO - =========================
INFO - Best model saved at: ./models/breast_cancer_best_model.pth
INFO - =============================================
INFO - Model Setup:
INFO - dataset: breast_cancer
INFO - inputdim: 30
INFO - outputdim: 2
INFO - nsamples: 455
INFO - hiddenlayers: [60, 45, 30]
INFO - lr: 0.001
INFO - n_epochs: 100
INFO - n_folds: 4
INFO - Total Parameters: 6047
INFO - =============================================
INFO - Mean time per epoch and folder: 0.6514 - std:0.0572 seconds
INFO - Mean accuracy on training dataset: 0.9927 - std: 0.0025
INFO - Mean accuracy on validation dataset: 0.9758 - std: 0.0130
INFO - Mean accuracy on test dataset: 0.9671 - std: 0.0038
INFO - =============================================
