INFO - ======= Fold 1 =======
INFO - Epoch 1, Train Loss: 0.7035 - Val Loss: 0.7071 - Best Val Loss: 0.7071
INFO - Epoch 2, Train Loss: 0.7033 - Val Loss: 0.7069 - Best Val Loss: 0.7069
INFO - Epoch 3, Train Loss: 0.7031 - Val Loss: 0.7067 - Best Val Loss: 0.7067
INFO - Epoch 4, Train Loss: 0.7029 - Val Loss: 0.7065 - Best Val Loss: 0.7065
INFO - Epoch 5, Train Loss: 0.7028 - Val Loss: 0.7062 - Best Val Loss: 0.7062
INFO - Epoch 6, Train Loss: 0.7026 - Val Loss: 0.7060 - Best Val Loss: 0.7060
INFO - Epoch 7, Train Loss: 0.7024 - Val Loss: 0.7058 - Best Val Loss: 0.7058
INFO - Epoch 8, Train Loss: 0.7022 - Val Loss: 0.7056 - Best Val Loss: 0.7056
INFO - Epoch 9, Train Loss: 0.7020 - Val Loss: 0.7054 - Best Val Loss: 0.7054
INFO - Epoch 10, Train Loss: 0.7018 - Val Loss: 0.7052 - Best Val Loss: 0.7052
INFO - Epoch 11, Train Loss: 0.7016 - Val Loss: 0.7050 - Best Val Loss: 0.7050
INFO - Epoch 12, Train Loss: 0.7014 - Val Loss: 0.7047 - Best Val Loss: 0.7047
INFO - Epoch 13, Train Loss: 0.7013 - Val Loss: 0.7045 - Best Val Loss: 0.7045
INFO - Epoch 14, Train Loss: 0.7011 - Val Loss: 0.7043 - Best Val Loss: 0.7043
INFO - Epoch 15, Train Loss: 0.7009 - Val Loss: 0.7041 - Best Val Loss: 0.7041
INFO - Epoch 16, Train Loss: 0.7007 - Val Loss: 0.7039 - Best Val Loss: 0.7039
INFO - Epoch 17, Train Loss: 0.7006 - Val Loss: 0.7037 - Best Val Loss: 0.7037
INFO - Epoch 18, Train Loss: 0.7004 - Val Loss: 0.7035 - Best Val Loss: 0.7035
INFO - Epoch 19, Train Loss: 0.7002 - Val Loss: 0.7033 - Best Val Loss: 0.7033
INFO - Epoch 20, Train Loss: 0.7000 - Val Loss: 0.7031 - Best Val Loss: 0.7031
INFO - Epoch 21, Train Loss: 0.6999 - Val Loss: 0.7029 - Best Val Loss: 0.7029
INFO - Epoch 22, Train Loss: 0.6997 - Val Loss: 0.7027 - Best Val Loss: 0.7027
INFO - Epoch 23, Train Loss: 0.6995 - Val Loss: 0.7025 - Best Val Loss: 0.7025
INFO - Epoch 24, Train Loss: 0.6994 - Val Loss: 0.7023 - Best Val Loss: 0.7023
INFO - Epoch 25, Train Loss: 0.6992 - Val Loss: 0.7021 - Best Val Loss: 0.7021
INFO - Epoch 26, Train Loss: 0.6990 - Val Loss: 0.7019 - Best Val Loss: 0.7019
INFO - Epoch 27, Train Loss: 0.6989 - Val Loss: 0.7017 - Best Val Loss: 0.7017
INFO - Epoch 28, Train Loss: 0.6987 - Val Loss: 0.7016 - Best Val Loss: 0.7016
INFO - Epoch 29, Train Loss: 0.6985 - Val Loss: 0.7014 - Best Val Loss: 0.7014
INFO - Epoch 30, Train Loss: 0.6984 - Val Loss: 0.7012 - Best Val Loss: 0.7012
INFO - Epoch 31, Train Loss: 0.6982 - Val Loss: 0.7010 - Best Val Loss: 0.7010
INFO - Epoch 32, Train Loss: 0.6981 - Val Loss: 0.7008 - Best Val Loss: 0.7008
INFO - Epoch 33, Train Loss: 0.6979 - Val Loss: 0.7006 - Best Val Loss: 0.7006
INFO - Epoch 34, Train Loss: 0.6978 - Val Loss: 0.7005 - Best Val Loss: 0.7005
INFO - Epoch 35, Train Loss: 0.6976 - Val Loss: 0.7003 - Best Val Loss: 0.7003
INFO - Epoch 36, Train Loss: 0.6975 - Val Loss: 0.7001 - Best Val Loss: 0.7001
INFO - Epoch 37, Train Loss: 0.6973 - Val Loss: 0.6999 - Best Val Loss: 0.6999
INFO - Epoch 38, Train Loss: 0.6972 - Val Loss: 0.6997 - Best Val Loss: 0.6997
INFO - Epoch 39, Train Loss: 0.6970 - Val Loss: 0.6996 - Best Val Loss: 0.6996
INFO - Epoch 40, Train Loss: 0.6969 - Val Loss: 0.6994 - Best Val Loss: 0.6994
INFO - Epoch 41, Train Loss: 0.6968 - Val Loss: 0.6992 - Best Val Loss: 0.6992
INFO - Epoch 42, Train Loss: 0.6966 - Val Loss: 0.6991 - Best Val Loss: 0.6991
INFO - Epoch 43, Train Loss: 0.6965 - Val Loss: 0.6989 - Best Val Loss: 0.6989
INFO - Epoch 44, Train Loss: 0.6963 - Val Loss: 0.6987 - Best Val Loss: 0.6987
INFO - Epoch 45, Train Loss: 0.6962 - Val Loss: 0.6986 - Best Val Loss: 0.6986
INFO - Epoch 46, Train Loss: 0.6961 - Val Loss: 0.6984 - Best Val Loss: 0.6984
INFO - Epoch 47, Train Loss: 0.6960 - Val Loss: 0.6983 - Best Val Loss: 0.6983
INFO - Epoch 48, Train Loss: 0.6958 - Val Loss: 0.6981 - Best Val Loss: 0.6981
INFO - Epoch 49, Train Loss: 0.6957 - Val Loss: 0.6980 - Best Val Loss: 0.6980
INFO - Epoch 50, Train Loss: 0.6956 - Val Loss: 0.6978 - Best Val Loss: 0.6978
INFO - Epoch 51, Train Loss: 0.6954 - Val Loss: 0.6976 - Best Val Loss: 0.6976
INFO - Epoch 52, Train Loss: 0.6953 - Val Loss: 0.6975 - Best Val Loss: 0.6975
INFO - Epoch 53, Train Loss: 0.6952 - Val Loss: 0.6974 - Best Val Loss: 0.6974
INFO - Epoch 54, Train Loss: 0.6951 - Val Loss: 0.6972 - Best Val Loss: 0.6972
INFO - Epoch 55, Train Loss: 0.6950 - Val Loss: 0.6971 - Best Val Loss: 0.6971
INFO - Epoch 56, Train Loss: 0.6948 - Val Loss: 0.6969 - Best Val Loss: 0.6969
INFO - Epoch 57, Train Loss: 0.6947 - Val Loss: 0.6968 - Best Val Loss: 0.6968
INFO - Epoch 58, Train Loss: 0.6946 - Val Loss: 0.6966 - Best Val Loss: 0.6966
INFO - Epoch 59, Train Loss: 0.6945 - Val Loss: 0.6965 - Best Val Loss: 0.6965
INFO - Epoch 60, Train Loss: 0.6944 - Val Loss: 0.6964 - Best Val Loss: 0.6964
INFO - Epoch 61, Train Loss: 0.6943 - Val Loss: 0.6962 - Best Val Loss: 0.6962
INFO - Epoch 62, Train Loss: 0.6942 - Val Loss: 0.6961 - Best Val Loss: 0.6961
INFO - Epoch 63, Train Loss: 0.6941 - Val Loss: 0.6960 - Best Val Loss: 0.6960
INFO - Epoch 64, Train Loss: 0.6940 - Val Loss: 0.6958 - Best Val Loss: 0.6958
INFO - Epoch 65, Train Loss: 0.6939 - Val Loss: 0.6957 - Best Val Loss: 0.6957
INFO - Epoch 66, Train Loss: 0.6938 - Val Loss: 0.6956 - Best Val Loss: 0.6956
INFO - Epoch 67, Train Loss: 0.6936 - Val Loss: 0.6954 - Best Val Loss: 0.6954
INFO - Epoch 68, Train Loss: 0.6935 - Val Loss: 0.6953 - Best Val Loss: 0.6953
INFO - Epoch 69, Train Loss: 0.6934 - Val Loss: 0.6952 - Best Val Loss: 0.6952
INFO - Epoch 70, Train Loss: 0.6933 - Val Loss: 0.6951 - Best Val Loss: 0.6951
INFO - Epoch 71, Train Loss: 0.6932 - Val Loss: 0.6949 - Best Val Loss: 0.6949
INFO - Epoch 72, Train Loss: 0.6931 - Val Loss: 0.6948 - Best Val Loss: 0.6948
INFO - Epoch 73, Train Loss: 0.6930 - Val Loss: 0.6947 - Best Val Loss: 0.6947
INFO - Epoch 74, Train Loss: 0.6930 - Val Loss: 0.6946 - Best Val Loss: 0.6946
INFO - Epoch 75, Train Loss: 0.6929 - Val Loss: 0.6945 - Best Val Loss: 0.6945
INFO - Epoch 76, Train Loss: 0.6928 - Val Loss: 0.6943 - Best Val Loss: 0.6943
INFO - Epoch 77, Train Loss: 0.6927 - Val Loss: 0.6942 - Best Val Loss: 0.6942
INFO - Epoch 78, Train Loss: 0.6926 - Val Loss: 0.6941 - Best Val Loss: 0.6941
INFO - Epoch 79, Train Loss: 0.6925 - Val Loss: 0.6940 - Best Val Loss: 0.6940
INFO - Epoch 80, Train Loss: 0.6924 - Val Loss: 0.6939 - Best Val Loss: 0.6939
INFO - Epoch 81, Train Loss: 0.6923 - Val Loss: 0.6938 - Best Val Loss: 0.6938
INFO - Epoch 82, Train Loss: 0.6922 - Val Loss: 0.6936 - Best Val Loss: 0.6936
INFO - Epoch 83, Train Loss: 0.6921 - Val Loss: 0.6935 - Best Val Loss: 0.6935
INFO - Epoch 84, Train Loss: 0.6920 - Val Loss: 0.6934 - Best Val Loss: 0.6934
INFO - Epoch 85, Train Loss: 0.6919 - Val Loss: 0.6933 - Best Val Loss: 0.6933
INFO - Epoch 86, Train Loss: 0.6918 - Val Loss: 0.6932 - Best Val Loss: 0.6932
INFO - Epoch 87, Train Loss: 0.6917 - Val Loss: 0.6931 - Best Val Loss: 0.6931
INFO - Epoch 88, Train Loss: 0.6916 - Val Loss: 0.6930 - Best Val Loss: 0.6930
INFO - Epoch 89, Train Loss: 0.6915 - Val Loss: 0.6929 - Best Val Loss: 0.6929
INFO - Epoch 90, Train Loss: 0.6915 - Val Loss: 0.6928 - Best Val Loss: 0.6928
INFO - Epoch 91, Train Loss: 0.6914 - Val Loss: 0.6927 - Best Val Loss: 0.6927
INFO - Epoch 92, Train Loss: 0.6913 - Val Loss: 0.6925 - Best Val Loss: 0.6925
INFO - Epoch 93, Train Loss: 0.6912 - Val Loss: 0.6924 - Best Val Loss: 0.6924
INFO - Epoch 94, Train Loss: 0.6911 - Val Loss: 0.6923 - Best Val Loss: 0.6923
INFO - Epoch 95, Train Loss: 0.6910 - Val Loss: 0.6922 - Best Val Loss: 0.6922
INFO - Epoch 96, Train Loss: 0.6909 - Val Loss: 0.6921 - Best Val Loss: 0.6921
INFO - Epoch 97, Train Loss: 0.6908 - Val Loss: 0.6920 - Best Val Loss: 0.6920
INFO - Epoch 98, Train Loss: 0.6907 - Val Loss: 0.6919 - Best Val Loss: 0.6919
INFO - Epoch 99, Train Loss: 0.6906 - Val Loss: 0.6918 - Best Val Loss: 0.6918
INFO - Epoch 100, Train Loss: 0.6905 - Val Loss: 0.6917 - Best Val Loss: 0.6917
INFO - Fold 1, Accuracy on training dataset: 0.5033
INFO - Fold 1, Accuracy on validation dataset: 0.4900
INFO - Fold 1, Accuracy on test dataset: 0.5000
INFO - =========================
INFO - ======= Fold 2 =======
INFO - Epoch 1, Train Loss: 0.6922 - Val Loss: 0.7102 - Best Val Loss: 0.7102
INFO - Epoch 2, Train Loss: 0.6921 - Val Loss: 0.7100 - Best Val Loss: 0.7100
INFO - Epoch 3, Train Loss: 0.6921 - Val Loss: 0.7099 - Best Val Loss: 0.7099
INFO - Epoch 4, Train Loss: 0.6920 - Val Loss: 0.7098 - Best Val Loss: 0.7098
INFO - Epoch 5, Train Loss: 0.6919 - Val Loss: 0.7097 - Best Val Loss: 0.7097
INFO - Epoch 6, Train Loss: 0.6919 - Val Loss: 0.7096 - Best Val Loss: 0.7096
INFO - Epoch 7, Train Loss: 0.6918 - Val Loss: 0.7095 - Best Val Loss: 0.7095
INFO - Epoch 8, Train Loss: 0.6918 - Val Loss: 0.7094 - Best Val Loss: 0.7094
INFO - Epoch 9, Train Loss: 0.6917 - Val Loss: 0.7092 - Best Val Loss: 0.7092
INFO - Epoch 10, Train Loss: 0.6917 - Val Loss: 0.7091 - Best Val Loss: 0.7091
INFO - Epoch 11, Train Loss: 0.6916 - Val Loss: 0.7090 - Best Val Loss: 0.7090
INFO - Epoch 12, Train Loss: 0.6916 - Val Loss: 0.7089 - Best Val Loss: 0.7089
INFO - Epoch 13, Train Loss: 0.6915 - Val Loss: 0.7088 - Best Val Loss: 0.7088
INFO - Epoch 14, Train Loss: 0.6915 - Val Loss: 0.7087 - Best Val Loss: 0.7087
INFO - Epoch 15, Train Loss: 0.6914 - Val Loss: 0.7086 - Best Val Loss: 0.7086
INFO - Epoch 16, Train Loss: 0.6913 - Val Loss: 0.7085 - Best Val Loss: 0.7085
INFO - Epoch 17, Train Loss: 0.6913 - Val Loss: 0.7084 - Best Val Loss: 0.7084
INFO - Epoch 18, Train Loss: 0.6912 - Val Loss: 0.7083 - Best Val Loss: 0.7083
INFO - Epoch 19, Train Loss: 0.6912 - Val Loss: 0.7082 - Best Val Loss: 0.7082
INFO - Epoch 20, Train Loss: 0.6911 - Val Loss: 0.7081 - Best Val Loss: 0.7081
INFO - Epoch 21, Train Loss: 0.6911 - Val Loss: 0.7080 - Best Val Loss: 0.7080
INFO - Epoch 22, Train Loss: 0.6910 - Val Loss: 0.7079 - Best Val Loss: 0.7079
INFO - Epoch 23, Train Loss: 0.6910 - Val Loss: 0.7078 - Best Val Loss: 0.7078
INFO - Epoch 24, Train Loss: 0.6909 - Val Loss: 0.7077 - Best Val Loss: 0.7077
INFO - Epoch 25, Train Loss: 0.6909 - Val Loss: 0.7076 - Best Val Loss: 0.7076
INFO - Epoch 26, Train Loss: 0.6908 - Val Loss: 0.7075 - Best Val Loss: 0.7075
INFO - Epoch 27, Train Loss: 0.6908 - Val Loss: 0.7074 - Best Val Loss: 0.7074
INFO - Epoch 28, Train Loss: 0.6907 - Val Loss: 0.7073 - Best Val Loss: 0.7073
INFO - Epoch 29, Train Loss: 0.6907 - Val Loss: 0.7072 - Best Val Loss: 0.7072
INFO - Epoch 30, Train Loss: 0.6906 - Val Loss: 0.7071 - Best Val Loss: 0.7071
INFO - Epoch 31, Train Loss: 0.6906 - Val Loss: 0.7070 - Best Val Loss: 0.7070
INFO - Epoch 32, Train Loss: 0.6905 - Val Loss: 0.7070 - Best Val Loss: 0.7070
INFO - Epoch 33, Train Loss: 0.6905 - Val Loss: 0.7069 - Best Val Loss: 0.7069
INFO - Epoch 34, Train Loss: 0.6904 - Val Loss: 0.7068 - Best Val Loss: 0.7068
INFO - Epoch 35, Train Loss: 0.6903 - Val Loss: 0.7067 - Best Val Loss: 0.7067
INFO - Epoch 36, Train Loss: 0.6903 - Val Loss: 0.7066 - Best Val Loss: 0.7066
INFO - Epoch 37, Train Loss: 0.6902 - Val Loss: 0.7065 - Best Val Loss: 0.7065
INFO - Epoch 38, Train Loss: 0.6902 - Val Loss: 0.7065 - Best Val Loss: 0.7065
INFO - Epoch 39, Train Loss: 0.6901 - Val Loss: 0.7064 - Best Val Loss: 0.7064
INFO - Epoch 40, Train Loss: 0.6901 - Val Loss: 0.7063 - Best Val Loss: 0.7063
INFO - Epoch 41, Train Loss: 0.6900 - Val Loss: 0.7062 - Best Val Loss: 0.7062
INFO - Epoch 42, Train Loss: 0.6899 - Val Loss: 0.7062 - Best Val Loss: 0.7062
INFO - Epoch 43, Train Loss: 0.6899 - Val Loss: 0.7061 - Best Val Loss: 0.7061
INFO - Epoch 44, Train Loss: 0.6898 - Val Loss: 0.7060 - Best Val Loss: 0.7060
INFO - Epoch 45, Train Loss: 0.6898 - Val Loss: 0.7060 - Best Val Loss: 0.7060
INFO - Epoch 46, Train Loss: 0.6897 - Val Loss: 0.7059 - Best Val Loss: 0.7059
INFO - Epoch 47, Train Loss: 0.6896 - Val Loss: 0.7058 - Best Val Loss: 0.7058
INFO - Epoch 48, Train Loss: 0.6896 - Val Loss: 0.7057 - Best Val Loss: 0.7057
INFO - Epoch 49, Train Loss: 0.6895 - Val Loss: 0.7057 - Best Val Loss: 0.7057
INFO - Epoch 50, Train Loss: 0.6894 - Val Loss: 0.7056 - Best Val Loss: 0.7056
INFO - Epoch 51, Train Loss: 0.6894 - Val Loss: 0.7055 - Best Val Loss: 0.7055
INFO - Epoch 52, Train Loss: 0.6893 - Val Loss: 0.7054 - Best Val Loss: 0.7054
INFO - Epoch 53, Train Loss: 0.6892 - Val Loss: 0.7054 - Best Val Loss: 0.7054
INFO - Epoch 54, Train Loss: 0.6892 - Val Loss: 0.7053 - Best Val Loss: 0.7053
INFO - Epoch 55, Train Loss: 0.6891 - Val Loss: 0.7052 - Best Val Loss: 0.7052
INFO - Epoch 56, Train Loss: 0.6890 - Val Loss: 0.7051 - Best Val Loss: 0.7051
INFO - Epoch 57, Train Loss: 0.6889 - Val Loss: 0.7051 - Best Val Loss: 0.7051
INFO - Epoch 58, Train Loss: 0.6889 - Val Loss: 0.7050 - Best Val Loss: 0.7050
INFO - Epoch 59, Train Loss: 0.6888 - Val Loss: 0.7049 - Best Val Loss: 0.7049
INFO - Epoch 60, Train Loss: 0.6887 - Val Loss: 0.7048 - Best Val Loss: 0.7048
INFO - Epoch 61, Train Loss: 0.6886 - Val Loss: 0.7047 - Best Val Loss: 0.7047
INFO - Epoch 62, Train Loss: 0.6886 - Val Loss: 0.7047 - Best Val Loss: 0.7047
INFO - Epoch 63, Train Loss: 0.6885 - Val Loss: 0.7046 - Best Val Loss: 0.7046
INFO - Epoch 64, Train Loss: 0.6884 - Val Loss: 0.7045 - Best Val Loss: 0.7045
INFO - Epoch 65, Train Loss: 0.6883 - Val Loss: 0.7044 - Best Val Loss: 0.7044
INFO - Epoch 66, Train Loss: 0.6882 - Val Loss: 0.7043 - Best Val Loss: 0.7043
INFO - Epoch 67, Train Loss: 0.6881 - Val Loss: 0.7042 - Best Val Loss: 0.7042
INFO - Epoch 68, Train Loss: 0.6881 - Val Loss: 0.7041 - Best Val Loss: 0.7041
INFO - Epoch 69, Train Loss: 0.6880 - Val Loss: 0.7040 - Best Val Loss: 0.7040
INFO - Epoch 70, Train Loss: 0.6879 - Val Loss: 0.7040 - Best Val Loss: 0.7040
INFO - Epoch 71, Train Loss: 0.6878 - Val Loss: 0.7039 - Best Val Loss: 0.7039
INFO - Epoch 72, Train Loss: 0.6877 - Val Loss: 0.7038 - Best Val Loss: 0.7038
INFO - Epoch 73, Train Loss: 0.6876 - Val Loss: 0.7037 - Best Val Loss: 0.7037
INFO - Epoch 74, Train Loss: 0.6875 - Val Loss: 0.7036 - Best Val Loss: 0.7036
INFO - Epoch 75, Train Loss: 0.6874 - Val Loss: 0.7035 - Best Val Loss: 0.7035
INFO - Epoch 76, Train Loss: 0.6873 - Val Loss: 0.7033 - Best Val Loss: 0.7033
INFO - Epoch 77, Train Loss: 0.6872 - Val Loss: 0.7032 - Best Val Loss: 0.7032
INFO - Epoch 78, Train Loss: 0.6871 - Val Loss: 0.7031 - Best Val Loss: 0.7031
INFO - Epoch 79, Train Loss: 0.6870 - Val Loss: 0.7030 - Best Val Loss: 0.7030
INFO - Epoch 80, Train Loss: 0.6869 - Val Loss: 0.7029 - Best Val Loss: 0.7029
INFO - Epoch 81, Train Loss: 0.6868 - Val Loss: 0.7028 - Best Val Loss: 0.7028
INFO - Epoch 82, Train Loss: 0.6867 - Val Loss: 0.7027 - Best Val Loss: 0.7027
INFO - Epoch 83, Train Loss: 0.6866 - Val Loss: 0.7026 - Best Val Loss: 0.7026
INFO - Epoch 84, Train Loss: 0.6865 - Val Loss: 0.7024 - Best Val Loss: 0.7024
INFO - Epoch 85, Train Loss: 0.6864 - Val Loss: 0.7023 - Best Val Loss: 0.7023
INFO - Epoch 86, Train Loss: 0.6863 - Val Loss: 0.7022 - Best Val Loss: 0.7022
INFO - Epoch 87, Train Loss: 0.6861 - Val Loss: 0.7021 - Best Val Loss: 0.7021
INFO - Epoch 88, Train Loss: 0.6860 - Val Loss: 0.7019 - Best Val Loss: 0.7019
INFO - Epoch 89, Train Loss: 0.6859 - Val Loss: 0.7018 - Best Val Loss: 0.7018
INFO - Epoch 90, Train Loss: 0.6858 - Val Loss: 0.7017 - Best Val Loss: 0.7017
INFO - Epoch 91, Train Loss: 0.6857 - Val Loss: 0.7015 - Best Val Loss: 0.7015
INFO - Epoch 92, Train Loss: 0.6855 - Val Loss: 0.7014 - Best Val Loss: 0.7014
INFO - Epoch 93, Train Loss: 0.6854 - Val Loss: 0.7012 - Best Val Loss: 0.7012
INFO - Epoch 94, Train Loss: 0.6853 - Val Loss: 0.7011 - Best Val Loss: 0.7011
INFO - Epoch 95, Train Loss: 0.6851 - Val Loss: 0.7009 - Best Val Loss: 0.7009
INFO - Epoch 96, Train Loss: 0.6850 - Val Loss: 0.7008 - Best Val Loss: 0.7008
INFO - Epoch 97, Train Loss: 0.6849 - Val Loss: 0.7006 - Best Val Loss: 0.7006
INFO - Epoch 98, Train Loss: 0.6847 - Val Loss: 0.7005 - Best Val Loss: 0.7005
INFO - Epoch 99, Train Loss: 0.6846 - Val Loss: 0.7003 - Best Val Loss: 0.7003
INFO - Epoch 100, Train Loss: 0.6844 - Val Loss: 0.7002 - Best Val Loss: 0.7002
INFO - Fold 2, Accuracy on training dataset: 0.6200
INFO - Fold 2, Accuracy on validation dataset: 0.5500
INFO - Fold 2, Accuracy on test dataset: 0.6500
INFO - =========================
INFO - ======= Fold 3 =======
INFO - Epoch 1, Train Loss: 0.7025 - Val Loss: 0.6999 - Best Val Loss: 0.6999
INFO - Epoch 2, Train Loss: 0.7023 - Val Loss: 0.6997 - Best Val Loss: 0.6997
INFO - Epoch 3, Train Loss: 0.7021 - Val Loss: 0.6995 - Best Val Loss: 0.6995
INFO - Epoch 4, Train Loss: 0.7018 - Val Loss: 0.6993 - Best Val Loss: 0.6993
INFO - Epoch 5, Train Loss: 0.7016 - Val Loss: 0.6992 - Best Val Loss: 0.6992
INFO - Epoch 6, Train Loss: 0.7013 - Val Loss: 0.6990 - Best Val Loss: 0.6990
INFO - Epoch 7, Train Loss: 0.7011 - Val Loss: 0.6988 - Best Val Loss: 0.6988
INFO - Epoch 8, Train Loss: 0.7008 - Val Loss: 0.6987 - Best Val Loss: 0.6987
INFO - Epoch 9, Train Loss: 0.7006 - Val Loss: 0.6985 - Best Val Loss: 0.6985
INFO - Epoch 10, Train Loss: 0.7004 - Val Loss: 0.6983 - Best Val Loss: 0.6983
INFO - Epoch 11, Train Loss: 0.7002 - Val Loss: 0.6982 - Best Val Loss: 0.6982
INFO - Epoch 12, Train Loss: 0.6999 - Val Loss: 0.6980 - Best Val Loss: 0.6980
INFO - Epoch 13, Train Loss: 0.6997 - Val Loss: 0.6979 - Best Val Loss: 0.6979
INFO - Epoch 14, Train Loss: 0.6995 - Val Loss: 0.6977 - Best Val Loss: 0.6977
INFO - Epoch 15, Train Loss: 0.6993 - Val Loss: 0.6976 - Best Val Loss: 0.6976
INFO - Epoch 16, Train Loss: 0.6991 - Val Loss: 0.6975 - Best Val Loss: 0.6975
INFO - Epoch 17, Train Loss: 0.6989 - Val Loss: 0.6973 - Best Val Loss: 0.6973
INFO - Epoch 18, Train Loss: 0.6986 - Val Loss: 0.6972 - Best Val Loss: 0.6972
INFO - Epoch 19, Train Loss: 0.6984 - Val Loss: 0.6971 - Best Val Loss: 0.6971
INFO - Epoch 20, Train Loss: 0.6982 - Val Loss: 0.6969 - Best Val Loss: 0.6969
INFO - Epoch 21, Train Loss: 0.6980 - Val Loss: 0.6968 - Best Val Loss: 0.6968
INFO - Epoch 22, Train Loss: 0.6978 - Val Loss: 0.6967 - Best Val Loss: 0.6967
INFO - Epoch 23, Train Loss: 0.6977 - Val Loss: 0.6966 - Best Val Loss: 0.6966
INFO - Epoch 24, Train Loss: 0.6975 - Val Loss: 0.6965 - Best Val Loss: 0.6965
INFO - Epoch 25, Train Loss: 0.6973 - Val Loss: 0.6963 - Best Val Loss: 0.6963
INFO - Epoch 26, Train Loss: 0.6971 - Val Loss: 0.6962 - Best Val Loss: 0.6962
INFO - Epoch 27, Train Loss: 0.6969 - Val Loss: 0.6961 - Best Val Loss: 0.6961
INFO - Epoch 28, Train Loss: 0.6967 - Val Loss: 0.6960 - Best Val Loss: 0.6960
INFO - Epoch 29, Train Loss: 0.6966 - Val Loss: 0.6959 - Best Val Loss: 0.6959
INFO - Epoch 30, Train Loss: 0.6964 - Val Loss: 0.6958 - Best Val Loss: 0.6958
INFO - Epoch 31, Train Loss: 0.6962 - Val Loss: 0.6957 - Best Val Loss: 0.6957
INFO - Epoch 32, Train Loss: 0.6961 - Val Loss: 0.6956 - Best Val Loss: 0.6956
INFO - Epoch 33, Train Loss: 0.6959 - Val Loss: 0.6955 - Best Val Loss: 0.6955
INFO - Epoch 34, Train Loss: 0.6957 - Val Loss: 0.6954 - Best Val Loss: 0.6954
INFO - Epoch 35, Train Loss: 0.6956 - Val Loss: 0.6953 - Best Val Loss: 0.6953
INFO - Epoch 36, Train Loss: 0.6954 - Val Loss: 0.6952 - Best Val Loss: 0.6952
INFO - Epoch 37, Train Loss: 0.6953 - Val Loss: 0.6951 - Best Val Loss: 0.6951
INFO - Epoch 38, Train Loss: 0.6951 - Val Loss: 0.6950 - Best Val Loss: 0.6950
INFO - Epoch 39, Train Loss: 0.6950 - Val Loss: 0.6950 - Best Val Loss: 0.6950
INFO - Epoch 40, Train Loss: 0.6948 - Val Loss: 0.6949 - Best Val Loss: 0.6949
INFO - Epoch 41, Train Loss: 0.6947 - Val Loss: 0.6948 - Best Val Loss: 0.6948
INFO - Epoch 42, Train Loss: 0.6945 - Val Loss: 0.6947 - Best Val Loss: 0.6947
INFO - Epoch 43, Train Loss: 0.6944 - Val Loss: 0.6946 - Best Val Loss: 0.6946
INFO - Epoch 44, Train Loss: 0.6943 - Val Loss: 0.6946 - Best Val Loss: 0.6946
INFO - Epoch 45, Train Loss: 0.6941 - Val Loss: 0.6945 - Best Val Loss: 0.6945
INFO - Epoch 46, Train Loss: 0.6940 - Val Loss: 0.6944 - Best Val Loss: 0.6944
INFO - Epoch 47, Train Loss: 0.6939 - Val Loss: 0.6943 - Best Val Loss: 0.6943
INFO - Epoch 48, Train Loss: 0.6937 - Val Loss: 0.6943 - Best Val Loss: 0.6943
INFO - Epoch 49, Train Loss: 0.6936 - Val Loss: 0.6942 - Best Val Loss: 0.6942
INFO - Epoch 50, Train Loss: 0.6935 - Val Loss: 0.6941 - Best Val Loss: 0.6941
INFO - Epoch 51, Train Loss: 0.6933 - Val Loss: 0.6940 - Best Val Loss: 0.6940
INFO - Epoch 52, Train Loss: 0.6932 - Val Loss: 0.6940 - Best Val Loss: 0.6940
INFO - Epoch 53, Train Loss: 0.6931 - Val Loss: 0.6939 - Best Val Loss: 0.6939
INFO - Epoch 54, Train Loss: 0.6930 - Val Loss: 0.6938 - Best Val Loss: 0.6938
INFO - Epoch 55, Train Loss: 0.6929 - Val Loss: 0.6938 - Best Val Loss: 0.6938
INFO - Epoch 56, Train Loss: 0.6927 - Val Loss: 0.6937 - Best Val Loss: 0.6937
INFO - Epoch 57, Train Loss: 0.6926 - Val Loss: 0.6936 - Best Val Loss: 0.6936
INFO - Epoch 58, Train Loss: 0.6925 - Val Loss: 0.6936 - Best Val Loss: 0.6936
INFO - Epoch 59, Train Loss: 0.6924 - Val Loss: 0.6935 - Best Val Loss: 0.6935
INFO - Epoch 60, Train Loss: 0.6923 - Val Loss: 0.6934 - Best Val Loss: 0.6934
INFO - Epoch 61, Train Loss: 0.6922 - Val Loss: 0.6934 - Best Val Loss: 0.6934
INFO - Epoch 62, Train Loss: 0.6921 - Val Loss: 0.6933 - Best Val Loss: 0.6933
INFO - Epoch 63, Train Loss: 0.6920 - Val Loss: 0.6933 - Best Val Loss: 0.6933
INFO - Epoch 64, Train Loss: 0.6918 - Val Loss: 0.6932 - Best Val Loss: 0.6932
INFO - Epoch 65, Train Loss: 0.6917 - Val Loss: 0.6931 - Best Val Loss: 0.6931
INFO - Epoch 66, Train Loss: 0.6916 - Val Loss: 0.6931 - Best Val Loss: 0.6931
INFO - Epoch 67, Train Loss: 0.6915 - Val Loss: 0.6930 - Best Val Loss: 0.6930
INFO - Epoch 68, Train Loss: 0.6914 - Val Loss: 0.6929 - Best Val Loss: 0.6929
INFO - Epoch 69, Train Loss: 0.6913 - Val Loss: 0.6929 - Best Val Loss: 0.6929
INFO - Epoch 70, Train Loss: 0.6912 - Val Loss: 0.6928 - Best Val Loss: 0.6928
INFO - Epoch 71, Train Loss: 0.6911 - Val Loss: 0.6928 - Best Val Loss: 0.6928
INFO - Epoch 72, Train Loss: 0.6910 - Val Loss: 0.6927 - Best Val Loss: 0.6927
INFO - Epoch 73, Train Loss: 0.6909 - Val Loss: 0.6926 - Best Val Loss: 0.6926
INFO - Epoch 74, Train Loss: 0.6908 - Val Loss: 0.6926 - Best Val Loss: 0.6926
INFO - Epoch 75, Train Loss: 0.6907 - Val Loss: 0.6925 - Best Val Loss: 0.6925
INFO - Epoch 76, Train Loss: 0.6906 - Val Loss: 0.6925 - Best Val Loss: 0.6925
INFO - Epoch 77, Train Loss: 0.6905 - Val Loss: 0.6924 - Best Val Loss: 0.6924
INFO - Epoch 78, Train Loss: 0.6904 - Val Loss: 0.6923 - Best Val Loss: 0.6923
INFO - Epoch 79, Train Loss: 0.6903 - Val Loss: 0.6923 - Best Val Loss: 0.6923
INFO - Epoch 80, Train Loss: 0.6902 - Val Loss: 0.6922 - Best Val Loss: 0.6922
INFO - Epoch 81, Train Loss: 0.6901 - Val Loss: 0.6921 - Best Val Loss: 0.6921
INFO - Epoch 82, Train Loss: 0.6900 - Val Loss: 0.6921 - Best Val Loss: 0.6921
INFO - Epoch 83, Train Loss: 0.6899 - Val Loss: 0.6920 - Best Val Loss: 0.6920
INFO - Epoch 84, Train Loss: 0.6898 - Val Loss: 0.6919 - Best Val Loss: 0.6919
INFO - Epoch 85, Train Loss: 0.6897 - Val Loss: 0.6919 - Best Val Loss: 0.6919
INFO - Epoch 86, Train Loss: 0.6896 - Val Loss: 0.6918 - Best Val Loss: 0.6918
INFO - Epoch 87, Train Loss: 0.6895 - Val Loss: 0.6918 - Best Val Loss: 0.6918
INFO - Epoch 88, Train Loss: 0.6894 - Val Loss: 0.6917 - Best Val Loss: 0.6917
INFO - Epoch 89, Train Loss: 0.6893 - Val Loss: 0.6916 - Best Val Loss: 0.6916
INFO - Epoch 90, Train Loss: 0.6892 - Val Loss: 0.6916 - Best Val Loss: 0.6916
INFO - Epoch 91, Train Loss: 0.6891 - Val Loss: 0.6915 - Best Val Loss: 0.6915
INFO - Epoch 92, Train Loss: 0.6890 - Val Loss: 0.6914 - Best Val Loss: 0.6914
INFO - Epoch 93, Train Loss: 0.6889 - Val Loss: 0.6913 - Best Val Loss: 0.6913
INFO - Epoch 94, Train Loss: 0.6887 - Val Loss: 0.6913 - Best Val Loss: 0.6913
INFO - Epoch 95, Train Loss: 0.6886 - Val Loss: 0.6912 - Best Val Loss: 0.6912
INFO - Epoch 96, Train Loss: 0.6885 - Val Loss: 0.6911 - Best Val Loss: 0.6911
INFO - Epoch 97, Train Loss: 0.6884 - Val Loss: 0.6911 - Best Val Loss: 0.6911
INFO - Epoch 98, Train Loss: 0.6883 - Val Loss: 0.6910 - Best Val Loss: 0.6910
INFO - Epoch 99, Train Loss: 0.6882 - Val Loss: 0.6909 - Best Val Loss: 0.6909
INFO - Epoch 100, Train Loss: 0.6881 - Val Loss: 0.6909 - Best Val Loss: 0.6909
INFO - Fold 3, Accuracy on training dataset: 0.6167
INFO - Fold 3, Accuracy on validation dataset: 0.6400
INFO - Fold 3, Accuracy on test dataset: 0.6700
INFO - =========================
INFO - ======= Fold 4 =======
INFO - Epoch 1, Train Loss: 0.7412 - Val Loss: 0.6974 - Best Val Loss: 0.6974
INFO - Epoch 2, Train Loss: 0.7409 - Val Loss: 0.6973 - Best Val Loss: 0.6973
INFO - Epoch 3, Train Loss: 0.7407 - Val Loss: 0.6972 - Best Val Loss: 0.6972
INFO - Epoch 4, Train Loss: 0.7405 - Val Loss: 0.6971 - Best Val Loss: 0.6971
INFO - Epoch 5, Train Loss: 0.7403 - Val Loss: 0.6970 - Best Val Loss: 0.6970
INFO - Epoch 6, Train Loss: 0.7401 - Val Loss: 0.6969 - Best Val Loss: 0.6969
INFO - Epoch 7, Train Loss: 0.7399 - Val Loss: 0.6968 - Best Val Loss: 0.6968
INFO - Epoch 8, Train Loss: 0.7396 - Val Loss: 0.6967 - Best Val Loss: 0.6967
INFO - Epoch 9, Train Loss: 0.7394 - Val Loss: 0.6966 - Best Val Loss: 0.6966
INFO - Epoch 10, Train Loss: 0.7392 - Val Loss: 0.6965 - Best Val Loss: 0.6965
INFO - Epoch 11, Train Loss: 0.7390 - Val Loss: 0.6964 - Best Val Loss: 0.6964
INFO - Epoch 12, Train Loss: 0.7388 - Val Loss: 0.6964 - Best Val Loss: 0.6964
INFO - Epoch 13, Train Loss: 0.7385 - Val Loss: 0.6963 - Best Val Loss: 0.6963
INFO - Epoch 14, Train Loss: 0.7383 - Val Loss: 0.6962 - Best Val Loss: 0.6962
INFO - Epoch 15, Train Loss: 0.7381 - Val Loss: 0.6961 - Best Val Loss: 0.6961
INFO - Epoch 16, Train Loss: 0.7379 - Val Loss: 0.6960 - Best Val Loss: 0.6960
INFO - Epoch 17, Train Loss: 0.7377 - Val Loss: 0.6959 - Best Val Loss: 0.6959
INFO - Epoch 18, Train Loss: 0.7374 - Val Loss: 0.6958 - Best Val Loss: 0.6958
INFO - Epoch 19, Train Loss: 0.7372 - Val Loss: 0.6957 - Best Val Loss: 0.6957
INFO - Epoch 20, Train Loss: 0.7370 - Val Loss: 0.6956 - Best Val Loss: 0.6956
INFO - Epoch 21, Train Loss: 0.7368 - Val Loss: 0.6955 - Best Val Loss: 0.6955
INFO - Epoch 22, Train Loss: 0.7366 - Val Loss: 0.6954 - Best Val Loss: 0.6954
INFO - Epoch 23, Train Loss: 0.7363 - Val Loss: 0.6953 - Best Val Loss: 0.6953
INFO - Epoch 24, Train Loss: 0.7361 - Val Loss: 0.6952 - Best Val Loss: 0.6952
INFO - Epoch 25, Train Loss: 0.7359 - Val Loss: 0.6951 - Best Val Loss: 0.6951
INFO - Epoch 26, Train Loss: 0.7357 - Val Loss: 0.6950 - Best Val Loss: 0.6950
INFO - Epoch 27, Train Loss: 0.7355 - Val Loss: 0.6949 - Best Val Loss: 0.6949
INFO - Epoch 28, Train Loss: 0.7352 - Val Loss: 0.6948 - Best Val Loss: 0.6948
INFO - Epoch 29, Train Loss: 0.7350 - Val Loss: 0.6947 - Best Val Loss: 0.6947
INFO - Epoch 30, Train Loss: 0.7348 - Val Loss: 0.6946 - Best Val Loss: 0.6946
INFO - Epoch 31, Train Loss: 0.7346 - Val Loss: 0.6945 - Best Val Loss: 0.6945
INFO - Epoch 32, Train Loss: 0.7344 - Val Loss: 0.6945 - Best Val Loss: 0.6945
INFO - Epoch 33, Train Loss: 0.7341 - Val Loss: 0.6944 - Best Val Loss: 0.6944
INFO - Epoch 34, Train Loss: 0.7339 - Val Loss: 0.6943 - Best Val Loss: 0.6943
INFO - Epoch 35, Train Loss: 0.7337 - Val Loss: 0.6942 - Best Val Loss: 0.6942
INFO - Epoch 36, Train Loss: 0.7335 - Val Loss: 0.6941 - Best Val Loss: 0.6941
INFO - Epoch 37, Train Loss: 0.7333 - Val Loss: 0.6940 - Best Val Loss: 0.6940
INFO - Epoch 38, Train Loss: 0.7330 - Val Loss: 0.6939 - Best Val Loss: 0.6939
INFO - Epoch 39, Train Loss: 0.7328 - Val Loss: 0.6938 - Best Val Loss: 0.6938
INFO - Epoch 40, Train Loss: 0.7326 - Val Loss: 0.6937 - Best Val Loss: 0.6937
INFO - Epoch 41, Train Loss: 0.7324 - Val Loss: 0.6936 - Best Val Loss: 0.6936
INFO - Epoch 42, Train Loss: 0.7321 - Val Loss: 0.6935 - Best Val Loss: 0.6935
INFO - Epoch 43, Train Loss: 0.7319 - Val Loss: 0.6935 - Best Val Loss: 0.6935
INFO - Epoch 44, Train Loss: 0.7317 - Val Loss: 0.6934 - Best Val Loss: 0.6934
INFO - Epoch 45, Train Loss: 0.7315 - Val Loss: 0.6933 - Best Val Loss: 0.6933
INFO - Epoch 46, Train Loss: 0.7313 - Val Loss: 0.6932 - Best Val Loss: 0.6932
INFO - Epoch 47, Train Loss: 0.7310 - Val Loss: 0.6931 - Best Val Loss: 0.6931
INFO - Epoch 48, Train Loss: 0.7308 - Val Loss: 0.6930 - Best Val Loss: 0.6930
INFO - Epoch 49, Train Loss: 0.7306 - Val Loss: 0.6929 - Best Val Loss: 0.6929
INFO - Epoch 50, Train Loss: 0.7304 - Val Loss: 0.6928 - Best Val Loss: 0.6928
INFO - Epoch 51, Train Loss: 0.7301 - Val Loss: 0.6927 - Best Val Loss: 0.6927
INFO - Epoch 52, Train Loss: 0.7299 - Val Loss: 0.6927 - Best Val Loss: 0.6927
INFO - Epoch 53, Train Loss: 0.7297 - Val Loss: 0.6926 - Best Val Loss: 0.6926
INFO - Epoch 54, Train Loss: 0.7295 - Val Loss: 0.6925 - Best Val Loss: 0.6925
INFO - Epoch 55, Train Loss: 0.7293 - Val Loss: 0.6924 - Best Val Loss: 0.6924
INFO - Epoch 56, Train Loss: 0.7290 - Val Loss: 0.6923 - Best Val Loss: 0.6923
INFO - Epoch 57, Train Loss: 0.7288 - Val Loss: 0.6922 - Best Val Loss: 0.6922
INFO - Epoch 58, Train Loss: 0.7286 - Val Loss: 0.6921 - Best Val Loss: 0.6921
INFO - Epoch 59, Train Loss: 0.7284 - Val Loss: 0.6921 - Best Val Loss: 0.6921
INFO - Epoch 60, Train Loss: 0.7281 - Val Loss: 0.6920 - Best Val Loss: 0.6920
INFO - Epoch 61, Train Loss: 0.7279 - Val Loss: 0.6919 - Best Val Loss: 0.6919
INFO - Epoch 62, Train Loss: 0.7277 - Val Loss: 0.6918 - Best Val Loss: 0.6918
INFO - Epoch 63, Train Loss: 0.7275 - Val Loss: 0.6917 - Best Val Loss: 0.6917
INFO - Epoch 64, Train Loss: 0.7273 - Val Loss: 0.6916 - Best Val Loss: 0.6916
INFO - Epoch 65, Train Loss: 0.7270 - Val Loss: 0.6916 - Best Val Loss: 0.6916
INFO - Epoch 66, Train Loss: 0.7268 - Val Loss: 0.6915 - Best Val Loss: 0.6915
INFO - Epoch 67, Train Loss: 0.7266 - Val Loss: 0.6914 - Best Val Loss: 0.6914
INFO - Epoch 68, Train Loss: 0.7264 - Val Loss: 0.6913 - Best Val Loss: 0.6913
INFO - Epoch 69, Train Loss: 0.7261 - Val Loss: 0.6912 - Best Val Loss: 0.6912
INFO - Epoch 70, Train Loss: 0.7259 - Val Loss: 0.6912 - Best Val Loss: 0.6912
INFO - Epoch 71, Train Loss: 0.7257 - Val Loss: 0.6911 - Best Val Loss: 0.6911
INFO - Epoch 72, Train Loss: 0.7255 - Val Loss: 0.6910 - Best Val Loss: 0.6910
INFO - Epoch 73, Train Loss: 0.7253 - Val Loss: 0.6909 - Best Val Loss: 0.6909
INFO - Epoch 74, Train Loss: 0.7250 - Val Loss: 0.6908 - Best Val Loss: 0.6908
INFO - Epoch 75, Train Loss: 0.7248 - Val Loss: 0.6908 - Best Val Loss: 0.6908
INFO - Epoch 76, Train Loss: 0.7246 - Val Loss: 0.6907 - Best Val Loss: 0.6907
INFO - Epoch 77, Train Loss: 0.7244 - Val Loss: 0.6906 - Best Val Loss: 0.6906
INFO - Epoch 78, Train Loss: 0.7241 - Val Loss: 0.6905 - Best Val Loss: 0.6905
INFO - Epoch 79, Train Loss: 0.7239 - Val Loss: 0.6905 - Best Val Loss: 0.6905
INFO - Epoch 80, Train Loss: 0.7237 - Val Loss: 0.6904 - Best Val Loss: 0.6904
INFO - Epoch 81, Train Loss: 0.7235 - Val Loss: 0.6903 - Best Val Loss: 0.6903
INFO - Epoch 82, Train Loss: 0.7233 - Val Loss: 0.6902 - Best Val Loss: 0.6902
INFO - Epoch 83, Train Loss: 0.7230 - Val Loss: 0.6902 - Best Val Loss: 0.6902
INFO - Epoch 84, Train Loss: 0.7228 - Val Loss: 0.6901 - Best Val Loss: 0.6901
INFO - Epoch 85, Train Loss: 0.7226 - Val Loss: 0.6900 - Best Val Loss: 0.6900
INFO - Epoch 86, Train Loss: 0.7224 - Val Loss: 0.6900 - Best Val Loss: 0.6900
INFO - Epoch 87, Train Loss: 0.7222 - Val Loss: 0.6899 - Best Val Loss: 0.6899
INFO - Epoch 88, Train Loss: 0.7219 - Val Loss: 0.6898 - Best Val Loss: 0.6898
INFO - Epoch 89, Train Loss: 0.7217 - Val Loss: 0.6897 - Best Val Loss: 0.6897
INFO - Epoch 90, Train Loss: 0.7215 - Val Loss: 0.6897 - Best Val Loss: 0.6897
INFO - Epoch 91, Train Loss: 0.7213 - Val Loss: 0.6896 - Best Val Loss: 0.6896
INFO - Epoch 92, Train Loss: 0.7211 - Val Loss: 0.6895 - Best Val Loss: 0.6895
INFO - Epoch 93, Train Loss: 0.7208 - Val Loss: 0.6895 - Best Val Loss: 0.6895
INFO - Epoch 94, Train Loss: 0.7206 - Val Loss: 0.6894 - Best Val Loss: 0.6894
INFO - Epoch 95, Train Loss: 0.7204 - Val Loss: 0.6893 - Best Val Loss: 0.6893
INFO - Epoch 96, Train Loss: 0.7202 - Val Loss: 0.6893 - Best Val Loss: 0.6893
INFO - Epoch 97, Train Loss: 0.7200 - Val Loss: 0.6892 - Best Val Loss: 0.6892
INFO - Epoch 98, Train Loss: 0.7197 - Val Loss: 0.6891 - Best Val Loss: 0.6891
INFO - Epoch 99, Train Loss: 0.7195 - Val Loss: 0.6891 - Best Val Loss: 0.6891
INFO - Epoch 100, Train Loss: 0.7193 - Val Loss: 0.6890 - Best Val Loss: 0.6890
INFO - Fold 4, Accuracy on training dataset: 0.4800
INFO - Fold 4, Accuracy on validation dataset: 0.5600
INFO - Fold 4, Accuracy on test dataset: 0.5000
INFO - =========================
INFO - Best model saved at: ./models/circle_best_model.pth
INFO - =============================================
INFO - Model Setup:
INFO - dataset: circle
INFO - inputdim: 2
INFO - outputdim: 2
INFO - nsamples: 400
INFO - hiddenlayers: [4, 3, 2]
INFO - lr: 0.001
INFO - n_epochs: 100
INFO - n_folds: 4
INFO - Total Parameters: 41
INFO - =============================================
INFO - Mean time per epoch and folder: 0.6525 - std:0.0562 seconds
INFO - Mean accuracy on training dataset: 0.5550 - std: 0.0639
INFO - Mean accuracy on validation dataset: 0.5600 - std: 0.0534
INFO - Mean accuracy on test dataset: 0.5800 - std: 0.0803
INFO - =============================================
