INFO - ======= Fold 1 =======
INFO - Epoch 1, Loss: 1.0820 - Validation Loss: 1.0735
INFO - Epoch 2, Loss: 1.0747 - Validation Loss: 1.0663
INFO - Epoch 3, Loss: 1.0675 - Validation Loss: 1.0590
INFO - Epoch 4, Loss: 1.0602 - Validation Loss: 1.0518
INFO - Epoch 5, Loss: 1.0528 - Validation Loss: 1.0444
INFO - Epoch 6, Loss: 1.0455 - Validation Loss: 1.0371
INFO - Epoch 7, Loss: 1.0381 - Validation Loss: 1.0297
INFO - Epoch 8, Loss: 1.0307 - Validation Loss: 1.0223
INFO - Epoch 9, Loss: 1.0232 - Validation Loss: 1.0148
INFO - Epoch 10, Loss: 1.0158 - Validation Loss: 1.0074
INFO - Epoch 11, Loss: 1.0084 - Validation Loss: 0.9999
INFO - Epoch 12, Loss: 1.0010 - Validation Loss: 0.9925
INFO - Epoch 13, Loss: 0.9935 - Validation Loss: 0.9850
INFO - Epoch 14, Loss: 0.9861 - Validation Loss: 0.9775
INFO - Epoch 15, Loss: 0.9787 - Validation Loss: 0.9701
INFO - Epoch 16, Loss: 0.9713 - Validation Loss: 0.9626
INFO - Epoch 17, Loss: 0.9639 - Validation Loss: 0.9552
INFO - Epoch 18, Loss: 0.9565 - Validation Loss: 0.9478
INFO - Epoch 19, Loss: 0.9492 - Validation Loss: 0.9404
INFO - Epoch 20, Loss: 0.9419 - Validation Loss: 0.9331
INFO - Epoch 21, Loss: 0.9347 - Validation Loss: 0.9257
INFO - Epoch 22, Loss: 0.9275 - Validation Loss: 0.9185
INFO - Epoch 23, Loss: 0.9203 - Validation Loss: 0.9113
INFO - Epoch 24, Loss: 0.9132 - Validation Loss: 0.9041
INFO - Epoch 25, Loss: 0.9062 - Validation Loss: 0.8970
INFO - Epoch 26, Loss: 0.8992 - Validation Loss: 0.8900
INFO - Epoch 27, Loss: 0.8923 - Validation Loss: 0.8830
INFO - Epoch 28, Loss: 0.8855 - Validation Loss: 0.8762
INFO - Epoch 29, Loss: 0.8787 - Validation Loss: 0.8694
INFO - Epoch 30, Loss: 0.8721 - Validation Loss: 0.8627
INFO - Epoch 31, Loss: 0.8655 - Validation Loss: 0.8561
INFO - Epoch 32, Loss: 0.8591 - Validation Loss: 0.8495
INFO - Epoch 33, Loss: 0.8527 - Validation Loss: 0.8431
INFO - Epoch 34, Loss: 0.8464 - Validation Loss: 0.8368
INFO - Epoch 35, Loss: 0.8403 - Validation Loss: 0.8306
INFO - Epoch 36, Loss: 0.8342 - Validation Loss: 0.8245
INFO - Epoch 37, Loss: 0.8283 - Validation Loss: 0.8186
INFO - Epoch 38, Loss: 0.8225 - Validation Loss: 0.8127
INFO - Epoch 39, Loss: 0.8168 - Validation Loss: 0.8069
INFO - Epoch 40, Loss: 0.8112 - Validation Loss: 0.8013
INFO - Epoch 41, Loss: 0.8058 - Validation Loss: 0.7958
INFO - Epoch 42, Loss: 0.8004 - Validation Loss: 0.7904
INFO - Epoch 43, Loss: 0.7952 - Validation Loss: 0.7851
INFO - Epoch 44, Loss: 0.7901 - Validation Loss: 0.7800
INFO - Epoch 45, Loss: 0.7852 - Validation Loss: 0.7750
INFO - Epoch 46, Loss: 0.7803 - Validation Loss: 0.7701
INFO - Epoch 47, Loss: 0.7756 - Validation Loss: 0.7653
INFO - Epoch 48, Loss: 0.7710 - Validation Loss: 0.7606
INFO - Epoch 49, Loss: 0.7665 - Validation Loss: 0.7560
INFO - Epoch 50, Loss: 0.7621 - Validation Loss: 0.7516
INFO - Epoch 51, Loss: 0.7579 - Validation Loss: 0.7473
INFO - Epoch 52, Loss: 0.7538 - Validation Loss: 0.7431
INFO - Epoch 53, Loss: 0.7497 - Validation Loss: 0.7390
INFO - Epoch 54, Loss: 0.7458 - Validation Loss: 0.7350
INFO - Epoch 55, Loss: 0.7420 - Validation Loss: 0.7311
INFO - Epoch 56, Loss: 0.7384 - Validation Loss: 0.7273
INFO - Epoch 57, Loss: 0.7348 - Validation Loss: 0.7237
INFO - Epoch 58, Loss: 0.7313 - Validation Loss: 0.7201
INFO - Epoch 59, Loss: 0.7279 - Validation Loss: 0.7166
INFO - Epoch 60, Loss: 0.7246 - Validation Loss: 0.7133
INFO - Epoch 61, Loss: 0.7214 - Validation Loss: 0.7100
INFO - Epoch 62, Loss: 0.7183 - Validation Loss: 0.7068
INFO - Epoch 63, Loss: 0.7153 - Validation Loss: 0.7037
INFO - Epoch 64, Loss: 0.7124 - Validation Loss: 0.7007
INFO - Epoch 65, Loss: 0.7096 - Validation Loss: 0.6977
INFO - Epoch 66, Loss: 0.7068 - Validation Loss: 0.6949
INFO - Epoch 67, Loss: 0.7041 - Validation Loss: 0.6921
INFO - Epoch 68, Loss: 0.7015 - Validation Loss: 0.6894
INFO - Epoch 69, Loss: 0.6990 - Validation Loss: 0.6868
INFO - Epoch 70, Loss: 0.6965 - Validation Loss: 0.6843
INFO - Epoch 71, Loss: 0.6941 - Validation Loss: 0.6818
INFO - Epoch 72, Loss: 0.6918 - Validation Loss: 0.6794
INFO - Epoch 73, Loss: 0.6895 - Validation Loss: 0.6771
INFO - Epoch 74, Loss: 0.6873 - Validation Loss: 0.6748
INFO - Epoch 75, Loss: 0.6852 - Validation Loss: 0.6726
INFO - Epoch 76, Loss: 0.6831 - Validation Loss: 0.6704
INFO - Epoch 77, Loss: 0.6811 - Validation Loss: 0.6683
INFO - Epoch 78, Loss: 0.6791 - Validation Loss: 0.6663
INFO - Epoch 79, Loss: 0.6772 - Validation Loss: 0.6643
INFO - Epoch 80, Loss: 0.6753 - Validation Loss: 0.6624
INFO - Epoch 81, Loss: 0.6735 - Validation Loss: 0.6605
INFO - Epoch 82, Loss: 0.6717 - Validation Loss: 0.6587
INFO - Epoch 83, Loss: 0.6700 - Validation Loss: 0.6569
INFO - Epoch 84, Loss: 0.6683 - Validation Loss: 0.6552
INFO - Epoch 85, Loss: 0.6666 - Validation Loss: 0.6535
INFO - Epoch 86, Loss: 0.6650 - Validation Loss: 0.6518
INFO - Epoch 87, Loss: 0.6634 - Validation Loss: 0.6502
INFO - Epoch 88, Loss: 0.6619 - Validation Loss: 0.6487
INFO - Epoch 89, Loss: 0.6604 - Validation Loss: 0.6471
INFO - Epoch 90, Loss: 0.6589 - Validation Loss: 0.6456
INFO - Epoch 91, Loss: 0.6575 - Validation Loss: 0.6442
INFO - Epoch 92, Loss: 0.6561 - Validation Loss: 0.6428
INFO - Epoch 93, Loss: 0.6547 - Validation Loss: 0.6414
INFO - Epoch 94, Loss: 0.6534 - Validation Loss: 0.6400
INFO - Epoch 95, Loss: 0.6521 - Validation Loss: 0.6387
INFO - Epoch 96, Loss: 0.6508 - Validation Loss: 0.6375
INFO - Epoch 97, Loss: 0.6495 - Validation Loss: 0.6362
INFO - Epoch 98, Loss: 0.6483 - Validation Loss: 0.6350
INFO - Epoch 99, Loss: 0.6471 - Validation Loss: 0.6338
INFO - Epoch 100, Loss: 0.6459 - Validation Loss: 0.6326
INFO - Fold 1, Accuracy on training dataset: 0.9623
INFO - Fold 1, Accuracy on validation dataset: 1.0000
INFO - Fold 1, Accuracy on test dataset: 0.9167
INFO - =========================
INFO - ======= Fold 2 =======
INFO - Epoch 1, Loss: 1.0947 - Validation Loss: 1.0998
INFO - Epoch 2, Loss: 1.0879 - Validation Loss: 1.0928
INFO - Epoch 3, Loss: 1.0810 - Validation Loss: 1.0858
INFO - Epoch 4, Loss: 1.0742 - Validation Loss: 1.0788
INFO - Epoch 5, Loss: 1.0673 - Validation Loss: 1.0719
INFO - Epoch 6, Loss: 1.0604 - Validation Loss: 1.0649
INFO - Epoch 7, Loss: 1.0535 - Validation Loss: 1.0579
INFO - Epoch 8, Loss: 1.0466 - Validation Loss: 1.0509
INFO - Epoch 9, Loss: 1.0397 - Validation Loss: 1.0439
INFO - Epoch 10, Loss: 1.0328 - Validation Loss: 1.0369
INFO - Epoch 11, Loss: 1.0259 - Validation Loss: 1.0299
INFO - Epoch 12, Loss: 1.0190 - Validation Loss: 1.0229
INFO - Epoch 13, Loss: 1.0121 - Validation Loss: 1.0160
INFO - Epoch 14, Loss: 1.0053 - Validation Loss: 1.0090
INFO - Epoch 15, Loss: 0.9984 - Validation Loss: 1.0021
INFO - Epoch 16, Loss: 0.9915 - Validation Loss: 0.9952
INFO - Epoch 17, Loss: 0.9847 - Validation Loss: 0.9883
INFO - Epoch 18, Loss: 0.9779 - Validation Loss: 0.9814
INFO - Epoch 19, Loss: 0.9711 - Validation Loss: 0.9745
INFO - Epoch 20, Loss: 0.9643 - Validation Loss: 0.9677
INFO - Epoch 21, Loss: 0.9575 - Validation Loss: 0.9608
INFO - Epoch 22, Loss: 0.9508 - Validation Loss: 0.9540
INFO - Epoch 23, Loss: 0.9441 - Validation Loss: 0.9473
INFO - Epoch 24, Loss: 0.9374 - Validation Loss: 0.9405
INFO - Epoch 25, Loss: 0.9308 - Validation Loss: 0.9338
INFO - Epoch 26, Loss: 0.9242 - Validation Loss: 0.9272
INFO - Epoch 27, Loss: 0.9176 - Validation Loss: 0.9205
INFO - Epoch 28, Loss: 0.9111 - Validation Loss: 0.9140
INFO - Epoch 29, Loss: 0.9046 - Validation Loss: 0.9074
INFO - Epoch 30, Loss: 0.8981 - Validation Loss: 0.9009
INFO - Epoch 31, Loss: 0.8917 - Validation Loss: 0.8945
INFO - Epoch 32, Loss: 0.8854 - Validation Loss: 0.8881
INFO - Epoch 33, Loss: 0.8791 - Validation Loss: 0.8817
INFO - Epoch 34, Loss: 0.8729 - Validation Loss: 0.8754
INFO - Epoch 35, Loss: 0.8667 - Validation Loss: 0.8692
INFO - Epoch 36, Loss: 0.8606 - Validation Loss: 0.8631
INFO - Epoch 37, Loss: 0.8546 - Validation Loss: 0.8570
INFO - Epoch 38, Loss: 0.8486 - Validation Loss: 0.8509
INFO - Epoch 39, Loss: 0.8427 - Validation Loss: 0.8450
INFO - Epoch 40, Loss: 0.8369 - Validation Loss: 0.8391
INFO - Epoch 41, Loss: 0.8312 - Validation Loss: 0.8334
INFO - Epoch 42, Loss: 0.8255 - Validation Loss: 0.8277
INFO - Epoch 43, Loss: 0.8200 - Validation Loss: 0.8221
INFO - Epoch 44, Loss: 0.8145 - Validation Loss: 0.8165
INFO - Epoch 45, Loss: 0.8091 - Validation Loss: 0.8111
INFO - Epoch 46, Loss: 0.8038 - Validation Loss: 0.8058
INFO - Epoch 47, Loss: 0.7986 - Validation Loss: 0.8006
INFO - Epoch 48, Loss: 0.7935 - Validation Loss: 0.7954
INFO - Epoch 49, Loss: 0.7885 - Validation Loss: 0.7904
INFO - Epoch 50, Loss: 0.7836 - Validation Loss: 0.7855
INFO - Epoch 51, Loss: 0.7788 - Validation Loss: 0.7807
INFO - Epoch 52, Loss: 0.7741 - Validation Loss: 0.7760
INFO - Epoch 53, Loss: 0.7694 - Validation Loss: 0.7714
INFO - Epoch 54, Loss: 0.7649 - Validation Loss: 0.7669
INFO - Epoch 55, Loss: 0.7605 - Validation Loss: 0.7625
INFO - Epoch 56, Loss: 0.7562 - Validation Loss: 0.7582
INFO - Epoch 57, Loss: 0.7520 - Validation Loss: 0.7540
INFO - Epoch 58, Loss: 0.7479 - Validation Loss: 0.7499
INFO - Epoch 59, Loss: 0.7439 - Validation Loss: 0.7460
INFO - Epoch 60, Loss: 0.7400 - Validation Loss: 0.7421
INFO - Epoch 61, Loss: 0.7362 - Validation Loss: 0.7384
INFO - Epoch 62, Loss: 0.7324 - Validation Loss: 0.7347
INFO - Epoch 63, Loss: 0.7288 - Validation Loss: 0.7311
INFO - Epoch 64, Loss: 0.7253 - Validation Loss: 0.7277
INFO - Epoch 65, Loss: 0.7219 - Validation Loss: 0.7243
INFO - Epoch 66, Loss: 0.7185 - Validation Loss: 0.7211
INFO - Epoch 67, Loss: 0.7153 - Validation Loss: 0.7179
INFO - Epoch 68, Loss: 0.7121 - Validation Loss: 0.7148
INFO - Epoch 69, Loss: 0.7090 - Validation Loss: 0.7118
INFO - Epoch 70, Loss: 0.7060 - Validation Loss: 0.7089
INFO - Epoch 71, Loss: 0.7031 - Validation Loss: 0.7061
INFO - Epoch 72, Loss: 0.7002 - Validation Loss: 0.7034
INFO - Epoch 73, Loss: 0.6974 - Validation Loss: 0.7007
INFO - Epoch 74, Loss: 0.6947 - Validation Loss: 0.6981
INFO - Epoch 75, Loss: 0.6921 - Validation Loss: 0.6956
INFO - Epoch 76, Loss: 0.6896 - Validation Loss: 0.6932
INFO - Epoch 77, Loss: 0.6871 - Validation Loss: 0.6908
INFO - Epoch 78, Loss: 0.6847 - Validation Loss: 0.6885
INFO - Epoch 79, Loss: 0.6823 - Validation Loss: 0.6863
INFO - Epoch 80, Loss: 0.6800 - Validation Loss: 0.6842
INFO - Epoch 81, Loss: 0.6778 - Validation Loss: 0.6821
INFO - Epoch 82, Loss: 0.6756 - Validation Loss: 0.6800
INFO - Epoch 83, Loss: 0.6735 - Validation Loss: 0.6781
INFO - Epoch 84, Loss: 0.6714 - Validation Loss: 0.6762
INFO - Epoch 85, Loss: 0.6694 - Validation Loss: 0.6743
INFO - Epoch 86, Loss: 0.6674 - Validation Loss: 0.6725
INFO - Epoch 87, Loss: 0.6655 - Validation Loss: 0.6707
INFO - Epoch 88, Loss: 0.6637 - Validation Loss: 0.6690
INFO - Epoch 89, Loss: 0.6619 - Validation Loss: 0.6674
INFO - Epoch 90, Loss: 0.6601 - Validation Loss: 0.6658
INFO - Epoch 91, Loss: 0.6584 - Validation Loss: 0.6642
INFO - Epoch 92, Loss: 0.6567 - Validation Loss: 0.6627
INFO - Epoch 93, Loss: 0.6550 - Validation Loss: 0.6612
INFO - Epoch 94, Loss: 0.6534 - Validation Loss: 0.6598
INFO - Epoch 95, Loss: 0.6519 - Validation Loss: 0.6584
INFO - Epoch 96, Loss: 0.6503 - Validation Loss: 0.6570
INFO - Epoch 97, Loss: 0.6488 - Validation Loss: 0.6557
INFO - Epoch 98, Loss: 0.6474 - Validation Loss: 0.6544
INFO - Epoch 99, Loss: 0.6460 - Validation Loss: 0.6532
INFO - Epoch 100, Loss: 0.6446 - Validation Loss: 0.6520
INFO - Fold 2, Accuracy on training dataset: 0.9906
INFO - Fold 2, Accuracy on validation dataset: 0.9722
INFO - Fold 2, Accuracy on test dataset: 0.9722
INFO - =========================
INFO - ======= Fold 3 =======
INFO - Epoch 1, Loss: 1.1102 - Validation Loss: 1.0892
INFO - Epoch 2, Loss: 1.1033 - Validation Loss: 1.0826
INFO - Epoch 3, Loss: 1.0964 - Validation Loss: 1.0760
INFO - Epoch 4, Loss: 1.0894 - Validation Loss: 1.0693
INFO - Epoch 5, Loss: 1.0823 - Validation Loss: 1.0627
INFO - Epoch 6, Loss: 1.0753 - Validation Loss: 1.0560
INFO - Epoch 7, Loss: 1.0682 - Validation Loss: 1.0493
INFO - Epoch 8, Loss: 1.0611 - Validation Loss: 1.0426
INFO - Epoch 9, Loss: 1.0540 - Validation Loss: 1.0359
INFO - Epoch 10, Loss: 1.0469 - Validation Loss: 1.0292
INFO - Epoch 11, Loss: 1.0398 - Validation Loss: 1.0225
INFO - Epoch 12, Loss: 1.0326 - Validation Loss: 1.0159
INFO - Epoch 13, Loss: 1.0255 - Validation Loss: 1.0092
INFO - Epoch 14, Loss: 1.0183 - Validation Loss: 1.0026
INFO - Epoch 15, Loss: 1.0112 - Validation Loss: 0.9960
INFO - Epoch 16, Loss: 1.0040 - Validation Loss: 0.9894
INFO - Epoch 17, Loss: 0.9969 - Validation Loss: 0.9829
INFO - Epoch 18, Loss: 0.9898 - Validation Loss: 0.9764
INFO - Epoch 19, Loss: 0.9827 - Validation Loss: 0.9700
INFO - Epoch 20, Loss: 0.9756 - Validation Loss: 0.9636
INFO - Epoch 21, Loss: 0.9686 - Validation Loss: 0.9572
INFO - Epoch 22, Loss: 0.9615 - Validation Loss: 0.9510
INFO - Epoch 23, Loss: 0.9545 - Validation Loss: 0.9447
INFO - Epoch 24, Loss: 0.9476 - Validation Loss: 0.9386
INFO - Epoch 25, Loss: 0.9406 - Validation Loss: 0.9325
INFO - Epoch 26, Loss: 0.9338 - Validation Loss: 0.9264
INFO - Epoch 27, Loss: 0.9269 - Validation Loss: 0.9205
INFO - Epoch 28, Loss: 0.9202 - Validation Loss: 0.9146
INFO - Epoch 29, Loss: 0.9134 - Validation Loss: 0.9088
INFO - Epoch 30, Loss: 0.9068 - Validation Loss: 0.9031
INFO - Epoch 31, Loss: 0.9002 - Validation Loss: 0.8975
INFO - Epoch 32, Loss: 0.8937 - Validation Loss: 0.8919
INFO - Epoch 33, Loss: 0.8872 - Validation Loss: 0.8865
INFO - Epoch 34, Loss: 0.8809 - Validation Loss: 0.8811
INFO - Epoch 35, Loss: 0.8746 - Validation Loss: 0.8758
INFO - Epoch 36, Loss: 0.8684 - Validation Loss: 0.8706
INFO - Epoch 37, Loss: 0.8623 - Validation Loss: 0.8655
INFO - Epoch 38, Loss: 0.8562 - Validation Loss: 0.8605
INFO - Epoch 39, Loss: 0.8503 - Validation Loss: 0.8556
INFO - Epoch 40, Loss: 0.8445 - Validation Loss: 0.8508
INFO - Epoch 41, Loss: 0.8387 - Validation Loss: 0.8460
INFO - Epoch 42, Loss: 0.8331 - Validation Loss: 0.8414
INFO - Epoch 43, Loss: 0.8276 - Validation Loss: 0.8369
INFO - Epoch 44, Loss: 0.8221 - Validation Loss: 0.8324
INFO - Epoch 45, Loss: 0.8168 - Validation Loss: 0.8281
INFO - Epoch 46, Loss: 0.8116 - Validation Loss: 0.8238
INFO - Epoch 47, Loss: 0.8065 - Validation Loss: 0.8196
INFO - Epoch 48, Loss: 0.8015 - Validation Loss: 0.8155
INFO - Epoch 49, Loss: 0.7966 - Validation Loss: 0.8115
INFO - Epoch 50, Loss: 0.7918 - Validation Loss: 0.8076
INFO - Epoch 51, Loss: 0.7871 - Validation Loss: 0.8038
INFO - Epoch 52, Loss: 0.7825 - Validation Loss: 0.8000
INFO - Epoch 53, Loss: 0.7781 - Validation Loss: 0.7963
INFO - Epoch 54, Loss: 0.7737 - Validation Loss: 0.7927
INFO - Epoch 55, Loss: 0.7695 - Validation Loss: 0.7892
INFO - Epoch 56, Loss: 0.7653 - Validation Loss: 0.7858
INFO - Epoch 57, Loss: 0.7613 - Validation Loss: 0.7824
INFO - Epoch 58, Loss: 0.7573 - Validation Loss: 0.7791
INFO - Epoch 59, Loss: 0.7534 - Validation Loss: 0.7759
INFO - Epoch 60, Loss: 0.7497 - Validation Loss: 0.7727
INFO - Epoch 61, Loss: 0.7460 - Validation Loss: 0.7696
INFO - Epoch 62, Loss: 0.7424 - Validation Loss: 0.7666
INFO - Epoch 63, Loss: 0.7390 - Validation Loss: 0.7636
INFO - Epoch 64, Loss: 0.7356 - Validation Loss: 0.7607
INFO - Epoch 65, Loss: 0.7323 - Validation Loss: 0.7578
INFO - Epoch 66, Loss: 0.7291 - Validation Loss: 0.7550
INFO - Epoch 67, Loss: 0.7259 - Validation Loss: 0.7523
INFO - Epoch 68, Loss: 0.7229 - Validation Loss: 0.7496
INFO - Epoch 69, Loss: 0.7199 - Validation Loss: 0.7470
INFO - Epoch 70, Loss: 0.7170 - Validation Loss: 0.7444
INFO - Epoch 71, Loss: 0.7142 - Validation Loss: 0.7418
INFO - Epoch 72, Loss: 0.7114 - Validation Loss: 0.7394
INFO - Epoch 73, Loss: 0.7087 - Validation Loss: 0.7369
INFO - Epoch 74, Loss: 0.7061 - Validation Loss: 0.7346
INFO - Epoch 75, Loss: 0.7036 - Validation Loss: 0.7322
INFO - Epoch 76, Loss: 0.7011 - Validation Loss: 0.7299
INFO - Epoch 77, Loss: 0.6987 - Validation Loss: 0.7277
INFO - Epoch 78, Loss: 0.6963 - Validation Loss: 0.7255
INFO - Epoch 79, Loss: 0.6940 - Validation Loss: 0.7234
INFO - Epoch 80, Loss: 0.6918 - Validation Loss: 0.7212
INFO - Epoch 81, Loss: 0.6896 - Validation Loss: 0.7192
INFO - Epoch 82, Loss: 0.6875 - Validation Loss: 0.7172
INFO - Epoch 83, Loss: 0.6854 - Validation Loss: 0.7152
INFO - Epoch 84, Loss: 0.6834 - Validation Loss: 0.7132
INFO - Epoch 85, Loss: 0.6814 - Validation Loss: 0.7113
INFO - Epoch 86, Loss: 0.6795 - Validation Loss: 0.7094
INFO - Epoch 87, Loss: 0.6776 - Validation Loss: 0.7076
INFO - Epoch 88, Loss: 0.6758 - Validation Loss: 0.7058
INFO - Epoch 89, Loss: 0.6740 - Validation Loss: 0.7040
INFO - Epoch 90, Loss: 0.6722 - Validation Loss: 0.7023
INFO - Epoch 91, Loss: 0.6705 - Validation Loss: 0.7006
INFO - Epoch 92, Loss: 0.6689 - Validation Loss: 0.6990
INFO - Epoch 93, Loss: 0.6672 - Validation Loss: 0.6973
INFO - Epoch 94, Loss: 0.6656 - Validation Loss: 0.6957
INFO - Epoch 95, Loss: 0.6641 - Validation Loss: 0.6942
INFO - Epoch 96, Loss: 0.6626 - Validation Loss: 0.6926
INFO - Epoch 97, Loss: 0.6611 - Validation Loss: 0.6911
INFO - Epoch 98, Loss: 0.6596 - Validation Loss: 0.6897
INFO - Epoch 99, Loss: 0.6582 - Validation Loss: 0.6882
INFO - Epoch 100, Loss: 0.6568 - Validation Loss: 0.6868
INFO - Fold 3, Accuracy on training dataset: 0.9533
INFO - Fold 3, Accuracy on validation dataset: 0.9429
INFO - Fold 3, Accuracy on test dataset: 0.8889
INFO - =========================
INFO - ======= Fold 4 =======
INFO - Epoch 1, Loss: 1.0901 - Validation Loss: 1.1029
INFO - Epoch 2, Loss: 1.0830 - Validation Loss: 1.0959
INFO - Epoch 3, Loss: 1.0759 - Validation Loss: 1.0889
INFO - Epoch 4, Loss: 1.0687 - Validation Loss: 1.0819
INFO - Epoch 5, Loss: 1.0615 - Validation Loss: 1.0748
INFO - Epoch 6, Loss: 1.0543 - Validation Loss: 1.0677
INFO - Epoch 7, Loss: 1.0471 - Validation Loss: 1.0605
INFO - Epoch 8, Loss: 1.0398 - Validation Loss: 1.0533
INFO - Epoch 9, Loss: 1.0326 - Validation Loss: 1.0462
INFO - Epoch 10, Loss: 1.0253 - Validation Loss: 1.0389
INFO - Epoch 11, Loss: 1.0180 - Validation Loss: 1.0317
INFO - Epoch 12, Loss: 1.0107 - Validation Loss: 1.0245
INFO - Epoch 13, Loss: 1.0035 - Validation Loss: 1.0172
INFO - Epoch 14, Loss: 0.9962 - Validation Loss: 1.0100
INFO - Epoch 15, Loss: 0.9889 - Validation Loss: 1.0028
INFO - Epoch 16, Loss: 0.9817 - Validation Loss: 0.9955
INFO - Epoch 17, Loss: 0.9745 - Validation Loss: 0.9883
INFO - Epoch 18, Loss: 0.9673 - Validation Loss: 0.9812
INFO - Epoch 19, Loss: 0.9602 - Validation Loss: 0.9740
INFO - Epoch 20, Loss: 0.9531 - Validation Loss: 0.9669
INFO - Epoch 21, Loss: 0.9460 - Validation Loss: 0.9598
INFO - Epoch 22, Loss: 0.9390 - Validation Loss: 0.9527
INFO - Epoch 23, Loss: 0.9320 - Validation Loss: 0.9457
INFO - Epoch 24, Loss: 0.9251 - Validation Loss: 0.9388
INFO - Epoch 25, Loss: 0.9183 - Validation Loss: 0.9319
INFO - Epoch 26, Loss: 0.9115 - Validation Loss: 0.9250
INFO - Epoch 27, Loss: 0.9048 - Validation Loss: 0.9183
INFO - Epoch 28, Loss: 0.8982 - Validation Loss: 0.9116
INFO - Epoch 29, Loss: 0.8916 - Validation Loss: 0.9050
INFO - Epoch 30, Loss: 0.8851 - Validation Loss: 0.8985
INFO - Epoch 31, Loss: 0.8787 - Validation Loss: 0.8920
INFO - Epoch 32, Loss: 0.8724 - Validation Loss: 0.8857
INFO - Epoch 33, Loss: 0.8662 - Validation Loss: 0.8795
INFO - Epoch 34, Loss: 0.8601 - Validation Loss: 0.8733
INFO - Epoch 35, Loss: 0.8541 - Validation Loss: 0.8673
INFO - Epoch 36, Loss: 0.8481 - Validation Loss: 0.8613
INFO - Epoch 37, Loss: 0.8423 - Validation Loss: 0.8555
INFO - Epoch 38, Loss: 0.8365 - Validation Loss: 0.8498
INFO - Epoch 39, Loss: 0.8309 - Validation Loss: 0.8442
INFO - Epoch 40, Loss: 0.8254 - Validation Loss: 0.8387
INFO - Epoch 41, Loss: 0.8199 - Validation Loss: 0.8333
INFO - Epoch 42, Loss: 0.8146 - Validation Loss: 0.8281
INFO - Epoch 43, Loss: 0.8093 - Validation Loss: 0.8230
INFO - Epoch 44, Loss: 0.8042 - Validation Loss: 0.8179
INFO - Epoch 45, Loss: 0.7992 - Validation Loss: 0.8130
INFO - Epoch 46, Loss: 0.7942 - Validation Loss: 0.8082
INFO - Epoch 47, Loss: 0.7894 - Validation Loss: 0.8036
INFO - Epoch 48, Loss: 0.7847 - Validation Loss: 0.7990
INFO - Epoch 49, Loss: 0.7800 - Validation Loss: 0.7946
INFO - Epoch 50, Loss: 0.7755 - Validation Loss: 0.7903
INFO - Epoch 51, Loss: 0.7711 - Validation Loss: 0.7861
INFO - Epoch 52, Loss: 0.7667 - Validation Loss: 0.7820
INFO - Epoch 53, Loss: 0.7625 - Validation Loss: 0.7780
INFO - Epoch 54, Loss: 0.7583 - Validation Loss: 0.7741
INFO - Epoch 55, Loss: 0.7543 - Validation Loss: 0.7703
INFO - Epoch 56, Loss: 0.7503 - Validation Loss: 0.7667
INFO - Epoch 57, Loss: 0.7464 - Validation Loss: 0.7631
INFO - Epoch 58, Loss: 0.7426 - Validation Loss: 0.7596
INFO - Epoch 59, Loss: 0.7389 - Validation Loss: 0.7562
INFO - Epoch 60, Loss: 0.7353 - Validation Loss: 0.7530
INFO - Epoch 61, Loss: 0.7318 - Validation Loss: 0.7498
INFO - Epoch 62, Loss: 0.7283 - Validation Loss: 0.7467
INFO - Epoch 63, Loss: 0.7249 - Validation Loss: 0.7437
INFO - Epoch 64, Loss: 0.7216 - Validation Loss: 0.7408
INFO - Epoch 65, Loss: 0.7184 - Validation Loss: 0.7379
INFO - Epoch 66, Loss: 0.7153 - Validation Loss: 0.7351
INFO - Epoch 67, Loss: 0.7122 - Validation Loss: 0.7325
INFO - Epoch 68, Loss: 0.7092 - Validation Loss: 0.7299
INFO - Epoch 69, Loss: 0.7063 - Validation Loss: 0.7273
INFO - Epoch 70, Loss: 0.7034 - Validation Loss: 0.7249
INFO - Epoch 71, Loss: 0.7007 - Validation Loss: 0.7225
INFO - Epoch 72, Loss: 0.6979 - Validation Loss: 0.7201
INFO - Epoch 73, Loss: 0.6953 - Validation Loss: 0.7179
INFO - Epoch 74, Loss: 0.6927 - Validation Loss: 0.7157
INFO - Epoch 75, Loss: 0.6902 - Validation Loss: 0.7135
INFO - Epoch 76, Loss: 0.6877 - Validation Loss: 0.7114
INFO - Epoch 77, Loss: 0.6853 - Validation Loss: 0.7094
INFO - Epoch 78, Loss: 0.6830 - Validation Loss: 0.7074
INFO - Epoch 79, Loss: 0.6807 - Validation Loss: 0.7055
INFO - Epoch 80, Loss: 0.6784 - Validation Loss: 0.7036
INFO - Epoch 81, Loss: 0.6763 - Validation Loss: 0.7018
INFO - Epoch 82, Loss: 0.6741 - Validation Loss: 0.7000
INFO - Epoch 83, Loss: 0.6720 - Validation Loss: 0.6983
INFO - Epoch 84, Loss: 0.6700 - Validation Loss: 0.6966
INFO - Epoch 85, Loss: 0.6680 - Validation Loss: 0.6950
INFO - Epoch 86, Loss: 0.6661 - Validation Loss: 0.6934
INFO - Epoch 87, Loss: 0.6642 - Validation Loss: 0.6918
INFO - Epoch 88, Loss: 0.6623 - Validation Loss: 0.6903
INFO - Epoch 89, Loss: 0.6605 - Validation Loss: 0.6888
INFO - Epoch 90, Loss: 0.6588 - Validation Loss: 0.6874
INFO - Epoch 91, Loss: 0.6571 - Validation Loss: 0.6860
INFO - Epoch 92, Loss: 0.6554 - Validation Loss: 0.6846
INFO - Epoch 93, Loss: 0.6537 - Validation Loss: 0.6833
INFO - Epoch 94, Loss: 0.6521 - Validation Loss: 0.6820
INFO - Epoch 95, Loss: 0.6505 - Validation Loss: 0.6807
INFO - Epoch 96, Loss: 0.6490 - Validation Loss: 0.6794
INFO - Epoch 97, Loss: 0.6475 - Validation Loss: 0.6782
INFO - Epoch 98, Loss: 0.6460 - Validation Loss: 0.6770
INFO - Epoch 99, Loss: 0.6446 - Validation Loss: 0.6759
INFO - Epoch 100, Loss: 0.6432 - Validation Loss: 0.6747
INFO - Fold 4, Accuracy on training dataset: 0.9813
INFO - Fold 4, Accuracy on validation dataset: 0.9429
INFO - Fold 4, Accuracy on test dataset: 0.9722
INFO - =========================
INFO - Best model saved at: ./models/wine_best_model.pth
INFO - =============================================
INFO - Model Setup:
INFO - dataset: wine
INFO - inputdim: 13
INFO - outputdim: 3
INFO - nsamples: 142
INFO - hiddenlayers: [39]
INFO - lr: 0.001
INFO - n_epochs: 100
INFO - n_folds: 4
INFO - =============================================
INFO - Mean time per epoch and folder: 0.5297 seconds
INFO - Mean accuracy on training dataset: 0.9719
INFO - Mean accuracy on validation dataset: 0.9645
INFO - Mean accuracy on test dataset: 0.9375
INFO - Standard deviation of accuracy on test dataset: 0.0361
INFO - =============================================
