INFO - ======= Fold 1 =======
INFO - PSO configurado con límites: [-1, 1]
INFO - Epoch 0 - Train Loss: 0.5216 - Val Loss: 0.4759 - Best Val Loss: 0.4759
INFO - Epoch 1 - Train Loss: 0.5216 - Val Loss: 0.4759 - Best Val Loss: 0.4759
INFO - Epoch 2 - Train Loss: 0.5134 - Val Loss: 0.5254 - Best Val Loss: 0.4759
INFO - Epoch 3 - Train Loss: 0.4352 - Val Loss: 0.4365 - Best Val Loss: 0.4365
INFO - Epoch 4 - Train Loss: 0.4352 - Val Loss: 0.4365 - Best Val Loss: 0.4365
INFO - Epoch 5 - Train Loss: 0.3963 - Val Loss: 0.3932 - Best Val Loss: 0.3932
INFO - Epoch 6 - Train Loss: 0.3917 - Val Loss: 0.3722 - Best Val Loss: 0.3722
INFO - Epoch 7 - Train Loss: 0.3917 - Val Loss: 0.3722 - Best Val Loss: 0.3722
INFO - Epoch 8 - Train Loss: 0.3911 - Val Loss: 0.4042 - Best Val Loss: 0.3722
INFO - Epoch 9 - Train Loss: 0.3895 - Val Loss: 0.4118 - Best Val Loss: 0.3722
INFO - Epoch 10 - Train Loss: 0.3848 - Val Loss: 0.3893 - Best Val Loss: 0.3722
INFO - Epoch 11 - Train Loss: 0.3785 - Val Loss: 0.3823 - Best Val Loss: 0.3722
INFO - Epoch 12 - Train Loss: 0.3775 - Val Loss: 0.3932 - Best Val Loss: 0.3722
INFO - Epoch 13 - Train Loss: 0.3706 - Val Loss: 0.4013 - Best Val Loss: 0.3722
INFO - Epoch 14 - Train Loss: 0.3706 - Val Loss: 0.4013 - Best Val Loss: 0.3722
INFO - Epoch 15 - Train Loss: 0.3706 - Val Loss: 0.4013 - Best Val Loss: 0.3722
INFO - Epoch 16 - Train Loss: 0.3697 - Val Loss: 0.3876 - Best Val Loss: 0.3722
INFO - Epoch 17 - Train Loss: 0.3674 - Val Loss: 0.3933 - Best Val Loss: 0.3722
INFO - Epoch 18 - Train Loss: 0.3674 - Val Loss: 0.3933 - Best Val Loss: 0.3722
INFO - Epoch 19 - Train Loss: 0.3643 - Val Loss: 0.3920 - Best Val Loss: 0.3722
INFO - Epoch 20 - Train Loss: 0.3619 - Val Loss: 0.3828 - Best Val Loss: 0.3722
INFO - Epoch 21 - Train Loss: 0.3607 - Val Loss: 0.3936 - Best Val Loss: 0.3722
INFO - Epoch 22 - Train Loss: 0.3605 - Val Loss: 0.3919 - Best Val Loss: 0.3722
INFO - Epoch 23 - Train Loss: 0.3598 - Val Loss: 0.3872 - Best Val Loss: 0.3722
INFO - Epoch 24 - Train Loss: 0.3588 - Val Loss: 0.3910 - Best Val Loss: 0.3722
INFO - Epoch 25 - Train Loss: 0.3583 - Val Loss: 0.3913 - Best Val Loss: 0.3722
INFO - Epoch 26 - Train Loss: 0.3579 - Val Loss: 0.3884 - Best Val Loss: 0.3722
INFO - Epoch 27 - Train Loss: 0.3577 - Val Loss: 0.3882 - Best Val Loss: 0.3722
INFO - Epoch 28 - Train Loss: 0.3573 - Val Loss: 0.3895 - Best Val Loss: 0.3722
INFO - Epoch 29 - Train Loss: 0.3569 - Val Loss: 0.3888 - Best Val Loss: 0.3722
INFO - Epoch 30 - Train Loss: 0.3563 - Val Loss: 0.3892 - Best Val Loss: 0.3722
INFO - Epoch 31 - Train Loss: 0.3557 - Val Loss: 0.3902 - Best Val Loss: 0.3722
INFO - Epoch 32 - Train Loss: 0.3554 - Val Loss: 0.3921 - Best Val Loss: 0.3722
INFO - Epoch 33 - Train Loss: 0.3548 - Val Loss: 0.3911 - Best Val Loss: 0.3722
INFO - Epoch 34 - Train Loss: 0.3543 - Val Loss: 0.3910 - Best Val Loss: 0.3722
INFO - Epoch 35 - Train Loss: 0.3538 - Val Loss: 0.3919 - Best Val Loss: 0.3722
INFO - Epoch 36 - Train Loss: 0.3533 - Val Loss: 0.3909 - Best Val Loss: 0.3722
INFO - Epoch 37 - Train Loss: 0.3529 - Val Loss: 0.3906 - Best Val Loss: 0.3722
INFO - Epoch 38 - Train Loss: 0.3524 - Val Loss: 0.3897 - Best Val Loss: 0.3722
INFO - Epoch 39 - Train Loss: 0.3517 - Val Loss: 0.3894 - Best Val Loss: 0.3722
INFO - Epoch 40 - Train Loss: 0.3509 - Val Loss: 0.3895 - Best Val Loss: 0.3722
INFO - Epoch 41 - Train Loss: 0.3505 - Val Loss: 0.3911 - Best Val Loss: 0.3722
INFO - Epoch 42 - Train Loss: 0.3503 - Val Loss: 0.3926 - Best Val Loss: 0.3722
INFO - Epoch 43 - Train Loss: 0.3501 - Val Loss: 0.3909 - Best Val Loss: 0.3722
INFO - Epoch 44 - Train Loss: 0.3499 - Val Loss: 0.3898 - Best Val Loss: 0.3722
INFO - Epoch 45 - Train Loss: 0.3498 - Val Loss: 0.3886 - Best Val Loss: 0.3722
INFO - Epoch 46 - Train Loss: 0.3497 - Val Loss: 0.3906 - Best Val Loss: 0.3722
INFO - Epoch 47 - Train Loss: 0.3496 - Val Loss: 0.3906 - Best Val Loss: 0.3722
INFO - Epoch 48 - Train Loss: 0.3495 - Val Loss: 0.3906 - Best Val Loss: 0.3722
INFO - Epoch 49 - Train Loss: 0.3494 - Val Loss: 0.3908 - Best Val Loss: 0.3722
INFO - Epoch 50 - Train Loss: 0.3493 - Val Loss: 0.3907 - Best Val Loss: 0.3722
INFO - Epoch 51 - Train Loss: 0.3491 - Val Loss: 0.3907 - Best Val Loss: 0.3722
INFO - Epoch 52 - Train Loss: 0.3490 - Val Loss: 0.3907 - Best Val Loss: 0.3722
INFO - Epoch 53 - Train Loss: 0.3489 - Val Loss: 0.3908 - Best Val Loss: 0.3722
INFO - Epoch 54 - Train Loss: 0.3487 - Val Loss: 0.3908 - Best Val Loss: 0.3722
INFO - Epoch 55 - Train Loss: 0.3485 - Val Loss: 0.3910 - Best Val Loss: 0.3722
INFO - Epoch 56 - Train Loss: 0.3483 - Val Loss: 0.3914 - Best Val Loss: 0.3722
INFO - Epoch 57 - Train Loss: 0.3481 - Val Loss: 0.3910 - Best Val Loss: 0.3722
INFO - Epoch 58 - Train Loss: 0.3480 - Val Loss: 0.3906 - Best Val Loss: 0.3722
INFO - Epoch 59 - Train Loss: 0.3477 - Val Loss: 0.3905 - Best Val Loss: 0.3722
INFO - Epoch 60 - Train Loss: 0.3474 - Val Loss: 0.3909 - Best Val Loss: 0.3722
INFO - Epoch 61 - Train Loss: 0.3471 - Val Loss: 0.3914 - Best Val Loss: 0.3722
INFO - Epoch 62 - Train Loss: 0.3469 - Val Loss: 0.3920 - Best Val Loss: 0.3722
INFO - Epoch 63 - Train Loss: 0.3467 - Val Loss: 0.3911 - Best Val Loss: 0.3722
INFO - Epoch 64 - Train Loss: 0.3465 - Val Loss: 0.3905 - Best Val Loss: 0.3722
INFO - Epoch 65 - Train Loss: 0.3463 - Val Loss: 0.3909 - Best Val Loss: 0.3722
INFO - Epoch 66 - Train Loss: 0.3461 - Val Loss: 0.3911 - Best Val Loss: 0.3722
INFO - Epoch 67 - Train Loss: 0.3460 - Val Loss: 0.3910 - Best Val Loss: 0.3722
INFO - Epoch 68 - Train Loss: 0.3458 - Val Loss: 0.3911 - Best Val Loss: 0.3722
INFO - Epoch 69 - Train Loss: 0.3457 - Val Loss: 0.3905 - Best Val Loss: 0.3722
INFO - Epoch 70 - Train Loss: 0.3455 - Val Loss: 0.3904 - Best Val Loss: 0.3722
INFO - Epoch 71 - Train Loss: 0.3453 - Val Loss: 0.3898 - Best Val Loss: 0.3722
INFO - Epoch 72 - Train Loss: 0.3452 - Val Loss: 0.3891 - Best Val Loss: 0.3722
INFO - Epoch 73 - Train Loss: 0.3451 - Val Loss: 0.3894 - Best Val Loss: 0.3722
INFO - Epoch 74 - Train Loss: 0.3450 - Val Loss: 0.3892 - Best Val Loss: 0.3722
INFO - Epoch 75 - Train Loss: 0.3449 - Val Loss: 0.3898 - Best Val Loss: 0.3722
INFO - Epoch 76 - Train Loss: 0.3448 - Val Loss: 0.3895 - Best Val Loss: 0.3722
INFO - Epoch 77 - Train Loss: 0.3447 - Val Loss: 0.3892 - Best Val Loss: 0.3722
INFO - Epoch 78 - Train Loss: 0.3446 - Val Loss: 0.3892 - Best Val Loss: 0.3722
INFO - Epoch 79 - Train Loss: 0.3446 - Val Loss: 0.3893 - Best Val Loss: 0.3722
INFO - Epoch 80 - Train Loss: 0.3445 - Val Loss: 0.3889 - Best Val Loss: 0.3722
INFO - Epoch 81 - Train Loss: 0.3444 - Val Loss: 0.3901 - Best Val Loss: 0.3722
INFO - Epoch 82 - Train Loss: 0.3443 - Val Loss: 0.3902 - Best Val Loss: 0.3722
INFO - Epoch 83 - Train Loss: 0.3442 - Val Loss: 0.3911 - Best Val Loss: 0.3722
INFO - Epoch 84 - Train Loss: 0.3441 - Val Loss: 0.3915 - Best Val Loss: 0.3722
INFO - Epoch 85 - Train Loss: 0.3440 - Val Loss: 0.3917 - Best Val Loss: 0.3722
INFO - Epoch 86 - Train Loss: 0.3440 - Val Loss: 0.3914 - Best Val Loss: 0.3722
INFO - Epoch 87 - Train Loss: 0.3439 - Val Loss: 0.3919 - Best Val Loss: 0.3722
INFO - Epoch 88 - Train Loss: 0.3438 - Val Loss: 0.3919 - Best Val Loss: 0.3722
INFO - Epoch 89 - Train Loss: 0.3437 - Val Loss: 0.3922 - Best Val Loss: 0.3722
INFO - Epoch 90 - Train Loss: 0.3436 - Val Loss: 0.3932 - Best Val Loss: 0.3722
INFO - Epoch 91 - Train Loss: 0.3436 - Val Loss: 0.3932 - Best Val Loss: 0.3722
INFO - Epoch 92 - Train Loss: 0.3435 - Val Loss: 0.3936 - Best Val Loss: 0.3722
INFO - Epoch 93 - Train Loss: 0.3435 - Val Loss: 0.3939 - Best Val Loss: 0.3722
INFO - Epoch 94 - Train Loss: 0.3434 - Val Loss: 0.3944 - Best Val Loss: 0.3722
INFO - Epoch 95 - Train Loss: 0.3434 - Val Loss: 0.3946 - Best Val Loss: 0.3722
INFO - Epoch 96 - Train Loss: 0.3433 - Val Loss: 0.3956 - Best Val Loss: 0.3722
INFO - Epoch 97 - Train Loss: 0.3433 - Val Loss: 0.3956 - Best Val Loss: 0.3722
INFO - Epoch 98 - Train Loss: 0.3432 - Val Loss: 0.3952 - Best Val Loss: 0.3722
INFO - Epoch 99 - Train Loss: 0.3431 - Val Loss: 0.3954 - Best Val Loss: 0.3722
INFO - Fold 1, Training accuracy: 0.9267
INFO - Fold 1, Validation accuracy: 0.9474
INFO - Fold 1, Test accuracy: 0.8947
INFO - =========================
INFO - ======= Fold 2 =======
INFO - PSO configurado con límites: [-1, 1]
INFO - Epoch 0 - Train Loss: 0.6085 - Val Loss: 0.6289 - Best Val Loss: 0.6289
INFO - Epoch 1 - Train Loss: 0.5252 - Val Loss: 0.5301 - Best Val Loss: 0.5301
INFO - Epoch 2 - Train Loss: 0.4754 - Val Loss: 0.5019 - Best Val Loss: 0.5019
INFO - Epoch 3 - Train Loss: 0.4222 - Val Loss: 0.4986 - Best Val Loss: 0.4986
INFO - Epoch 4 - Train Loss: 0.4196 - Val Loss: 0.4690 - Best Val Loss: 0.4690
INFO - Epoch 5 - Train Loss: 0.3976 - Val Loss: 0.4351 - Best Val Loss: 0.4351
INFO - Epoch 6 - Train Loss: 0.3976 - Val Loss: 0.4351 - Best Val Loss: 0.4351
INFO - Epoch 7 - Train Loss: 0.3976 - Val Loss: 0.4351 - Best Val Loss: 0.4351
INFO - Epoch 8 - Train Loss: 0.3888 - Val Loss: 0.4243 - Best Val Loss: 0.4243
INFO - Epoch 9 - Train Loss: 0.3820 - Val Loss: 0.4353 - Best Val Loss: 0.4243
INFO - Epoch 10 - Train Loss: 0.3776 - Val Loss: 0.4329 - Best Val Loss: 0.4243
INFO - Epoch 11 - Train Loss: 0.3695 - Val Loss: 0.4363 - Best Val Loss: 0.4243
INFO - Epoch 12 - Train Loss: 0.3680 - Val Loss: 0.4296 - Best Val Loss: 0.4243
INFO - Epoch 13 - Train Loss: 0.3669 - Val Loss: 0.4226 - Best Val Loss: 0.4226
INFO - Epoch 14 - Train Loss: 0.3622 - Val Loss: 0.4220 - Best Val Loss: 0.4220
INFO - Epoch 15 - Train Loss: 0.3612 - Val Loss: 0.4216 - Best Val Loss: 0.4216
INFO - Epoch 16 - Train Loss: 0.3571 - Val Loss: 0.4376 - Best Val Loss: 0.4216
INFO - Epoch 17 - Train Loss: 0.3534 - Val Loss: 0.4294 - Best Val Loss: 0.4216
INFO - Epoch 18 - Train Loss: 0.3534 - Val Loss: 0.4294 - Best Val Loss: 0.4216
INFO - Epoch 19 - Train Loss: 0.3532 - Val Loss: 0.4286 - Best Val Loss: 0.4216
INFO - Epoch 20 - Train Loss: 0.3532 - Val Loss: 0.4286 - Best Val Loss: 0.4216
INFO - Epoch 21 - Train Loss: 0.3532 - Val Loss: 0.4298 - Best Val Loss: 0.4216
INFO - Epoch 22 - Train Loss: 0.3530 - Val Loss: 0.4284 - Best Val Loss: 0.4216
INFO - Epoch 23 - Train Loss: 0.3530 - Val Loss: 0.4284 - Best Val Loss: 0.4216
INFO - Epoch 24 - Train Loss: 0.3529 - Val Loss: 0.4264 - Best Val Loss: 0.4216
INFO - Epoch 25 - Train Loss: 0.3528 - Val Loss: 0.4261 - Best Val Loss: 0.4216
INFO - Epoch 26 - Train Loss: 0.3527 - Val Loss: 0.4280 - Best Val Loss: 0.4216
INFO - Epoch 27 - Train Loss: 0.3527 - Val Loss: 0.4243 - Best Val Loss: 0.4216
INFO - Epoch 28 - Train Loss: 0.3526 - Val Loss: 0.4229 - Best Val Loss: 0.4216
INFO - Epoch 29 - Train Loss: 0.3526 - Val Loss: 0.4235 - Best Val Loss: 0.4216
INFO - Epoch 30 - Train Loss: 0.3525 - Val Loss: 0.4246 - Best Val Loss: 0.4216
INFO - Epoch 31 - Train Loss: 0.3525 - Val Loss: 0.4212 - Best Val Loss: 0.4212
INFO - Epoch 32 - Train Loss: 0.3525 - Val Loss: 0.4215 - Best Val Loss: 0.4212
INFO - Epoch 33 - Train Loss: 0.3524 - Val Loss: 0.4198 - Best Val Loss: 0.4198
INFO - Epoch 34 - Train Loss: 0.3524 - Val Loss: 0.4188 - Best Val Loss: 0.4188
INFO - Epoch 35 - Train Loss: 0.3524 - Val Loss: 0.4199 - Best Val Loss: 0.4188
INFO - Epoch 36 - Train Loss: 0.3524 - Val Loss: 0.4199 - Best Val Loss: 0.4188
INFO - Epoch 37 - Train Loss: 0.3524 - Val Loss: 0.4188 - Best Val Loss: 0.4188
INFO - Epoch 38 - Train Loss: 0.3523 - Val Loss: 0.4186 - Best Val Loss: 0.4186
INFO - Epoch 39 - Train Loss: 0.3523 - Val Loss: 0.4180 - Best Val Loss: 0.4180
INFO - Epoch 40 - Train Loss: 0.3523 - Val Loss: 0.4179 - Best Val Loss: 0.4179
INFO - Epoch 41 - Train Loss: 0.3523 - Val Loss: 0.4177 - Best Val Loss: 0.4177
INFO - Epoch 42 - Train Loss: 0.3523 - Val Loss: 0.4173 - Best Val Loss: 0.4173
INFO - Epoch 43 - Train Loss: 0.3523 - Val Loss: 0.4172 - Best Val Loss: 0.4172
INFO - Epoch 44 - Train Loss: 0.3523 - Val Loss: 0.4167 - Best Val Loss: 0.4167
INFO - Epoch 45 - Train Loss: 0.3523 - Val Loss: 0.4158 - Best Val Loss: 0.4158
INFO - Epoch 46 - Train Loss: 0.3523 - Val Loss: 0.4145 - Best Val Loss: 0.4145
INFO - Epoch 47 - Train Loss: 0.3522 - Val Loss: 0.4110 - Best Val Loss: 0.4110
INFO - Epoch 48 - Train Loss: 0.3522 - Val Loss: 0.4086 - Best Val Loss: 0.4086
INFO - Epoch 49 - Train Loss: 0.3522 - Val Loss: 0.4083 - Best Val Loss: 0.4083
INFO - Epoch 50 - Train Loss: 0.3522 - Val Loss: 0.4081 - Best Val Loss: 0.4081
INFO - Epoch 51 - Train Loss: 0.3522 - Val Loss: 0.4077 - Best Val Loss: 0.4077
INFO - Epoch 52 - Train Loss: 0.3522 - Val Loss: 0.4076 - Best Val Loss: 0.4076
INFO - Epoch 53 - Train Loss: 0.3522 - Val Loss: 0.4076 - Best Val Loss: 0.4076
INFO - Epoch 54 - Train Loss: 0.3522 - Val Loss: 0.4072 - Best Val Loss: 0.4072
INFO - Epoch 55 - Train Loss: 0.3522 - Val Loss: 0.4071 - Best Val Loss: 0.4071
INFO - Epoch 56 - Train Loss: 0.3522 - Val Loss: 0.4069 - Best Val Loss: 0.4069
INFO - Epoch 57 - Train Loss: 0.3522 - Val Loss: 0.4071 - Best Val Loss: 0.4069
INFO - Epoch 58 - Train Loss: 0.3522 - Val Loss: 0.4071 - Best Val Loss: 0.4069
INFO - Epoch 59 - Train Loss: 0.3522 - Val Loss: 0.4074 - Best Val Loss: 0.4069
INFO - Epoch 60 - Train Loss: 0.3522 - Val Loss: 0.4074 - Best Val Loss: 0.4069
INFO - Epoch 61 - Train Loss: 0.3522 - Val Loss: 0.4073 - Best Val Loss: 0.4069
INFO - Epoch 62 - Train Loss: 0.3522 - Val Loss: 0.4074 - Best Val Loss: 0.4069
INFO - Epoch 63 - Train Loss: 0.3521 - Val Loss: 0.4074 - Best Val Loss: 0.4069
INFO - Epoch 64 - Train Loss: 0.3521 - Val Loss: 0.4074 - Best Val Loss: 0.4069
INFO - Epoch 65 - Train Loss: 0.3521 - Val Loss: 0.4073 - Best Val Loss: 0.4069
INFO - Epoch 66 - Train Loss: 0.3521 - Val Loss: 0.4073 - Best Val Loss: 0.4069
INFO - Epoch 67 - Train Loss: 0.3521 - Val Loss: 0.4072 - Best Val Loss: 0.4069
INFO - Epoch 68 - Train Loss: 0.3521 - Val Loss: 0.4072 - Best Val Loss: 0.4069
INFO - Epoch 69 - Train Loss: 0.3521 - Val Loss: 0.4073 - Best Val Loss: 0.4069
INFO - Epoch 70 - Train Loss: 0.3521 - Val Loss: 0.4072 - Best Val Loss: 0.4069
INFO - Epoch 71 - Train Loss: 0.3521 - Val Loss: 0.4072 - Best Val Loss: 0.4069
INFO - Epoch 72 - Train Loss: 0.3521 - Val Loss: 0.4071 - Best Val Loss: 0.4069
INFO - Epoch 73 - Train Loss: 0.3521 - Val Loss: 0.4069 - Best Val Loss: 0.4069
INFO - Epoch 74 - Train Loss: 0.3521 - Val Loss: 0.4070 - Best Val Loss: 0.4069
INFO - Epoch 75 - Train Loss: 0.3521 - Val Loss: 0.4071 - Best Val Loss: 0.4069
INFO - Epoch 76 - Train Loss: 0.3521 - Val Loss: 0.4071 - Best Val Loss: 0.4069
INFO - Epoch 77 - Train Loss: 0.3521 - Val Loss: 0.4071 - Best Val Loss: 0.4069
INFO - Epoch 78 - Train Loss: 0.3521 - Val Loss: 0.4071 - Best Val Loss: 0.4069
INFO - Epoch 79 - Train Loss: 0.3521 - Val Loss: 0.4072 - Best Val Loss: 0.4069
INFO - Epoch 80 - Train Loss: 0.3521 - Val Loss: 0.4072 - Best Val Loss: 0.4069
INFO - Epoch 81 - Train Loss: 0.3521 - Val Loss: 0.4070 - Best Val Loss: 0.4069
INFO - Epoch 82 - Train Loss: 0.3521 - Val Loss: 0.4068 - Best Val Loss: 0.4068
INFO - Epoch 83 - Train Loss: 0.3520 - Val Loss: 0.4066 - Best Val Loss: 0.4066
INFO - Epoch 84 - Train Loss: 0.3520 - Val Loss: 0.4065 - Best Val Loss: 0.4065
INFO - Epoch 85 - Train Loss: 0.3520 - Val Loss: 0.4065 - Best Val Loss: 0.4065
INFO - Epoch 86 - Train Loss: 0.3520 - Val Loss: 0.4065 - Best Val Loss: 0.4065
INFO - Epoch 87 - Train Loss: 0.3520 - Val Loss: 0.4063 - Best Val Loss: 0.4063
INFO - Epoch 88 - Train Loss: 0.3520 - Val Loss: 0.4064 - Best Val Loss: 0.4063
INFO - Epoch 89 - Train Loss: 0.3520 - Val Loss: 0.4063 - Best Val Loss: 0.4063
INFO - Epoch 90 - Train Loss: 0.3520 - Val Loss: 0.4069 - Best Val Loss: 0.4063
INFO - Epoch 91 - Train Loss: 0.3520 - Val Loss: 0.4078 - Best Val Loss: 0.4063
INFO - Epoch 92 - Train Loss: 0.3520 - Val Loss: 0.4068 - Best Val Loss: 0.4063
INFO - Epoch 93 - Train Loss: 0.3520 - Val Loss: 0.4067 - Best Val Loss: 0.4063
INFO - Epoch 94 - Train Loss: 0.3520 - Val Loss: 0.4064 - Best Val Loss: 0.4063
INFO - Epoch 95 - Train Loss: 0.3520 - Val Loss: 0.4061 - Best Val Loss: 0.4061
INFO - Epoch 96 - Train Loss: 0.3520 - Val Loss: 0.4055 - Best Val Loss: 0.4055
INFO - Epoch 97 - Train Loss: 0.3520 - Val Loss: 0.4053 - Best Val Loss: 0.4053
INFO - Epoch 98 - Train Loss: 0.3520 - Val Loss: 0.4060 - Best Val Loss: 0.4053
INFO - Epoch 99 - Train Loss: 0.3520 - Val Loss: 0.4057 - Best Val Loss: 0.4053
INFO - Fold 2, Training accuracy: 0.9619
INFO - Fold 2, Validation accuracy: 0.9035
INFO - Fold 2, Test accuracy: 0.9211
INFO - =========================
INFO - ======= Fold 3 =======
INFO - PSO configurado con límites: [-1, 1]
INFO - Epoch 0 - Train Loss: 0.5524 - Val Loss: 0.5945 - Best Val Loss: 0.5945
INFO - Epoch 1 - Train Loss: 0.5022 - Val Loss: 0.5128 - Best Val Loss: 0.5128
INFO - Epoch 2 - Train Loss: 0.4924 - Val Loss: 0.4690 - Best Val Loss: 0.4690
INFO - Epoch 3 - Train Loss: 0.4751 - Val Loss: 0.4653 - Best Val Loss: 0.4653
INFO - Epoch 4 - Train Loss: 0.4157 - Val Loss: 0.4924 - Best Val Loss: 0.4653
INFO - Epoch 5 - Train Loss: 0.4157 - Val Loss: 0.4924 - Best Val Loss: 0.4653
INFO - Epoch 6 - Train Loss: 0.4156 - Val Loss: 0.3954 - Best Val Loss: 0.3954
INFO - Epoch 7 - Train Loss: 0.4081 - Val Loss: 0.4185 - Best Val Loss: 0.3954
INFO - Epoch 8 - Train Loss: 0.4033 - Val Loss: 0.4249 - Best Val Loss: 0.3954
INFO - Epoch 9 - Train Loss: 0.3892 - Val Loss: 0.3966 - Best Val Loss: 0.3954
INFO - Epoch 10 - Train Loss: 0.3886 - Val Loss: 0.3897 - Best Val Loss: 0.3897
INFO - Epoch 11 - Train Loss: 0.3886 - Val Loss: 0.3897 - Best Val Loss: 0.3897
INFO - Epoch 12 - Train Loss: 0.3886 - Val Loss: 0.3897 - Best Val Loss: 0.3897
INFO - Epoch 13 - Train Loss: 0.3872 - Val Loss: 0.3798 - Best Val Loss: 0.3798
INFO - Epoch 14 - Train Loss: 0.3857 - Val Loss: 0.4014 - Best Val Loss: 0.3798
INFO - Epoch 15 - Train Loss: 0.3846 - Val Loss: 0.3946 - Best Val Loss: 0.3798
INFO - Epoch 16 - Train Loss: 0.3831 - Val Loss: 0.3924 - Best Val Loss: 0.3798
INFO - Epoch 17 - Train Loss: 0.3805 - Val Loss: 0.3994 - Best Val Loss: 0.3798
INFO - Epoch 18 - Train Loss: 0.3801 - Val Loss: 0.3964 - Best Val Loss: 0.3798
INFO - Epoch 19 - Train Loss: 0.3783 - Val Loss: 0.3984 - Best Val Loss: 0.3798
INFO - Epoch 20 - Train Loss: 0.3778 - Val Loss: 0.3974 - Best Val Loss: 0.3798
INFO - Epoch 21 - Train Loss: 0.3772 - Val Loss: 0.3947 - Best Val Loss: 0.3798
INFO - Epoch 22 - Train Loss: 0.3762 - Val Loss: 0.3968 - Best Val Loss: 0.3798
INFO - Epoch 23 - Train Loss: 0.3752 - Val Loss: 0.3966 - Best Val Loss: 0.3798
INFO - Epoch 24 - Train Loss: 0.3747 - Val Loss: 0.3967 - Best Val Loss: 0.3798
INFO - Epoch 25 - Train Loss: 0.3743 - Val Loss: 0.3967 - Best Val Loss: 0.3798
INFO - Epoch 26 - Train Loss: 0.3737 - Val Loss: 0.3970 - Best Val Loss: 0.3798
INFO - Epoch 27 - Train Loss: 0.3731 - Val Loss: 0.3973 - Best Val Loss: 0.3798
INFO - Epoch 28 - Train Loss: 0.3722 - Val Loss: 0.3978 - Best Val Loss: 0.3798
INFO - Epoch 29 - Train Loss: 0.3718 - Val Loss: 0.3977 - Best Val Loss: 0.3798
INFO - Epoch 30 - Train Loss: 0.3715 - Val Loss: 0.3984 - Best Val Loss: 0.3798
INFO - Epoch 31 - Train Loss: 0.3711 - Val Loss: 0.3982 - Best Val Loss: 0.3798
INFO - Epoch 32 - Train Loss: 0.3707 - Val Loss: 0.3988 - Best Val Loss: 0.3798
INFO - Epoch 33 - Train Loss: 0.3702 - Val Loss: 0.3992 - Best Val Loss: 0.3798
INFO - Epoch 34 - Train Loss: 0.3699 - Val Loss: 0.3990 - Best Val Loss: 0.3798
INFO - Epoch 35 - Train Loss: 0.3696 - Val Loss: 0.3994 - Best Val Loss: 0.3798
INFO - Epoch 36 - Train Loss: 0.3694 - Val Loss: 0.3997 - Best Val Loss: 0.3798
INFO - Epoch 37 - Train Loss: 0.3691 - Val Loss: 0.3996 - Best Val Loss: 0.3798
INFO - Epoch 38 - Train Loss: 0.3688 - Val Loss: 0.3999 - Best Val Loss: 0.3798
INFO - Epoch 39 - Train Loss: 0.3684 - Val Loss: 0.3993 - Best Val Loss: 0.3798
INFO - Epoch 40 - Train Loss: 0.3682 - Val Loss: 0.3997 - Best Val Loss: 0.3798
INFO - Epoch 41 - Train Loss: 0.3680 - Val Loss: 0.3994 - Best Val Loss: 0.3798
INFO - Epoch 42 - Train Loss: 0.3678 - Val Loss: 0.3998 - Best Val Loss: 0.3798
INFO - Epoch 43 - Train Loss: 0.3676 - Val Loss: 0.4002 - Best Val Loss: 0.3798
INFO - Epoch 44 - Train Loss: 0.3675 - Val Loss: 0.4006 - Best Val Loss: 0.3798
INFO - Epoch 45 - Train Loss: 0.3674 - Val Loss: 0.4006 - Best Val Loss: 0.3798
INFO - Epoch 46 - Train Loss: 0.3672 - Val Loss: 0.4003 - Best Val Loss: 0.3798
INFO - Epoch 47 - Train Loss: 0.3671 - Val Loss: 0.4005 - Best Val Loss: 0.3798
INFO - Epoch 48 - Train Loss: 0.3670 - Val Loss: 0.4009 - Best Val Loss: 0.3798
INFO - Epoch 49 - Train Loss: 0.3669 - Val Loss: 0.4017 - Best Val Loss: 0.3798
INFO - Epoch 50 - Train Loss: 0.3668 - Val Loss: 0.4031 - Best Val Loss: 0.3798
INFO - Epoch 51 - Train Loss: 0.3667 - Val Loss: 0.4038 - Best Val Loss: 0.3798
INFO - Epoch 52 - Train Loss: 0.3665 - Val Loss: 0.4038 - Best Val Loss: 0.3798
INFO - Epoch 53 - Train Loss: 0.3664 - Val Loss: 0.4034 - Best Val Loss: 0.3798
INFO - Epoch 54 - Train Loss: 0.3663 - Val Loss: 0.4028 - Best Val Loss: 0.3798
INFO - Epoch 55 - Train Loss: 0.3662 - Val Loss: 0.4020 - Best Val Loss: 0.3798
INFO - Epoch 56 - Train Loss: 0.3661 - Val Loss: 0.4021 - Best Val Loss: 0.3798
INFO - Epoch 57 - Train Loss: 0.3661 - Val Loss: 0.4022 - Best Val Loss: 0.3798
INFO - Epoch 58 - Train Loss: 0.3659 - Val Loss: 0.4036 - Best Val Loss: 0.3798
INFO - Epoch 59 - Train Loss: 0.3658 - Val Loss: 0.4035 - Best Val Loss: 0.3798
INFO - Epoch 60 - Train Loss: 0.3657 - Val Loss: 0.4011 - Best Val Loss: 0.3798
INFO - Epoch 61 - Train Loss: 0.3656 - Val Loss: 0.3986 - Best Val Loss: 0.3798
INFO - Epoch 62 - Train Loss: 0.3655 - Val Loss: 0.3976 - Best Val Loss: 0.3798
INFO - Epoch 63 - Train Loss: 0.3655 - Val Loss: 0.3986 - Best Val Loss: 0.3798
INFO - Epoch 64 - Train Loss: 0.3653 - Val Loss: 0.4018 - Best Val Loss: 0.3798
INFO - Epoch 65 - Train Loss: 0.3652 - Val Loss: 0.4030 - Best Val Loss: 0.3798
INFO - Epoch 66 - Train Loss: 0.3651 - Val Loss: 0.4032 - Best Val Loss: 0.3798
INFO - Epoch 67 - Train Loss: 0.3651 - Val Loss: 0.4026 - Best Val Loss: 0.3798
INFO - Epoch 68 - Train Loss: 0.3650 - Val Loss: 0.4018 - Best Val Loss: 0.3798
INFO - Epoch 69 - Train Loss: 0.3649 - Val Loss: 0.3986 - Best Val Loss: 0.3798
INFO - Epoch 70 - Train Loss: 0.3648 - Val Loss: 0.4019 - Best Val Loss: 0.3798
INFO - Epoch 71 - Train Loss: 0.3647 - Val Loss: 0.4005 - Best Val Loss: 0.3798
INFO - Epoch 72 - Train Loss: 0.3646 - Val Loss: 0.4023 - Best Val Loss: 0.3798
INFO - Epoch 73 - Train Loss: 0.3644 - Val Loss: 0.4018 - Best Val Loss: 0.3798
INFO - Epoch 74 - Train Loss: 0.3643 - Val Loss: 0.4028 - Best Val Loss: 0.3798
INFO - Epoch 75 - Train Loss: 0.3642 - Val Loss: 0.4020 - Best Val Loss: 0.3798
INFO - Epoch 76 - Train Loss: 0.3641 - Val Loss: 0.4035 - Best Val Loss: 0.3798
INFO - Epoch 77 - Train Loss: 0.3639 - Val Loss: 0.4034 - Best Val Loss: 0.3798
INFO - Epoch 78 - Train Loss: 0.3638 - Val Loss: 0.4052 - Best Val Loss: 0.3798
INFO - Epoch 79 - Train Loss: 0.3636 - Val Loss: 0.4051 - Best Val Loss: 0.3798
INFO - Epoch 80 - Train Loss: 0.3634 - Val Loss: 0.4063 - Best Val Loss: 0.3798
INFO - Epoch 81 - Train Loss: 0.3633 - Val Loss: 0.4061 - Best Val Loss: 0.3798
INFO - Epoch 82 - Train Loss: 0.3632 - Val Loss: 0.4048 - Best Val Loss: 0.3798
INFO - Epoch 83 - Train Loss: 0.3630 - Val Loss: 0.4045 - Best Val Loss: 0.3798
INFO - Epoch 84 - Train Loss: 0.3629 - Val Loss: 0.4045 - Best Val Loss: 0.3798
INFO - Epoch 85 - Train Loss: 0.3628 - Val Loss: 0.4037 - Best Val Loss: 0.3798
INFO - Epoch 86 - Train Loss: 0.3626 - Val Loss: 0.4037 - Best Val Loss: 0.3798
INFO - Epoch 87 - Train Loss: 0.3624 - Val Loss: 0.4034 - Best Val Loss: 0.3798
INFO - Epoch 88 - Train Loss: 0.3623 - Val Loss: 0.4026 - Best Val Loss: 0.3798
INFO - Epoch 89 - Train Loss: 0.3622 - Val Loss: 0.4016 - Best Val Loss: 0.3798
INFO - Epoch 90 - Train Loss: 0.3620 - Val Loss: 0.4009 - Best Val Loss: 0.3798
INFO - Epoch 91 - Train Loss: 0.3618 - Val Loss: 0.3999 - Best Val Loss: 0.3798
INFO - Epoch 92 - Train Loss: 0.3618 - Val Loss: 0.3993 - Best Val Loss: 0.3798
INFO - Epoch 93 - Train Loss: 0.3617 - Val Loss: 0.3987 - Best Val Loss: 0.3798
INFO - Epoch 94 - Train Loss: 0.3616 - Val Loss: 0.3982 - Best Val Loss: 0.3798
INFO - Epoch 95 - Train Loss: 0.3616 - Val Loss: 0.3978 - Best Val Loss: 0.3798
INFO - Epoch 96 - Train Loss: 0.3615 - Val Loss: 0.3974 - Best Val Loss: 0.3798
INFO - Epoch 97 - Train Loss: 0.3615 - Val Loss: 0.3974 - Best Val Loss: 0.3798
INFO - Epoch 98 - Train Loss: 0.3615 - Val Loss: 0.3975 - Best Val Loss: 0.3798
INFO - Epoch 99 - Train Loss: 0.3614 - Val Loss: 0.3974 - Best Val Loss: 0.3798
INFO - Fold 3, Training accuracy: 0.9296
INFO - Fold 3, Validation accuracy: 0.9211
INFO - Fold 3, Test accuracy: 0.8860
INFO - =========================
INFO - ======= Fold 4 =======
INFO - PSO configurado con límites: [-1, 1]
INFO - Epoch 0 - Train Loss: 0.5631 - Val Loss: 0.5399 - Best Val Loss: 0.5399
INFO - Epoch 1 - Train Loss: 0.5382 - Val Loss: 0.5614 - Best Val Loss: 0.5399
INFO - Epoch 2 - Train Loss: 0.4776 - Val Loss: 0.4618 - Best Val Loss: 0.4618
INFO - Epoch 3 - Train Loss: 0.4776 - Val Loss: 0.4618 - Best Val Loss: 0.4618
INFO - Epoch 4 - Train Loss: 0.4447 - Val Loss: 0.4270 - Best Val Loss: 0.4270
INFO - Epoch 5 - Train Loss: 0.4006 - Val Loss: 0.4116 - Best Val Loss: 0.4116
INFO - Epoch 6 - Train Loss: 0.3832 - Val Loss: 0.3789 - Best Val Loss: 0.3789
INFO - Epoch 7 - Train Loss: 0.3779 - Val Loss: 0.4311 - Best Val Loss: 0.3789
INFO - Epoch 8 - Train Loss: 0.3779 - Val Loss: 0.4311 - Best Val Loss: 0.3789
INFO - Epoch 9 - Train Loss: 0.3779 - Val Loss: 0.4311 - Best Val Loss: 0.3789
INFO - Epoch 10 - Train Loss: 0.3725 - Val Loss: 0.4158 - Best Val Loss: 0.3789
INFO - Epoch 11 - Train Loss: 0.3725 - Val Loss: 0.4158 - Best Val Loss: 0.3789
INFO - Epoch 12 - Train Loss: 0.3697 - Val Loss: 0.3865 - Best Val Loss: 0.3789
INFO - Epoch 13 - Train Loss: 0.3667 - Val Loss: 0.4112 - Best Val Loss: 0.3789
INFO - Epoch 14 - Train Loss: 0.3660 - Val Loss: 0.3818 - Best Val Loss: 0.3789
INFO - Epoch 15 - Train Loss: 0.3624 - Val Loss: 0.3846 - Best Val Loss: 0.3789
INFO - Epoch 16 - Train Loss: 0.3612 - Val Loss: 0.4007 - Best Val Loss: 0.3789
INFO - Epoch 17 - Train Loss: 0.3588 - Val Loss: 0.4008 - Best Val Loss: 0.3789
INFO - Epoch 18 - Train Loss: 0.3588 - Val Loss: 0.4008 - Best Val Loss: 0.3789
INFO - Epoch 19 - Train Loss: 0.3582 - Val Loss: 0.4036 - Best Val Loss: 0.3789
INFO - Epoch 20 - Train Loss: 0.3582 - Val Loss: 0.4036 - Best Val Loss: 0.3789
INFO - Epoch 21 - Train Loss: 0.3582 - Val Loss: 0.4036 - Best Val Loss: 0.3789
INFO - Epoch 22 - Train Loss: 0.3565 - Val Loss: 0.4026 - Best Val Loss: 0.3789
INFO - Epoch 23 - Train Loss: 0.3550 - Val Loss: 0.4048 - Best Val Loss: 0.3789
INFO - Epoch 24 - Train Loss: 0.3539 - Val Loss: 0.4067 - Best Val Loss: 0.3789
INFO - Epoch 25 - Train Loss: 0.3529 - Val Loss: 0.4068 - Best Val Loss: 0.3789
INFO - Epoch 26 - Train Loss: 0.3518 - Val Loss: 0.4068 - Best Val Loss: 0.3789
INFO - Epoch 27 - Train Loss: 0.3511 - Val Loss: 0.4059 - Best Val Loss: 0.3789
INFO - Epoch 28 - Train Loss: 0.3505 - Val Loss: 0.4053 - Best Val Loss: 0.3789
INFO - Epoch 29 - Train Loss: 0.3498 - Val Loss: 0.4054 - Best Val Loss: 0.3789
INFO - Epoch 30 - Train Loss: 0.3493 - Val Loss: 0.4054 - Best Val Loss: 0.3789
INFO - Epoch 31 - Train Loss: 0.3487 - Val Loss: 0.4049 - Best Val Loss: 0.3789
INFO - Epoch 32 - Train Loss: 0.3485 - Val Loss: 0.4036 - Best Val Loss: 0.3789
INFO - Epoch 33 - Train Loss: 0.3482 - Val Loss: 0.4047 - Best Val Loss: 0.3789
INFO - Epoch 34 - Train Loss: 0.3478 - Val Loss: 0.4035 - Best Val Loss: 0.3789
INFO - Epoch 35 - Train Loss: 0.3474 - Val Loss: 0.4032 - Best Val Loss: 0.3789
INFO - Epoch 36 - Train Loss: 0.3472 - Val Loss: 0.4028 - Best Val Loss: 0.3789
INFO - Epoch 37 - Train Loss: 0.3469 - Val Loss: 0.4033 - Best Val Loss: 0.3789
INFO - Epoch 38 - Train Loss: 0.3467 - Val Loss: 0.4031 - Best Val Loss: 0.3789
INFO - Epoch 39 - Train Loss: 0.3465 - Val Loss: 0.4031 - Best Val Loss: 0.3789
INFO - Epoch 40 - Train Loss: 0.3463 - Val Loss: 0.4015 - Best Val Loss: 0.3789
INFO - Epoch 41 - Train Loss: 0.3460 - Val Loss: 0.4021 - Best Val Loss: 0.3789
INFO - Epoch 42 - Train Loss: 0.3458 - Val Loss: 0.4026 - Best Val Loss: 0.3789
INFO - Epoch 43 - Train Loss: 0.3455 - Val Loss: 0.4027 - Best Val Loss: 0.3789
INFO - Epoch 44 - Train Loss: 0.3453 - Val Loss: 0.4028 - Best Val Loss: 0.3789
INFO - Epoch 45 - Train Loss: 0.3451 - Val Loss: 0.4026 - Best Val Loss: 0.3789
INFO - Epoch 46 - Train Loss: 0.3449 - Val Loss: 0.4028 - Best Val Loss: 0.3789
INFO - Epoch 47 - Train Loss: 0.3448 - Val Loss: 0.4029 - Best Val Loss: 0.3789
INFO - Epoch 48 - Train Loss: 0.3446 - Val Loss: 0.4027 - Best Val Loss: 0.3789
INFO - Epoch 49 - Train Loss: 0.3444 - Val Loss: 0.4027 - Best Val Loss: 0.3789
INFO - Epoch 50 - Train Loss: 0.3443 - Val Loss: 0.4031 - Best Val Loss: 0.3789
INFO - Epoch 51 - Train Loss: 0.3441 - Val Loss: 0.4026 - Best Val Loss: 0.3789
INFO - Epoch 52 - Train Loss: 0.3440 - Val Loss: 0.4026 - Best Val Loss: 0.3789
INFO - Epoch 53 - Train Loss: 0.3438 - Val Loss: 0.4023 - Best Val Loss: 0.3789
INFO - Epoch 54 - Train Loss: 0.3437 - Val Loss: 0.4022 - Best Val Loss: 0.3789
INFO - Epoch 55 - Train Loss: 0.3436 - Val Loss: 0.4017 - Best Val Loss: 0.3789
INFO - Epoch 56 - Train Loss: 0.3435 - Val Loss: 0.4007 - Best Val Loss: 0.3789
INFO - Epoch 57 - Train Loss: 0.3434 - Val Loss: 0.3982 - Best Val Loss: 0.3789
INFO - Epoch 58 - Train Loss: 0.3433 - Val Loss: 0.3977 - Best Val Loss: 0.3789
INFO - Epoch 59 - Train Loss: 0.3431 - Val Loss: 0.3971 - Best Val Loss: 0.3789
INFO - Epoch 60 - Train Loss: 0.3430 - Val Loss: 0.3962 - Best Val Loss: 0.3789
INFO - Epoch 61 - Train Loss: 0.3429 - Val Loss: 0.3954 - Best Val Loss: 0.3789
INFO - Epoch 62 - Train Loss: 0.3428 - Val Loss: 0.3956 - Best Val Loss: 0.3789
INFO - Epoch 63 - Train Loss: 0.3427 - Val Loss: 0.3949 - Best Val Loss: 0.3789
INFO - Epoch 64 - Train Loss: 0.3426 - Val Loss: 0.3946 - Best Val Loss: 0.3789
INFO - Epoch 65 - Train Loss: 0.3425 - Val Loss: 0.3941 - Best Val Loss: 0.3789
INFO - Epoch 66 - Train Loss: 0.3424 - Val Loss: 0.3934 - Best Val Loss: 0.3789
INFO - Epoch 67 - Train Loss: 0.3422 - Val Loss: 0.3941 - Best Val Loss: 0.3789
INFO - Epoch 68 - Train Loss: 0.3421 - Val Loss: 0.3941 - Best Val Loss: 0.3789
INFO - Epoch 69 - Train Loss: 0.3420 - Val Loss: 0.3945 - Best Val Loss: 0.3789
INFO - Epoch 70 - Train Loss: 0.3419 - Val Loss: 0.3951 - Best Val Loss: 0.3789
INFO - Epoch 71 - Train Loss: 0.3418 - Val Loss: 0.3959 - Best Val Loss: 0.3789
INFO - Epoch 72 - Train Loss: 0.3417 - Val Loss: 0.3962 - Best Val Loss: 0.3789
INFO - Epoch 73 - Train Loss: 0.3416 - Val Loss: 0.3966 - Best Val Loss: 0.3789
INFO - Epoch 74 - Train Loss: 0.3415 - Val Loss: 0.3973 - Best Val Loss: 0.3789
INFO - Epoch 75 - Train Loss: 0.3415 - Val Loss: 0.3977 - Best Val Loss: 0.3789
INFO - Epoch 76 - Train Loss: 0.3414 - Val Loss: 0.3979 - Best Val Loss: 0.3789
INFO - Epoch 77 - Train Loss: 0.3414 - Val Loss: 0.3976 - Best Val Loss: 0.3789
INFO - Epoch 78 - Train Loss: 0.3413 - Val Loss: 0.3982 - Best Val Loss: 0.3789
INFO - Epoch 79 - Train Loss: 0.3412 - Val Loss: 0.3982 - Best Val Loss: 0.3789
INFO - Epoch 80 - Train Loss: 0.3412 - Val Loss: 0.3983 - Best Val Loss: 0.3789
INFO - Epoch 81 - Train Loss: 0.3411 - Val Loss: 0.3989 - Best Val Loss: 0.3789
INFO - Epoch 82 - Train Loss: 0.3410 - Val Loss: 0.3993 - Best Val Loss: 0.3789
INFO - Epoch 83 - Train Loss: 0.3410 - Val Loss: 0.3994 - Best Val Loss: 0.3789
INFO - Epoch 84 - Train Loss: 0.3410 - Val Loss: 0.3993 - Best Val Loss: 0.3789
INFO - Epoch 85 - Train Loss: 0.3409 - Val Loss: 0.3994 - Best Val Loss: 0.3789
INFO - Epoch 86 - Train Loss: 0.3409 - Val Loss: 0.3996 - Best Val Loss: 0.3789
INFO - Epoch 87 - Train Loss: 0.3409 - Val Loss: 0.3995 - Best Val Loss: 0.3789
INFO - Epoch 88 - Train Loss: 0.3408 - Val Loss: 0.3996 - Best Val Loss: 0.3789
INFO - Epoch 89 - Train Loss: 0.3408 - Val Loss: 0.3996 - Best Val Loss: 0.3789
INFO - Epoch 90 - Train Loss: 0.3408 - Val Loss: 0.3995 - Best Val Loss: 0.3789
INFO - Epoch 91 - Train Loss: 0.3408 - Val Loss: 0.3995 - Best Val Loss: 0.3789
INFO - Epoch 92 - Train Loss: 0.3408 - Val Loss: 0.3995 - Best Val Loss: 0.3789
INFO - Epoch 93 - Train Loss: 0.3407 - Val Loss: 0.3994 - Best Val Loss: 0.3789
INFO - Epoch 94 - Train Loss: 0.3407 - Val Loss: 0.3994 - Best Val Loss: 0.3789
INFO - Epoch 95 - Train Loss: 0.3407 - Val Loss: 0.3993 - Best Val Loss: 0.3789
INFO - Epoch 96 - Train Loss: 0.3407 - Val Loss: 0.3992 - Best Val Loss: 0.3789
INFO - Epoch 97 - Train Loss: 0.3406 - Val Loss: 0.3993 - Best Val Loss: 0.3789
INFO - Epoch 98 - Train Loss: 0.3406 - Val Loss: 0.3994 - Best Val Loss: 0.3789
INFO - Epoch 99 - Train Loss: 0.3406 - Val Loss: 0.3992 - Best Val Loss: 0.3789
INFO - Fold 4, Training accuracy: 0.9327
INFO - Fold 4, Validation accuracy: 0.9292
INFO - Fold 4, Test accuracy: 0.8772
INFO - =========================
INFO - Train plotting shape: (4, 100)
INFO - Val plotting shape: (4, 100)
INFO - Best model saved at: ./models/PSO_bound/breast_cancer_PSO_bound_best_model.pth
INFO - 
============= BEST MODEL METRICS =============
INFO - 
Best Model Metrics on Training Set:
INFO - 
Métricas para breast_cancer_best_train:
INFO - Accuracy: 0.9473
INFO - Precision (macro): 0.9437
INFO - Precision (weighted): 0.9471
INFO - Recall (macro): 0.9413
INFO - Recall (weighted): 0.9473
INFO - F1 (macro): 0.9425
INFO - F1 (weighted): 0.9472
INFO - Confusion Matrix:
INFO - 
[[150  13]
 [ 11 281]]
INFO - 
Best Model Metrics on Test Set:
INFO - 
Métricas para breast_cancer_best_test:
INFO - Accuracy: 0.9211
INFO - Precision (macro): 0.9273
INFO - Precision (weighted): 0.9234
INFO - Recall (macro): 0.9132
INFO - Recall (weighted): 0.9211
INFO - F1 (macro): 0.9183
INFO - F1 (weighted): 0.9204
INFO - Confusion Matrix:
INFO - 
[[42  7]
 [ 2 63]]
INFO - 
ROC-AUC Scores for Best Model:
INFO - ROC-AUC Score: 0.9790
INFO - Micro-average: 0.9789
INFO - Macro-average: 0.9789
INFO - =============================================
INFO - =============================================
INFO - Model Setup:
INFO - optimizer: PSO_bound
INFO - dataset: breast_cancer
INFO - input_dim: 30
INFO - output_dim: 2
INFO - n_samples: 455
INFO - hidden_layers: [90, 60, 30]
INFO - n_particles: 20
INFO - n_folds: 4
INFO - n_epochs: 100
INFO - Total Parameters: 10142
INFO - =============================================
INFO - Mean time per epoch and folder: 3.7603 - std:0.1212 seconds
INFO - Mean accuracy on training dataset: 0.9377 - std: 0.0141
INFO - Mean accuracy on validation dataset: 0.9253 - std: 0.0158
INFO - Mean accuracy on test dataset: 0.8947 - std: 0.0164
INFO - =============================================
