INFO - ======= Fold 1 =======
INFO - Epoch 1, Train Loss: 1.0989 - Val Loss: 1.1068
INFO - Epoch 2, Train Loss: 1.0982 - Val Loss: 1.1061
INFO - Epoch 3, Train Loss: 1.0975 - Val Loss: 1.1053
INFO - Epoch 4, Train Loss: 1.0968 - Val Loss: 1.1046
INFO - Epoch 5, Train Loss: 1.0960 - Val Loss: 1.1039
INFO - Epoch 6, Train Loss: 1.0953 - Val Loss: 1.1032
INFO - Epoch 7, Train Loss: 1.0946 - Val Loss: 1.1024
INFO - Epoch 8, Train Loss: 1.0939 - Val Loss: 1.1017
INFO - Epoch 9, Train Loss: 1.0932 - Val Loss: 1.1010
INFO - Epoch 10, Train Loss: 1.0925 - Val Loss: 1.1003
INFO - Epoch 11, Train Loss: 1.0917 - Val Loss: 1.0995
INFO - Epoch 12, Train Loss: 1.0910 - Val Loss: 1.0988
INFO - Epoch 13, Train Loss: 1.0903 - Val Loss: 1.0980
INFO - Epoch 14, Train Loss: 1.0895 - Val Loss: 1.0973
INFO - Epoch 15, Train Loss: 1.0888 - Val Loss: 1.0965
INFO - Epoch 16, Train Loss: 1.0880 - Val Loss: 1.0958
INFO - Epoch 17, Train Loss: 1.0873 - Val Loss: 1.0950
INFO - Epoch 18, Train Loss: 1.0865 - Val Loss: 1.0943
INFO - Epoch 19, Train Loss: 1.0858 - Val Loss: 1.0935
INFO - Epoch 20, Train Loss: 1.0850 - Val Loss: 1.0927
INFO - Epoch 21, Train Loss: 1.0842 - Val Loss: 1.0919
INFO - Epoch 22, Train Loss: 1.0834 - Val Loss: 1.0912
INFO - Epoch 23, Train Loss: 1.0826 - Val Loss: 1.0904
INFO - Epoch 24, Train Loss: 1.0818 - Val Loss: 1.0896
INFO - Epoch 25, Train Loss: 1.0810 - Val Loss: 1.0887
INFO - Epoch 26, Train Loss: 1.0802 - Val Loss: 1.0879
INFO - Epoch 27, Train Loss: 1.0794 - Val Loss: 1.0871
INFO - Epoch 28, Train Loss: 1.0785 - Val Loss: 1.0863
INFO - Epoch 29, Train Loss: 1.0777 - Val Loss: 1.0854
INFO - Epoch 30, Train Loss: 1.0768 - Val Loss: 1.0845
INFO - Epoch 31, Train Loss: 1.0759 - Val Loss: 1.0837
INFO - Epoch 32, Train Loss: 1.0751 - Val Loss: 1.0828
INFO - Epoch 33, Train Loss: 1.0742 - Val Loss: 1.0819
INFO - Epoch 34, Train Loss: 1.0733 - Val Loss: 1.0810
INFO - Epoch 35, Train Loss: 1.0723 - Val Loss: 1.0801
INFO - Epoch 36, Train Loss: 1.0714 - Val Loss: 1.0791
INFO - Epoch 37, Train Loss: 1.0704 - Val Loss: 1.0782
INFO - Epoch 38, Train Loss: 1.0695 - Val Loss: 1.0772
INFO - Epoch 39, Train Loss: 1.0685 - Val Loss: 1.0762
INFO - Epoch 40, Train Loss: 1.0675 - Val Loss: 1.0752
INFO - Epoch 41, Train Loss: 1.0664 - Val Loss: 1.0742
INFO - Epoch 42, Train Loss: 1.0654 - Val Loss: 1.0732
INFO - Epoch 43, Train Loss: 1.0643 - Val Loss: 1.0721
INFO - Epoch 44, Train Loss: 1.0633 - Val Loss: 1.0710
INFO - Epoch 45, Train Loss: 1.0622 - Val Loss: 1.0700
INFO - Epoch 46, Train Loss: 1.0610 - Val Loss: 1.0688
INFO - Epoch 47, Train Loss: 1.0599 - Val Loss: 1.0677
INFO - Epoch 48, Train Loss: 1.0587 - Val Loss: 1.0666
INFO - Epoch 49, Train Loss: 1.0576 - Val Loss: 1.0654
INFO - Epoch 50, Train Loss: 1.0564 - Val Loss: 1.0642
INFO - Epoch 51, Train Loss: 1.0551 - Val Loss: 1.0630
INFO - Epoch 52, Train Loss: 1.0539 - Val Loss: 1.0617
INFO - Epoch 53, Train Loss: 1.0526 - Val Loss: 1.0604
INFO - Epoch 54, Train Loss: 1.0513 - Val Loss: 1.0592
INFO - Epoch 55, Train Loss: 1.0500 - Val Loss: 1.0578
INFO - Epoch 56, Train Loss: 1.0487 - Val Loss: 1.0565
INFO - Epoch 57, Train Loss: 1.0473 - Val Loss: 1.0552
INFO - Epoch 58, Train Loss: 1.0459 - Val Loss: 1.0538
INFO - Epoch 59, Train Loss: 1.0445 - Val Loss: 1.0524
INFO - Epoch 60, Train Loss: 1.0431 - Val Loss: 1.0509
INFO - Epoch 61, Train Loss: 1.0416 - Val Loss: 1.0495
INFO - Epoch 62, Train Loss: 1.0401 - Val Loss: 1.0480
INFO - Epoch 63, Train Loss: 1.0386 - Val Loss: 1.0465
INFO - Epoch 64, Train Loss: 1.0371 - Val Loss: 1.0450
INFO - Epoch 65, Train Loss: 1.0355 - Val Loss: 1.0434
INFO - Epoch 66, Train Loss: 1.0339 - Val Loss: 1.0418
INFO - Epoch 67, Train Loss: 1.0323 - Val Loss: 1.0402
INFO - Epoch 68, Train Loss: 1.0307 - Val Loss: 1.0386
INFO - Epoch 69, Train Loss: 1.0291 - Val Loss: 1.0370
INFO - Epoch 70, Train Loss: 1.0274 - Val Loss: 1.0353
INFO - Epoch 71, Train Loss: 1.0257 - Val Loss: 1.0336
INFO - Epoch 72, Train Loss: 1.0240 - Val Loss: 1.0319
INFO - Epoch 73, Train Loss: 1.0223 - Val Loss: 1.0302
INFO - Epoch 74, Train Loss: 1.0205 - Val Loss: 1.0284
INFO - Epoch 75, Train Loss: 1.0187 - Val Loss: 1.0267
INFO - Epoch 76, Train Loss: 1.0169 - Val Loss: 1.0249
INFO - Epoch 77, Train Loss: 1.0151 - Val Loss: 1.0231
INFO - Epoch 78, Train Loss: 1.0133 - Val Loss: 1.0212
INFO - Epoch 79, Train Loss: 1.0115 - Val Loss: 1.0194
INFO - Epoch 80, Train Loss: 1.0096 - Val Loss: 1.0175
INFO - Epoch 81, Train Loss: 1.0077 - Val Loss: 1.0157
INFO - Epoch 82, Train Loss: 1.0058 - Val Loss: 1.0138
INFO - Epoch 83, Train Loss: 1.0039 - Val Loss: 1.0119
INFO - Epoch 84, Train Loss: 1.0020 - Val Loss: 1.0100
INFO - Epoch 85, Train Loss: 1.0001 - Val Loss: 1.0080
INFO - Epoch 86, Train Loss: 0.9982 - Val Loss: 1.0061
INFO - Epoch 87, Train Loss: 0.9962 - Val Loss: 1.0042
INFO - Epoch 88, Train Loss: 0.9943 - Val Loss: 1.0022
INFO - Epoch 89, Train Loss: 0.9923 - Val Loss: 1.0002
INFO - Epoch 90, Train Loss: 0.9904 - Val Loss: 0.9983
INFO - Epoch 91, Train Loss: 0.9884 - Val Loss: 0.9963
INFO - Epoch 92, Train Loss: 0.9864 - Val Loss: 0.9943
INFO - Epoch 93, Train Loss: 0.9845 - Val Loss: 0.9924
INFO - Epoch 94, Train Loss: 0.9825 - Val Loss: 0.9904
INFO - Epoch 95, Train Loss: 0.9805 - Val Loss: 0.9884
INFO - Epoch 96, Train Loss: 0.9786 - Val Loss: 0.9865
INFO - Epoch 97, Train Loss: 0.9766 - Val Loss: 0.9845
INFO - Epoch 98, Train Loss: 0.9746 - Val Loss: 0.9825
INFO - Epoch 99, Train Loss: 0.9727 - Val Loss: 0.9806
INFO - Epoch 100, Train Loss: 0.9707 - Val Loss: 0.9786
INFO - Fold 1, Training accuracy: 0.9000
INFO - Fold 1, Validation accuracy: 0.8333
INFO - Fold 1, Test accuracy: 0.9333
INFO - =========================
INFO - ======= Fold 2 =======
INFO - Epoch 1, Train Loss: 1.1067 - Val Loss: 1.1184
INFO - Epoch 2, Train Loss: 1.1060 - Val Loss: 1.1176
INFO - Epoch 3, Train Loss: 1.1053 - Val Loss: 1.1168
INFO - Epoch 4, Train Loss: 1.1046 - Val Loss: 1.1160
INFO - Epoch 5, Train Loss: 1.1040 - Val Loss: 1.1152
INFO - Epoch 6, Train Loss: 1.1033 - Val Loss: 1.1144
INFO - Epoch 7, Train Loss: 1.1026 - Val Loss: 1.1136
INFO - Epoch 8, Train Loss: 1.1019 - Val Loss: 1.1129
INFO - Epoch 9, Train Loss: 1.1013 - Val Loss: 1.1121
INFO - Epoch 10, Train Loss: 1.1006 - Val Loss: 1.1113
INFO - Epoch 11, Train Loss: 1.0999 - Val Loss: 1.1105
INFO - Epoch 12, Train Loss: 1.0993 - Val Loss: 1.1097
INFO - Epoch 13, Train Loss: 1.0986 - Val Loss: 1.1089
INFO - Epoch 14, Train Loss: 1.0980 - Val Loss: 1.1082
INFO - Epoch 15, Train Loss: 1.0973 - Val Loss: 1.1074
INFO - Epoch 16, Train Loss: 1.0967 - Val Loss: 1.1066
INFO - Epoch 17, Train Loss: 1.0960 - Val Loss: 1.1058
INFO - Epoch 18, Train Loss: 1.0954 - Val Loss: 1.1050
INFO - Epoch 19, Train Loss: 1.0947 - Val Loss: 1.1042
INFO - Epoch 20, Train Loss: 1.0940 - Val Loss: 1.1034
INFO - Epoch 21, Train Loss: 1.0934 - Val Loss: 1.1026
INFO - Epoch 22, Train Loss: 1.0927 - Val Loss: 1.1018
INFO - Epoch 23, Train Loss: 1.0920 - Val Loss: 1.1009
INFO - Epoch 24, Train Loss: 1.0913 - Val Loss: 1.1001
INFO - Epoch 25, Train Loss: 1.0907 - Val Loss: 1.0993
INFO - Epoch 26, Train Loss: 1.0900 - Val Loss: 1.0984
INFO - Epoch 27, Train Loss: 1.0893 - Val Loss: 1.0976
INFO - Epoch 28, Train Loss: 1.0885 - Val Loss: 1.0967
INFO - Epoch 29, Train Loss: 1.0878 - Val Loss: 1.0958
INFO - Epoch 30, Train Loss: 1.0871 - Val Loss: 1.0949
INFO - Epoch 31, Train Loss: 1.0864 - Val Loss: 1.0940
INFO - Epoch 32, Train Loss: 1.0856 - Val Loss: 1.0931
INFO - Epoch 33, Train Loss: 1.0848 - Val Loss: 1.0921
INFO - Epoch 34, Train Loss: 1.0841 - Val Loss: 1.0912
INFO - Epoch 35, Train Loss: 1.0833 - Val Loss: 1.0902
INFO - Epoch 36, Train Loss: 1.0825 - Val Loss: 1.0892
INFO - Epoch 37, Train Loss: 1.0817 - Val Loss: 1.0882
INFO - Epoch 38, Train Loss: 1.0808 - Val Loss: 1.0872
INFO - Epoch 39, Train Loss: 1.0800 - Val Loss: 1.0862
INFO - Epoch 40, Train Loss: 1.0791 - Val Loss: 1.0851
INFO - Epoch 41, Train Loss: 1.0782 - Val Loss: 1.0840
INFO - Epoch 42, Train Loss: 1.0774 - Val Loss: 1.0829
INFO - Epoch 43, Train Loss: 1.0764 - Val Loss: 1.0818
INFO - Epoch 44, Train Loss: 1.0755 - Val Loss: 1.0806
INFO - Epoch 45, Train Loss: 1.0746 - Val Loss: 1.0795
INFO - Epoch 46, Train Loss: 1.0736 - Val Loss: 1.0783
INFO - Epoch 47, Train Loss: 1.0726 - Val Loss: 1.0770
INFO - Epoch 48, Train Loss: 1.0716 - Val Loss: 1.0758
INFO - Epoch 49, Train Loss: 1.0706 - Val Loss: 1.0745
INFO - Epoch 50, Train Loss: 1.0696 - Val Loss: 1.0733
INFO - Epoch 51, Train Loss: 1.0685 - Val Loss: 1.0719
INFO - Epoch 52, Train Loss: 1.0674 - Val Loss: 1.0706
INFO - Epoch 53, Train Loss: 1.0663 - Val Loss: 1.0692
INFO - Epoch 54, Train Loss: 1.0652 - Val Loss: 1.0678
INFO - Epoch 55, Train Loss: 1.0640 - Val Loss: 1.0664
INFO - Epoch 56, Train Loss: 1.0629 - Val Loss: 1.0650
INFO - Epoch 57, Train Loss: 1.0617 - Val Loss: 1.0635
INFO - Epoch 58, Train Loss: 1.0605 - Val Loss: 1.0620
INFO - Epoch 59, Train Loss: 1.0592 - Val Loss: 1.0605
INFO - Epoch 60, Train Loss: 1.0580 - Val Loss: 1.0590
INFO - Epoch 61, Train Loss: 1.0567 - Val Loss: 1.0574
INFO - Epoch 62, Train Loss: 1.0554 - Val Loss: 1.0558
INFO - Epoch 63, Train Loss: 1.0541 - Val Loss: 1.0542
INFO - Epoch 64, Train Loss: 1.0528 - Val Loss: 1.0525
INFO - Epoch 65, Train Loss: 1.0514 - Val Loss: 1.0508
INFO - Epoch 66, Train Loss: 1.0500 - Val Loss: 1.0491
INFO - Epoch 67, Train Loss: 1.0486 - Val Loss: 1.0474
INFO - Epoch 68, Train Loss: 1.0472 - Val Loss: 1.0456
INFO - Epoch 69, Train Loss: 1.0457 - Val Loss: 1.0439
INFO - Epoch 70, Train Loss: 1.0442 - Val Loss: 1.0421
INFO - Epoch 71, Train Loss: 1.0427 - Val Loss: 1.0402
INFO - Epoch 72, Train Loss: 1.0412 - Val Loss: 1.0383
INFO - Epoch 73, Train Loss: 1.0397 - Val Loss: 1.0365
INFO - Epoch 74, Train Loss: 1.0381 - Val Loss: 1.0345
INFO - Epoch 75, Train Loss: 1.0365 - Val Loss: 1.0326
INFO - Epoch 76, Train Loss: 1.0349 - Val Loss: 1.0306
INFO - Epoch 77, Train Loss: 1.0333 - Val Loss: 1.0286
INFO - Epoch 78, Train Loss: 1.0316 - Val Loss: 1.0266
INFO - Epoch 79, Train Loss: 1.0300 - Val Loss: 1.0246
INFO - Epoch 80, Train Loss: 1.0283 - Val Loss: 1.0225
INFO - Epoch 81, Train Loss: 1.0266 - Val Loss: 1.0204
INFO - Epoch 82, Train Loss: 1.0248 - Val Loss: 1.0183
INFO - Epoch 83, Train Loss: 1.0231 - Val Loss: 1.0162
INFO - Epoch 84, Train Loss: 1.0213 - Val Loss: 1.0140
INFO - Epoch 85, Train Loss: 1.0195 - Val Loss: 1.0119
INFO - Epoch 86, Train Loss: 1.0177 - Val Loss: 1.0097
INFO - Epoch 87, Train Loss: 1.0159 - Val Loss: 1.0075
INFO - Epoch 88, Train Loss: 1.0141 - Val Loss: 1.0052
INFO - Epoch 89, Train Loss: 1.0122 - Val Loss: 1.0030
INFO - Epoch 90, Train Loss: 1.0104 - Val Loss: 1.0007
INFO - Epoch 91, Train Loss: 1.0085 - Val Loss: 0.9984
INFO - Epoch 92, Train Loss: 1.0066 - Val Loss: 0.9961
INFO - Epoch 93, Train Loss: 1.0047 - Val Loss: 0.9938
INFO - Epoch 94, Train Loss: 1.0028 - Val Loss: 0.9915
INFO - Epoch 95, Train Loss: 1.0008 - Val Loss: 0.9892
INFO - Epoch 96, Train Loss: 0.9989 - Val Loss: 0.9868
INFO - Epoch 97, Train Loss: 0.9970 - Val Loss: 0.9845
INFO - Epoch 98, Train Loss: 0.9950 - Val Loss: 0.9821
INFO - Epoch 99, Train Loss: 0.9930 - Val Loss: 0.9797
INFO - Epoch 100, Train Loss: 0.9911 - Val Loss: 0.9774
INFO - Fold 2, Training accuracy: 0.7111
INFO - Fold 2, Validation accuracy: 0.7333
INFO - Fold 2, Test accuracy: 0.8667
INFO - =========================
INFO - ======= Fold 3 =======
INFO - Epoch 1, Train Loss: 1.1200 - Val Loss: 1.1142
INFO - Epoch 2, Train Loss: 1.1190 - Val Loss: 1.1132
INFO - Epoch 3, Train Loss: 1.1180 - Val Loss: 1.1122
INFO - Epoch 4, Train Loss: 1.1170 - Val Loss: 1.1112
INFO - Epoch 5, Train Loss: 1.1160 - Val Loss: 1.1102
INFO - Epoch 6, Train Loss: 1.1150 - Val Loss: 1.1092
INFO - Epoch 7, Train Loss: 1.1140 - Val Loss: 1.1082
INFO - Epoch 8, Train Loss: 1.1130 - Val Loss: 1.1072
INFO - Epoch 9, Train Loss: 1.1120 - Val Loss: 1.1062
INFO - Epoch 10, Train Loss: 1.1110 - Val Loss: 1.1052
INFO - Epoch 11, Train Loss: 1.1100 - Val Loss: 1.1042
INFO - Epoch 12, Train Loss: 1.1090 - Val Loss: 1.1032
INFO - Epoch 13, Train Loss: 1.1081 - Val Loss: 1.1023
INFO - Epoch 14, Train Loss: 1.1071 - Val Loss: 1.1013
INFO - Epoch 15, Train Loss: 1.1061 - Val Loss: 1.1003
INFO - Epoch 16, Train Loss: 1.1052 - Val Loss: 1.0993
INFO - Epoch 17, Train Loss: 1.1042 - Val Loss: 1.0984
INFO - Epoch 18, Train Loss: 1.1033 - Val Loss: 1.0974
INFO - Epoch 19, Train Loss: 1.1023 - Val Loss: 1.0965
INFO - Epoch 20, Train Loss: 1.1014 - Val Loss: 1.0955
INFO - Epoch 21, Train Loss: 1.1005 - Val Loss: 1.0946
INFO - Epoch 22, Train Loss: 1.0995 - Val Loss: 1.0936
INFO - Epoch 23, Train Loss: 1.0986 - Val Loss: 1.0926
INFO - Epoch 24, Train Loss: 1.0977 - Val Loss: 1.0917
INFO - Epoch 25, Train Loss: 1.0967 - Val Loss: 1.0907
INFO - Epoch 26, Train Loss: 1.0958 - Val Loss: 1.0898
INFO - Epoch 27, Train Loss: 1.0949 - Val Loss: 1.0888
INFO - Epoch 28, Train Loss: 1.0939 - Val Loss: 1.0879
INFO - Epoch 29, Train Loss: 1.0930 - Val Loss: 1.0869
INFO - Epoch 30, Train Loss: 1.0921 - Val Loss: 1.0860
INFO - Epoch 31, Train Loss: 1.0911 - Val Loss: 1.0850
INFO - Epoch 32, Train Loss: 1.0902 - Val Loss: 1.0841
INFO - Epoch 33, Train Loss: 1.0893 - Val Loss: 1.0831
INFO - Epoch 34, Train Loss: 1.0883 - Val Loss: 1.0821
INFO - Epoch 35, Train Loss: 1.0874 - Val Loss: 1.0812
INFO - Epoch 36, Train Loss: 1.0864 - Val Loss: 1.0802
INFO - Epoch 37, Train Loss: 1.0855 - Val Loss: 1.0792
INFO - Epoch 38, Train Loss: 1.0845 - Val Loss: 1.0782
INFO - Epoch 39, Train Loss: 1.0836 - Val Loss: 1.0772
INFO - Epoch 40, Train Loss: 1.0826 - Val Loss: 1.0762
INFO - Epoch 41, Train Loss: 1.0816 - Val Loss: 1.0752
INFO - Epoch 42, Train Loss: 1.0806 - Val Loss: 1.0742
INFO - Epoch 43, Train Loss: 1.0796 - Val Loss: 1.0732
INFO - Epoch 44, Train Loss: 1.0786 - Val Loss: 1.0721
INFO - Epoch 45, Train Loss: 1.0776 - Val Loss: 1.0711
INFO - Epoch 46, Train Loss: 1.0765 - Val Loss: 1.0700
INFO - Epoch 47, Train Loss: 1.0755 - Val Loss: 1.0689
INFO - Epoch 48, Train Loss: 1.0744 - Val Loss: 1.0678
INFO - Epoch 49, Train Loss: 1.0733 - Val Loss: 1.0667
INFO - Epoch 50, Train Loss: 1.0722 - Val Loss: 1.0656
INFO - Epoch 51, Train Loss: 1.0711 - Val Loss: 1.0644
INFO - Epoch 52, Train Loss: 1.0700 - Val Loss: 1.0633
INFO - Epoch 53, Train Loss: 1.0689 - Val Loss: 1.0621
INFO - Epoch 54, Train Loss: 1.0677 - Val Loss: 1.0609
INFO - Epoch 55, Train Loss: 1.0665 - Val Loss: 1.0597
INFO - Epoch 56, Train Loss: 1.0653 - Val Loss: 1.0584
INFO - Epoch 57, Train Loss: 1.0641 - Val Loss: 1.0572
INFO - Epoch 58, Train Loss: 1.0629 - Val Loss: 1.0559
INFO - Epoch 59, Train Loss: 1.0616 - Val Loss: 1.0546
INFO - Epoch 60, Train Loss: 1.0604 - Val Loss: 1.0533
INFO - Epoch 61, Train Loss: 1.0591 - Val Loss: 1.0519
INFO - Epoch 62, Train Loss: 1.0578 - Val Loss: 1.0506
INFO - Epoch 63, Train Loss: 1.0564 - Val Loss: 1.0492
INFO - Epoch 64, Train Loss: 1.0551 - Val Loss: 1.0478
INFO - Epoch 65, Train Loss: 1.0537 - Val Loss: 1.0463
INFO - Epoch 66, Train Loss: 1.0523 - Val Loss: 1.0449
INFO - Epoch 67, Train Loss: 1.0508 - Val Loss: 1.0434
INFO - Epoch 68, Train Loss: 1.0494 - Val Loss: 1.0419
INFO - Epoch 69, Train Loss: 1.0479 - Val Loss: 1.0404
INFO - Epoch 70, Train Loss: 1.0464 - Val Loss: 1.0388
INFO - Epoch 71, Train Loss: 1.0449 - Val Loss: 1.0372
INFO - Epoch 72, Train Loss: 1.0434 - Val Loss: 1.0356
INFO - Epoch 73, Train Loss: 1.0418 - Val Loss: 1.0340
INFO - Epoch 74, Train Loss: 1.0402 - Val Loss: 1.0324
INFO - Epoch 75, Train Loss: 1.0386 - Val Loss: 1.0307
INFO - Epoch 76, Train Loss: 1.0370 - Val Loss: 1.0290
INFO - Epoch 77, Train Loss: 1.0353 - Val Loss: 1.0273
INFO - Epoch 78, Train Loss: 1.0337 - Val Loss: 1.0256
INFO - Epoch 79, Train Loss: 1.0320 - Val Loss: 1.0238
INFO - Epoch 80, Train Loss: 1.0303 - Val Loss: 1.0220
INFO - Epoch 81, Train Loss: 1.0286 - Val Loss: 1.0202
INFO - Epoch 82, Train Loss: 1.0268 - Val Loss: 1.0184
INFO - Epoch 83, Train Loss: 1.0251 - Val Loss: 1.0166
INFO - Epoch 84, Train Loss: 1.0233 - Val Loss: 1.0148
INFO - Epoch 85, Train Loss: 1.0215 - Val Loss: 1.0129
INFO - Epoch 86, Train Loss: 1.0197 - Val Loss: 1.0110
INFO - Epoch 87, Train Loss: 1.0179 - Val Loss: 1.0092
INFO - Epoch 88, Train Loss: 1.0160 - Val Loss: 1.0073
INFO - Epoch 89, Train Loss: 1.0142 - Val Loss: 1.0053
INFO - Epoch 90, Train Loss: 1.0123 - Val Loss: 1.0034
INFO - Epoch 91, Train Loss: 1.0104 - Val Loss: 1.0015
INFO - Epoch 92, Train Loss: 1.0085 - Val Loss: 0.9996
INFO - Epoch 93, Train Loss: 1.0067 - Val Loss: 0.9976
INFO - Epoch 94, Train Loss: 1.0048 - Val Loss: 0.9957
INFO - Epoch 95, Train Loss: 1.0028 - Val Loss: 0.9937
INFO - Epoch 96, Train Loss: 1.0009 - Val Loss: 0.9917
INFO - Epoch 97, Train Loss: 0.9990 - Val Loss: 0.9898
INFO - Epoch 98, Train Loss: 0.9971 - Val Loss: 0.9878
INFO - Epoch 99, Train Loss: 0.9952 - Val Loss: 0.9859
INFO - Epoch 100, Train Loss: 0.9932 - Val Loss: 0.9839
INFO - Fold 3, Training accuracy: 0.6778
INFO - Fold 3, Validation accuracy: 0.7000
INFO - Fold 3, Test accuracy: 0.5667
INFO - =========================
INFO - ======= Fold 4 =======
INFO - Epoch 1, Train Loss: 1.1061 - Val Loss: 1.1035
INFO - Epoch 2, Train Loss: 1.1055 - Val Loss: 1.1030
INFO - Epoch 3, Train Loss: 1.1048 - Val Loss: 1.1024
INFO - Epoch 4, Train Loss: 1.1042 - Val Loss: 1.1019
INFO - Epoch 5, Train Loss: 1.1035 - Val Loss: 1.1014
INFO - Epoch 6, Train Loss: 1.1029 - Val Loss: 1.1010
INFO - Epoch 7, Train Loss: 1.1023 - Val Loss: 1.1005
INFO - Epoch 8, Train Loss: 1.1016 - Val Loss: 1.1000
INFO - Epoch 9, Train Loss: 1.1010 - Val Loss: 1.0995
INFO - Epoch 10, Train Loss: 1.1004 - Val Loss: 1.0991
INFO - Epoch 11, Train Loss: 1.0998 - Val Loss: 1.0986
INFO - Epoch 12, Train Loss: 1.0992 - Val Loss: 1.0982
INFO - Epoch 13, Train Loss: 1.0986 - Val Loss: 1.0977
INFO - Epoch 14, Train Loss: 1.0981 - Val Loss: 1.0973
INFO - Epoch 15, Train Loss: 1.0975 - Val Loss: 1.0969
INFO - Epoch 16, Train Loss: 1.0969 - Val Loss: 1.0964
INFO - Epoch 17, Train Loss: 1.0963 - Val Loss: 1.0960
INFO - Epoch 18, Train Loss: 1.0958 - Val Loss: 1.0956
INFO - Epoch 19, Train Loss: 1.0952 - Val Loss: 1.0952
INFO - Epoch 20, Train Loss: 1.0947 - Val Loss: 1.0948
INFO - Epoch 21, Train Loss: 1.0941 - Val Loss: 1.0944
INFO - Epoch 22, Train Loss: 1.0936 - Val Loss: 1.0940
INFO - Epoch 23, Train Loss: 1.0930 - Val Loss: 1.0936
INFO - Epoch 24, Train Loss: 1.0925 - Val Loss: 1.0932
INFO - Epoch 25, Train Loss: 1.0920 - Val Loss: 1.0928
INFO - Epoch 26, Train Loss: 1.0914 - Val Loss: 1.0924
INFO - Epoch 27, Train Loss: 1.0909 - Val Loss: 1.0920
INFO - Epoch 28, Train Loss: 1.0904 - Val Loss: 1.0916
INFO - Epoch 29, Train Loss: 1.0898 - Val Loss: 1.0912
INFO - Epoch 30, Train Loss: 1.0893 - Val Loss: 1.0908
INFO - Epoch 31, Train Loss: 1.0888 - Val Loss: 1.0904
INFO - Epoch 32, Train Loss: 1.0882 - Val Loss: 1.0900
INFO - Epoch 33, Train Loss: 1.0877 - Val Loss: 1.0896
INFO - Epoch 34, Train Loss: 1.0871 - Val Loss: 1.0892
INFO - Epoch 35, Train Loss: 1.0866 - Val Loss: 1.0888
INFO - Epoch 36, Train Loss: 1.0860 - Val Loss: 1.0884
INFO - Epoch 37, Train Loss: 1.0855 - Val Loss: 1.0880
INFO - Epoch 38, Train Loss: 1.0849 - Val Loss: 1.0876
INFO - Epoch 39, Train Loss: 1.0844 - Val Loss: 1.0872
INFO - Epoch 40, Train Loss: 1.0838 - Val Loss: 1.0867
INFO - Epoch 41, Train Loss: 1.0832 - Val Loss: 1.0863
INFO - Epoch 42, Train Loss: 1.0827 - Val Loss: 1.0859
INFO - Epoch 43, Train Loss: 1.0821 - Val Loss: 1.0854
INFO - Epoch 44, Train Loss: 1.0815 - Val Loss: 1.0849
INFO - Epoch 45, Train Loss: 1.0809 - Val Loss: 1.0845
INFO - Epoch 46, Train Loss: 1.0803 - Val Loss: 1.0840
INFO - Epoch 47, Train Loss: 1.0797 - Val Loss: 1.0835
INFO - Epoch 48, Train Loss: 1.0790 - Val Loss: 1.0830
INFO - Epoch 49, Train Loss: 1.0784 - Val Loss: 1.0825
INFO - Epoch 50, Train Loss: 1.0778 - Val Loss: 1.0820
INFO - Epoch 51, Train Loss: 1.0771 - Val Loss: 1.0815
INFO - Epoch 52, Train Loss: 1.0765 - Val Loss: 1.0810
INFO - Epoch 53, Train Loss: 1.0758 - Val Loss: 1.0804
INFO - Epoch 54, Train Loss: 1.0751 - Val Loss: 1.0799
INFO - Epoch 55, Train Loss: 1.0744 - Val Loss: 1.0793
INFO - Epoch 56, Train Loss: 1.0737 - Val Loss: 1.0787
INFO - Epoch 57, Train Loss: 1.0730 - Val Loss: 1.0781
INFO - Epoch 58, Train Loss: 1.0723 - Val Loss: 1.0775
INFO - Epoch 59, Train Loss: 1.0716 - Val Loss: 1.0769
INFO - Epoch 60, Train Loss: 1.0709 - Val Loss: 1.0763
INFO - Epoch 61, Train Loss: 1.0701 - Val Loss: 1.0757
INFO - Epoch 62, Train Loss: 1.0693 - Val Loss: 1.0750
INFO - Epoch 63, Train Loss: 1.0686 - Val Loss: 1.0743
INFO - Epoch 64, Train Loss: 1.0678 - Val Loss: 1.0736
INFO - Epoch 65, Train Loss: 1.0670 - Val Loss: 1.0729
INFO - Epoch 66, Train Loss: 1.0662 - Val Loss: 1.0722
INFO - Epoch 67, Train Loss: 1.0653 - Val Loss: 1.0715
INFO - Epoch 68, Train Loss: 1.0645 - Val Loss: 1.0707
INFO - Epoch 69, Train Loss: 1.0636 - Val Loss: 1.0700
INFO - Epoch 70, Train Loss: 1.0628 - Val Loss: 1.0692
INFO - Epoch 71, Train Loss: 1.0619 - Val Loss: 1.0684
INFO - Epoch 72, Train Loss: 1.0610 - Val Loss: 1.0676
INFO - Epoch 73, Train Loss: 1.0601 - Val Loss: 1.0668
INFO - Epoch 74, Train Loss: 1.0592 - Val Loss: 1.0659
INFO - Epoch 75, Train Loss: 1.0582 - Val Loss: 1.0651
INFO - Epoch 76, Train Loss: 1.0573 - Val Loss: 1.0642
INFO - Epoch 77, Train Loss: 1.0563 - Val Loss: 1.0633
INFO - Epoch 78, Train Loss: 1.0553 - Val Loss: 1.0624
INFO - Epoch 79, Train Loss: 1.0543 - Val Loss: 1.0614
INFO - Epoch 80, Train Loss: 1.0533 - Val Loss: 1.0605
INFO - Epoch 81, Train Loss: 1.0523 - Val Loss: 1.0595
INFO - Epoch 82, Train Loss: 1.0512 - Val Loss: 1.0585
INFO - Epoch 83, Train Loss: 1.0501 - Val Loss: 1.0575
INFO - Epoch 84, Train Loss: 1.0491 - Val Loss: 1.0565
INFO - Epoch 85, Train Loss: 1.0480 - Val Loss: 1.0554
INFO - Epoch 86, Train Loss: 1.0469 - Val Loss: 1.0544
INFO - Epoch 87, Train Loss: 1.0457 - Val Loss: 1.0533
INFO - Epoch 88, Train Loss: 1.0446 - Val Loss: 1.0522
INFO - Epoch 89, Train Loss: 1.0434 - Val Loss: 1.0511
INFO - Epoch 90, Train Loss: 1.0423 - Val Loss: 1.0500
INFO - Epoch 91, Train Loss: 1.0411 - Val Loss: 1.0488
INFO - Epoch 92, Train Loss: 1.0398 - Val Loss: 1.0476
INFO - Epoch 93, Train Loss: 1.0386 - Val Loss: 1.0464
INFO - Epoch 94, Train Loss: 1.0374 - Val Loss: 1.0452
INFO - Epoch 95, Train Loss: 1.0361 - Val Loss: 1.0440
INFO - Epoch 96, Train Loss: 1.0348 - Val Loss: 1.0428
INFO - Epoch 97, Train Loss: 1.0336 - Val Loss: 1.0415
INFO - Epoch 98, Train Loss: 1.0322 - Val Loss: 1.0402
INFO - Epoch 99, Train Loss: 1.0309 - Val Loss: 1.0389
INFO - Epoch 100, Train Loss: 1.0296 - Val Loss: 1.0376
INFO - Fold 4, Training accuracy: 0.7111
INFO - Fold 4, Validation accuracy: 0.6333
INFO - Fold 4, Test accuracy: 0.5667
INFO - =========================
INFO - Train plotting shape: (4, 100)
INFO - Val plotting shape: (4, 100)
INFO - Best model saved at: ./models/Adam/iris_Adam_best_model.pth
INFO - 
============= BEST MODEL METRICS =============
INFO - 
Best Model Metrics on Training Set:
INFO - 
Métricas para iris_best_train:
INFO - Accuracy: 0.8833
INFO - Precision (macro): 0.8823
INFO - Precision (weighted): 0.8823
INFO - Recall (macro): 0.8868
INFO - Recall (weighted): 0.8833
INFO - F1 (macro): 0.8831
INFO - F1 (weighted): 0.8814
INFO - Confusion Matrix:
INFO - 
[[39  0  0]
 [ 4 35  5]
 [ 0  5 32]]
INFO - 
Best Model Metrics on Test Set:
INFO - 
Métricas para iris_best_test:
INFO - Accuracy: 0.9333
INFO - Precision (macro): 0.9188
INFO - Precision (weighted): 0.9333
INFO - Recall (macro): 0.9188
INFO - Recall (weighted): 0.9333
INFO - F1 (macro): 0.9188
INFO - F1 (weighted): 0.9333
INFO - Confusion Matrix:
INFO - 
[[11  0  0]
 [ 0  5  1]
 [ 0  1 12]]
INFO - 
ROC-AUC Scores for Best Model:
INFO - Class 0: 1.0000
INFO - Class 1: 0.8958
INFO - Class 2: 0.9864
INFO - Micro-average: 0.9772
INFO - Macro-average: 0.9658
INFO - =============================================
INFO - =============================================
INFO - Model Setup:
INFO - optimizer: Adam
INFO - dataset: iris
INFO - inputdim: 4
INFO - outputdim: 3
INFO - nsamples: 120
INFO - hiddenlayers: [8, 6, 4]
INFO - lr: 0.001
INFO - n_epochs: 100
INFO - n_folds: 4
INFO - Total Parameters: 137
INFO - =============================================
INFO - Mean time per epoch and folder: 1.3524 - std:0.0899 seconds
INFO - Mean accuracy on training dataset: 0.7500 - std: 0.0877
INFO - Mean accuracy on validation dataset: 0.7250 - std: 0.0722
INFO - Mean accuracy on test dataset: 0.7333 - std: 0.1683
INFO - =============================================
