INFO - ======= Fold 1 =======
INFO - Epoch 0 - Train Loss: 1.2957 - Val Loss: 1.3540 - Best Val Loss: 1.3540
INFO - Epoch 10 - Train Loss: 1.2957 - Val Loss: 1.3540 - Best Val Loss: 1.3540
INFO - Epoch 20 - Train Loss: 1.2929 - Val Loss: 1.3550 - Best Val Loss: 1.3540
INFO - Epoch 30 - Train Loss: 1.2929 - Val Loss: 1.3550 - Best Val Loss: 1.3540
INFO - Epoch 40 - Train Loss: 1.2512 - Val Loss: 1.2806 - Best Val Loss: 1.2806
INFO - Epoch 50 - Train Loss: 1.2129 - Val Loss: 1.2612 - Best Val Loss: 1.2612
INFO - Epoch 60 - Train Loss: 1.1918 - Val Loss: 1.2848 - Best Val Loss: 1.2612
INFO - Epoch 70 - Train Loss: 1.1915 - Val Loss: 1.2868 - Best Val Loss: 1.2612
INFO - Epoch 80 - Train Loss: 1.1817 - Val Loss: 1.2757 - Best Val Loss: 1.2612
INFO - Epoch 90 - Train Loss: 1.1787 - Val Loss: 1.2786 - Best Val Loss: 1.2612
INFO - Epoch 100 - Train Loss: 1.1785 - Val Loss: 1.2787 - Best Val Loss: 1.2612
INFO - Epoch 110 - Train Loss: 1.1785 - Val Loss: 1.2787 - Best Val Loss: 1.2612
INFO - Epoch 120 - Train Loss: 1.1705 - Val Loss: 1.2786 - Best Val Loss: 1.2612
INFO - Epoch 130 - Train Loss: 1.1647 - Val Loss: 1.2570 - Best Val Loss: 1.2570
INFO - Epoch 140 - Train Loss: 1.1530 - Val Loss: 1.2359 - Best Val Loss: 1.2359
INFO - Epoch 150 - Train Loss: 1.1395 - Val Loss: 1.2227 - Best Val Loss: 1.2227
INFO - Epoch 160 - Train Loss: 1.1280 - Val Loss: 1.2332 - Best Val Loss: 1.2227
INFO - Epoch 170 - Train Loss: 1.1261 - Val Loss: 1.1867 - Best Val Loss: 1.1867
INFO - Epoch 180 - Train Loss: 1.1188 - Val Loss: 1.1877 - Best Val Loss: 1.1867
INFO - Epoch 190 - Train Loss: 1.1023 - Val Loss: 1.1814 - Best Val Loss: 1.1814
INFO - Epoch 200 - Train Loss: 1.0903 - Val Loss: 1.1775 - Best Val Loss: 1.1775
INFO - Epoch 210 - Train Loss: 1.0788 - Val Loss: 1.1785 - Best Val Loss: 1.1775
INFO - Epoch 220 - Train Loss: 1.0765 - Val Loss: 1.1763 - Best Val Loss: 1.1763
INFO - Epoch 230 - Train Loss: 1.0755 - Val Loss: 1.1765 - Best Val Loss: 1.1763
INFO - Epoch 240 - Train Loss: 1.0707 - Val Loss: 1.1801 - Best Val Loss: 1.1763
INFO - Epoch 250 - Train Loss: 1.0704 - Val Loss: 1.1795 - Best Val Loss: 1.1763
INFO - Epoch 260 - Train Loss: 1.0687 - Val Loss: 1.1813 - Best Val Loss: 1.1763
INFO - Epoch 270 - Train Loss: 1.0668 - Val Loss: 1.1789 - Best Val Loss: 1.1763
INFO - Epoch 280 - Train Loss: 1.0643 - Val Loss: 1.1791 - Best Val Loss: 1.1763
INFO - Epoch 290 - Train Loss: 1.0633 - Val Loss: 1.1785 - Best Val Loss: 1.1763
INFO - Epoch 300 - Train Loss: 1.0629 - Val Loss: 1.1796 - Best Val Loss: 1.1763
INFO - Epoch 310 - Train Loss: 1.0627 - Val Loss: 1.1798 - Best Val Loss: 1.1763
INFO - Epoch 320 - Train Loss: 1.0586 - Val Loss: 1.1738 - Best Val Loss: 1.1738
INFO - Epoch 330 - Train Loss: 1.0583 - Val Loss: 1.1757 - Best Val Loss: 1.1738
INFO - Epoch 340 - Train Loss: 1.0568 - Val Loss: 1.1762 - Best Val Loss: 1.1738
INFO - Epoch 350 - Train Loss: 1.0559 - Val Loss: 1.1681 - Best Val Loss: 1.1681
INFO - Epoch 360 - Train Loss: 1.0543 - Val Loss: 1.1697 - Best Val Loss: 1.1681
INFO - Epoch 370 - Train Loss: 1.0466 - Val Loss: 1.1651 - Best Val Loss: 1.1651
INFO - Epoch 380 - Train Loss: 1.0454 - Val Loss: 1.1653 - Best Val Loss: 1.1651
INFO - Epoch 390 - Train Loss: 1.0443 - Val Loss: 1.1643 - Best Val Loss: 1.1643
INFO - Epoch 400 - Train Loss: 1.0436 - Val Loss: 1.1684 - Best Val Loss: 1.1643
INFO - Epoch 410 - Train Loss: 1.0427 - Val Loss: 1.1672 - Best Val Loss: 1.1643
INFO - Epoch 420 - Train Loss: 1.0265 - Val Loss: 1.0633 - Best Val Loss: 1.0633
INFO - Epoch 430 - Train Loss: 1.0141 - Val Loss: 1.0578 - Best Val Loss: 1.0578
INFO - Epoch 440 - Train Loss: 1.0064 - Val Loss: 1.0553 - Best Val Loss: 1.0553
INFO - Epoch 450 - Train Loss: 1.0043 - Val Loss: 1.0488 - Best Val Loss: 1.0488
INFO - Epoch 460 - Train Loss: 0.9971 - Val Loss: 1.0503 - Best Val Loss: 1.0488
INFO - Epoch 470 - Train Loss: 0.9903 - Val Loss: 1.0468 - Best Val Loss: 1.0468
INFO - Epoch 480 - Train Loss: 0.9866 - Val Loss: 1.0531 - Best Val Loss: 1.0468
INFO - Epoch 490 - Train Loss: 0.9853 - Val Loss: 1.0535 - Best Val Loss: 1.0468
INFO - Epoch 500 - Train Loss: 0.9838 - Val Loss: 1.0501 - Best Val Loss: 1.0468
INFO - Epoch 510 - Train Loss: 0.9808 - Val Loss: 1.0582 - Best Val Loss: 1.0468
INFO - Epoch 520 - Train Loss: 0.9779 - Val Loss: 1.0613 - Best Val Loss: 1.0468
INFO - Epoch 530 - Train Loss: 0.9711 - Val Loss: 1.0662 - Best Val Loss: 1.0468
INFO - Epoch 540 - Train Loss: 0.9699 - Val Loss: 1.0644 - Best Val Loss: 1.0468
INFO - Epoch 550 - Train Loss: 0.9683 - Val Loss: 1.0653 - Best Val Loss: 1.0468
INFO - Epoch 560 - Train Loss: 0.9673 - Val Loss: 1.0663 - Best Val Loss: 1.0468
INFO - Epoch 570 - Train Loss: 0.9668 - Val Loss: 1.0664 - Best Val Loss: 1.0468
INFO - Epoch 580 - Train Loss: 0.9661 - Val Loss: 1.0659 - Best Val Loss: 1.0468
INFO - Epoch 590 - Train Loss: 0.9650 - Val Loss: 1.0657 - Best Val Loss: 1.0468
INFO - Epoch 600 - Train Loss: 0.9641 - Val Loss: 1.0647 - Best Val Loss: 1.0468
INFO - Epoch 610 - Train Loss: 0.9631 - Val Loss: 1.0633 - Best Val Loss: 1.0468
INFO - Epoch 620 - Train Loss: 0.9608 - Val Loss: 1.0622 - Best Val Loss: 1.0468
INFO - Epoch 630 - Train Loss: 0.9586 - Val Loss: 1.0624 - Best Val Loss: 1.0468
INFO - Epoch 640 - Train Loss: 0.9582 - Val Loss: 1.0621 - Best Val Loss: 1.0468
INFO - Epoch 650 - Train Loss: 0.9579 - Val Loss: 1.0634 - Best Val Loss: 1.0468
INFO - Epoch 660 - Train Loss: 0.9576 - Val Loss: 1.0636 - Best Val Loss: 1.0468
INFO - Epoch 670 - Train Loss: 0.9574 - Val Loss: 1.0622 - Best Val Loss: 1.0468
INFO - Epoch 680 - Train Loss: 0.9572 - Val Loss: 1.0625 - Best Val Loss: 1.0468
INFO - Epoch 690 - Train Loss: 0.9571 - Val Loss: 1.0629 - Best Val Loss: 1.0468
INFO - Epoch 700 - Train Loss: 0.9560 - Val Loss: 1.0631 - Best Val Loss: 1.0468
INFO - Epoch 710 - Train Loss: 0.9555 - Val Loss: 1.0615 - Best Val Loss: 1.0468
INFO - Epoch 720 - Train Loss: 0.9550 - Val Loss: 1.0616 - Best Val Loss: 1.0468
INFO - Epoch 730 - Train Loss: 0.9549 - Val Loss: 1.0627 - Best Val Loss: 1.0468
INFO - Epoch 740 - Train Loss: 0.9542 - Val Loss: 1.0649 - Best Val Loss: 1.0468
INFO - Epoch 750 - Train Loss: 0.9540 - Val Loss: 1.0657 - Best Val Loss: 1.0468
INFO - Epoch 760 - Train Loss: 0.9530 - Val Loss: 1.0659 - Best Val Loss: 1.0468
INFO - Epoch 770 - Train Loss: 0.9528 - Val Loss: 1.0660 - Best Val Loss: 1.0468
INFO - Epoch 780 - Train Loss: 0.9528 - Val Loss: 1.0659 - Best Val Loss: 1.0468
INFO - Epoch 790 - Train Loss: 0.9526 - Val Loss: 1.0655 - Best Val Loss: 1.0468
INFO - Epoch 800 - Train Loss: 0.9526 - Val Loss: 1.0654 - Best Val Loss: 1.0468
INFO - Epoch 810 - Train Loss: 0.9522 - Val Loss: 1.0651 - Best Val Loss: 1.0468
INFO - Epoch 820 - Train Loss: 0.9519 - Val Loss: 1.0649 - Best Val Loss: 1.0468
INFO - Epoch 830 - Train Loss: 0.9518 - Val Loss: 1.0659 - Best Val Loss: 1.0468
INFO - Epoch 840 - Train Loss: 0.9517 - Val Loss: 1.0658 - Best Val Loss: 1.0468
INFO - Epoch 850 - Train Loss: 0.9498 - Val Loss: 1.0650 - Best Val Loss: 1.0468
INFO - Epoch 860 - Train Loss: 0.9497 - Val Loss: 1.0649 - Best Val Loss: 1.0468
INFO - Epoch 870 - Train Loss: 0.9494 - Val Loss: 1.0647 - Best Val Loss: 1.0468
INFO - Epoch 880 - Train Loss: 0.9488 - Val Loss: 1.0649 - Best Val Loss: 1.0468
INFO - Epoch 890 - Train Loss: 0.9476 - Val Loss: 1.0684 - Best Val Loss: 1.0468
INFO - Epoch 900 - Train Loss: 0.9474 - Val Loss: 1.0676 - Best Val Loss: 1.0468
INFO - Epoch 910 - Train Loss: 0.9473 - Val Loss: 1.0683 - Best Val Loss: 1.0468
INFO - Epoch 920 - Train Loss: 0.9472 - Val Loss: 1.0676 - Best Val Loss: 1.0468
INFO - Epoch 930 - Train Loss: 0.9470 - Val Loss: 1.0678 - Best Val Loss: 1.0468
INFO - Epoch 940 - Train Loss: 0.9465 - Val Loss: 1.0676 - Best Val Loss: 1.0468
INFO - Epoch 950 - Train Loss: 0.9464 - Val Loss: 1.0679 - Best Val Loss: 1.0468
INFO - Epoch 960 - Train Loss: 0.9462 - Val Loss: 1.0675 - Best Val Loss: 1.0468
INFO - Epoch 970 - Train Loss: 0.9458 - Val Loss: 1.0678 - Best Val Loss: 1.0468
INFO - Epoch 980 - Train Loss: 0.9457 - Val Loss: 1.0680 - Best Val Loss: 1.0468
INFO - Epoch 990 - Train Loss: 0.9452 - Val Loss: 1.0678 - Best Val Loss: 1.0468
INFO - Epoch 1000 - Train Loss: 0.9442 - Val Loss: 1.0671 - Best Val Loss: 1.0468
INFO - Fold 1, Accuracy on training dataset: 0.7593
INFO - Fold 1, Accuracy on validation dataset: 0.7022
INFO - Fold 1, Accuracy on test dataset: 0.6533
INFO - =========================
INFO - ======= Fold 2 =======
INFO - Epoch 0 - Train Loss: 1.3340 - Val Loss: 1.3676 - Best Val Loss: 1.3676
INFO - Epoch 10 - Train Loss: 1.2443 - Val Loss: 1.2466 - Best Val Loss: 1.2466
INFO - Epoch 20 - Train Loss: 1.2272 - Val Loss: 1.2004 - Best Val Loss: 1.2004
INFO - Epoch 30 - Train Loss: 1.2087 - Val Loss: 1.2039 - Best Val Loss: 1.2004
INFO - Epoch 40 - Train Loss: 1.1998 - Val Loss: 1.1965 - Best Val Loss: 1.1965
INFO - Epoch 50 - Train Loss: 1.1998 - Val Loss: 1.1965 - Best Val Loss: 1.1965
INFO - Epoch 60 - Train Loss: 1.1961 - Val Loss: 1.2027 - Best Val Loss: 1.1965
INFO - Epoch 70 - Train Loss: 1.1949 - Val Loss: 1.1806 - Best Val Loss: 1.1806
INFO - Epoch 80 - Train Loss: 1.1594 - Val Loss: 1.1921 - Best Val Loss: 1.1806
INFO - Epoch 90 - Train Loss: 1.1505 - Val Loss: 1.1462 - Best Val Loss: 1.1462
INFO - Epoch 100 - Train Loss: 1.1214 - Val Loss: 1.1175 - Best Val Loss: 1.1175
INFO - Epoch 110 - Train Loss: 1.1016 - Val Loss: 1.1111 - Best Val Loss: 1.1111
INFO - Epoch 120 - Train Loss: 1.0674 - Val Loss: 1.0897 - Best Val Loss: 1.0897
INFO - Epoch 130 - Train Loss: 1.0519 - Val Loss: 1.0725 - Best Val Loss: 1.0725
INFO - Epoch 140 - Train Loss: 1.0420 - Val Loss: 1.0926 - Best Val Loss: 1.0725
INFO - Epoch 150 - Train Loss: 1.0238 - Val Loss: 1.0743 - Best Val Loss: 1.0725
INFO - Epoch 160 - Train Loss: 1.0181 - Val Loss: 1.0993 - Best Val Loss: 1.0725
INFO - Epoch 170 - Train Loss: 1.0060 - Val Loss: 1.0609 - Best Val Loss: 1.0609
INFO - Epoch 180 - Train Loss: 0.9967 - Val Loss: 1.0479 - Best Val Loss: 1.0479
INFO - Epoch 190 - Train Loss: 0.9873 - Val Loss: 1.0253 - Best Val Loss: 1.0253
INFO - Epoch 200 - Train Loss: 0.9820 - Val Loss: 1.0494 - Best Val Loss: 1.0253
INFO - Epoch 210 - Train Loss: 0.9798 - Val Loss: 1.0452 - Best Val Loss: 1.0253
INFO - Epoch 220 - Train Loss: 0.9794 - Val Loss: 1.0456 - Best Val Loss: 1.0253
INFO - Epoch 230 - Train Loss: 0.9794 - Val Loss: 1.0455 - Best Val Loss: 1.0253
INFO - Epoch 240 - Train Loss: 0.9793 - Val Loss: 1.0455 - Best Val Loss: 1.0253
INFO - Epoch 250 - Train Loss: 0.9749 - Val Loss: 1.0194 - Best Val Loss: 1.0194
INFO - Epoch 260 - Train Loss: 0.9705 - Val Loss: 1.0281 - Best Val Loss: 1.0194
INFO - Epoch 270 - Train Loss: 0.9702 - Val Loss: 1.0302 - Best Val Loss: 1.0194
INFO - Epoch 280 - Train Loss: 0.9601 - Val Loss: 1.0387 - Best Val Loss: 1.0194
INFO - Epoch 290 - Train Loss: 0.9540 - Val Loss: 1.0329 - Best Val Loss: 1.0194
INFO - Epoch 300 - Train Loss: 0.9488 - Val Loss: 1.0328 - Best Val Loss: 1.0194
INFO - Epoch 310 - Train Loss: 0.9449 - Val Loss: 1.0329 - Best Val Loss: 1.0194
INFO - Epoch 320 - Train Loss: 0.9401 - Val Loss: 1.0267 - Best Val Loss: 1.0194
INFO - Epoch 330 - Train Loss: 0.9376 - Val Loss: 1.0211 - Best Val Loss: 1.0194
INFO - Epoch 340 - Train Loss: 0.9354 - Val Loss: 1.0199 - Best Val Loss: 1.0194
INFO - Epoch 350 - Train Loss: 0.9344 - Val Loss: 1.0204 - Best Val Loss: 1.0194
INFO - Epoch 360 - Train Loss: 0.9326 - Val Loss: 1.0176 - Best Val Loss: 1.0176
INFO - Epoch 370 - Train Loss: 0.9304 - Val Loss: 1.0282 - Best Val Loss: 1.0176
INFO - Epoch 380 - Train Loss: 0.9269 - Val Loss: 1.0204 - Best Val Loss: 1.0176
INFO - Epoch 390 - Train Loss: 0.9269 - Val Loss: 1.0204 - Best Val Loss: 1.0176
INFO - Epoch 400 - Train Loss: 0.9242 - Val Loss: 1.0181 - Best Val Loss: 1.0176
INFO - Epoch 410 - Train Loss: 0.9237 - Val Loss: 1.0180 - Best Val Loss: 1.0176
INFO - Epoch 420 - Train Loss: 0.9226 - Val Loss: 1.0180 - Best Val Loss: 1.0176
INFO - Epoch 430 - Train Loss: 0.9215 - Val Loss: 1.0185 - Best Val Loss: 1.0176
INFO - Epoch 440 - Train Loss: 0.9202 - Val Loss: 1.0195 - Best Val Loss: 1.0176
INFO - Epoch 450 - Train Loss: 0.9194 - Val Loss: 1.0229 - Best Val Loss: 1.0176
INFO - Epoch 460 - Train Loss: 0.9175 - Val Loss: 1.0217 - Best Val Loss: 1.0176
INFO - Epoch 470 - Train Loss: 0.9158 - Val Loss: 1.0204 - Best Val Loss: 1.0176
INFO - Epoch 480 - Train Loss: 0.9149 - Val Loss: 1.0193 - Best Val Loss: 1.0176
INFO - Epoch 490 - Train Loss: 0.9136 - Val Loss: 1.0204 - Best Val Loss: 1.0176
INFO - Epoch 500 - Train Loss: 0.9131 - Val Loss: 1.0191 - Best Val Loss: 1.0176
INFO - Epoch 510 - Train Loss: 0.9126 - Val Loss: 1.0202 - Best Val Loss: 1.0176
INFO - Epoch 520 - Train Loss: 0.9123 - Val Loss: 1.0216 - Best Val Loss: 1.0176
INFO - Epoch 530 - Train Loss: 0.9117 - Val Loss: 1.0202 - Best Val Loss: 1.0176
INFO - Epoch 540 - Train Loss: 0.9112 - Val Loss: 1.0202 - Best Val Loss: 1.0176
INFO - Epoch 550 - Train Loss: 0.9102 - Val Loss: 1.0198 - Best Val Loss: 1.0176
INFO - Epoch 560 - Train Loss: 0.9096 - Val Loss: 1.0186 - Best Val Loss: 1.0176
INFO - Epoch 570 - Train Loss: 0.9093 - Val Loss: 1.0190 - Best Val Loss: 1.0176
INFO - Epoch 580 - Train Loss: 0.9087 - Val Loss: 1.0190 - Best Val Loss: 1.0176
INFO - Epoch 590 - Train Loss: 0.9079 - Val Loss: 1.0186 - Best Val Loss: 1.0176
INFO - Epoch 600 - Train Loss: 0.9075 - Val Loss: 1.0186 - Best Val Loss: 1.0176
INFO - Epoch 610 - Train Loss: 0.9070 - Val Loss: 1.0182 - Best Val Loss: 1.0176
INFO - Epoch 620 - Train Loss: 0.9056 - Val Loss: 1.0166 - Best Val Loss: 1.0166
INFO - Epoch 630 - Train Loss: 0.9047 - Val Loss: 1.0165 - Best Val Loss: 1.0165
INFO - Epoch 640 - Train Loss: 0.9042 - Val Loss: 1.0108 - Best Val Loss: 1.0108
INFO - Epoch 650 - Train Loss: 0.9030 - Val Loss: 1.0132 - Best Val Loss: 1.0108
INFO - Epoch 660 - Train Loss: 0.9024 - Val Loss: 1.0136 - Best Val Loss: 1.0108
INFO - Epoch 670 - Train Loss: 0.9020 - Val Loss: 1.0139 - Best Val Loss: 1.0108
INFO - Epoch 680 - Train Loss: 0.9014 - Val Loss: 1.0140 - Best Val Loss: 1.0108
INFO - Epoch 690 - Train Loss: 0.9011 - Val Loss: 1.0142 - Best Val Loss: 1.0108
INFO - Epoch 700 - Train Loss: 0.9004 - Val Loss: 1.0129 - Best Val Loss: 1.0108
INFO - Epoch 710 - Train Loss: 0.8994 - Val Loss: 1.0116 - Best Val Loss: 1.0108
INFO - Epoch 720 - Train Loss: 0.8991 - Val Loss: 1.0111 - Best Val Loss: 1.0108
INFO - Epoch 730 - Train Loss: 0.8987 - Val Loss: 1.0116 - Best Val Loss: 1.0108
INFO - Epoch 740 - Train Loss: 0.8981 - Val Loss: 1.0123 - Best Val Loss: 1.0108
INFO - Epoch 750 - Train Loss: 0.8976 - Val Loss: 1.0132 - Best Val Loss: 1.0108
INFO - Epoch 760 - Train Loss: 0.8973 - Val Loss: 1.0144 - Best Val Loss: 1.0108
INFO - Epoch 770 - Train Loss: 0.8970 - Val Loss: 1.0118 - Best Val Loss: 1.0108
INFO - Epoch 780 - Train Loss: 0.8962 - Val Loss: 1.0121 - Best Val Loss: 1.0108
INFO - Epoch 790 - Train Loss: 0.8960 - Val Loss: 1.0114 - Best Val Loss: 1.0108
INFO - Epoch 800 - Train Loss: 0.8957 - Val Loss: 1.0136 - Best Val Loss: 1.0108
INFO - Epoch 810 - Train Loss: 0.8952 - Val Loss: 1.0187 - Best Val Loss: 1.0108
INFO - Epoch 820 - Train Loss: 0.8948 - Val Loss: 1.0186 - Best Val Loss: 1.0108
INFO - Epoch 830 - Train Loss: 0.8942 - Val Loss: 1.0182 - Best Val Loss: 1.0108
INFO - Epoch 840 - Train Loss: 0.8930 - Val Loss: 1.0190 - Best Val Loss: 1.0108
INFO - Epoch 850 - Train Loss: 0.8929 - Val Loss: 1.0191 - Best Val Loss: 1.0108
INFO - Epoch 860 - Train Loss: 0.8928 - Val Loss: 1.0191 - Best Val Loss: 1.0108
INFO - Epoch 870 - Train Loss: 0.8925 - Val Loss: 1.0193 - Best Val Loss: 1.0108
INFO - Epoch 880 - Train Loss: 0.8922 - Val Loss: 1.0209 - Best Val Loss: 1.0108
INFO - Epoch 890 - Train Loss: 0.8918 - Val Loss: 1.0210 - Best Val Loss: 1.0108
INFO - Epoch 900 - Train Loss: 0.8915 - Val Loss: 1.0210 - Best Val Loss: 1.0108
INFO - Epoch 910 - Train Loss: 0.8912 - Val Loss: 1.0223 - Best Val Loss: 1.0108
INFO - Epoch 920 - Train Loss: 0.8909 - Val Loss: 1.0215 - Best Val Loss: 1.0108
INFO - Epoch 930 - Train Loss: 0.8905 - Val Loss: 1.0234 - Best Val Loss: 1.0108
INFO - Epoch 940 - Train Loss: 0.8900 - Val Loss: 1.0232 - Best Val Loss: 1.0108
INFO - Epoch 950 - Train Loss: 0.8894 - Val Loss: 1.0237 - Best Val Loss: 1.0108
INFO - Epoch 960 - Train Loss: 0.8892 - Val Loss: 1.0235 - Best Val Loss: 1.0108
INFO - Epoch 970 - Train Loss: 0.8890 - Val Loss: 1.0231 - Best Val Loss: 1.0108
INFO - Epoch 980 - Train Loss: 0.8886 - Val Loss: 1.0231 - Best Val Loss: 1.0108
INFO - Epoch 990 - Train Loss: 0.8881 - Val Loss: 1.0225 - Best Val Loss: 1.0108
INFO - Epoch 1000 - Train Loss: 0.8878 - Val Loss: 1.0234 - Best Val Loss: 1.0108
INFO - Fold 2, Accuracy on training dataset: 0.8588
INFO - Fold 2, Accuracy on validation dataset: 0.7333
INFO - Fold 2, Accuracy on test dataset: 0.6711
INFO - =========================
INFO - ======= Fold 3 =======
INFO - Epoch 0 - Train Loss: 1.3214 - Val Loss: 1.3962 - Best Val Loss: 1.3962
INFO - Epoch 10 - Train Loss: 1.2809 - Val Loss: 1.2657 - Best Val Loss: 1.2657
INFO - Epoch 20 - Train Loss: 1.2481 - Val Loss: 1.2870 - Best Val Loss: 1.2657
INFO - Epoch 30 - Train Loss: 1.2481 - Val Loss: 1.2870 - Best Val Loss: 1.2657
INFO - Epoch 40 - Train Loss: 1.1892 - Val Loss: 1.2308 - Best Val Loss: 1.2308
INFO - Epoch 50 - Train Loss: 1.1832 - Val Loss: 1.2509 - Best Val Loss: 1.2308
INFO - Epoch 60 - Train Loss: 1.1832 - Val Loss: 1.2509 - Best Val Loss: 1.2308
INFO - Epoch 70 - Train Loss: 1.1646 - Val Loss: 1.2237 - Best Val Loss: 1.2237
INFO - Epoch 80 - Train Loss: 1.1624 - Val Loss: 1.1932 - Best Val Loss: 1.1932
INFO - Epoch 90 - Train Loss: 1.1496 - Val Loss: 1.1975 - Best Val Loss: 1.1932
INFO - Epoch 100 - Train Loss: 1.1246 - Val Loss: 1.1609 - Best Val Loss: 1.1609
INFO - Epoch 110 - Train Loss: 1.1246 - Val Loss: 1.1609 - Best Val Loss: 1.1609
INFO - Epoch 120 - Train Loss: 1.1151 - Val Loss: 1.1333 - Best Val Loss: 1.1333
INFO - Epoch 130 - Train Loss: 1.1151 - Val Loss: 1.1333 - Best Val Loss: 1.1333
INFO - Epoch 140 - Train Loss: 1.1071 - Val Loss: 1.1077 - Best Val Loss: 1.1077
INFO - Epoch 150 - Train Loss: 1.0958 - Val Loss: 1.1357 - Best Val Loss: 1.1077
INFO - Epoch 160 - Train Loss: 1.0958 - Val Loss: 1.1357 - Best Val Loss: 1.1077
INFO - Epoch 170 - Train Loss: 1.0958 - Val Loss: 1.1357 - Best Val Loss: 1.1077
INFO - Epoch 180 - Train Loss: 1.0958 - Val Loss: 1.1357 - Best Val Loss: 1.1077
INFO - Epoch 190 - Train Loss: 1.0865 - Val Loss: 1.1084 - Best Val Loss: 1.1077
INFO - Epoch 200 - Train Loss: 1.0865 - Val Loss: 1.1084 - Best Val Loss: 1.1077
INFO - Epoch 210 - Train Loss: 1.0865 - Val Loss: 1.1084 - Best Val Loss: 1.1077
INFO - Epoch 220 - Train Loss: 1.0865 - Val Loss: 1.1084 - Best Val Loss: 1.1077
INFO - Epoch 230 - Train Loss: 1.0722 - Val Loss: 1.0973 - Best Val Loss: 1.0973
INFO - Epoch 240 - Train Loss: 1.0631 - Val Loss: 1.0955 - Best Val Loss: 1.0955
INFO - Epoch 250 - Train Loss: 1.0570 - Val Loss: 1.0777 - Best Val Loss: 1.0777
INFO - Epoch 260 - Train Loss: 1.0505 - Val Loss: 1.0805 - Best Val Loss: 1.0777
INFO - Epoch 270 - Train Loss: 1.0460 - Val Loss: 1.0857 - Best Val Loss: 1.0777
INFO - Epoch 280 - Train Loss: 1.0400 - Val Loss: 1.0833 - Best Val Loss: 1.0777
INFO - Epoch 290 - Train Loss: 1.0360 - Val Loss: 1.0836 - Best Val Loss: 1.0777
INFO - Epoch 300 - Train Loss: 1.0360 - Val Loss: 1.0836 - Best Val Loss: 1.0777
INFO - Epoch 310 - Train Loss: 1.0348 - Val Loss: 1.0854 - Best Val Loss: 1.0777
INFO - Epoch 320 - Train Loss: 1.0346 - Val Loss: 1.0853 - Best Val Loss: 1.0777
INFO - Epoch 330 - Train Loss: 1.0321 - Val Loss: 1.0807 - Best Val Loss: 1.0777
INFO - Epoch 340 - Train Loss: 1.0315 - Val Loss: 1.0808 - Best Val Loss: 1.0777
INFO - Epoch 350 - Train Loss: 1.0314 - Val Loss: 1.0808 - Best Val Loss: 1.0777
INFO - Epoch 360 - Train Loss: 1.0311 - Val Loss: 1.0807 - Best Val Loss: 1.0777
INFO - Epoch 370 - Train Loss: 1.0302 - Val Loss: 1.0810 - Best Val Loss: 1.0777
INFO - Epoch 380 - Train Loss: 1.0274 - Val Loss: 1.0792 - Best Val Loss: 1.0777
INFO - Epoch 390 - Train Loss: 1.0200 - Val Loss: 1.0641 - Best Val Loss: 1.0641
INFO - Epoch 400 - Train Loss: 1.0186 - Val Loss: 1.0720 - Best Val Loss: 1.0641
INFO - Epoch 410 - Train Loss: 1.0161 - Val Loss: 1.0732 - Best Val Loss: 1.0641
INFO - Epoch 420 - Train Loss: 1.0136 - Val Loss: 1.0699 - Best Val Loss: 1.0641
INFO - Epoch 430 - Train Loss: 1.0136 - Val Loss: 1.0699 - Best Val Loss: 1.0641
INFO - Epoch 440 - Train Loss: 1.0080 - Val Loss: 1.0681 - Best Val Loss: 1.0641
INFO - Epoch 450 - Train Loss: 1.0041 - Val Loss: 1.0692 - Best Val Loss: 1.0641
INFO - Epoch 460 - Train Loss: 1.0033 - Val Loss: 1.0689 - Best Val Loss: 1.0641
INFO - Epoch 470 - Train Loss: 1.0013 - Val Loss: 1.0626 - Best Val Loss: 1.0626
INFO - Epoch 480 - Train Loss: 0.9984 - Val Loss: 1.0677 - Best Val Loss: 1.0626
INFO - Epoch 490 - Train Loss: 0.9965 - Val Loss: 1.0701 - Best Val Loss: 1.0626
INFO - Epoch 500 - Train Loss: 0.9954 - Val Loss: 1.0687 - Best Val Loss: 1.0626
INFO - Epoch 510 - Train Loss: 0.9936 - Val Loss: 1.0663 - Best Val Loss: 1.0626
INFO - Epoch 520 - Train Loss: 0.9915 - Val Loss: 1.0714 - Best Val Loss: 1.0626
INFO - Epoch 530 - Train Loss: 0.9843 - Val Loss: 1.0635 - Best Val Loss: 1.0626
INFO - Epoch 540 - Train Loss: 0.9843 - Val Loss: 1.0635 - Best Val Loss: 1.0626
INFO - Epoch 550 - Train Loss: 0.9825 - Val Loss: 1.0601 - Best Val Loss: 1.0601
INFO - Epoch 560 - Train Loss: 0.9819 - Val Loss: 1.0633 - Best Val Loss: 1.0601
INFO - Epoch 570 - Train Loss: 0.9801 - Val Loss: 1.0640 - Best Val Loss: 1.0601
INFO - Epoch 580 - Train Loss: 0.9789 - Val Loss: 1.0585 - Best Val Loss: 1.0585
INFO - Epoch 590 - Train Loss: 0.9785 - Val Loss: 1.0631 - Best Val Loss: 1.0585
INFO - Epoch 600 - Train Loss: 0.9781 - Val Loss: 1.0646 - Best Val Loss: 1.0585
INFO - Epoch 610 - Train Loss: 0.9780 - Val Loss: 1.0569 - Best Val Loss: 1.0569
INFO - Epoch 620 - Train Loss: 0.9776 - Val Loss: 1.0647 - Best Val Loss: 1.0569
INFO - Epoch 630 - Train Loss: 0.9769 - Val Loss: 1.0703 - Best Val Loss: 1.0569
INFO - Epoch 640 - Train Loss: 0.9769 - Val Loss: 1.0582 - Best Val Loss: 1.0569
INFO - Epoch 650 - Train Loss: 0.9767 - Val Loss: 1.0624 - Best Val Loss: 1.0569
INFO - Epoch 660 - Train Loss: 0.9765 - Val Loss: 1.0624 - Best Val Loss: 1.0569
INFO - Epoch 670 - Train Loss: 0.9741 - Val Loss: 1.0615 - Best Val Loss: 1.0569
INFO - Epoch 680 - Train Loss: 0.9728 - Val Loss: 1.0667 - Best Val Loss: 1.0569
INFO - Epoch 690 - Train Loss: 0.9725 - Val Loss: 1.0653 - Best Val Loss: 1.0569
INFO - Epoch 700 - Train Loss: 0.9717 - Val Loss: 1.0597 - Best Val Loss: 1.0569
INFO - Epoch 710 - Train Loss: 0.9709 - Val Loss: 1.0599 - Best Val Loss: 1.0569
INFO - Epoch 720 - Train Loss: 0.9697 - Val Loss: 1.0617 - Best Val Loss: 1.0569
INFO - Epoch 730 - Train Loss: 0.9696 - Val Loss: 1.0620 - Best Val Loss: 1.0569
INFO - Epoch 740 - Train Loss: 0.9693 - Val Loss: 1.0618 - Best Val Loss: 1.0569
INFO - Epoch 750 - Train Loss: 0.9689 - Val Loss: 1.0670 - Best Val Loss: 1.0569
INFO - Epoch 760 - Train Loss: 0.9682 - Val Loss: 1.0613 - Best Val Loss: 1.0569
INFO - Epoch 770 - Train Loss: 0.9677 - Val Loss: 1.0607 - Best Val Loss: 1.0569
INFO - Epoch 780 - Train Loss: 0.9671 - Val Loss: 1.0586 - Best Val Loss: 1.0569
INFO - Epoch 790 - Train Loss: 0.9662 - Val Loss: 1.0611 - Best Val Loss: 1.0569
INFO - Epoch 800 - Train Loss: 0.9655 - Val Loss: 1.0601 - Best Val Loss: 1.0569
INFO - Epoch 810 - Train Loss: 0.9648 - Val Loss: 1.0663 - Best Val Loss: 1.0569
INFO - Epoch 820 - Train Loss: 0.9635 - Val Loss: 1.0605 - Best Val Loss: 1.0569
INFO - Epoch 830 - Train Loss: 0.9634 - Val Loss: 1.0605 - Best Val Loss: 1.0569
INFO - Epoch 840 - Train Loss: 0.9622 - Val Loss: 1.0596 - Best Val Loss: 1.0569
INFO - Epoch 850 - Train Loss: 0.9616 - Val Loss: 1.0578 - Best Val Loss: 1.0569
INFO - Epoch 860 - Train Loss: 0.9609 - Val Loss: 1.0619 - Best Val Loss: 1.0569
INFO - Epoch 870 - Train Loss: 0.9603 - Val Loss: 1.0720 - Best Val Loss: 1.0569
INFO - Epoch 880 - Train Loss: 0.9601 - Val Loss: 1.0643 - Best Val Loss: 1.0569
INFO - Epoch 890 - Train Loss: 0.9599 - Val Loss: 1.0686 - Best Val Loss: 1.0569
INFO - Epoch 900 - Train Loss: 0.9598 - Val Loss: 1.0729 - Best Val Loss: 1.0569
INFO - Epoch 910 - Train Loss: 0.9598 - Val Loss: 1.0728 - Best Val Loss: 1.0569
INFO - Epoch 920 - Train Loss: 0.9594 - Val Loss: 1.0713 - Best Val Loss: 1.0569
INFO - Epoch 930 - Train Loss: 0.9591 - Val Loss: 1.0711 - Best Val Loss: 1.0569
INFO - Epoch 940 - Train Loss: 0.9591 - Val Loss: 1.0711 - Best Val Loss: 1.0569
INFO - Epoch 950 - Train Loss: 0.9590 - Val Loss: 1.0710 - Best Val Loss: 1.0569
INFO - Epoch 960 - Train Loss: 0.9581 - Val Loss: 1.0699 - Best Val Loss: 1.0569
INFO - Epoch 970 - Train Loss: 0.9581 - Val Loss: 1.0698 - Best Val Loss: 1.0569
INFO - Epoch 980 - Train Loss: 0.9580 - Val Loss: 1.0764 - Best Val Loss: 1.0569
INFO - Epoch 990 - Train Loss: 0.9578 - Val Loss: 1.0742 - Best Val Loss: 1.0569
INFO - Epoch 1000 - Train Loss: 0.9578 - Val Loss: 1.0764 - Best Val Loss: 1.0569
INFO - Fold 3, Accuracy on training dataset: 0.7730
INFO - Fold 3, Accuracy on validation dataset: 0.6920
INFO - Fold 3, Accuracy on test dataset: 0.6489
INFO - =========================
INFO - ======= Fold 4 =======
INFO - Epoch 0 - Train Loss: 1.3362 - Val Loss: 1.3324 - Best Val Loss: 1.3324
INFO - Epoch 10 - Train Loss: 1.2906 - Val Loss: 1.2733 - Best Val Loss: 1.2733
INFO - Epoch 20 - Train Loss: 1.2724 - Val Loss: 1.2952 - Best Val Loss: 1.2733
INFO - Epoch 30 - Train Loss: 1.2724 - Val Loss: 1.2952 - Best Val Loss: 1.2733
INFO - Epoch 40 - Train Loss: 1.2365 - Val Loss: 1.2640 - Best Val Loss: 1.2640
INFO - Epoch 50 - Train Loss: 1.2205 - Val Loss: 1.1934 - Best Val Loss: 1.1934
INFO - Epoch 60 - Train Loss: 1.1349 - Val Loss: 1.1386 - Best Val Loss: 1.1386
INFO - Epoch 70 - Train Loss: 1.1169 - Val Loss: 1.1281 - Best Val Loss: 1.1281
INFO - Epoch 80 - Train Loss: 1.1027 - Val Loss: 1.1259 - Best Val Loss: 1.1259
INFO - Epoch 90 - Train Loss: 1.0909 - Val Loss: 1.0795 - Best Val Loss: 1.0795
INFO - Epoch 100 - Train Loss: 1.0762 - Val Loss: 1.0548 - Best Val Loss: 1.0548
INFO - Epoch 110 - Train Loss: 1.0431 - Val Loss: 1.0362 - Best Val Loss: 1.0362
INFO - Epoch 120 - Train Loss: 1.0395 - Val Loss: 1.0356 - Best Val Loss: 1.0356
INFO - Epoch 130 - Train Loss: 1.0377 - Val Loss: 1.0452 - Best Val Loss: 1.0356
INFO - Epoch 140 - Train Loss: 1.0289 - Val Loss: 1.0373 - Best Val Loss: 1.0356
INFO - Epoch 150 - Train Loss: 1.0273 - Val Loss: 1.0419 - Best Val Loss: 1.0356
INFO - Epoch 160 - Train Loss: 1.0273 - Val Loss: 1.0419 - Best Val Loss: 1.0356
INFO - Epoch 170 - Train Loss: 1.0270 - Val Loss: 1.0468 - Best Val Loss: 1.0356
INFO - Epoch 180 - Train Loss: 1.0262 - Val Loss: 1.0418 - Best Val Loss: 1.0356
INFO - Epoch 190 - Train Loss: 1.0221 - Val Loss: 1.0466 - Best Val Loss: 1.0356
INFO - Epoch 200 - Train Loss: 1.0221 - Val Loss: 1.0466 - Best Val Loss: 1.0356
INFO - Epoch 210 - Train Loss: 1.0218 - Val Loss: 1.0423 - Best Val Loss: 1.0356
INFO - Epoch 220 - Train Loss: 1.0218 - Val Loss: 1.0423 - Best Val Loss: 1.0356
INFO - Epoch 230 - Train Loss: 1.0203 - Val Loss: 1.0456 - Best Val Loss: 1.0356
INFO - Epoch 240 - Train Loss: 1.0202 - Val Loss: 1.0456 - Best Val Loss: 1.0356
INFO - Epoch 250 - Train Loss: 1.0202 - Val Loss: 1.0456 - Best Val Loss: 1.0356
INFO - Epoch 260 - Train Loss: 1.0176 - Val Loss: 1.0436 - Best Val Loss: 1.0356
INFO - Epoch 270 - Train Loss: 1.0174 - Val Loss: 1.0386 - Best Val Loss: 1.0356
INFO - Epoch 280 - Train Loss: 1.0173 - Val Loss: 1.0471 - Best Val Loss: 1.0356
INFO - Epoch 290 - Train Loss: 1.0159 - Val Loss: 1.0420 - Best Val Loss: 1.0356
INFO - Epoch 300 - Train Loss: 1.0158 - Val Loss: 1.0432 - Best Val Loss: 1.0356
INFO - Epoch 310 - Train Loss: 1.0157 - Val Loss: 1.0425 - Best Val Loss: 1.0356
INFO - Epoch 320 - Train Loss: 1.0157 - Val Loss: 1.0425 - Best Val Loss: 1.0356
INFO - Epoch 330 - Train Loss: 1.0157 - Val Loss: 1.0426 - Best Val Loss: 1.0356
INFO - Epoch 340 - Train Loss: 1.0156 - Val Loss: 1.0427 - Best Val Loss: 1.0356
INFO - Epoch 350 - Train Loss: 1.0156 - Val Loss: 1.0457 - Best Val Loss: 1.0356
INFO - Epoch 360 - Train Loss: 1.0156 - Val Loss: 1.0457 - Best Val Loss: 1.0356
INFO - Epoch 370 - Train Loss: 1.0156 - Val Loss: 1.0458 - Best Val Loss: 1.0356
INFO - Epoch 380 - Train Loss: 1.0141 - Val Loss: 1.0463 - Best Val Loss: 1.0356
INFO - Epoch 390 - Train Loss: 1.0134 - Val Loss: 1.0439 - Best Val Loss: 1.0356
INFO - Epoch 400 - Train Loss: 1.0131 - Val Loss: 1.0452 - Best Val Loss: 1.0356
INFO - Epoch 410 - Train Loss: 1.0130 - Val Loss: 1.0452 - Best Val Loss: 1.0356
INFO - Epoch 420 - Train Loss: 1.0128 - Val Loss: 1.0422 - Best Val Loss: 1.0356
INFO - Epoch 430 - Train Loss: 1.0128 - Val Loss: 1.0422 - Best Val Loss: 1.0356
INFO - Epoch 440 - Train Loss: 1.0119 - Val Loss: 1.0448 - Best Val Loss: 1.0356
INFO - Epoch 450 - Train Loss: 1.0119 - Val Loss: 1.0448 - Best Val Loss: 1.0356
INFO - Epoch 460 - Train Loss: 1.0117 - Val Loss: 1.0446 - Best Val Loss: 1.0356
INFO - Epoch 470 - Train Loss: 1.0116 - Val Loss: 1.0448 - Best Val Loss: 1.0356
INFO - Epoch 480 - Train Loss: 1.0115 - Val Loss: 1.0441 - Best Val Loss: 1.0356
INFO - Epoch 490 - Train Loss: 1.0114 - Val Loss: 1.0446 - Best Val Loss: 1.0356
INFO - Epoch 500 - Train Loss: 1.0113 - Val Loss: 1.0424 - Best Val Loss: 1.0356
INFO - Epoch 510 - Train Loss: 1.0113 - Val Loss: 1.0425 - Best Val Loss: 1.0356
INFO - Epoch 520 - Train Loss: 1.0112 - Val Loss: 1.0423 - Best Val Loss: 1.0356
INFO - Epoch 530 - Train Loss: 1.0112 - Val Loss: 1.0412 - Best Val Loss: 1.0356
INFO - Epoch 540 - Train Loss: 1.0111 - Val Loss: 1.0412 - Best Val Loss: 1.0356
INFO - Epoch 550 - Train Loss: 1.0111 - Val Loss: 1.0412 - Best Val Loss: 1.0356
INFO - Epoch 560 - Train Loss: 1.0111 - Val Loss: 1.0412 - Best Val Loss: 1.0356
INFO - Epoch 570 - Train Loss: 1.0111 - Val Loss: 1.0412 - Best Val Loss: 1.0356
INFO - Epoch 580 - Train Loss: 1.0111 - Val Loss: 1.0412 - Best Val Loss: 1.0356
INFO - Epoch 590 - Train Loss: 1.0111 - Val Loss: 1.0412 - Best Val Loss: 1.0356
INFO - Epoch 600 - Train Loss: 1.0109 - Val Loss: 1.0436 - Best Val Loss: 1.0356
INFO - Epoch 610 - Train Loss: 1.0109 - Val Loss: 1.0434 - Best Val Loss: 1.0356
INFO - Epoch 620 - Train Loss: 1.0109 - Val Loss: 1.0428 - Best Val Loss: 1.0356
INFO - Epoch 630 - Train Loss: 1.0109 - Val Loss: 1.0396 - Best Val Loss: 1.0356
INFO - Epoch 640 - Train Loss: 1.0108 - Val Loss: 1.0446 - Best Val Loss: 1.0356
INFO - Epoch 650 - Train Loss: 1.0108 - Val Loss: 1.0432 - Best Val Loss: 1.0356
INFO - Epoch 660 - Train Loss: 1.0108 - Val Loss: 1.0450 - Best Val Loss: 1.0356
INFO - Epoch 670 - Train Loss: 1.0108 - Val Loss: 1.0423 - Best Val Loss: 1.0356
INFO - Epoch 680 - Train Loss: 1.0107 - Val Loss: 1.0433 - Best Val Loss: 1.0356
INFO - Epoch 690 - Train Loss: 1.0107 - Val Loss: 1.0433 - Best Val Loss: 1.0356
INFO - Epoch 700 - Train Loss: 1.0107 - Val Loss: 1.0433 - Best Val Loss: 1.0356
INFO - Epoch 710 - Train Loss: 1.0107 - Val Loss: 1.0433 - Best Val Loss: 1.0356
INFO - Epoch 720 - Train Loss: 1.0107 - Val Loss: 1.0433 - Best Val Loss: 1.0356
INFO - Epoch 730 - Train Loss: 1.0107 - Val Loss: 1.0433 - Best Val Loss: 1.0356
INFO - Epoch 740 - Train Loss: 1.0107 - Val Loss: 1.0433 - Best Val Loss: 1.0356
INFO - Epoch 750 - Train Loss: 1.0107 - Val Loss: 1.0433 - Best Val Loss: 1.0356
INFO - Epoch 760 - Train Loss: 1.0106 - Val Loss: 1.0431 - Best Val Loss: 1.0356
INFO - Epoch 770 - Train Loss: 1.0104 - Val Loss: 1.0429 - Best Val Loss: 1.0356
INFO - Epoch 780 - Train Loss: 1.0104 - Val Loss: 1.0428 - Best Val Loss: 1.0356
INFO - Epoch 790 - Train Loss: 1.0104 - Val Loss: 1.0421 - Best Val Loss: 1.0356
INFO - Epoch 800 - Train Loss: 1.0104 - Val Loss: 1.0422 - Best Val Loss: 1.0356
INFO - Epoch 810 - Train Loss: 1.0104 - Val Loss: 1.0426 - Best Val Loss: 1.0356
INFO - Epoch 820 - Train Loss: 1.0104 - Val Loss: 1.0425 - Best Val Loss: 1.0356
INFO - Epoch 830 - Train Loss: 1.0104 - Val Loss: 1.0425 - Best Val Loss: 1.0356
INFO - Epoch 840 - Train Loss: 1.0104 - Val Loss: 1.0450 - Best Val Loss: 1.0356
INFO - Epoch 850 - Train Loss: 1.0103 - Val Loss: 1.0445 - Best Val Loss: 1.0356
INFO - Epoch 860 - Train Loss: 1.0103 - Val Loss: 1.0442 - Best Val Loss: 1.0356
INFO - Epoch 870 - Train Loss: 1.0103 - Val Loss: 1.0443 - Best Val Loss: 1.0356
INFO - Epoch 880 - Train Loss: 1.0103 - Val Loss: 1.0444 - Best Val Loss: 1.0356
INFO - Epoch 890 - Train Loss: 1.0103 - Val Loss: 1.0444 - Best Val Loss: 1.0356
INFO - Epoch 900 - Train Loss: 1.0103 - Val Loss: 1.0444 - Best Val Loss: 1.0356
INFO - Epoch 910 - Train Loss: 1.0103 - Val Loss: 1.0444 - Best Val Loss: 1.0356
INFO - Epoch 920 - Train Loss: 1.0103 - Val Loss: 1.0444 - Best Val Loss: 1.0356
INFO - Epoch 930 - Train Loss: 1.0103 - Val Loss: 1.0444 - Best Val Loss: 1.0356
INFO - Epoch 940 - Train Loss: 1.0103 - Val Loss: 1.0444 - Best Val Loss: 1.0356
INFO - Epoch 950 - Train Loss: 1.0103 - Val Loss: 1.0444 - Best Val Loss: 1.0356
INFO - Epoch 960 - Train Loss: 1.0103 - Val Loss: 1.0444 - Best Val Loss: 1.0356
INFO - Epoch 970 - Train Loss: 1.0103 - Val Loss: 1.0443 - Best Val Loss: 1.0356
INFO - Epoch 980 - Train Loss: 1.0103 - Val Loss: 1.0443 - Best Val Loss: 1.0356
INFO - Epoch 990 - Train Loss: 1.0103 - Val Loss: 1.0442 - Best Val Loss: 1.0356
INFO - Epoch 1000 - Train Loss: 1.0101 - Val Loss: 1.0440 - Best Val Loss: 1.0356
INFO - Fold 4, Accuracy on training dataset: 0.7107
INFO - Fold 4, Accuracy on validation dataset: 0.7143
INFO - Fold 4, Accuracy on test dataset: 0.6533
INFO - =========================
INFO - Train plotting shape: (4, 101)
INFO - Val plotting shape: (4, 101)
INFO - Best model saved at: ./models/QPSOo/mcw_QPSOo_42_best_model.pth
INFO - 
============= BEST MODEL METRICS =============
INFO - 
Best Model Metrics on Training Set:
INFO - 
Métricas para mcw_best_train:
INFO - Accuracy: 0.8274
INFO - Precision (macro): 0.8295
INFO - Precision (weighted): 0.8283
INFO - Recall (macro): 0.8271
INFO - Recall (weighted): 0.8274
INFO - F1 (macro): 0.8216
INFO - F1 (weighted): 0.8209
INFO - Confusion Matrix:
INFO - 
[[135  26  20  48]
 [  6 156   2   8]
 [ 14   3 180   6]
 [  7   4  11 272]]
INFO - 
Best Model Metrics on Test Set:
INFO - 
Métricas para mcw_best_test:
INFO - Accuracy: 0.6711
INFO - Precision (macro): 0.6730
INFO - Precision (weighted): 0.6863
INFO - Recall (macro): 0.6866
INFO - Recall (weighted): 0.6711
INFO - F1 (macro): 0.6696
INFO - F1 (weighted): 0.6675
INFO - Confusion Matrix:
INFO - 
[[36 14  8 13]
 [ 2 31  3  6]
 [ 8  2 37  2]
 [ 1  7  8 47]]
INFO - 
ROC-AUC Scores for Best Model:
INFO - Class 0: 0.7534
INFO - Class 1: 0.8292
INFO - Class 2: 0.8940
INFO - Class 3: 0.8691
INFO - Micro-average: 0.8277
INFO - Macro-average: 0.8391
INFO - =============================================
INFO - =============================================
INFO - Model Setup:
INFO - optimizer: QPSOo
INFO - dataset: mcw
INFO - input_dim: 42
INFO - output_dim: 4
INFO - n_samples: 898
INFO - hidden_layers: [126, 84, 42]
INFO - features_reduction: 42
INFO - n_particles: 20
INFO - g: 1.13
INFO - interval_parms_updated: 10
INFO - n_folds: 4
INFO - n_epochs: 1000
INFO - interval_update: 1
INFO - Total Parameters: 19828
INFO - =============================================
INFO - Mean time per epoch and folder: 12.4596 - std:0.1113 seconds
INFO - Mean accuracy on training dataset: 0.7755 - std: 0.0534
INFO - Mean accuracy on validation dataset: 0.7105 - std: 0.0154
INFO - Mean accuracy on test dataset: 0.6567 - std: 0.0085
INFO - =============================================
